running egg_info
creating ../../../build/camera_pkg/camera_pkg.egg-info
writing ../../../build/camera_pkg/camera_pkg.egg-info/PKG-INFO
writing dependency_links to ../../../build/camera_pkg/camera_pkg.egg-info/dependency_links.txt
writing entry points to ../../../build/camera_pkg/camera_pkg.egg-info/entry_points.txt
writing requirements to ../../../build/camera_pkg/camera_pkg.egg-info/requires.txt
writing top-level names to ../../../build/camera_pkg/camera_pkg.egg-info/top_level.txt
writing manifest file '../../../build/camera_pkg/camera_pkg.egg-info/SOURCES.txt'
reading manifest file '../../../build/camera_pkg/camera_pkg.egg-info/SOURCES.txt'
writing manifest file '../../../build/camera_pkg/camera_pkg.egg-info/SOURCES.txt'
running build
running build_py
creating /home/henrik/MSP-Humanoid-IDA/build/camera_pkg/build
creating /home/henrik/MSP-Humanoid-IDA/build/camera_pkg/build/lib
copying constants.py -> /home/henrik/MSP-Humanoid-IDA/build/camera_pkg/build/lib
creating /home/henrik/MSP-Humanoid-IDA/build/camera_pkg/build/lib/camera_pkg
copying camera_pkg/__init__.py -> /home/henrik/MSP-Humanoid-IDA/build/camera_pkg/build/lib/camera_pkg
copying camera_pkg/test_node.py -> /home/henrik/MSP-Humanoid-IDA/build/camera_pkg/build/lib/camera_pkg
copying camera_pkg/launch.launch.py -> /home/henrik/MSP-Humanoid-IDA/build/camera_pkg/build/lib/camera_pkg
copying camera_pkg/bottle_recog_node.py -> /home/henrik/MSP-Humanoid-IDA/build/camera_pkg/build/lib/camera_pkg
copying camera_pkg/pouring_accuracy_node.py -> /home/henrik/MSP-Humanoid-IDA/build/camera_pkg/build/lib/camera_pkg
copying camera_pkg/no_ros.py -> /home/henrik/MSP-Humanoid-IDA/build/camera_pkg/build/lib/camera_pkg
running install
running install_lib
creating /home/henrik/MSP-Humanoid-IDA/install/camera_pkg/lib/python3.8/site-packages/camera_pkg
copying /home/henrik/MSP-Humanoid-IDA/build/camera_pkg/build/lib/camera_pkg/__init__.py -> /home/henrik/MSP-Humanoid-IDA/install/camera_pkg/lib/python3.8/site-packages/camera_pkg
copying /home/henrik/MSP-Humanoid-IDA/build/camera_pkg/build/lib/camera_pkg/test_node.py -> /home/henrik/MSP-Humanoid-IDA/install/camera_pkg/lib/python3.8/site-packages/camera_pkg
copying /home/henrik/MSP-Humanoid-IDA/build/camera_pkg/build/lib/camera_pkg/launch.launch.py -> /home/henrik/MSP-Humanoid-IDA/install/camera_pkg/lib/python3.8/site-packages/camera_pkg
copying /home/henrik/MSP-Humanoid-IDA/build/camera_pkg/build/lib/camera_pkg/bottle_recog_node.py -> /home/henrik/MSP-Humanoid-IDA/install/camera_pkg/lib/python3.8/site-packages/camera_pkg
copying /home/henrik/MSP-Humanoid-IDA/build/camera_pkg/build/lib/camera_pkg/pouring_accuracy_node.py -> /home/henrik/MSP-Humanoid-IDA/install/camera_pkg/lib/python3.8/site-packages/camera_pkg
copying /home/henrik/MSP-Humanoid-IDA/build/camera_pkg/build/lib/camera_pkg/no_ros.py -> /home/henrik/MSP-Humanoid-IDA/install/camera_pkg/lib/python3.8/site-packages/camera_pkg
copying /home/henrik/MSP-Humanoid-IDA/build/camera_pkg/build/lib/constants.py -> /home/henrik/MSP-Humanoid-IDA/install/camera_pkg/lib/python3.8/site-packages
byte-compiling /home/henrik/MSP-Humanoid-IDA/install/camera_pkg/lib/python3.8/site-packages/camera_pkg/__init__.py to __init__.cpython-38.pyc
byte-compiling /home/henrik/MSP-Humanoid-IDA/install/camera_pkg/lib/python3.8/site-packages/camera_pkg/test_node.py to test_node.cpython-38.pyc
byte-compiling /home/henrik/MSP-Humanoid-IDA/install/camera_pkg/lib/python3.8/site-packages/camera_pkg/launch.launch.py to launch.launch.cpython-38.pyc
byte-compiling /home/henrik/MSP-Humanoid-IDA/install/camera_pkg/lib/python3.8/site-packages/camera_pkg/bottle_recog_node.py to bottle_recog_node.cpython-38.pyc
byte-compiling /home/henrik/MSP-Humanoid-IDA/install/camera_pkg/lib/python3.8/site-packages/camera_pkg/pouring_accuracy_node.py to pouring_accuracy_node.cpython-38.pyc
byte-compiling /home/henrik/MSP-Humanoid-IDA/install/camera_pkg/lib/python3.8/site-packages/camera_pkg/no_ros.py to no_ros.cpython-38.pyc
byte-compiling /home/henrik/MSP-Humanoid-IDA/install/camera_pkg/lib/python3.8/site-packages/constants.py to constants.cpython-38.pyc
running install_data
creating /home/henrik/MSP-Humanoid-IDA/install/camera_pkg/share/ament_index
creating /home/henrik/MSP-Humanoid-IDA/install/camera_pkg/share/ament_index/resource_index
creating /home/henrik/MSP-Humanoid-IDA/install/camera_pkg/share/ament_index/resource_index/packages
copying resource/camera_pkg -> /home/henrik/MSP-Humanoid-IDA/install/camera_pkg/share/ament_index/resource_index/packages
copying package.xml -> /home/henrik/MSP-Humanoid-IDA/install/camera_pkg/share/camera_pkg
running install_egg_info
Copying ../../../build/camera_pkg/camera_pkg.egg-info to /home/henrik/MSP-Humanoid-IDA/install/camera_pkg/lib/python3.8/site-packages/camera_pkg-0.0.0-py3.8.egg-info
running install_scripts
Installing bottle_recog_node script to /home/henrik/MSP-Humanoid-IDA/install/camera_pkg/lib/camera_pkg
Installing pouring_accuracy_node script to /home/henrik/MSP-Humanoid-IDA/install/camera_pkg/lib/camera_pkg
Installing test_node script to /home/henrik/MSP-Humanoid-IDA/install/camera_pkg/lib/camera_pkg
writing list of installed files to '/home/henrik/MSP-Humanoid-IDA/build/camera_pkg/install.log'
