[0.133s] Invoking command in '/home/henrik/MSP-Humanoid-IDA/build/interfaces': CMAKE_PREFIX_PATH=${CMAKE_PREFIX_PATH}:/opt/ros/foxy:/home/henrik/MSP-Humanoid-IDA/ros_workspace/install/motion_control_pkg:/home/henrik/MSP-Humanoid-IDA/ros_workspace/install/mic_pkg:/home/henrik/MSP-Humanoid-IDA/ros_workspace/install/camera_pkg:/home/henrik/MSP-Humanoid-IDA/ros_workspace/install/arm_pkg /usr/bin/cmake /home/henrik/MSP-Humanoid-IDA/ros_workspace/src/interfaces -DCMAKE_INSTALL_PREFIX=/home/henrik/MSP-Humanoid-IDA/install/interfaces
[0.261s] -- The C compiler identification is GNU 9.4.0
[0.261s] -- The CXX compiler identification is GNU 9.4.0
[0.262s] -- Check for working C compiler: /usr/bin/cc
[0.290s] -- Check for working C compiler: /usr/bin/cc -- works
[0.292s] -- Detecting C compiler ABI info
[0.330s] -- Detecting C compiler ABI info - done
[0.337s] -- Detecting C compile features
[0.337s] -- Detecting C compile features - done
[0.339s] -- Check for working CXX compiler: /usr/bin/c++
[0.383s] -- Check for working CXX compiler: /usr/bin/c++ -- works
[0.383s] -- Detecting CXX compiler ABI info
[0.429s] -- Detecting CXX compiler ABI info - done
[0.439s] -- Detecting CXX compile features
[0.440s] -- Detecting CXX compile features - done
[0.443s] -- Found ament_cmake: 0.9.12 (/opt/ros/foxy/share/ament_cmake/cmake)
[0.462s] -- Found PythonInterp: /usr/bin/python3 (found suitable version "3.8.10", minimum required is "3") 
[0.462s] -- Using PYTHON_EXECUTABLE: /usr/bin/python3
[0.591s] -- Found ament_lint_auto: 0.9.8 (/opt/ros/foxy/share/ament_lint_auto/cmake)
[0.639s] -- Found rosidl_default_generators: 1.0.1 (/opt/ros/foxy/share/rosidl_default_generators/cmake)
[0.642s] -- Using all available rosidl_typesupport_c: rosidl_typesupport_fastrtps_c;rosidl_typesupport_introspection_c
[0.646s] -- Found rosidl_adapter: 1.3.1 (/opt/ros/foxy/share/rosidl_adapter/cmake)
[0.711s] -- Found OpenSSL: /usr/lib/x86_64-linux-gnu/libcrypto.so (found version "1.1.1f")  
[0.730s] -- Found FastRTPS: /opt/ros/foxy/include  
[0.786s] -- Using all available rosidl_typesupport_cpp: rosidl_typesupport_fastrtps_cpp;rosidl_typesupport_introspection_cpp
[0.818s] -- Found PythonInterp: /usr/bin/python3 (found version "3.8.10") 
[0.862s] -- Found ament_cmake_ros: 0.9.2 (/opt/ros/foxy/share/ament_cmake_ros/cmake)
[0.916s] -- Using all available rosidl_typesupport_c: rosidl_typesupport_fastrtps_c;rosidl_typesupport_introspection_c
[0.921s] -- Using all available rosidl_typesupport_cpp: rosidl_typesupport_fastrtps_cpp;rosidl_typesupport_introspection_cpp
[0.934s] -- Found PythonInterp: /usr/bin/python3 (found suitable version "3.8.10", minimum required is "3.5") 
[0.936s] -- Found python_cmake_module: 0.8.1 (/opt/ros/foxy/share/python_cmake_module/cmake)
[0.951s] -- Found PythonLibs: /usr/lib/x86_64-linux-gnu/libpython3.8.so (found suitable version "3.8.10", minimum required is "3.5") 
[0.952s] -- Using PYTHON_EXECUTABLE: /usr/bin/python3
[0.952s] -- Using PYTHON_INCLUDE_DIRS: /usr/include/python3.8
[0.952s] -- Using PYTHON_LIBRARIES: /usr/lib/x86_64-linux-gnu/libpython3.8.so
[0.963s] -- Found PythonExtra: .so  
[0.988s] -- Added test 'copyright' to check source files copyright and LICENSE
[0.989s] -- Added test 'lint_cmake' to check CMake code style
[0.990s] -- Added test 'xmllint' to check XML markup files
[0.993s] -- Configuring done
[1.009s] -- Generating done
[1.011s] -- Build files have been written to: /home/henrik/MSP-Humanoid-IDA/build/interfaces
[1.016s] Invoked command in '/home/henrik/MSP-Humanoid-IDA/build/interfaces' returned '0': CMAKE_PREFIX_PATH=${CMAKE_PREFIX_PATH}:/opt/ros/foxy:/home/henrik/MSP-Humanoid-IDA/ros_workspace/install/motion_control_pkg:/home/henrik/MSP-Humanoid-IDA/ros_workspace/install/mic_pkg:/home/henrik/MSP-Humanoid-IDA/ros_workspace/install/camera_pkg:/home/henrik/MSP-Humanoid-IDA/ros_workspace/install/arm_pkg /usr/bin/cmake /home/henrik/MSP-Humanoid-IDA/ros_workspace/src/interfaces -DCMAKE_INSTALL_PREFIX=/home/henrik/MSP-Humanoid-IDA/install/interfaces
[1.017s] Invoking command in '/home/henrik/MSP-Humanoid-IDA/build/interfaces': CMAKE_PREFIX_PATH=${CMAKE_PREFIX_PATH}:/opt/ros/foxy:/home/henrik/MSP-Humanoid-IDA/ros_workspace/install/motion_control_pkg:/home/henrik/MSP-Humanoid-IDA/ros_workspace/install/mic_pkg:/home/henrik/MSP-Humanoid-IDA/ros_workspace/install/camera_pkg:/home/henrik/MSP-Humanoid-IDA/ros_workspace/install/arm_pkg /usr/bin/cmake --build /home/henrik/MSP-Humanoid-IDA/build/interfaces -- -j20 -l20
[1.038s] [  2%] [34m[1mGenerating C code for ROS interfaces[0m
[1.038s] [35m[1mScanning dependencies of target interfaces__cpp[0m
[1.044s] [  4%] [34m[1mGenerating C++ code for ROS interfaces[0m
[1.237s] [  4%] Built target interfaces__cpp
[1.244s] [  6%] [34m[1mGenerating C++ type support for eProsima Fast-RTPS[0m
[1.244s] [ 10%] [34m[1mGenerating C++ introspection for ROS interfaces[0m
[1.244s] [ 10%] [34m[1mGenerating C++ type support dispatch for ROS interfaces[0m
[1.253s] [35m[1mScanning dependencies of target interfaces__rosidl_generator_c[0m
[1.263s] [ 12%] [32mBuilding C object CMakeFiles/interfaces__rosidl_generator_c.dir/rosidl_generator_c/interfaces/msg/detail/detection_info__functions.c.o[0m
[1.263s] [ 14%] [32mBuilding C object CMakeFiles/interfaces__rosidl_generator_c.dir/rosidl_generator_c/interfaces/msg/detail/robot_status__functions.c.o[0m
[1.264s] [ 17%] [32mBuilding C object CMakeFiles/interfaces__rosidl_generator_c.dir/rosidl_generator_c/interfaces/msg/detail/bottle_info__functions.c.o[0m
[1.296s] [ 19%] [32m[1mLinking C shared library libinterfaces__rosidl_generator_c.so[0m
[1.321s] [ 19%] Built target interfaces__rosidl_generator_c
[1.328s] [ 21%] [34m[1mGenerating C introspection for ROS interfaces[0m
[1.328s] [ 23%] [34m[1mGenerating C type support dispatch for ROS interfaces[0m
[1.404s] [35m[1mScanning dependencies of target interfaces__rosidl_typesupport_cpp[0m
[1.414s] [ 27%] [32mBuilding CXX object CMakeFiles/interfaces__rosidl_typesupport_cpp.dir/rosidl_typesupport_cpp/interfaces/msg/detection_info__type_support.cpp.o[0m
[1.414s] [ 25%] [32mBuilding CXX object CMakeFiles/interfaces__rosidl_typesupport_cpp.dir/rosidl_typesupport_cpp/interfaces/msg/robot_status__type_support.cpp.o[0m
[1.415s] [ 29%] [32mBuilding CXX object CMakeFiles/interfaces__rosidl_typesupport_cpp.dir/rosidl_typesupport_cpp/interfaces/msg/bottle_info__type_support.cpp.o[0m
[1.419s] [35m[1mScanning dependencies of target interfaces__rosidl_typesupport_introspection_cpp[0m
[1.427s] [ 34%] [32mBuilding CXX object CMakeFiles/interfaces__rosidl_typesupport_introspection_cpp.dir/rosidl_typesupport_introspection_cpp/interfaces/msg/detail/detection_info__type_support.cpp.o[0m
[1.427s] [ 34%] [32mBuilding CXX object CMakeFiles/interfaces__rosidl_typesupport_introspection_cpp.dir/rosidl_typesupport_introspection_cpp/interfaces/msg/detail/bottle_info__type_support.cpp.o[0m
[1.428s] [ 36%] [32mBuilding CXX object CMakeFiles/interfaces__rosidl_typesupport_introspection_cpp.dir/rosidl_typesupport_introspection_cpp/interfaces/msg/detail/robot_status__type_support.cpp.o[0m
[1.458s] [35m[1mScanning dependencies of target interfaces__rosidl_typesupport_fastrtps_cpp[0m
[1.470s] [ 38%] [32mBuilding CXX object CMakeFiles/interfaces__rosidl_typesupport_fastrtps_cpp.dir/rosidl_typesupport_fastrtps_cpp/interfaces/msg/detail/dds_fastrtps/bottle_info__type_support.cpp.o[0m
[1.471s] [ 42%] [32mBuilding CXX object CMakeFiles/interfaces__rosidl_typesupport_fastrtps_cpp.dir/rosidl_typesupport_fastrtps_cpp/interfaces/msg/detail/dds_fastrtps/robot_status__type_support.cpp.o[0m
[1.471s] [ 40%] [32mBuilding CXX object CMakeFiles/interfaces__rosidl_typesupport_fastrtps_cpp.dir/rosidl_typesupport_fastrtps_cpp/interfaces/msg/detail/dds_fastrtps/detection_info__type_support.cpp.o[0m
[1.523s] [35m[1mScanning dependencies of target interfaces__rosidl_typesupport_c[0m
[1.534s] [ 46%] [32mBuilding CXX object CMakeFiles/interfaces__rosidl_typesupport_c.dir/rosidl_typesupport_c/interfaces/msg/detection_info__type_support.cpp.o[0m
[1.534s] [ 46%] [32mBuilding CXX object CMakeFiles/interfaces__rosidl_typesupport_c.dir/rosidl_typesupport_c/interfaces/msg/robot_status__type_support.cpp.o[0m
[1.534s] [ 48%] [32mBuilding CXX object CMakeFiles/interfaces__rosidl_typesupport_c.dir/rosidl_typesupport_c/interfaces/msg/bottle_info__type_support.cpp.o[0m
[1.562s] [ 51%] [32m[1mLinking CXX shared library libinterfaces__rosidl_typesupport_c.so[0m
[1.579s] [35m[1mScanning dependencies of target interfaces__rosidl_typesupport_introspection_c[0m
[1.590s] [ 55%] [32mBuilding C object CMakeFiles/interfaces__rosidl_typesupport_introspection_c.dir/rosidl_typesupport_introspection_c/interfaces/msg/detail/bottle_info__type_support.c.o[0m
[1.590s] [ 55%] [32mBuilding C object CMakeFiles/interfaces__rosidl_typesupport_introspection_c.dir/rosidl_typesupport_introspection_c/interfaces/msg/detail/robot_status__type_support.c.o[0m
[1.592s] [ 57%] [32mBuilding C object CMakeFiles/interfaces__rosidl_typesupport_introspection_c.dir/rosidl_typesupport_introspection_c/interfaces/msg/detail/detection_info__type_support.c.o[0m
[1.592s] [ 57%] Built target interfaces__rosidl_typesupport_c
[1.621s] [ 59%] [32m[1mLinking C shared library libinterfaces__rosidl_typesupport_introspection_c.so[0m
[1.642s] [ 59%] Built target interfaces__rosidl_typesupport_introspection_c
[1.713s] [ 61%] [32m[1mLinking CXX shared library libinterfaces__rosidl_typesupport_cpp.so[0m
[1.729s] [ 63%] [32m[1mLinking CXX shared library libinterfaces__rosidl_typesupport_introspection_cpp.so[0m
[1.737s] [ 63%] Built target interfaces__rosidl_typesupport_cpp
[1.772s] [ 63%] Built target interfaces__rosidl_typesupport_introspection_cpp
[1.929s] [ 65%] [32m[1mLinking CXX shared library libinterfaces__rosidl_typesupport_fastrtps_cpp.so[0m
[1.976s] [ 65%] Built target interfaces__rosidl_typesupport_fastrtps_cpp
[1.982s] [ 68%] [34m[1mGenerating C type support for eProsima Fast-RTPS[0m
[2.137s] [35m[1mScanning dependencies of target interfaces__rosidl_typesupport_fastrtps_c[0m
[2.147s] [ 74%] [32mBuilding CXX object CMakeFiles/interfaces__rosidl_typesupport_fastrtps_c.dir/rosidl_typesupport_fastrtps_c/interfaces/msg/detail/bottle_info__type_support_c.cpp.o[0m
[2.147s] [ 74%] [32mBuilding CXX object CMakeFiles/interfaces__rosidl_typesupport_fastrtps_c.dir/rosidl_typesupport_fastrtps_c/interfaces/msg/detail/robot_status__type_support_c.cpp.o[0m
[2.147s] [ 74%] [32mBuilding CXX object CMakeFiles/interfaces__rosidl_typesupport_fastrtps_c.dir/rosidl_typesupport_fastrtps_c/interfaces/msg/detail/detection_info__type_support_c.cpp.o[0m
[2.350s] [ 76%] [32m[1mLinking CXX shared library libinterfaces__rosidl_typesupport_fastrtps_c.so[0m
[2.397s] [ 76%] Built target interfaces__rosidl_typesupport_fastrtps_c
[2.402s] [35m[1mScanning dependencies of target interfaces[0m
[2.408s] [ 76%] Built target interfaces
[2.414s] [35m[1mScanning dependencies of target interfaces__py[0m
[2.420s] [ 78%] [34m[1mGenerating Python code for ROS interfaces[0m
[2.747s] [ 78%] Built target interfaces__py
[2.752s] [35m[1mScanning dependencies of target interfaces__python[0m
[2.771s] [ 85%] [32mBuilding C object CMakeFiles/interfaces__python.dir/rosidl_generator_py/interfaces/msg/_bottle_info_s.c.o[0m
[2.771s] [ 85%] [32mBuilding C object CMakeFiles/interfaces__python.dir/rosidl_generator_py/interfaces/msg/_detection_info_s.c.o[0m
[2.771s] [ 85%] [32mBuilding C object CMakeFiles/interfaces__python.dir/rosidl_generator_py/interfaces/msg/_robot_status_s.c.o[0m
[2.828s] [ 87%] [32m[1mLinking C shared library rosidl_generator_py/interfaces/libinterfaces__python.so[0m
[2.850s] [ 87%] Built target interfaces__python
[2.856s] [35m[1mScanning dependencies of target interfaces__rosidl_typesupport_introspection_c__pyext[0m
[2.856s] [35m[1mScanning dependencies of target interfaces__rosidl_typesupport_c__pyext[0m
[2.856s] [35m[1mScanning dependencies of target interfaces__rosidl_typesupport_fastrtps_c__pyext[0m
[2.866s] [ 93%] [32mBuilding C object CMakeFiles/interfaces__rosidl_typesupport_introspection_c__pyext.dir/rosidl_generator_py/interfaces/_interfaces_s.ep.rosidl_typesupport_introspection_c.c.o[0m
[2.866s] [ 93%] [32mBuilding C object CMakeFiles/interfaces__rosidl_typesupport_fastrtps_c__pyext.dir/rosidl_generator_py/interfaces/_interfaces_s.ep.rosidl_typesupport_fastrtps_c.c.o[0m
[2.866s] [ 93%] [32mBuilding C object CMakeFiles/interfaces__rosidl_typesupport_c__pyext.dir/rosidl_generator_py/interfaces/_interfaces_s.ep.rosidl_typesupport_c.c.o[0m
[2.912s] [100%] [32m[1mLinking C shared library rosidl_generator_py/interfaces/interfaces_s__rosidl_typesupport_introspection_c.cpython-38-x86_64-linux-gnu.so[0m
[2.912s] [100%] [32m[1mLinking CXX shared library rosidl_generator_py/interfaces/interfaces_s__rosidl_typesupport_fastrtps_c.cpython-38-x86_64-linux-gnu.so[0m
[2.912s] [100%] [32m[1mLinking C shared library rosidl_generator_py/interfaces/interfaces_s__rosidl_typesupport_c.cpython-38-x86_64-linux-gnu.so[0m
[2.931s] [100%] Built target interfaces__rosidl_typesupport_introspection_c__pyext
[2.931s] [100%] Built target interfaces__rosidl_typesupport_c__pyext
[2.947s] [100%] Built target interfaces__rosidl_typesupport_fastrtps_c__pyext
[2.954s] Invoked command in '/home/henrik/MSP-Humanoid-IDA/build/interfaces' returned '0': CMAKE_PREFIX_PATH=${CMAKE_PREFIX_PATH}:/opt/ros/foxy:/home/henrik/MSP-Humanoid-IDA/ros_workspace/install/motion_control_pkg:/home/henrik/MSP-Humanoid-IDA/ros_workspace/install/mic_pkg:/home/henrik/MSP-Humanoid-IDA/ros_workspace/install/camera_pkg:/home/henrik/MSP-Humanoid-IDA/ros_workspace/install/arm_pkg /usr/bin/cmake --build /home/henrik/MSP-Humanoid-IDA/build/interfaces -- -j20 -l20
[2.997s] Invoking command in '/home/henrik/MSP-Humanoid-IDA/build/interfaces': CMAKE_PREFIX_PATH=${CMAKE_PREFIX_PATH}:/opt/ros/foxy:/home/henrik/MSP-Humanoid-IDA/ros_workspace/install/motion_control_pkg:/home/henrik/MSP-Humanoid-IDA/ros_workspace/install/mic_pkg:/home/henrik/MSP-Humanoid-IDA/ros_workspace/install/camera_pkg:/home/henrik/MSP-Humanoid-IDA/ros_workspace/install/arm_pkg /usr/bin/cmake --install /home/henrik/MSP-Humanoid-IDA/build/interfaces
[3.001s] -- Install configuration: ""
[3.001s] -- Installing: /home/henrik/MSP-Humanoid-IDA/install/interfaces/share/ament_index/resource_index/rosidl_interfaces/interfaces
[3.001s] -- Installing: /home/henrik/MSP-Humanoid-IDA/install/interfaces/include/interfaces
[3.001s] -- Installing: /home/henrik/MSP-Humanoid-IDA/install/interfaces/include/interfaces/msg
[3.002s] -- Installing: /home/henrik/MSP-Humanoid-IDA/install/interfaces/include/interfaces/msg/rosidl_generator_c__visibility_control.h
[3.002s] -- Installing: /home/henrik/MSP-Humanoid-IDA/install/interfaces/include/interfaces/msg/bottle_info.h
[3.002s] -- Installing: /home/henrik/MSP-Humanoid-IDA/install/interfaces/include/interfaces/msg/robot_status.h
[3.002s] -- Installing: /home/henrik/MSP-Humanoid-IDA/install/interfaces/include/interfaces/msg/detail
[3.002s] -- Installing: /home/henrik/MSP-Humanoid-IDA/install/interfaces/include/interfaces/msg/detail/robot_status__functions.h
[3.002s] -- Installing: /home/henrik/MSP-Humanoid-IDA/install/interfaces/include/interfaces/msg/detail/robot_status__type_support.h
[3.002s] -- Installing: /home/henrik/MSP-Humanoid-IDA/install/interfaces/include/interfaces/msg/detail/bottle_info__functions.c
[3.002s] -- Installing: /home/henrik/MSP-Humanoid-IDA/install/interfaces/include/interfaces/msg/detail/robot_status__functions.c
[3.002s] -- Installing: /home/henrik/MSP-Humanoid-IDA/install/interfaces/include/interfaces/msg/detail/detection_info__struct.h
[3.002s] -- Installing: /home/henrik/MSP-Humanoid-IDA/install/interfaces/include/interfaces/msg/detail/bottle_info__type_support.h
[3.002s] -- Installing: /home/henrik/MSP-Humanoid-IDA/install/interfaces/include/interfaces/msg/detail/detection_info__functions.h
[3.002s] -- Installing: /home/henrik/MSP-Humanoid-IDA/install/interfaces/include/interfaces/msg/detail/bottle_info__struct.h
[3.002s] -- Installing: /home/henrik/MSP-Humanoid-IDA/install/interfaces/include/interfaces/msg/detail/bottle_info__functions.h
[3.002s] -- Installing: /home/henrik/MSP-Humanoid-IDA/install/interfaces/include/interfaces/msg/detail/detection_info__functions.c
[3.002s] -- Installing: /home/henrik/MSP-Humanoid-IDA/install/interfaces/include/interfaces/msg/detail/detection_info__type_support.h
[3.002s] -- Installing: /home/henrik/MSP-Humanoid-IDA/install/interfaces/include/interfaces/msg/detail/robot_status__struct.h
[3.002s] -- Installing: /home/henrik/MSP-Humanoid-IDA/install/interfaces/include/interfaces/msg/detection_info.h
[3.002s] -- Installing: /home/henrik/MSP-Humanoid-IDA/install/interfaces/share/interfaces/environment/library_path.sh
[3.002s] -- Installing: /home/henrik/MSP-Humanoid-IDA/install/interfaces/share/interfaces/environment/library_path.dsv
[3.002s] -- Installing: /home/henrik/MSP-Humanoid-IDA/install/interfaces/lib/libinterfaces__rosidl_generator_c.so
[3.002s] -- Set runtime path of "/home/henrik/MSP-Humanoid-IDA/install/interfaces/lib/libinterfaces__rosidl_generator_c.so" to ""
[3.002s] -- Up-to-date: /home/henrik/MSP-Humanoid-IDA/install/interfaces/include/interfaces
[3.002s] -- Up-to-date: /home/henrik/MSP-Humanoid-IDA/install/interfaces/include/interfaces/msg
[3.002s] -- Installing: /home/henrik/MSP-Humanoid-IDA/install/interfaces/include/interfaces/msg/rosidl_typesupport_fastrtps_c__visibility_control.h
[3.002s] -- Up-to-date: /home/henrik/MSP-Humanoid-IDA/install/interfaces/include/interfaces/msg/detail
[3.002s] -- Installing: /home/henrik/MSP-Humanoid-IDA/install/interfaces/include/interfaces/msg/detail/robot_status__rosidl_typesupport_fastrtps_c.h
[3.002s] -- Installing: /home/henrik/MSP-Humanoid-IDA/install/interfaces/include/interfaces/msg/detail/detection_info__rosidl_typesupport_fastrtps_c.h
[3.002s] -- Installing: /home/henrik/MSP-Humanoid-IDA/install/interfaces/include/interfaces/msg/detail/bottle_info__rosidl_typesupport_fastrtps_c.h
[3.003s] -- Installing: /home/henrik/MSP-Humanoid-IDA/install/interfaces/lib/libinterfaces__rosidl_typesupport_fastrtps_c.so
[3.003s] -- Set runtime path of "/home/henrik/MSP-Humanoid-IDA/install/interfaces/lib/libinterfaces__rosidl_typesupport_fastrtps_c.so" to ""
[3.003s] -- Up-to-date: /home/henrik/MSP-Humanoid-IDA/install/interfaces/include/interfaces
[3.003s] -- Up-to-date: /home/henrik/MSP-Humanoid-IDA/install/interfaces/include/interfaces/msg
[3.003s] -- Installing: /home/henrik/MSP-Humanoid-IDA/install/interfaces/include/interfaces/msg/rosidl_typesupport_fastrtps_cpp__visibility_control.h
[3.003s] -- Up-to-date: /home/henrik/MSP-Humanoid-IDA/install/interfaces/include/interfaces/msg/detail
[3.003s] -- Installing: /home/henrik/MSP-Humanoid-IDA/install/interfaces/include/interfaces/msg/detail/robot_status__rosidl_typesupport_fastrtps_cpp.hpp
[3.003s] -- Installing: /home/henrik/MSP-Humanoid-IDA/install/interfaces/include/interfaces/msg/detail/dds_fastrtps
[3.003s] -- Installing: /home/henrik/MSP-Humanoid-IDA/install/interfaces/include/interfaces/msg/detail/detection_info__rosidl_typesupport_fastrtps_cpp.hpp
[3.003s] -- Installing: /home/henrik/MSP-Humanoid-IDA/install/interfaces/include/interfaces/msg/detail/bottle_info__rosidl_typesupport_fastrtps_cpp.hpp
[3.003s] -- Installing: /home/henrik/MSP-Humanoid-IDA/install/interfaces/lib/libinterfaces__rosidl_typesupport_fastrtps_cpp.so
[3.003s] -- Set runtime path of "/home/henrik/MSP-Humanoid-IDA/install/interfaces/lib/libinterfaces__rosidl_typesupport_fastrtps_cpp.so" to ""
[3.003s] -- Up-to-date: /home/henrik/MSP-Humanoid-IDA/install/interfaces/include/interfaces
[3.003s] -- Up-to-date: /home/henrik/MSP-Humanoid-IDA/install/interfaces/include/interfaces/msg
[3.003s] -- Installing: /home/henrik/MSP-Humanoid-IDA/install/interfaces/include/interfaces/msg/rosidl_typesupport_introspection_c__visibility_control.h
[3.003s] -- Up-to-date: /home/henrik/MSP-Humanoid-IDA/install/interfaces/include/interfaces/msg/detail
[3.003s] -- Installing: /home/henrik/MSP-Humanoid-IDA/install/interfaces/include/interfaces/msg/detail/robot_status__rosidl_typesupport_introspection_c.h
[3.003s] -- Installing: /home/henrik/MSP-Humanoid-IDA/install/interfaces/include/interfaces/msg/detail/detection_info__rosidl_typesupport_introspection_c.h
[3.003s] -- Installing: /home/henrik/MSP-Humanoid-IDA/install/interfaces/include/interfaces/msg/detail/bottle_info__type_support.c
[3.003s] -- Installing: /home/henrik/MSP-Humanoid-IDA/install/interfaces/include/interfaces/msg/detail/bottle_info__rosidl_typesupport_introspection_c.h
[3.003s] -- Installing: /home/henrik/MSP-Humanoid-IDA/install/interfaces/include/interfaces/msg/detail/robot_status__type_support.c
[3.003s] -- Installing: /home/henrik/MSP-Humanoid-IDA/install/interfaces/include/interfaces/msg/detail/detection_info__type_support.c
[3.003s] -- Installing: /home/henrik/MSP-Humanoid-IDA/install/interfaces/lib/libinterfaces__rosidl_typesupport_introspection_c.so
[3.003s] -- Set runtime path of "/home/henrik/MSP-Humanoid-IDA/install/interfaces/lib/libinterfaces__rosidl_typesupport_introspection_c.so" to ""
[3.003s] -- Installing: /home/henrik/MSP-Humanoid-IDA/install/interfaces/lib/libinterfaces__rosidl_typesupport_c.so
[3.003s] -- Set runtime path of "/home/henrik/MSP-Humanoid-IDA/install/interfaces/lib/libinterfaces__rosidl_typesupport_c.so" to ""
[3.003s] -- Up-to-date: /home/henrik/MSP-Humanoid-IDA/install/interfaces/include/interfaces
[3.003s] -- Up-to-date: /home/henrik/MSP-Humanoid-IDA/install/interfaces/include/interfaces/msg
[3.003s] -- Installing: /home/henrik/MSP-Humanoid-IDA/install/interfaces/include/interfaces/msg/detection_info.hpp
[3.004s] -- Installing: /home/henrik/MSP-Humanoid-IDA/install/interfaces/include/interfaces/msg/bottle_info.hpp
[3.004s] -- Installing: /home/henrik/MSP-Humanoid-IDA/install/interfaces/include/interfaces/msg/robot_status.hpp
[3.004s] -- Up-to-date: /home/henrik/MSP-Humanoid-IDA/install/interfaces/include/interfaces/msg/detail
[3.004s] -- Installing: /home/henrik/MSP-Humanoid-IDA/install/interfaces/include/interfaces/msg/detail/bottle_info__struct.hpp
[3.004s] -- Installing: /home/henrik/MSP-Humanoid-IDA/install/interfaces/include/interfaces/msg/detail/detection_info__type_support.hpp
[3.004s] -- Installing: /home/henrik/MSP-Humanoid-IDA/install/interfaces/include/interfaces/msg/detail/robot_status__type_support.hpp
[3.004s] -- Installing: /home/henrik/MSP-Humanoid-IDA/install/interfaces/include/interfaces/msg/detail/detection_info__builder.hpp
[3.004s] -- Installing: /home/henrik/MSP-Humanoid-IDA/install/interfaces/include/interfaces/msg/detail/robot_status__struct.hpp
[3.004s] -- Installing: /home/henrik/MSP-Humanoid-IDA/install/interfaces/include/interfaces/msg/detail/detection_info__traits.hpp
[3.004s] -- Installing: /home/henrik/MSP-Humanoid-IDA/install/interfaces/include/interfaces/msg/detail/bottle_info__builder.hpp
[3.004s] -- Installing: /home/henrik/MSP-Humanoid-IDA/install/interfaces/include/interfaces/msg/detail/bottle_info__type_support.hpp
[3.004s] -- Installing: /home/henrik/MSP-Humanoid-IDA/install/interfaces/include/interfaces/msg/detail/robot_status__traits.hpp
[3.004s] -- Installing: /home/henrik/MSP-Humanoid-IDA/install/interfaces/include/interfaces/msg/detail/robot_status__builder.hpp
[3.004s] -- Installing: /home/henrik/MSP-Humanoid-IDA/install/interfaces/include/interfaces/msg/detail/detection_info__struct.hpp
[3.004s] -- Installing: /home/henrik/MSP-Humanoid-IDA/install/interfaces/include/interfaces/msg/detail/bottle_info__traits.hpp
[3.004s] -- Installing: /home/henrik/MSP-Humanoid-IDA/install/interfaces/include/interfaces/msg/rosidl_generator_cpp__visibility_control.hpp
[3.004s] -- Up-to-date: /home/henrik/MSP-Humanoid-IDA/install/interfaces/include/interfaces
[3.004s] -- Up-to-date: /home/henrik/MSP-Humanoid-IDA/install/interfaces/include/interfaces/msg
[3.004s] -- Up-to-date: /home/henrik/MSP-Humanoid-IDA/install/interfaces/include/interfaces/msg/detail
[3.004s] -- Installing: /home/henrik/MSP-Humanoid-IDA/install/interfaces/include/interfaces/msg/detail/bottle_info__rosidl_typesupport_introspection_cpp.hpp
[3.004s] -- Installing: /home/henrik/MSP-Humanoid-IDA/install/interfaces/include/interfaces/msg/detail/robot_status__rosidl_typesupport_introspection_cpp.hpp
[3.004s] -- Installing: /home/henrik/MSP-Humanoid-IDA/install/interfaces/include/interfaces/msg/detail/robot_status__type_support.cpp
[3.004s] -- Installing: /home/henrik/MSP-Humanoid-IDA/install/interfaces/include/interfaces/msg/detail/detection_info__rosidl_typesupport_introspection_cpp.hpp
[3.004s] -- Installing: /home/henrik/MSP-Humanoid-IDA/install/interfaces/include/interfaces/msg/detail/bottle_info__type_support.cpp
[3.004s] -- Installing: /home/henrik/MSP-Humanoid-IDA/install/interfaces/include/interfaces/msg/detail/detection_info__type_support.cpp
[3.004s] -- Installing: /home/henrik/MSP-Humanoid-IDA/install/interfaces/lib/libinterfaces__rosidl_typesupport_introspection_cpp.so
[3.004s] -- Set runtime path of "/home/henrik/MSP-Humanoid-IDA/install/interfaces/lib/libinterfaces__rosidl_typesupport_introspection_cpp.so" to ""
[3.004s] -- Installing: /home/henrik/MSP-Humanoid-IDA/install/interfaces/lib/libinterfaces__rosidl_typesupport_cpp.so
[3.004s] -- Set runtime path of "/home/henrik/MSP-Humanoid-IDA/install/interfaces/lib/libinterfaces__rosidl_typesupport_cpp.so" to ""
[3.005s] -- Installing: /home/henrik/MSP-Humanoid-IDA/install/interfaces/share/interfaces/environment/pythonpath.sh
[3.005s] -- Installing: /home/henrik/MSP-Humanoid-IDA/install/interfaces/share/interfaces/environment/pythonpath.dsv
[3.005s] -- Installing: /home/henrik/MSP-Humanoid-IDA/install/interfaces/lib/python3.8/site-packages/interfaces/__init__.py
[3.023s] Compiling '/home/henrik/MSP-Humanoid-IDA/install/interfaces/lib/python3.8/site-packages/interfaces/__init__.py'...
[3.025s] -- Installing: /home/henrik/MSP-Humanoid-IDA/install/interfaces/lib/python3.8/site-packages/interfaces/msg
[3.025s] -- Installing: /home/henrik/MSP-Humanoid-IDA/install/interfaces/lib/python3.8/site-packages/interfaces/msg/__init__.py
[3.025s] -- Installing: /home/henrik/MSP-Humanoid-IDA/install/interfaces/lib/python3.8/site-packages/interfaces/msg/_robot_status.py
[3.025s] -- Installing: /home/henrik/MSP-Humanoid-IDA/install/interfaces/lib/python3.8/site-packages/interfaces/msg/_detection_info.py
[3.025s] -- Installing: /home/henrik/MSP-Humanoid-IDA/install/interfaces/lib/python3.8/site-packages/interfaces/msg/_robot_status_s.c
[3.025s] -- Installing: /home/henrik/MSP-Humanoid-IDA/install/interfaces/lib/python3.8/site-packages/interfaces/msg/_bottle_info.py
[3.025s] -- Installing: /home/henrik/MSP-Humanoid-IDA/install/interfaces/lib/python3.8/site-packages/interfaces/msg/_detection_info_s.c
[3.025s] -- Installing: /home/henrik/MSP-Humanoid-IDA/install/interfaces/lib/python3.8/site-packages/interfaces/msg/_bottle_info_s.c
[3.025s] -- Installing: /home/henrik/MSP-Humanoid-IDA/install/interfaces/lib/python3.8/site-packages/interfaces/interfaces_s__rosidl_typesupport_fastrtps_c.cpython-38-x86_64-linux-gnu.so
[3.026s] -- Set runtime path of "/home/henrik/MSP-Humanoid-IDA/install/interfaces/lib/python3.8/site-packages/interfaces/interfaces_s__rosidl_typesupport_fastrtps_c.cpython-38-x86_64-linux-gnu.so" to ""
[3.026s] -- Installing: /home/henrik/MSP-Humanoid-IDA/install/interfaces/lib/python3.8/site-packages/interfaces/interfaces_s__rosidl_typesupport_introspection_c.cpython-38-x86_64-linux-gnu.so
[3.026s] -- Set runtime path of "/home/henrik/MSP-Humanoid-IDA/install/interfaces/lib/python3.8/site-packages/interfaces/interfaces_s__rosidl_typesupport_introspection_c.cpython-38-x86_64-linux-gnu.so" to ""
[3.026s] -- Installing: /home/henrik/MSP-Humanoid-IDA/install/interfaces/lib/python3.8/site-packages/interfaces/interfaces_s__rosidl_typesupport_c.cpython-38-x86_64-linux-gnu.so
[3.026s] -- Set runtime path of "/home/henrik/MSP-Humanoid-IDA/install/interfaces/lib/python3.8/site-packages/interfaces/interfaces_s__rosidl_typesupport_c.cpython-38-x86_64-linux-gnu.so" to ""
[3.026s] -- Installing: /home/henrik/MSP-Humanoid-IDA/install/interfaces/lib/libinterfaces__python.so
[3.026s] -- Set runtime path of "/home/henrik/MSP-Humanoid-IDA/install/interfaces/lib/libinterfaces__python.so" to ""
[3.026s] -- Installing: /home/henrik/MSP-Humanoid-IDA/install/interfaces/share/interfaces/msg/RobotStatus.idl
[3.026s] -- Installing: /home/henrik/MSP-Humanoid-IDA/install/interfaces/share/interfaces/msg/BottleInfo.idl
[3.027s] -- Installing: /home/henrik/MSP-Humanoid-IDA/install/interfaces/share/interfaces/msg/DetectionInfo.idl
[3.027s] -- Installing: /home/henrik/MSP-Humanoid-IDA/install/interfaces/share/interfaces/msg/RobotStatus.msg
[3.027s] -- Installing: /home/henrik/MSP-Humanoid-IDA/install/interfaces/share/interfaces/msg/BottleInfo.msg
[3.027s] -- Installing: /home/henrik/MSP-Humanoid-IDA/install/interfaces/share/interfaces/msg/DetectionInfo.msg
[3.027s] -- Installing: /home/henrik/MSP-Humanoid-IDA/install/interfaces/share/ament_index/resource_index/package_run_dependencies/interfaces
[3.027s] -- Installing: /home/henrik/MSP-Humanoid-IDA/install/interfaces/share/ament_index/resource_index/parent_prefix_path/interfaces
[3.027s] -- Installing: /home/henrik/MSP-Humanoid-IDA/install/interfaces/share/interfaces/environment/ament_prefix_path.sh
[3.027s] -- Installing: /home/henrik/MSP-Humanoid-IDA/install/interfaces/share/interfaces/environment/ament_prefix_path.dsv
[3.027s] -- Installing: /home/henrik/MSP-Humanoid-IDA/install/interfaces/share/interfaces/environment/path.sh
[3.027s] -- Installing: /home/henrik/MSP-Humanoid-IDA/install/interfaces/share/interfaces/environment/path.dsv
[3.027s] -- Installing: /home/henrik/MSP-Humanoid-IDA/install/interfaces/share/interfaces/local_setup.bash
[3.027s] -- Installing: /home/henrik/MSP-Humanoid-IDA/install/interfaces/share/interfaces/local_setup.sh
[3.027s] -- Installing: /home/henrik/MSP-Humanoid-IDA/install/interfaces/share/interfaces/local_setup.zsh
[3.027s] -- Installing: /home/henrik/MSP-Humanoid-IDA/install/interfaces/share/interfaces/local_setup.dsv
[3.027s] -- Installing: /home/henrik/MSP-Humanoid-IDA/install/interfaces/share/interfaces/package.dsv
[3.027s] -- Installing: /home/henrik/MSP-Humanoid-IDA/install/interfaces/share/ament_index/resource_index/packages/interfaces
[3.027s] -- Installing: /home/henrik/MSP-Humanoid-IDA/install/interfaces/share/interfaces/cmake/interfaces__rosidl_generator_cExport.cmake
[3.027s] -- Installing: /home/henrik/MSP-Humanoid-IDA/install/interfaces/share/interfaces/cmake/interfaces__rosidl_generator_cExport-noconfig.cmake
[3.027s] -- Installing: /home/henrik/MSP-Humanoid-IDA/install/interfaces/share/interfaces/cmake/interfaces__rosidl_typesupport_introspection_cExport.cmake
[3.027s] -- Installing: /home/henrik/MSP-Humanoid-IDA/install/interfaces/share/interfaces/cmake/interfaces__rosidl_typesupport_introspection_cExport-noconfig.cmake
[3.028s] -- Installing: /home/henrik/MSP-Humanoid-IDA/install/interfaces/share/interfaces/cmake/interfaces__rosidl_typesupport_cExport.cmake
[3.028s] -- Installing: /home/henrik/MSP-Humanoid-IDA/install/interfaces/share/interfaces/cmake/interfaces__rosidl_typesupport_cExport-noconfig.cmake
[3.028s] -- Installing: /home/henrik/MSP-Humanoid-IDA/install/interfaces/share/interfaces/cmake/interfaces__rosidl_generator_cppExport.cmake
[3.028s] -- Installing: /home/henrik/MSP-Humanoid-IDA/install/interfaces/share/interfaces/cmake/interfaces__rosidl_typesupport_introspection_cppExport.cmake
[3.028s] -- Installing: /home/henrik/MSP-Humanoid-IDA/install/interfaces/share/interfaces/cmake/interfaces__rosidl_typesupport_introspection_cppExport-noconfig.cmake
[3.028s] -- Installing: /home/henrik/MSP-Humanoid-IDA/install/interfaces/share/interfaces/cmake/interfaces__rosidl_typesupport_cppExport.cmake
[3.028s] -- Installing: /home/henrik/MSP-Humanoid-IDA/install/interfaces/share/interfaces/cmake/interfaces__rosidl_typesupport_cppExport-noconfig.cmake
[3.028s] -- Installing: /home/henrik/MSP-Humanoid-IDA/install/interfaces/share/interfaces/cmake/rosidl_cmake-extras.cmake
[3.028s] -- Installing: /home/henrik/MSP-Humanoid-IDA/install/interfaces/share/interfaces/cmake/ament_cmake_export_dependencies-extras.cmake
[3.028s] -- Installing: /home/henrik/MSP-Humanoid-IDA/install/interfaces/share/interfaces/cmake/ament_cmake_export_libraries-extras.cmake
[3.028s] -- Installing: /home/henrik/MSP-Humanoid-IDA/install/interfaces/share/interfaces/cmake/ament_cmake_export_targets-extras.cmake
[3.028s] -- Installing: /home/henrik/MSP-Humanoid-IDA/install/interfaces/share/interfaces/cmake/ament_cmake_export_include_directories-extras.cmake
[3.028s] -- Installing: /home/henrik/MSP-Humanoid-IDA/install/interfaces/share/interfaces/cmake/rosidl_cmake_export_typesupport_libraries-extras.cmake
[3.028s] -- Installing: /home/henrik/MSP-Humanoid-IDA/install/interfaces/share/interfaces/cmake/rosidl_cmake_export_typesupport_targets-extras.cmake
[3.028s] -- Installing: /home/henrik/MSP-Humanoid-IDA/install/interfaces/share/interfaces/cmake/interfacesConfig.cmake
[3.028s] -- Installing: /home/henrik/MSP-Humanoid-IDA/install/interfaces/share/interfaces/cmake/interfacesConfig-version.cmake
[3.028s] -- Installing: /home/henrik/MSP-Humanoid-IDA/install/interfaces/share/interfaces/package.xml
[3.031s] Invoked command in '/home/henrik/MSP-Humanoid-IDA/build/interfaces' returned '0': CMAKE_PREFIX_PATH=${CMAKE_PREFIX_PATH}:/opt/ros/foxy:/home/henrik/MSP-Humanoid-IDA/ros_workspace/install/motion_control_pkg:/home/henrik/MSP-Humanoid-IDA/ros_workspace/install/mic_pkg:/home/henrik/MSP-Humanoid-IDA/ros_workspace/install/camera_pkg:/home/henrik/MSP-Humanoid-IDA/ros_workspace/install/arm_pkg /usr/bin/cmake --install /home/henrik/MSP-Humanoid-IDA/build/interfaces
