[0.140s] Invoking command in '/home/henrik/MSP-Humanoid-IDA/ros_workspace/build/interfaces': CMAKE_PREFIX_PATH=${CMAKE_PREFIX_PATH}:/opt/ros/foxy:/home/henrik/MSP-Humanoid-IDA/ros_workspace/install/motion_control_pkg:/home/henrik/MSP-Humanoid-IDA/ros_workspace/install/mic_pkg:/home/henrik/MSP-Humanoid-IDA/ros_workspace/install/camera_pkg:/home/henrik/MSP-Humanoid-IDA/ros_workspace/install/arm_pkg /usr/bin/cmake --build /home/henrik/MSP-Humanoid-IDA/ros_workspace/build/interfaces -- -j20 -l20
[0.266s] -- Found ament_cmake: 0.9.12 (/opt/ros/foxy/share/ament_cmake/cmake)
[0.266s] -- Found PythonInterp: /usr/bin/python3 (found suitable version "3.8.10", minimum required is "3") 
[0.266s] -- Using PYTHON_EXECUTABLE: /usr/bin/python3
[0.266s] -- Found ament_lint_auto: 0.9.8 (/opt/ros/foxy/share/ament_lint_auto/cmake)
[0.301s] -- Found rosidl_default_generators: 1.0.1 (/opt/ros/foxy/share/rosidl_default_generators/cmake)
[0.304s] -- Using all available rosidl_typesupport_c: rosidl_typesupport_fastrtps_c;rosidl_typesupport_introspection_c
[0.307s] -- Found rosidl_adapter: 1.3.1 (/opt/ros/foxy/share/rosidl_adapter/cmake)
[0.405s] -- Using all available rosidl_typesupport_cpp: rosidl_typesupport_fastrtps_cpp;rosidl_typesupport_introspection_cpp
[0.434s] -- Found PythonInterp: /usr/bin/python3 (found version "3.8.10") 
[0.477s] -- Found ament_cmake_ros: 0.9.2 (/opt/ros/foxy/share/ament_cmake_ros/cmake)
[0.536s] -- Using all available rosidl_typesupport_c: rosidl_typesupport_fastrtps_c;rosidl_typesupport_introspection_c
[0.540s] -- Using all available rosidl_typesupport_cpp: rosidl_typesupport_fastrtps_cpp;rosidl_typesupport_introspection_cpp
[0.555s] -- Found PythonInterp: /usr/bin/python3 (found suitable version "3.8.10", minimum required is "3.5") 
[0.555s] -- Found python_cmake_module: 0.8.1 (/opt/ros/foxy/share/python_cmake_module/cmake)
[0.569s] -- Using PYTHON_EXECUTABLE: /usr/bin/python3
[0.569s] -- Using PYTHON_INCLUDE_DIRS: /usr/include/python3.8
[0.569s] -- Using PYTHON_LIBRARIES: /usr/lib/x86_64-linux-gnu/libpython3.8.so
[0.579s] -- Added test 'copyright' to check source files copyright and LICENSE
[0.580s] -- Added test 'lint_cmake' to check CMake code style
[0.580s] -- Added test 'xmllint' to check XML markup files
[0.583s] -- Configuring done
[0.602s] -- Generating done
[0.603s] -- Build files have been written to: /home/henrik/MSP-Humanoid-IDA/ros_workspace/build/interfaces
[0.618s] [  2%] [34m[1mGenerating C code for ROS interfaces[0m
[0.618s] [35m[1mScanning dependencies of target interfaces__cpp[0m
[0.628s] [  4%] [34m[1mGenerating C++ code for ROS interfaces[0m
[0.818s] [35m[1mScanning dependencies of target interfaces__rosidl_generator_c[0m
[0.820s] [  4%] Built target interfaces__cpp
[0.825s] [  6%] [32mBuilding C object CMakeFiles/interfaces__rosidl_generator_c.dir/rosidl_generator_c/interfaces/msg/detail/robot_status__functions.c.o[0m
[0.826s] [  8%] [34m[1mGenerating C++ introspection for ROS interfaces[0m
[0.827s] [ 10%] [32mBuilding C object CMakeFiles/interfaces__rosidl_generator_c.dir/rosidl_generator_c/interfaces/msg/detail/bottle_info__functions.c.o[0m
[0.827s] [ 12%] [32mBuilding C object CMakeFiles/interfaces__rosidl_generator_c.dir/rosidl_generator_c/interfaces/msg/detail/detection_info__functions.c.o[0m
[0.828s] [ 14%] [34m[1mGenerating C++ type support for eProsima Fast-RTPS[0m
[0.828s] [ 17%] [34m[1mGenerating C++ type support dispatch for ROS interfaces[0m
[0.868s] [ 19%] [32m[1mLinking C shared library libinterfaces__rosidl_generator_c.so[0m
[0.890s] [ 19%] Built target interfaces__rosidl_generator_c
[0.896s] [ 21%] [34m[1mGenerating C type support dispatch for ROS interfaces[0m
[0.896s] [ 23%] [34m[1mGenerating C introspection for ROS interfaces[0m
[0.987s] [35m[1mScanning dependencies of target interfaces__rosidl_typesupport_introspection_cpp[0m
[0.995s] [ 27%] [32mBuilding CXX object CMakeFiles/interfaces__rosidl_typesupport_introspection_cpp.dir/rosidl_typesupport_introspection_cpp/interfaces/msg/detail/robot_status__type_support.cpp.o[0m
[0.995s] [ 27%] [32mBuilding CXX object CMakeFiles/interfaces__rosidl_typesupport_introspection_cpp.dir/rosidl_typesupport_introspection_cpp/interfaces/msg/detail/bottle_info__type_support.cpp.o[0m
[0.995s] [ 29%] [32mBuilding CXX object CMakeFiles/interfaces__rosidl_typesupport_introspection_cpp.dir/rosidl_typesupport_introspection_cpp/interfaces/msg/detail/detection_info__type_support.cpp.o[0m
[1.039s] [35m[1mScanning dependencies of target interfaces__rosidl_typesupport_c[0m
[1.046s] [ 31%] [32mBuilding CXX object CMakeFiles/interfaces__rosidl_typesupport_c.dir/rosidl_typesupport_c/interfaces/msg/robot_status__type_support.cpp.o[0m
[1.047s] [ 34%] [32mBuilding CXX object CMakeFiles/interfaces__rosidl_typesupport_c.dir/rosidl_typesupport_c/interfaces/msg/detection_info__type_support.cpp.o[0m
[1.048s] [ 36%] [32mBuilding CXX object CMakeFiles/interfaces__rosidl_typesupport_c.dir/rosidl_typesupport_c/interfaces/msg/bottle_info__type_support.cpp.o[0m
[1.065s] [35m[1mScanning dependencies of target interfaces__rosidl_typesupport_cpp[0m
[1.072s] [ 38%] [32m[1mLinking CXX shared library libinterfaces__rosidl_typesupport_c.so[0m
[1.073s] [ 40%] [32mBuilding CXX object CMakeFiles/interfaces__rosidl_typesupport_cpp.dir/rosidl_typesupport_cpp/interfaces/msg/robot_status__type_support.cpp.o[0m
[1.075s] [ 44%] [32mBuilding CXX object CMakeFiles/interfaces__rosidl_typesupport_cpp.dir/rosidl_typesupport_cpp/interfaces/msg/detection_info__type_support.cpp.o[0m
[1.075s] [ 44%] [32mBuilding CXX object CMakeFiles/interfaces__rosidl_typesupport_cpp.dir/rosidl_typesupport_cpp/interfaces/msg/bottle_info__type_support.cpp.o[0m
[1.076s] [35m[1mScanning dependencies of target interfaces__rosidl_typesupport_introspection_c[0m
[1.087s] [ 46%] [32mBuilding C object CMakeFiles/interfaces__rosidl_typesupport_introspection_c.dir/rosidl_typesupport_introspection_c/interfaces/msg/detail/detection_info__type_support.c.o[0m
[1.087s] [ 51%] [32mBuilding C object CMakeFiles/interfaces__rosidl_typesupport_introspection_c.dir/rosidl_typesupport_introspection_c/interfaces/msg/detail/bottle_info__type_support.c.o[0m
[1.087s] [ 51%] [32mBuilding C object CMakeFiles/interfaces__rosidl_typesupport_introspection_c.dir/rosidl_typesupport_introspection_c/interfaces/msg/detail/robot_status__type_support.c.o[0m
[1.105s] [ 51%] Built target interfaces__rosidl_typesupport_c
[1.108s] [35m[1mScanning dependencies of target interfaces__rosidl_typesupport_fastrtps_cpp[0m
[1.119s] [ 53%] [32m[1mLinking C shared library libinterfaces__rosidl_typesupport_introspection_c.so[0m
[1.120s] [ 55%] [32mBuilding CXX object CMakeFiles/interfaces__rosidl_typesupport_fastrtps_cpp.dir/rosidl_typesupport_fastrtps_cpp/interfaces/msg/detail/dds_fastrtps/detection_info__type_support.cpp.o[0m
[1.120s] [ 59%] [32mBuilding CXX object CMakeFiles/interfaces__rosidl_typesupport_fastrtps_cpp.dir/rosidl_typesupport_fastrtps_cpp/interfaces/msg/detail/dds_fastrtps/bottle_info__type_support.cpp.o[0m
[1.120s] [ 59%] [32mBuilding CXX object CMakeFiles/interfaces__rosidl_typesupport_fastrtps_cpp.dir/rosidl_typesupport_fastrtps_cpp/interfaces/msg/detail/dds_fastrtps/robot_status__type_support.cpp.o[0m
[1.147s] [ 59%] Built target interfaces__rosidl_typesupport_introspection_c
[1.181s] [ 61%] [32m[1mLinking CXX shared library libinterfaces__rosidl_typesupport_introspection_cpp.so[0m
[1.225s] [ 61%] Built target interfaces__rosidl_typesupport_introspection_cpp
[1.343s] [ 63%] [32m[1mLinking CXX shared library libinterfaces__rosidl_typesupport_cpp.so[0m
[1.365s] [ 63%] Built target interfaces__rosidl_typesupport_cpp
[1.490s] [ 65%] [32m[1mLinking CXX shared library libinterfaces__rosidl_typesupport_fastrtps_cpp.so[0m
[1.536s] [ 65%] Built target interfaces__rosidl_typesupport_fastrtps_cpp
[1.541s] [ 68%] [34m[1mGenerating C type support for eProsima Fast-RTPS[0m
[1.690s] [35m[1mScanning dependencies of target interfaces__rosidl_typesupport_fastrtps_c[0m
[1.698s] [ 72%] [32mBuilding CXX object CMakeFiles/interfaces__rosidl_typesupport_fastrtps_c.dir/rosidl_typesupport_fastrtps_c/interfaces/msg/detail/bottle_info__type_support_c.cpp.o[0m
[1.698s] [ 70%] [32mBuilding CXX object CMakeFiles/interfaces__rosidl_typesupport_fastrtps_c.dir/rosidl_typesupport_fastrtps_c/interfaces/msg/detail/robot_status__type_support_c.cpp.o[0m
[1.698s] [ 74%] [32mBuilding CXX object CMakeFiles/interfaces__rosidl_typesupport_fastrtps_c.dir/rosidl_typesupport_fastrtps_c/interfaces/msg/detail/detection_info__type_support_c.cpp.o[0m
[1.872s] [ 76%] [32m[1mLinking CXX shared library libinterfaces__rosidl_typesupport_fastrtps_c.so[0m
[1.917s] [ 76%] Built target interfaces__rosidl_typesupport_fastrtps_c
[1.928s] [ 76%] Built target interfaces
[1.933s] [35m[1mScanning dependencies of target interfaces__py[0m
[1.940s] [ 78%] [34m[1mGenerating Python code for ROS interfaces[0m
[2.265s] [ 78%] Built target interfaces__py
[2.270s] [35m[1mScanning dependencies of target interfaces__python[0m
[2.280s] [ 80%] [32mBuilding C object CMakeFiles/interfaces__python.dir/rosidl_generator_py/interfaces/msg/_robot_status_s.c.o[0m
[2.280s] [ 82%] [32mBuilding C object CMakeFiles/interfaces__python.dir/rosidl_generator_py/interfaces/msg/_bottle_info_s.c.o[0m
[2.280s] [ 85%] [32mBuilding C object CMakeFiles/interfaces__python.dir/rosidl_generator_py/interfaces/msg/_detection_info_s.c.o[0m
[2.330s] [ 87%] [32m[1mLinking C shared library rosidl_generator_py/interfaces/libinterfaces__python.so[0m
[2.352s] [ 87%] Built target interfaces__python
[2.357s] [35m[1mScanning dependencies of target interfaces__rosidl_typesupport_introspection_c__pyext[0m
[2.358s] [35m[1mScanning dependencies of target interfaces__rosidl_typesupport_c__pyext[0m
[2.358s] [35m[1mScanning dependencies of target interfaces__rosidl_typesupport_fastrtps_c__pyext[0m
[2.366s] [ 93%] [32mBuilding C object CMakeFiles/interfaces__rosidl_typesupport_fastrtps_c__pyext.dir/rosidl_generator_py/interfaces/_interfaces_s.ep.rosidl_typesupport_fastrtps_c.c.o[0m
[2.366s] [ 93%] [32mBuilding C object CMakeFiles/interfaces__rosidl_typesupport_introspection_c__pyext.dir/rosidl_generator_py/interfaces/_interfaces_s.ep.rosidl_typesupport_introspection_c.c.o[0m
[2.366s] [ 93%] [32mBuilding C object CMakeFiles/interfaces__rosidl_typesupport_c__pyext.dir/rosidl_generator_py/interfaces/_interfaces_s.ep.rosidl_typesupport_c.c.o[0m
[2.412s] [100%] [32m[1mLinking C shared library rosidl_generator_py/interfaces/interfaces_s__rosidl_typesupport_c.cpython-38-x86_64-linux-gnu.so[0m
[2.412s] [100%] [32m[1mLinking CXX shared library rosidl_generator_py/interfaces/interfaces_s__rosidl_typesupport_fastrtps_c.cpython-38-x86_64-linux-gnu.so[0m
[2.412s] [100%] [32m[1mLinking C shared library rosidl_generator_py/interfaces/interfaces_s__rosidl_typesupport_introspection_c.cpython-38-x86_64-linux-gnu.so[0m
[2.431s] [100%] Built target interfaces__rosidl_typesupport_introspection_c__pyext
[2.431s] [100%] Built target interfaces__rosidl_typesupport_c__pyext
[2.447s] [100%] Built target interfaces__rosidl_typesupport_fastrtps_c__pyext
[2.453s] Invoked command in '/home/henrik/MSP-Humanoid-IDA/ros_workspace/build/interfaces' returned '0': CMAKE_PREFIX_PATH=${CMAKE_PREFIX_PATH}:/opt/ros/foxy:/home/henrik/MSP-Humanoid-IDA/ros_workspace/install/motion_control_pkg:/home/henrik/MSP-Humanoid-IDA/ros_workspace/install/mic_pkg:/home/henrik/MSP-Humanoid-IDA/ros_workspace/install/camera_pkg:/home/henrik/MSP-Humanoid-IDA/ros_workspace/install/arm_pkg /usr/bin/cmake --build /home/henrik/MSP-Humanoid-IDA/ros_workspace/build/interfaces -- -j20 -l20
[2.496s] Invoking command in '/home/henrik/MSP-Humanoid-IDA/ros_workspace/build/interfaces': CMAKE_PREFIX_PATH=${CMAKE_PREFIX_PATH}:/opt/ros/foxy:/home/henrik/MSP-Humanoid-IDA/ros_workspace/install/motion_control_pkg:/home/henrik/MSP-Humanoid-IDA/ros_workspace/install/mic_pkg:/home/henrik/MSP-Humanoid-IDA/ros_workspace/install/camera_pkg:/home/henrik/MSP-Humanoid-IDA/ros_workspace/install/arm_pkg /usr/bin/cmake --install /home/henrik/MSP-Humanoid-IDA/ros_workspace/build/interfaces
[2.501s] -- Install configuration: ""
[2.501s] -- Installing: /home/henrik/MSP-Humanoid-IDA/ros_workspace/install/interfaces/share/ament_index/resource_index/rosidl_interfaces/interfaces
[2.501s] -- Up-to-date: /home/henrik/MSP-Humanoid-IDA/ros_workspace/install/interfaces/include/interfaces
[2.501s] -- Up-to-date: /home/henrik/MSP-Humanoid-IDA/ros_workspace/install/interfaces/include/interfaces/msg
[2.501s] -- Up-to-date: /home/henrik/MSP-Humanoid-IDA/ros_workspace/install/interfaces/include/interfaces/msg/rosidl_generator_c__visibility_control.h
[2.501s] -- Installing: /home/henrik/MSP-Humanoid-IDA/ros_workspace/install/interfaces/include/interfaces/msg/bottle_info.h
[2.501s] -- Installing: /home/henrik/MSP-Humanoid-IDA/ros_workspace/install/interfaces/include/interfaces/msg/robot_status.h
[2.501s] -- Up-to-date: /home/henrik/MSP-Humanoid-IDA/ros_workspace/install/interfaces/include/interfaces/msg/detail
[2.501s] -- Installing: /home/henrik/MSP-Humanoid-IDA/ros_workspace/install/interfaces/include/interfaces/msg/detail/robot_status__functions.h
[2.501s] -- Installing: /home/henrik/MSP-Humanoid-IDA/ros_workspace/install/interfaces/include/interfaces/msg/detail/robot_status__type_support.h
[2.501s] -- Installing: /home/henrik/MSP-Humanoid-IDA/ros_workspace/install/interfaces/include/interfaces/msg/detail/bottle_info__functions.c
[2.501s] -- Installing: /home/henrik/MSP-Humanoid-IDA/ros_workspace/install/interfaces/include/interfaces/msg/detail/robot_status__functions.c
[2.501s] -- Installing: /home/henrik/MSP-Humanoid-IDA/ros_workspace/install/interfaces/include/interfaces/msg/detail/detection_info__struct.h
[2.501s] -- Installing: /home/henrik/MSP-Humanoid-IDA/ros_workspace/install/interfaces/include/interfaces/msg/detail/bottle_info__type_support.h
[2.502s] -- Installing: /home/henrik/MSP-Humanoid-IDA/ros_workspace/install/interfaces/include/interfaces/msg/detail/detection_info__functions.h
[2.502s] -- Installing: /home/henrik/MSP-Humanoid-IDA/ros_workspace/install/interfaces/include/interfaces/msg/detail/bottle_info__struct.h
[2.502s] -- Installing: /home/henrik/MSP-Humanoid-IDA/ros_workspace/install/interfaces/include/interfaces/msg/detail/bottle_info__functions.h
[2.502s] -- Installing: /home/henrik/MSP-Humanoid-IDA/ros_workspace/install/interfaces/include/interfaces/msg/detail/detection_info__functions.c
[2.502s] -- Installing: /home/henrik/MSP-Humanoid-IDA/ros_workspace/install/interfaces/include/interfaces/msg/detail/detection_info__type_support.h
[2.502s] -- Installing: /home/henrik/MSP-Humanoid-IDA/ros_workspace/install/interfaces/include/interfaces/msg/detail/robot_status__struct.h
[2.502s] -- Installing: /home/henrik/MSP-Humanoid-IDA/ros_workspace/install/interfaces/include/interfaces/msg/detection_info.h
[2.502s] -- Up-to-date: /home/henrik/MSP-Humanoid-IDA/ros_workspace/install/interfaces/share/interfaces/environment/library_path.sh
[2.502s] -- Installing: /home/henrik/MSP-Humanoid-IDA/ros_workspace/install/interfaces/share/interfaces/environment/library_path.dsv
[2.502s] -- Installing: /home/henrik/MSP-Humanoid-IDA/ros_workspace/install/interfaces/lib/libinterfaces__rosidl_generator_c.so
[2.502s] -- Set runtime path of "/home/henrik/MSP-Humanoid-IDA/ros_workspace/install/interfaces/lib/libinterfaces__rosidl_generator_c.so" to ""
[2.502s] -- Up-to-date: /home/henrik/MSP-Humanoid-IDA/ros_workspace/install/interfaces/include/interfaces
[2.502s] -- Up-to-date: /home/henrik/MSP-Humanoid-IDA/ros_workspace/install/interfaces/include/interfaces/msg
[2.502s] -- Up-to-date: /home/henrik/MSP-Humanoid-IDA/ros_workspace/install/interfaces/include/interfaces/msg/rosidl_typesupport_fastrtps_c__visibility_control.h
[2.502s] -- Up-to-date: /home/henrik/MSP-Humanoid-IDA/ros_workspace/install/interfaces/include/interfaces/msg/detail
[2.502s] -- Installing: /home/henrik/MSP-Humanoid-IDA/ros_workspace/install/interfaces/include/interfaces/msg/detail/robot_status__rosidl_typesupport_fastrtps_c.h
[2.502s] -- Installing: /home/henrik/MSP-Humanoid-IDA/ros_workspace/install/interfaces/include/interfaces/msg/detail/detection_info__rosidl_typesupport_fastrtps_c.h
[2.502s] -- Installing: /home/henrik/MSP-Humanoid-IDA/ros_workspace/install/interfaces/include/interfaces/msg/detail/bottle_info__rosidl_typesupport_fastrtps_c.h
[2.502s] -- Installing: /home/henrik/MSP-Humanoid-IDA/ros_workspace/install/interfaces/lib/libinterfaces__rosidl_typesupport_fastrtps_c.so
[2.502s] -- Set runtime path of "/home/henrik/MSP-Humanoid-IDA/ros_workspace/install/interfaces/lib/libinterfaces__rosidl_typesupport_fastrtps_c.so" to ""
[2.502s] -- Up-to-date: /home/henrik/MSP-Humanoid-IDA/ros_workspace/install/interfaces/include/interfaces
[2.502s] -- Up-to-date: /home/henrik/MSP-Humanoid-IDA/ros_workspace/install/interfaces/include/interfaces/msg
[2.502s] -- Up-to-date: /home/henrik/MSP-Humanoid-IDA/ros_workspace/install/interfaces/include/interfaces/msg/rosidl_typesupport_fastrtps_cpp__visibility_control.h
[2.502s] -- Up-to-date: /home/henrik/MSP-Humanoid-IDA/ros_workspace/install/interfaces/include/interfaces/msg/detail
[2.503s] -- Installing: /home/henrik/MSP-Humanoid-IDA/ros_workspace/install/interfaces/include/interfaces/msg/detail/robot_status__rosidl_typesupport_fastrtps_cpp.hpp
[2.503s] -- Up-to-date: /home/henrik/MSP-Humanoid-IDA/ros_workspace/install/interfaces/include/interfaces/msg/detail/dds_fastrtps
[2.503s] -- Installing: /home/henrik/MSP-Humanoid-IDA/ros_workspace/install/interfaces/include/interfaces/msg/detail/detection_info__rosidl_typesupport_fastrtps_cpp.hpp
[2.503s] -- Installing: /home/henrik/MSP-Humanoid-IDA/ros_workspace/install/interfaces/include/interfaces/msg/detail/bottle_info__rosidl_typesupport_fastrtps_cpp.hpp
[2.503s] -- Installing: /home/henrik/MSP-Humanoid-IDA/ros_workspace/install/interfaces/lib/libinterfaces__rosidl_typesupport_fastrtps_cpp.so
[2.503s] -- Set runtime path of "/home/henrik/MSP-Humanoid-IDA/ros_workspace/install/interfaces/lib/libinterfaces__rosidl_typesupport_fastrtps_cpp.so" to ""
[2.503s] -- Up-to-date: /home/henrik/MSP-Humanoid-IDA/ros_workspace/install/interfaces/include/interfaces
[2.503s] -- Up-to-date: /home/henrik/MSP-Humanoid-IDA/ros_workspace/install/interfaces/include/interfaces/msg
[2.503s] -- Up-to-date: /home/henrik/MSP-Humanoid-IDA/ros_workspace/install/interfaces/include/interfaces/msg/rosidl_typesupport_introspection_c__visibility_control.h
[2.503s] -- Up-to-date: /home/henrik/MSP-Humanoid-IDA/ros_workspace/install/interfaces/include/interfaces/msg/detail
[2.503s] -- Installing: /home/henrik/MSP-Humanoid-IDA/ros_workspace/install/interfaces/include/interfaces/msg/detail/robot_status__rosidl_typesupport_introspection_c.h
[2.503s] -- Installing: /home/henrik/MSP-Humanoid-IDA/ros_workspace/install/interfaces/include/interfaces/msg/detail/detection_info__rosidl_typesupport_introspection_c.h
[2.503s] -- Installing: /home/henrik/MSP-Humanoid-IDA/ros_workspace/install/interfaces/include/interfaces/msg/detail/bottle_info__type_support.c
[2.503s] -- Installing: /home/henrik/MSP-Humanoid-IDA/ros_workspace/install/interfaces/include/interfaces/msg/detail/bottle_info__rosidl_typesupport_introspection_c.h
[2.503s] -- Installing: /home/henrik/MSP-Humanoid-IDA/ros_workspace/install/interfaces/include/interfaces/msg/detail/robot_status__type_support.c
[2.503s] -- Installing: /home/henrik/MSP-Humanoid-IDA/ros_workspace/install/interfaces/include/interfaces/msg/detail/detection_info__type_support.c
[2.503s] -- Installing: /home/henrik/MSP-Humanoid-IDA/ros_workspace/install/interfaces/lib/libinterfaces__rosidl_typesupport_introspection_c.so
[2.503s] -- Set runtime path of "/home/henrik/MSP-Humanoid-IDA/ros_workspace/install/interfaces/lib/libinterfaces__rosidl_typesupport_introspection_c.so" to ""
[2.503s] -- Installing: /home/henrik/MSP-Humanoid-IDA/ros_workspace/install/interfaces/lib/libinterfaces__rosidl_typesupport_c.so
[2.503s] -- Set runtime path of "/home/henrik/MSP-Humanoid-IDA/ros_workspace/install/interfaces/lib/libinterfaces__rosidl_typesupport_c.so" to ""
[2.504s] -- Up-to-date: /home/henrik/MSP-Humanoid-IDA/ros_workspace/install/interfaces/include/interfaces
[2.504s] -- Up-to-date: /home/henrik/MSP-Humanoid-IDA/ros_workspace/install/interfaces/include/interfaces/msg
[2.504s] -- Installing: /home/henrik/MSP-Humanoid-IDA/ros_workspace/install/interfaces/include/interfaces/msg/detection_info.hpp
[2.504s] -- Installing: /home/henrik/MSP-Humanoid-IDA/ros_workspace/install/interfaces/include/interfaces/msg/bottle_info.hpp
[2.504s] -- Installing: /home/henrik/MSP-Humanoid-IDA/ros_workspace/install/interfaces/include/interfaces/msg/robot_status.hpp
[2.504s] -- Up-to-date: /home/henrik/MSP-Humanoid-IDA/ros_workspace/install/interfaces/include/interfaces/msg/detail
[2.504s] -- Installing: /home/henrik/MSP-Humanoid-IDA/ros_workspace/install/interfaces/include/interfaces/msg/detail/bottle_info__struct.hpp
[2.504s] -- Installing: /home/henrik/MSP-Humanoid-IDA/ros_workspace/install/interfaces/include/interfaces/msg/detail/detection_info__type_support.hpp
[2.504s] -- Installing: /home/henrik/MSP-Humanoid-IDA/ros_workspace/install/interfaces/include/interfaces/msg/detail/robot_status__type_support.hpp
[2.504s] -- Installing: /home/henrik/MSP-Humanoid-IDA/ros_workspace/install/interfaces/include/interfaces/msg/detail/detection_info__builder.hpp
[2.504s] -- Installing: /home/henrik/MSP-Humanoid-IDA/ros_workspace/install/interfaces/include/interfaces/msg/detail/robot_status__struct.hpp
[2.504s] -- Installing: /home/henrik/MSP-Humanoid-IDA/ros_workspace/install/interfaces/include/interfaces/msg/detail/detection_info__traits.hpp
[2.504s] -- Installing: /home/henrik/MSP-Humanoid-IDA/ros_workspace/install/interfaces/include/interfaces/msg/detail/bottle_info__builder.hpp
[2.504s] -- Installing: /home/henrik/MSP-Humanoid-IDA/ros_workspace/install/interfaces/include/interfaces/msg/detail/bottle_info__type_support.hpp
[2.504s] -- Installing: /home/henrik/MSP-Humanoid-IDA/ros_workspace/install/interfaces/include/interfaces/msg/detail/robot_status__traits.hpp
[2.504s] -- Installing: /home/henrik/MSP-Humanoid-IDA/ros_workspace/install/interfaces/include/interfaces/msg/detail/robot_status__builder.hpp
[2.504s] -- Installing: /home/henrik/MSP-Humanoid-IDA/ros_workspace/install/interfaces/include/interfaces/msg/detail/detection_info__struct.hpp
[2.504s] -- Installing: /home/henrik/MSP-Humanoid-IDA/ros_workspace/install/interfaces/include/interfaces/msg/detail/bottle_info__traits.hpp
[2.504s] -- Up-to-date: /home/henrik/MSP-Humanoid-IDA/ros_workspace/install/interfaces/include/interfaces/msg/rosidl_generator_cpp__visibility_control.hpp
[2.504s] -- Up-to-date: /home/henrik/MSP-Humanoid-IDA/ros_workspace/install/interfaces/include/interfaces
[2.504s] -- Up-to-date: /home/henrik/MSP-Humanoid-IDA/ros_workspace/install/interfaces/include/interfaces/msg
[2.504s] -- Up-to-date: /home/henrik/MSP-Humanoid-IDA/ros_workspace/install/interfaces/include/interfaces/msg/detail
[2.504s] -- Installing: /home/henrik/MSP-Humanoid-IDA/ros_workspace/install/interfaces/include/interfaces/msg/detail/bottle_info__rosidl_typesupport_introspection_cpp.hpp
[2.504s] -- Installing: /home/henrik/MSP-Humanoid-IDA/ros_workspace/install/interfaces/include/interfaces/msg/detail/robot_status__rosidl_typesupport_introspection_cpp.hpp
[2.504s] -- Installing: /home/henrik/MSP-Humanoid-IDA/ros_workspace/install/interfaces/include/interfaces/msg/detail/robot_status__type_support.cpp
[2.505s] -- Installing: /home/henrik/MSP-Humanoid-IDA/ros_workspace/install/interfaces/include/interfaces/msg/detail/detection_info__rosidl_typesupport_introspection_cpp.hpp
[2.505s] -- Installing: /home/henrik/MSP-Humanoid-IDA/ros_workspace/install/interfaces/include/interfaces/msg/detail/bottle_info__type_support.cpp
[2.505s] -- Installing: /home/henrik/MSP-Humanoid-IDA/ros_workspace/install/interfaces/include/interfaces/msg/detail/detection_info__type_support.cpp
[2.505s] -- Installing: /home/henrik/MSP-Humanoid-IDA/ros_workspace/install/interfaces/lib/libinterfaces__rosidl_typesupport_introspection_cpp.so
[2.505s] -- Set runtime path of "/home/henrik/MSP-Humanoid-IDA/ros_workspace/install/interfaces/lib/libinterfaces__rosidl_typesupport_introspection_cpp.so" to ""
[2.505s] -- Installing: /home/henrik/MSP-Humanoid-IDA/ros_workspace/install/interfaces/lib/libinterfaces__rosidl_typesupport_cpp.so
[2.505s] -- Set runtime path of "/home/henrik/MSP-Humanoid-IDA/ros_workspace/install/interfaces/lib/libinterfaces__rosidl_typesupport_cpp.so" to ""
[2.505s] -- Up-to-date: /home/henrik/MSP-Humanoid-IDA/ros_workspace/install/interfaces/share/interfaces/environment/pythonpath.sh
[2.505s] -- Installing: /home/henrik/MSP-Humanoid-IDA/ros_workspace/install/interfaces/share/interfaces/environment/pythonpath.dsv
[2.505s] -- Installing: /home/henrik/MSP-Humanoid-IDA/ros_workspace/install/interfaces/lib/python3.8/site-packages/interfaces/__init__.py
[2.524s] Compiling '/home/henrik/MSP-Humanoid-IDA/ros_workspace/install/interfaces/lib/python3.8/site-packages/interfaces/__init__.py'...
[2.526s] -- Up-to-date: /home/henrik/MSP-Humanoid-IDA/ros_workspace/install/interfaces/lib/python3.8/site-packages/interfaces/msg
[2.526s] -- Installing: /home/henrik/MSP-Humanoid-IDA/ros_workspace/install/interfaces/lib/python3.8/site-packages/interfaces/msg/__init__.py
[2.526s] -- Installing: /home/henrik/MSP-Humanoid-IDA/ros_workspace/install/interfaces/lib/python3.8/site-packages/interfaces/msg/_robot_status.py
[2.526s] -- Installing: /home/henrik/MSP-Humanoid-IDA/ros_workspace/install/interfaces/lib/python3.8/site-packages/interfaces/msg/_detection_info.py
[2.526s] -- Installing: /home/henrik/MSP-Humanoid-IDA/ros_workspace/install/interfaces/lib/python3.8/site-packages/interfaces/msg/_robot_status_s.c
[2.526s] -- Installing: /home/henrik/MSP-Humanoid-IDA/ros_workspace/install/interfaces/lib/python3.8/site-packages/interfaces/msg/_bottle_info.py
[2.526s] -- Installing: /home/henrik/MSP-Humanoid-IDA/ros_workspace/install/interfaces/lib/python3.8/site-packages/interfaces/msg/_detection_info_s.c
[2.526s] -- Installing: /home/henrik/MSP-Humanoid-IDA/ros_workspace/install/interfaces/lib/python3.8/site-packages/interfaces/msg/_bottle_info_s.c
[2.526s] -- Installing: /home/henrik/MSP-Humanoid-IDA/ros_workspace/install/interfaces/lib/python3.8/site-packages/interfaces/interfaces_s__rosidl_typesupport_fastrtps_c.cpython-38-x86_64-linux-gnu.so
[2.527s] -- Set runtime path of "/home/henrik/MSP-Humanoid-IDA/ros_workspace/install/interfaces/lib/python3.8/site-packages/interfaces/interfaces_s__rosidl_typesupport_fastrtps_c.cpython-38-x86_64-linux-gnu.so" to ""
[2.527s] -- Installing: /home/henrik/MSP-Humanoid-IDA/ros_workspace/install/interfaces/lib/python3.8/site-packages/interfaces/interfaces_s__rosidl_typesupport_introspection_c.cpython-38-x86_64-linux-gnu.so
[2.527s] -- Set runtime path of "/home/henrik/MSP-Humanoid-IDA/ros_workspace/install/interfaces/lib/python3.8/site-packages/interfaces/interfaces_s__rosidl_typesupport_introspection_c.cpython-38-x86_64-linux-gnu.so" to ""
[2.527s] -- Installing: /home/henrik/MSP-Humanoid-IDA/ros_workspace/install/interfaces/lib/python3.8/site-packages/interfaces/interfaces_s__rosidl_typesupport_c.cpython-38-x86_64-linux-gnu.so
[2.527s] -- Set runtime path of "/home/henrik/MSP-Humanoid-IDA/ros_workspace/install/interfaces/lib/python3.8/site-packages/interfaces/interfaces_s__rosidl_typesupport_c.cpython-38-x86_64-linux-gnu.so" to ""
[2.527s] -- Installing: /home/henrik/MSP-Humanoid-IDA/ros_workspace/install/interfaces/lib/libinterfaces__python.so
[2.528s] -- Set runtime path of "/home/henrik/MSP-Humanoid-IDA/ros_workspace/install/interfaces/lib/libinterfaces__python.so" to ""
[2.528s] -- Up-to-date: /home/henrik/MSP-Humanoid-IDA/ros_workspace/install/interfaces/share/interfaces/msg/RobotStatus.idl
[2.528s] -- Up-to-date: /home/henrik/MSP-Humanoid-IDA/ros_workspace/install/interfaces/share/interfaces/msg/BottleInfo.idl
[2.528s] -- Installing: /home/henrik/MSP-Humanoid-IDA/ros_workspace/install/interfaces/share/interfaces/msg/DetectionInfo.idl
[2.528s] -- Up-to-date: /home/henrik/MSP-Humanoid-IDA/ros_workspace/install/interfaces/share/interfaces/msg/RobotStatus.msg
[2.528s] -- Up-to-date: /home/henrik/MSP-Humanoid-IDA/ros_workspace/install/interfaces/share/interfaces/msg/BottleInfo.msg
[2.528s] -- Installing: /home/henrik/MSP-Humanoid-IDA/ros_workspace/install/interfaces/share/interfaces/msg/DetectionInfo.msg
[2.528s] -- Up-to-date: /home/henrik/MSP-Humanoid-IDA/ros_workspace/install/interfaces/share/ament_index/resource_index/package_run_dependencies/interfaces
[2.528s] -- Installing: /home/henrik/MSP-Humanoid-IDA/ros_workspace/install/interfaces/share/ament_index/resource_index/parent_prefix_path/interfaces
[2.528s] -- Up-to-date: /home/henrik/MSP-Humanoid-IDA/ros_workspace/install/interfaces/share/interfaces/environment/ament_prefix_path.sh
[2.528s] -- Installing: /home/henrik/MSP-Humanoid-IDA/ros_workspace/install/interfaces/share/interfaces/environment/ament_prefix_path.dsv
[2.528s] -- Up-to-date: /home/henrik/MSP-Humanoid-IDA/ros_workspace/install/interfaces/share/interfaces/environment/path.sh
[2.528s] -- Installing: /home/henrik/MSP-Humanoid-IDA/ros_workspace/install/interfaces/share/interfaces/environment/path.dsv
[2.528s] -- Up-to-date: /home/henrik/MSP-Humanoid-IDA/ros_workspace/install/interfaces/share/interfaces/local_setup.bash
[2.528s] -- Up-to-date: /home/henrik/MSP-Humanoid-IDA/ros_workspace/install/interfaces/share/interfaces/local_setup.sh
[2.528s] -- Up-to-date: /home/henrik/MSP-Humanoid-IDA/ros_workspace/install/interfaces/share/interfaces/local_setup.zsh
[2.528s] -- Installing: /home/henrik/MSP-Humanoid-IDA/ros_workspace/install/interfaces/share/interfaces/local_setup.dsv
[2.528s] -- Installing: /home/henrik/MSP-Humanoid-IDA/ros_workspace/install/interfaces/share/interfaces/package.dsv
[2.528s] -- Up-to-date: /home/henrik/MSP-Humanoid-IDA/ros_workspace/install/interfaces/share/ament_index/resource_index/packages/interfaces
[2.528s] -- Up-to-date: /home/henrik/MSP-Humanoid-IDA/ros_workspace/install/interfaces/share/interfaces/cmake/interfaces__rosidl_generator_cExport.cmake
[2.528s] -- Installing: /home/henrik/MSP-Humanoid-IDA/ros_workspace/install/interfaces/share/interfaces/cmake/interfaces__rosidl_generator_cExport-noconfig.cmake
[2.529s] -- Up-to-date: /home/henrik/MSP-Humanoid-IDA/ros_workspace/install/interfaces/share/interfaces/cmake/interfaces__rosidl_typesupport_introspection_cExport.cmake
[2.529s] -- Installing: /home/henrik/MSP-Humanoid-IDA/ros_workspace/install/interfaces/share/interfaces/cmake/interfaces__rosidl_typesupport_introspection_cExport-noconfig.cmake
[2.529s] -- Up-to-date: /home/henrik/MSP-Humanoid-IDA/ros_workspace/install/interfaces/share/interfaces/cmake/interfaces__rosidl_typesupport_cExport.cmake
[2.529s] -- Installing: /home/henrik/MSP-Humanoid-IDA/ros_workspace/install/interfaces/share/interfaces/cmake/interfaces__rosidl_typesupport_cExport-noconfig.cmake
[2.529s] -- Up-to-date: /home/henrik/MSP-Humanoid-IDA/ros_workspace/install/interfaces/share/interfaces/cmake/interfaces__rosidl_generator_cppExport.cmake
[2.529s] -- Up-to-date: /home/henrik/MSP-Humanoid-IDA/ros_workspace/install/interfaces/share/interfaces/cmake/interfaces__rosidl_typesupport_introspection_cppExport.cmake
[2.529s] -- Installing: /home/henrik/MSP-Humanoid-IDA/ros_workspace/install/interfaces/share/interfaces/cmake/interfaces__rosidl_typesupport_introspection_cppExport-noconfig.cmake
[2.529s] -- Up-to-date: /home/henrik/MSP-Humanoid-IDA/ros_workspace/install/interfaces/share/interfaces/cmake/interfaces__rosidl_typesupport_cppExport.cmake
[2.529s] -- Installing: /home/henrik/MSP-Humanoid-IDA/ros_workspace/install/interfaces/share/interfaces/cmake/interfaces__rosidl_typesupport_cppExport-noconfig.cmake
[2.529s] -- Installing: /home/henrik/MSP-Humanoid-IDA/ros_workspace/install/interfaces/share/interfaces/cmake/rosidl_cmake-extras.cmake
[2.529s] -- Up-to-date: /home/henrik/MSP-Humanoid-IDA/ros_workspace/install/interfaces/share/interfaces/cmake/ament_cmake_export_dependencies-extras.cmake
[2.529s] -- Up-to-date: /home/henrik/MSP-Humanoid-IDA/ros_workspace/install/interfaces/share/interfaces/cmake/ament_cmake_export_libraries-extras.cmake
[2.529s] -- Up-to-date: /home/henrik/MSP-Humanoid-IDA/ros_workspace/install/interfaces/share/interfaces/cmake/ament_cmake_export_targets-extras.cmake
[2.529s] -- Up-to-date: /home/henrik/MSP-Humanoid-IDA/ros_workspace/install/interfaces/share/interfaces/cmake/ament_cmake_export_include_directories-extras.cmake
[2.530s] -- Up-to-date: /home/henrik/MSP-Humanoid-IDA/ros_workspace/install/interfaces/share/interfaces/cmake/rosidl_cmake_export_typesupport_libraries-extras.cmake
[2.530s] -- Up-to-date: /home/henrik/MSP-Humanoid-IDA/ros_workspace/install/interfaces/share/interfaces/cmake/rosidl_cmake_export_typesupport_targets-extras.cmake
[2.530s] -- Up-to-date: /home/henrik/MSP-Humanoid-IDA/ros_workspace/install/interfaces/share/interfaces/cmake/interfacesConfig.cmake
[2.530s] -- Up-to-date: /home/henrik/MSP-Humanoid-IDA/ros_workspace/install/interfaces/share/interfaces/cmake/interfacesConfig-version.cmake
[2.530s] -- Up-to-date: /home/henrik/MSP-Humanoid-IDA/ros_workspace/install/interfaces/share/interfaces/package.xml
[2.531s] Invoked command in '/home/henrik/MSP-Humanoid-IDA/ros_workspace/build/interfaces' returned '0': CMAKE_PREFIX_PATH=${CMAKE_PREFIX_PATH}:/opt/ros/foxy:/home/henrik/MSP-Humanoid-IDA/ros_workspace/install/motion_control_pkg:/home/henrik/MSP-Humanoid-IDA/ros_workspace/install/mic_pkg:/home/henrik/MSP-Humanoid-IDA/ros_workspace/install/camera_pkg:/home/henrik/MSP-Humanoid-IDA/ros_workspace/install/arm_pkg /usr/bin/cmake --install /home/henrik/MSP-Humanoid-IDA/ros_workspace/build/interfaces
