[0.807s] Invoking command in '/home/henrik/MSP-Humanoid-IDA/ros_workspace/src/mic_pkg': PYTHONPATH=/home/henrik/MSP-Humanoid-IDA/build/mic_pkg/prefix_override:/home/henrik/MSP-Humanoid-IDA/install/mic_pkg/lib/python3.8/site-packages:${PYTHONPATH} /usr/bin/python3 -W ignore:setup.py install is deprecated setup.py egg_info --egg-base ../../../build/mic_pkg build --build-base /home/henrik/MSP-Humanoid-IDA/build/mic_pkg/build install --record /home/henrik/MSP-Humanoid-IDA/build/mic_pkg/install.log --install-scripts $base/lib/mic_pkg --single-version-externally-managed install_data
[0.929s] running egg_info
[0.930s] writing ../../../build/mic_pkg/mic_pkg.egg-info/PKG-INFO
[0.930s] writing dependency_links to ../../../build/mic_pkg/mic_pkg.egg-info/dependency_links.txt
[0.930s] writing entry points to ../../../build/mic_pkg/mic_pkg.egg-info/entry_points.txt
[0.930s] writing requirements to ../../../build/mic_pkg/mic_pkg.egg-info/requires.txt
[0.930s] writing top-level names to ../../../build/mic_pkg/mic_pkg.egg-info/top_level.txt
[0.951s] reading manifest file '../../../build/mic_pkg/mic_pkg.egg-info/SOURCES.txt'
[0.952s] writing manifest file '../../../build/mic_pkg/mic_pkg.egg-info/SOURCES.txt'
[0.952s] running build
[0.952s] running build_py
[0.952s] running install
[0.953s] running install_lib
[0.954s] running install_data
[0.954s] running install_egg_info
[0.955s] removing '/home/henrik/MSP-Humanoid-IDA/install/mic_pkg/lib/python3.8/site-packages/mic_pkg-0.0.0-py3.8.egg-info' (and everything under it)
[0.955s] Copying ../../../build/mic_pkg/mic_pkg.egg-info to /home/henrik/MSP-Humanoid-IDA/install/mic_pkg/lib/python3.8/site-packages/mic_pkg-0.0.0-py3.8.egg-info
[0.955s] running install_scripts
[0.967s] Installing mic_node script to /home/henrik/MSP-Humanoid-IDA/install/mic_pkg/lib/mic_pkg
[0.967s] writing list of installed files to '/home/henrik/MSP-Humanoid-IDA/build/mic_pkg/install.log'
[0.982s] Invoked command in '/home/henrik/MSP-Humanoid-IDA/ros_workspace/src/mic_pkg' returned '0': PYTHONPATH=/home/henrik/MSP-Humanoid-IDA/build/mic_pkg/prefix_override:/home/henrik/MSP-Humanoid-IDA/install/mic_pkg/lib/python3.8/site-packages:${PYTHONPATH} /usr/bin/python3 -W ignore:setup.py install is deprecated setup.py egg_info --egg-base ../../../build/mic_pkg build --build-base /home/henrik/MSP-Humanoid-IDA/build/mic_pkg/build install --record /home/henrik/MSP-Humanoid-IDA/build/mic_pkg/install.log --install-scripts $base/lib/mic_pkg --single-version-externally-managed install_data
