[0.276s] Invoking command in '/home/henrik/MSP-Humanoid-IDA/build/interfaces': CMAKE_PREFIX_PATH=${CMAKE_PREFIX_PATH}:/home/henrik/MSP-Humanoid-IDA/install/motion_control_pkg:/home/henrik/MSP-Humanoid-IDA/install/mic_pkg:/home/henrik/MSP-Humanoid-IDA/install/camera_pkg:/home/henrik/MSP-Humanoid-IDA/ros_workspace/install/motion_control_pkg:/home/henrik/MSP-Humanoid-IDA/ros_workspace/install/mic_pkg:/home/henrik/MSP-Humanoid-IDA/ros_workspace/install/camera_pkg:/home/henrik/MSP-Humanoid-IDA/ros_workspace/install/arm_pkg:/opt/ros/foxy /usr/bin/cmake --build /home/henrik/MSP-Humanoid-IDA/build/interfaces -- -j20 -l20
[0.415s] -- Found ament_cmake: 0.9.12 (/opt/ros/foxy/share/ament_cmake/cmake)
[0.415s] -- Found PythonInterp: /usr/bin/python3 (found suitable version "3.8.10", minimum required is "3") 
[0.415s] -- Using PYTHON_EXECUTABLE: /usr/bin/python3
[0.431s] -- Found ament_lint_auto: 0.9.8 (/opt/ros/foxy/share/ament_lint_auto/cmake)
[0.470s] -- Found rosidl_default_generators: 1.0.1 (/opt/ros/foxy/share/rosidl_default_generators/cmake)
[0.472s] -- Using all available rosidl_typesupport_c: rosidl_typesupport_fastrtps_c;rosidl_typesupport_introspection_c
[0.474s] -- Found rosidl_adapter: 1.3.1 (/opt/ros/foxy/share/rosidl_adapter/cmake)
[0.572s] -- Using all available rosidl_typesupport_cpp: rosidl_typesupport_fastrtps_cpp;rosidl_typesupport_introspection_cpp
[0.603s] -- Found PythonInterp: /usr/bin/python3 (found version "3.8.10") 
[0.660s] -- Found ament_cmake_ros: 0.9.2 (/opt/ros/foxy/share/ament_cmake_ros/cmake)
[0.731s] -- Using all available rosidl_typesupport_c: rosidl_typesupport_fastrtps_c;rosidl_typesupport_introspection_c
[0.737s] -- Using all available rosidl_typesupport_cpp: rosidl_typesupport_fastrtps_cpp;rosidl_typesupport_introspection_cpp
[0.755s] -- Found PythonInterp: /usr/bin/python3 (found suitable version "3.8.10", minimum required is "3.5") 
[0.755s] -- Found python_cmake_module: 0.8.1 (/opt/ros/foxy/share/python_cmake_module/cmake)
[0.772s] -- Using PYTHON_EXECUTABLE: /usr/bin/python3
[0.772s] -- Using PYTHON_INCLUDE_DIRS: /usr/include/python3.8
[0.772s] -- Using PYTHON_LIBRARIES: /usr/lib/x86_64-linux-gnu/libpython3.8.so
[0.786s] -- Added test 'copyright' to check source files copyright and LICENSE
[0.787s] -- Added test 'lint_cmake' to check CMake code style
[0.788s] -- Added test 'xmllint' to check XML markup files
[0.792s] -- Configuring done
[0.815s] -- Generating done
[0.816s] -- Build files have been written to: /home/henrik/MSP-Humanoid-IDA/build/interfaces
[0.834s] [35m[1mScanning dependencies of target interfaces__cpp[0m
[0.835s] [  1%] [34m[1mGenerating C code for ROS interfaces[0m
[0.842s] [  3%] [34m[1mGenerating C++ code for ROS interfaces[0m
[1.074s] [  3%] Built target interfaces__cpp
[1.080s] [  5%] [34m[1mGenerating C++ introspection for ROS interfaces[0m
[1.081s] [  7%] [34m[1mGenerating C++ type support for eProsima Fast-RTPS[0m
[1.081s] [  9%] [34m[1mGenerating C++ type support dispatch for ROS interfaces[0m
[1.084s] [35m[1mScanning dependencies of target interfaces__rosidl_generator_c[0m
[1.092s] [ 10%] [32mBuilding C object CMakeFiles/interfaces__rosidl_generator_c.dir/rosidl_generator_c/interfaces/msg/detail/robot_status__functions.c.o[0m
[1.093s] [ 12%] [32mBuilding C object CMakeFiles/interfaces__rosidl_generator_c.dir/rosidl_generator_c/interfaces/msg/detail/detection_info_array__functions.c.o[0m
[1.094s] [ 14%] [32mBuilding C object CMakeFiles/interfaces__rosidl_generator_c.dir/rosidl_generator_c/interfaces/msg/detail/bottle_info__functions.c.o[0m
[1.094s] [ 16%] [32mBuilding C object CMakeFiles/interfaces__rosidl_generator_c.dir/rosidl_generator_c/interfaces/msg/detail/detection_info__functions.c.o[0m
[1.134s] [ 18%] [32m[1mLinking C shared library libinterfaces__rosidl_generator_c.so[0m
[1.158s] [ 18%] Built target interfaces__rosidl_generator_c
[1.164s] [ 21%] [34m[1mGenerating C type support dispatch for ROS interfaces[0m
[1.164s] [ 21%] [34m[1mGenerating C introspection for ROS interfaces[0m
[1.237s] [35m[1mScanning dependencies of target interfaces__rosidl_typesupport_cpp[0m
[1.247s] [ 23%] [32mBuilding CXX object CMakeFiles/interfaces__rosidl_typesupport_cpp.dir/rosidl_typesupport_cpp/interfaces/msg/robot_status__type_support.cpp.o[0m
[1.248s] [ 25%] [32mBuilding CXX object CMakeFiles/interfaces__rosidl_typesupport_cpp.dir/rosidl_typesupport_cpp/interfaces/msg/bottle_info__type_support.cpp.o[0m
[1.248s] [ 27%] [32mBuilding CXX object CMakeFiles/interfaces__rosidl_typesupport_cpp.dir/rosidl_typesupport_cpp/interfaces/msg/detection_info_array__type_support.cpp.o[0m
[1.248s] [ 29%] [32mBuilding CXX object CMakeFiles/interfaces__rosidl_typesupport_cpp.dir/rosidl_typesupport_cpp/interfaces/msg/detection_info__type_support.cpp.o[0m
[1.255s] [35m[1mScanning dependencies of target interfaces__rosidl_typesupport_introspection_cpp[0m
[1.265s] [ 30%] [32mBuilding CXX object CMakeFiles/interfaces__rosidl_typesupport_introspection_cpp.dir/rosidl_typesupport_introspection_cpp/interfaces/msg/detail/robot_status__type_support.cpp.o[0m
[1.266s] [ 32%] [32mBuilding CXX object CMakeFiles/interfaces__rosidl_typesupport_introspection_cpp.dir/rosidl_typesupport_introspection_cpp/interfaces/msg/detail/detection_info__type_support.cpp.o[0m
[1.267s] [ 34%] [32mBuilding CXX object CMakeFiles/interfaces__rosidl_typesupport_introspection_cpp.dir/rosidl_typesupport_introspection_cpp/interfaces/msg/detail/bottle_info__type_support.cpp.o[0m
[1.267s] [ 36%] [32mBuilding CXX object CMakeFiles/interfaces__rosidl_typesupport_introspection_cpp.dir/rosidl_typesupport_introspection_cpp/interfaces/msg/detail/detection_info_array__type_support.cpp.o[0m
[1.281s] [35m[1mScanning dependencies of target interfaces__rosidl_typesupport_fastrtps_cpp[0m
[1.295s] [ 38%] [32mBuilding CXX object CMakeFiles/interfaces__rosidl_typesupport_fastrtps_cpp.dir/rosidl_typesupport_fastrtps_cpp/interfaces/msg/detail/dds_fastrtps/robot_status__type_support.cpp.o[0m
[1.295s] [ 43%] [32mBuilding CXX object CMakeFiles/interfaces__rosidl_typesupport_fastrtps_cpp.dir/rosidl_typesupport_fastrtps_cpp/interfaces/msg/detail/dds_fastrtps/bottle_info__type_support.cpp.o[0m
[1.295s] [ 43%] [32mBuilding CXX object CMakeFiles/interfaces__rosidl_typesupport_fastrtps_cpp.dir/rosidl_typesupport_fastrtps_cpp/interfaces/msg/detail/dds_fastrtps/detection_info__type_support.cpp.o[0m
[1.295s] [ 43%] [32mBuilding CXX object CMakeFiles/interfaces__rosidl_typesupport_fastrtps_cpp.dir/rosidl_typesupport_fastrtps_cpp/interfaces/msg/detail/dds_fastrtps/detection_info_array__type_support.cpp.o[0m
[1.349s] [35m[1mScanning dependencies of target interfaces__rosidl_typesupport_c[0m
[1.361s] [ 47%] [32mBuilding CXX object CMakeFiles/interfaces__rosidl_typesupport_c.dir/rosidl_typesupport_c/interfaces/msg/detection_info__type_support.cpp.o[0m
[1.362s] [ 47%] [32mBuilding CXX object CMakeFiles/interfaces__rosidl_typesupport_c.dir/rosidl_typesupport_c/interfaces/msg/robot_status__type_support.cpp.o[0m
[1.362s] [ 49%] [32mBuilding CXX object CMakeFiles/interfaces__rosidl_typesupport_c.dir/rosidl_typesupport_c/interfaces/msg/bottle_info__type_support.cpp.o[0m
[1.365s] [ 50%] [32mBuilding CXX object CMakeFiles/interfaces__rosidl_typesupport_c.dir/rosidl_typesupport_c/interfaces/msg/detection_info_array__type_support.cpp.o[0m
[1.392s] [ 52%] [32m[1mLinking CXX shared library libinterfaces__rosidl_typesupport_c.so[0m
[1.404s] [35m[1mScanning dependencies of target interfaces__rosidl_typesupport_introspection_c[0m
[1.417s] [ 58%] [32mBuilding C object CMakeFiles/interfaces__rosidl_typesupport_introspection_c.dir/rosidl_typesupport_introspection_c/interfaces/msg/detail/detection_info__type_support.c.o[0m
[1.417s] [ 58%] [32mBuilding C object CMakeFiles/interfaces__rosidl_typesupport_introspection_c.dir/rosidl_typesupport_introspection_c/interfaces/msg/detail/detection_info_array__type_support.c.o[0m
[1.417s] [ 58%] [32mBuilding C object CMakeFiles/interfaces__rosidl_typesupport_introspection_c.dir/rosidl_typesupport_introspection_c/interfaces/msg/detail/robot_status__type_support.c.o[0m
[1.417s] [ 60%] [32mBuilding C object CMakeFiles/interfaces__rosidl_typesupport_introspection_c.dir/rosidl_typesupport_introspection_c/interfaces/msg/detail/bottle_info__type_support.c.o[0m
[1.421s] [ 60%] Built target interfaces__rosidl_typesupport_c
[1.448s] [ 61%] [32m[1mLinking C shared library libinterfaces__rosidl_typesupport_introspection_c.so[0m
[1.468s] [ 61%] Built target interfaces__rosidl_typesupport_introspection_c
[1.552s] [ 63%] [32m[1mLinking CXX shared library libinterfaces__rosidl_typesupport_cpp.so[0m
[1.576s] [ 63%] Built target interfaces__rosidl_typesupport_cpp
[1.593s] [ 65%] [32m[1mLinking CXX shared library libinterfaces__rosidl_typesupport_introspection_cpp.so[0m
[1.635s] [ 65%] Built target interfaces__rosidl_typesupport_introspection_cpp
[1.733s] [ 67%] [32m[1mLinking CXX shared library libinterfaces__rosidl_typesupport_fastrtps_cpp.so[0m
[1.782s] [ 67%] Built target interfaces__rosidl_typesupport_fastrtps_cpp
[1.788s] [ 69%] [34m[1mGenerating C type support for eProsima Fast-RTPS[0m
[1.959s] [35m[1mScanning dependencies of target interfaces__rosidl_typesupport_fastrtps_c[0m
[1.966s] [ 70%] [32mBuilding CXX object CMakeFiles/interfaces__rosidl_typesupport_fastrtps_c.dir/rosidl_typesupport_fastrtps_c/interfaces/msg/detail/robot_status__type_support_c.cpp.o[0m
[1.966s] [ 72%] [32mBuilding CXX object CMakeFiles/interfaces__rosidl_typesupport_fastrtps_c.dir/rosidl_typesupport_fastrtps_c/interfaces/msg/detail/bottle_info__type_support_c.cpp.o[0m
[1.966s] [ 74%] [32mBuilding CXX object CMakeFiles/interfaces__rosidl_typesupport_fastrtps_c.dir/rosidl_typesupport_fastrtps_c/interfaces/msg/detail/detection_info__type_support_c.cpp.o[0m
[1.967s] [ 76%] [32mBuilding CXX object CMakeFiles/interfaces__rosidl_typesupport_fastrtps_c.dir/rosidl_typesupport_fastrtps_c/interfaces/msg/detail/detection_info_array__type_support_c.cpp.o[0m
[2.152s] [ 78%] [32m[1mLinking CXX shared library libinterfaces__rosidl_typesupport_fastrtps_c.so[0m
[2.196s] [ 78%] Built target interfaces__rosidl_typesupport_fastrtps_c
[2.207s] [ 78%] Built target interfaces
[2.213s] [35m[1mScanning dependencies of target interfaces__py[0m
[2.219s] [ 80%] [34m[1mGenerating Python code for ROS interfaces[0m
[2.615s] [ 80%] Built target interfaces__py
[2.622s] [35m[1mScanning dependencies of target interfaces__python[0m
[2.633s] [ 83%] [32mBuilding C object CMakeFiles/interfaces__python.dir/rosidl_generator_py/interfaces/msg/_bottle_info_s.c.o[0m
[2.633s] [ 83%] [32mBuilding C object CMakeFiles/interfaces__python.dir/rosidl_generator_py/interfaces/msg/_robot_status_s.c.o[0m
[2.633s] [ 85%] [32mBuilding C object CMakeFiles/interfaces__python.dir/rosidl_generator_py/interfaces/msg/_detection_info_s.c.o[0m
[2.634s] [ 87%] [32mBuilding C object CMakeFiles/interfaces__python.dir/rosidl_generator_py/interfaces/msg/_detection_info_array_s.c.o[0m
[2.691s] [ 89%] [32m[1mLinking C shared library rosidl_generator_py/interfaces/libinterfaces__python.so[0m
[2.714s] [ 89%] Built target interfaces__python
[2.721s] [35m[1mScanning dependencies of target interfaces__rosidl_typesupport_c__pyext[0m
[2.721s] [35m[1mScanning dependencies of target interfaces__rosidl_typesupport_fastrtps_c__pyext[0m
[2.722s] [35m[1mScanning dependencies of target interfaces__rosidl_typesupport_introspection_c__pyext[0m
[2.730s] [ 94%] [32mBuilding C object CMakeFiles/interfaces__rosidl_typesupport_c__pyext.dir/rosidl_generator_py/interfaces/_interfaces_s.ep.rosidl_typesupport_c.c.o[0m
[2.730s] [ 94%] [32mBuilding C object CMakeFiles/interfaces__rosidl_typesupport_fastrtps_c__pyext.dir/rosidl_generator_py/interfaces/_interfaces_s.ep.rosidl_typesupport_fastrtps_c.c.o[0m
[2.731s] [ 94%] [32mBuilding C object CMakeFiles/interfaces__rosidl_typesupport_introspection_c__pyext.dir/rosidl_generator_py/interfaces/_interfaces_s.ep.rosidl_typesupport_introspection_c.c.o[0m
[2.781s] [100%] [32m[1mLinking CXX shared library rosidl_generator_py/interfaces/interfaces_s__rosidl_typesupport_fastrtps_c.cpython-38-x86_64-linux-gnu.so[0m
[2.781s] [100%] [32m[1mLinking C shared library rosidl_generator_py/interfaces/interfaces_s__rosidl_typesupport_c.cpython-38-x86_64-linux-gnu.so[0m
[2.781s] [100%] [32m[1mLinking C shared library rosidl_generator_py/interfaces/interfaces_s__rosidl_typesupport_introspection_c.cpython-38-x86_64-linux-gnu.so[0m
[2.801s] [100%] Built target interfaces__rosidl_typesupport_c__pyext
[2.802s] [100%] Built target interfaces__rosidl_typesupport_introspection_c__pyext
[2.819s] [100%] Built target interfaces__rosidl_typesupport_fastrtps_c__pyext
[2.826s] Invoked command in '/home/henrik/MSP-Humanoid-IDA/build/interfaces' returned '0': CMAKE_PREFIX_PATH=${CMAKE_PREFIX_PATH}:/home/henrik/MSP-Humanoid-IDA/install/motion_control_pkg:/home/henrik/MSP-Humanoid-IDA/install/mic_pkg:/home/henrik/MSP-Humanoid-IDA/install/camera_pkg:/home/henrik/MSP-Humanoid-IDA/ros_workspace/install/motion_control_pkg:/home/henrik/MSP-Humanoid-IDA/ros_workspace/install/mic_pkg:/home/henrik/MSP-Humanoid-IDA/ros_workspace/install/camera_pkg:/home/henrik/MSP-Humanoid-IDA/ros_workspace/install/arm_pkg:/opt/ros/foxy /usr/bin/cmake --build /home/henrik/MSP-Humanoid-IDA/build/interfaces -- -j20 -l20
[2.880s] Invoking command in '/home/henrik/MSP-Humanoid-IDA/build/interfaces': CMAKE_PREFIX_PATH=${CMAKE_PREFIX_PATH}:/home/henrik/MSP-Humanoid-IDA/install/motion_control_pkg:/home/henrik/MSP-Humanoid-IDA/install/mic_pkg:/home/henrik/MSP-Humanoid-IDA/install/camera_pkg:/home/henrik/MSP-Humanoid-IDA/ros_workspace/install/motion_control_pkg:/home/henrik/MSP-Humanoid-IDA/ros_workspace/install/mic_pkg:/home/henrik/MSP-Humanoid-IDA/ros_workspace/install/camera_pkg:/home/henrik/MSP-Humanoid-IDA/ros_workspace/install/arm_pkg:/opt/ros/foxy /usr/bin/cmake --install /home/henrik/MSP-Humanoid-IDA/build/interfaces
[2.884s] -- Install configuration: ""
[2.885s] -- Installing: /home/henrik/MSP-Humanoid-IDA/install/interfaces/share/ament_index/resource_index/rosidl_interfaces/interfaces
[2.885s] -- Up-to-date: /home/henrik/MSP-Humanoid-IDA/install/interfaces/include/interfaces
[2.885s] -- Up-to-date: /home/henrik/MSP-Humanoid-IDA/install/interfaces/include/interfaces/msg
[2.885s] -- Up-to-date: /home/henrik/MSP-Humanoid-IDA/install/interfaces/include/interfaces/msg/rosidl_generator_c__visibility_control.h
[2.885s] -- Installing: /home/henrik/MSP-Humanoid-IDA/install/interfaces/include/interfaces/msg/detection_info_array.h
[2.885s] -- Installing: /home/henrik/MSP-Humanoid-IDA/install/interfaces/include/interfaces/msg/bottle_info.h
[2.885s] -- Installing: /home/henrik/MSP-Humanoid-IDA/install/interfaces/include/interfaces/msg/robot_status.h
[2.885s] -- Up-to-date: /home/henrik/MSP-Humanoid-IDA/install/interfaces/include/interfaces/msg/detail
[2.885s] -- Installing: /home/henrik/MSP-Humanoid-IDA/install/interfaces/include/interfaces/msg/detail/detection_info_array__functions.c
[2.885s] -- Installing: /home/henrik/MSP-Humanoid-IDA/install/interfaces/include/interfaces/msg/detail/robot_status__functions.h
[2.885s] -- Installing: /home/henrik/MSP-Humanoid-IDA/install/interfaces/include/interfaces/msg/detail/robot_status__type_support.h
[2.886s] -- Installing: /home/henrik/MSP-Humanoid-IDA/install/interfaces/include/interfaces/msg/detail/bottle_info__functions.c
[2.886s] -- Installing: /home/henrik/MSP-Humanoid-IDA/install/interfaces/include/interfaces/msg/detail/robot_status__functions.c
[2.886s] -- Installing: /home/henrik/MSP-Humanoid-IDA/install/interfaces/include/interfaces/msg/detail/detection_info_array__struct.h
[2.886s] -- Installing: /home/henrik/MSP-Humanoid-IDA/install/interfaces/include/interfaces/msg/detail/detection_info_array__functions.h
[2.886s] -- Installing: /home/henrik/MSP-Humanoid-IDA/install/interfaces/include/interfaces/msg/detail/detection_info__struct.h
[2.886s] -- Installing: /home/henrik/MSP-Humanoid-IDA/install/interfaces/include/interfaces/msg/detail/bottle_info__type_support.h
[2.886s] -- Installing: /home/henrik/MSP-Humanoid-IDA/install/interfaces/include/interfaces/msg/detail/detection_info__functions.h
[2.886s] -- Installing: /home/henrik/MSP-Humanoid-IDA/install/interfaces/include/interfaces/msg/detail/detection_info_array__type_support.h
[2.886s] -- Installing: /home/henrik/MSP-Humanoid-IDA/install/interfaces/include/interfaces/msg/detail/bottle_info__struct.h
[2.886s] -- Installing: /home/henrik/MSP-Humanoid-IDA/install/interfaces/include/interfaces/msg/detail/bottle_info__functions.h
[2.886s] -- Installing: /home/henrik/MSP-Humanoid-IDA/install/interfaces/include/interfaces/msg/detail/detection_info__functions.c
[2.886s] -- Installing: /home/henrik/MSP-Humanoid-IDA/install/interfaces/include/interfaces/msg/detail/detection_info__type_support.h
[2.886s] -- Installing: /home/henrik/MSP-Humanoid-IDA/install/interfaces/include/interfaces/msg/detail/robot_status__struct.h
[2.887s] -- Installing: /home/henrik/MSP-Humanoid-IDA/install/interfaces/include/interfaces/msg/detection_info.h
[2.887s] -- Installing: /home/henrik/MSP-Humanoid-IDA/install/interfaces/share/interfaces/environment/library_path.sh
[2.887s] -- Installing: /home/henrik/MSP-Humanoid-IDA/install/interfaces/share/interfaces/environment/library_path.dsv
[2.887s] -- Installing: /home/henrik/MSP-Humanoid-IDA/install/interfaces/lib/libinterfaces__rosidl_generator_c.so
[2.887s] -- Set runtime path of "/home/henrik/MSP-Humanoid-IDA/install/interfaces/lib/libinterfaces__rosidl_generator_c.so" to ""
[2.887s] -- Up-to-date: /home/henrik/MSP-Humanoid-IDA/install/interfaces/include/interfaces
[2.887s] -- Up-to-date: /home/henrik/MSP-Humanoid-IDA/install/interfaces/include/interfaces/msg
[2.887s] -- Up-to-date: /home/henrik/MSP-Humanoid-IDA/install/interfaces/include/interfaces/msg/rosidl_typesupport_fastrtps_c__visibility_control.h
[2.887s] -- Up-to-date: /home/henrik/MSP-Humanoid-IDA/install/interfaces/include/interfaces/msg/detail
[2.887s] -- Installing: /home/henrik/MSP-Humanoid-IDA/install/interfaces/include/interfaces/msg/detail/robot_status__rosidl_typesupport_fastrtps_c.h
[2.887s] -- Installing: /home/henrik/MSP-Humanoid-IDA/install/interfaces/include/interfaces/msg/detail/detection_info__rosidl_typesupport_fastrtps_c.h
[2.887s] -- Installing: /home/henrik/MSP-Humanoid-IDA/install/interfaces/include/interfaces/msg/detail/bottle_info__rosidl_typesupport_fastrtps_c.h
[2.887s] -- Installing: /home/henrik/MSP-Humanoid-IDA/install/interfaces/include/interfaces/msg/detail/detection_info_array__rosidl_typesupport_fastrtps_c.h
[2.887s] -- Installing: /home/henrik/MSP-Humanoid-IDA/install/interfaces/lib/libinterfaces__rosidl_typesupport_fastrtps_c.so
[2.887s] -- Set runtime path of "/home/henrik/MSP-Humanoid-IDA/install/interfaces/lib/libinterfaces__rosidl_typesupport_fastrtps_c.so" to ""
[2.887s] -- Up-to-date: /home/henrik/MSP-Humanoid-IDA/install/interfaces/include/interfaces
[2.887s] -- Up-to-date: /home/henrik/MSP-Humanoid-IDA/install/interfaces/include/interfaces/msg
[2.888s] -- Up-to-date: /home/henrik/MSP-Humanoid-IDA/install/interfaces/include/interfaces/msg/rosidl_typesupport_fastrtps_cpp__visibility_control.h
[2.888s] -- Up-to-date: /home/henrik/MSP-Humanoid-IDA/install/interfaces/include/interfaces/msg/detail
[2.888s] -- Installing: /home/henrik/MSP-Humanoid-IDA/install/interfaces/include/interfaces/msg/detail/robot_status__rosidl_typesupport_fastrtps_cpp.hpp
[2.888s] -- Installing: /home/henrik/MSP-Humanoid-IDA/install/interfaces/include/interfaces/msg/detail/dds_fastrtps
[2.888s] -- Installing: /home/henrik/MSP-Humanoid-IDA/install/interfaces/include/interfaces/msg/detail/detection_info_array__rosidl_typesupport_fastrtps_cpp.hpp
[2.888s] -- Installing: /home/henrik/MSP-Humanoid-IDA/install/interfaces/include/interfaces/msg/detail/detection_info__rosidl_typesupport_fastrtps_cpp.hpp
[2.888s] -- Installing: /home/henrik/MSP-Humanoid-IDA/install/interfaces/include/interfaces/msg/detail/bottle_info__rosidl_typesupport_fastrtps_cpp.hpp
[2.888s] -- Installing: /home/henrik/MSP-Humanoid-IDA/install/interfaces/lib/libinterfaces__rosidl_typesupport_fastrtps_cpp.so
[2.888s] -- Set runtime path of "/home/henrik/MSP-Humanoid-IDA/install/interfaces/lib/libinterfaces__rosidl_typesupport_fastrtps_cpp.so" to ""
[2.888s] -- Up-to-date: /home/henrik/MSP-Humanoid-IDA/install/interfaces/include/interfaces
[2.888s] -- Up-to-date: /home/henrik/MSP-Humanoid-IDA/install/interfaces/include/interfaces/msg
[2.888s] -- Up-to-date: /home/henrik/MSP-Humanoid-IDA/install/interfaces/include/interfaces/msg/rosidl_typesupport_introspection_c__visibility_control.h
[2.888s] -- Up-to-date: /home/henrik/MSP-Humanoid-IDA/install/interfaces/include/interfaces/msg/detail
[2.889s] -- Installing: /home/henrik/MSP-Humanoid-IDA/install/interfaces/include/interfaces/msg/detail/robot_status__rosidl_typesupport_introspection_c.h
[2.889s] -- Installing: /home/henrik/MSP-Humanoid-IDA/install/interfaces/include/interfaces/msg/detail/detection_info_array__rosidl_typesupport_introspection_c.h
[2.889s] -- Installing: /home/henrik/MSP-Humanoid-IDA/install/interfaces/include/interfaces/msg/detail/detection_info__rosidl_typesupport_introspection_c.h
[2.889s] -- Installing: /home/henrik/MSP-Humanoid-IDA/install/interfaces/include/interfaces/msg/detail/bottle_info__type_support.c
[2.889s] -- Installing: /home/henrik/MSP-Humanoid-IDA/install/interfaces/include/interfaces/msg/detail/bottle_info__rosidl_typesupport_introspection_c.h
[2.889s] -- Installing: /home/henrik/MSP-Humanoid-IDA/install/interfaces/include/interfaces/msg/detail/robot_status__type_support.c
[2.889s] -- Installing: /home/henrik/MSP-Humanoid-IDA/install/interfaces/include/interfaces/msg/detail/detection_info_array__type_support.c
[2.889s] -- Installing: /home/henrik/MSP-Humanoid-IDA/install/interfaces/include/interfaces/msg/detail/detection_info__type_support.c
[2.889s] -- Installing: /home/henrik/MSP-Humanoid-IDA/install/interfaces/lib/libinterfaces__rosidl_typesupport_introspection_c.so
[2.889s] -- Set runtime path of "/home/henrik/MSP-Humanoid-IDA/install/interfaces/lib/libinterfaces__rosidl_typesupport_introspection_c.so" to ""
[2.889s] -- Installing: /home/henrik/MSP-Humanoid-IDA/install/interfaces/lib/libinterfaces__rosidl_typesupport_c.so
[2.890s] -- Set runtime path of "/home/henrik/MSP-Humanoid-IDA/install/interfaces/lib/libinterfaces__rosidl_typesupport_c.so" to ""
[2.890s] -- Up-to-date: /home/henrik/MSP-Humanoid-IDA/install/interfaces/include/interfaces
[2.890s] -- Up-to-date: /home/henrik/MSP-Humanoid-IDA/install/interfaces/include/interfaces/msg
[2.890s] -- Installing: /home/henrik/MSP-Humanoid-IDA/install/interfaces/include/interfaces/msg/detection_info.hpp
[2.890s] -- Installing: /home/henrik/MSP-Humanoid-IDA/install/interfaces/include/interfaces/msg/bottle_info.hpp
[2.890s] -- Installing: /home/henrik/MSP-Humanoid-IDA/install/interfaces/include/interfaces/msg/robot_status.hpp
[2.890s] -- Up-to-date: /home/henrik/MSP-Humanoid-IDA/install/interfaces/include/interfaces/msg/detail
[2.890s] -- Installing: /home/henrik/MSP-Humanoid-IDA/install/interfaces/include/interfaces/msg/detail/bottle_info__struct.hpp
[2.890s] -- Installing: /home/henrik/MSP-Humanoid-IDA/install/interfaces/include/interfaces/msg/detail/detection_info__type_support.hpp
[2.890s] -- Installing: /home/henrik/MSP-Humanoid-IDA/install/interfaces/include/interfaces/msg/detail/detection_info_array__builder.hpp
[2.890s] -- Installing: /home/henrik/MSP-Humanoid-IDA/install/interfaces/include/interfaces/msg/detail/robot_status__type_support.hpp
[2.890s] -- Installing: /home/henrik/MSP-Humanoid-IDA/install/interfaces/include/interfaces/msg/detail/detection_info_array__traits.hpp
[2.890s] -- Installing: /home/henrik/MSP-Humanoid-IDA/install/interfaces/include/interfaces/msg/detail/detection_info__builder.hpp
[2.890s] -- Installing: /home/henrik/MSP-Humanoid-IDA/install/interfaces/include/interfaces/msg/detail/detection_info_array__type_support.hpp
[2.891s] -- Installing: /home/henrik/MSP-Humanoid-IDA/install/interfaces/include/interfaces/msg/detail/robot_status__struct.hpp
[2.891s] -- Installing: /home/henrik/MSP-Humanoid-IDA/install/interfaces/include/interfaces/msg/detail/detection_info__traits.hpp
[2.891s] -- Installing: /home/henrik/MSP-Humanoid-IDA/install/interfaces/include/interfaces/msg/detail/bottle_info__builder.hpp
[2.891s] -- Installing: /home/henrik/MSP-Humanoid-IDA/install/interfaces/include/interfaces/msg/detail/bottle_info__type_support.hpp
[2.891s] -- Installing: /home/henrik/MSP-Humanoid-IDA/install/interfaces/include/interfaces/msg/detail/detection_info_array__struct.hpp
[2.891s] -- Installing: /home/henrik/MSP-Humanoid-IDA/install/interfaces/include/interfaces/msg/detail/robot_status__traits.hpp
[2.891s] -- Installing: /home/henrik/MSP-Humanoid-IDA/install/interfaces/include/interfaces/msg/detail/robot_status__builder.hpp
[2.891s] -- Installing: /home/henrik/MSP-Humanoid-IDA/install/interfaces/include/interfaces/msg/detail/detection_info__struct.hpp
[2.891s] -- Installing: /home/henrik/MSP-Humanoid-IDA/install/interfaces/include/interfaces/msg/detail/bottle_info__traits.hpp
[2.891s] -- Installing: /home/henrik/MSP-Humanoid-IDA/install/interfaces/include/interfaces/msg/detection_info_array.hpp
[2.891s] -- Up-to-date: /home/henrik/MSP-Humanoid-IDA/install/interfaces/include/interfaces/msg/rosidl_generator_cpp__visibility_control.hpp
[2.891s] -- Up-to-date: /home/henrik/MSP-Humanoid-IDA/install/interfaces/include/interfaces
[2.891s] -- Up-to-date: /home/henrik/MSP-Humanoid-IDA/install/interfaces/include/interfaces/msg
[2.891s] -- Up-to-date: /home/henrik/MSP-Humanoid-IDA/install/interfaces/include/interfaces/msg/detail
[2.891s] -- Installing: /home/henrik/MSP-Humanoid-IDA/install/interfaces/include/interfaces/msg/detail/bottle_info__rosidl_typesupport_introspection_cpp.hpp
[2.892s] -- Installing: /home/henrik/MSP-Humanoid-IDA/install/interfaces/include/interfaces/msg/detail/robot_status__rosidl_typesupport_introspection_cpp.hpp
[2.892s] -- Installing: /home/henrik/MSP-Humanoid-IDA/install/interfaces/include/interfaces/msg/detail/detection_info_array__rosidl_typesupport_introspection_cpp.hpp
[2.892s] -- Installing: /home/henrik/MSP-Humanoid-IDA/install/interfaces/include/interfaces/msg/detail/robot_status__type_support.cpp
[2.892s] -- Installing: /home/henrik/MSP-Humanoid-IDA/install/interfaces/include/interfaces/msg/detail/detection_info__rosidl_typesupport_introspection_cpp.hpp
[2.892s] -- Installing: /home/henrik/MSP-Humanoid-IDA/install/interfaces/include/interfaces/msg/detail/bottle_info__type_support.cpp
[2.892s] -- Installing: /home/henrik/MSP-Humanoid-IDA/install/interfaces/include/interfaces/msg/detail/detection_info_array__type_support.cpp
[2.892s] -- Installing: /home/henrik/MSP-Humanoid-IDA/install/interfaces/include/interfaces/msg/detail/detection_info__type_support.cpp
[2.892s] -- Installing: /home/henrik/MSP-Humanoid-IDA/install/interfaces/lib/libinterfaces__rosidl_typesupport_introspection_cpp.so
[2.892s] -- Set runtime path of "/home/henrik/MSP-Humanoid-IDA/install/interfaces/lib/libinterfaces__rosidl_typesupport_introspection_cpp.so" to ""
[2.892s] -- Installing: /home/henrik/MSP-Humanoid-IDA/install/interfaces/lib/libinterfaces__rosidl_typesupport_cpp.so
[2.892s] -- Set runtime path of "/home/henrik/MSP-Humanoid-IDA/install/interfaces/lib/libinterfaces__rosidl_typesupport_cpp.so" to ""
[2.892s] -- Up-to-date: /home/henrik/MSP-Humanoid-IDA/install/interfaces/share/interfaces/environment/pythonpath.sh
[2.892s] -- Installing: /home/henrik/MSP-Humanoid-IDA/install/interfaces/share/interfaces/environment/pythonpath.dsv
[2.892s] -- Installing: /home/henrik/MSP-Humanoid-IDA/install/interfaces/lib/python3.8/site-packages/interfaces/__init__.py
[2.911s] Compiling '/home/henrik/MSP-Humanoid-IDA/install/interfaces/lib/python3.8/site-packages/interfaces/__init__.py'...
[2.914s] -- Up-to-date: /home/henrik/MSP-Humanoid-IDA/install/interfaces/lib/python3.8/site-packages/interfaces/msg
[2.914s] -- Installing: /home/henrik/MSP-Humanoid-IDA/install/interfaces/lib/python3.8/site-packages/interfaces/msg/__init__.py
[2.914s] -- Installing: /home/henrik/MSP-Humanoid-IDA/install/interfaces/lib/python3.8/site-packages/interfaces/msg/_robot_status.py
[2.914s] -- Installing: /home/henrik/MSP-Humanoid-IDA/install/interfaces/lib/python3.8/site-packages/interfaces/msg/_detection_info.py
[2.914s] -- Installing: /home/henrik/MSP-Humanoid-IDA/install/interfaces/lib/python3.8/site-packages/interfaces/msg/_robot_status_s.c
[2.914s] -- Installing: /home/henrik/MSP-Humanoid-IDA/install/interfaces/lib/python3.8/site-packages/interfaces/msg/_bottle_info.py
[2.914s] -- Installing: /home/henrik/MSP-Humanoid-IDA/install/interfaces/lib/python3.8/site-packages/interfaces/msg/_detection_info_s.c
[2.914s] -- Installing: /home/henrik/MSP-Humanoid-IDA/install/interfaces/lib/python3.8/site-packages/interfaces/msg/_bottle_info_s.c
[2.914s] -- Installing: /home/henrik/MSP-Humanoid-IDA/install/interfaces/lib/python3.8/site-packages/interfaces/msg/_detection_info_array_s.c
[2.914s] -- Installing: /home/henrik/MSP-Humanoid-IDA/install/interfaces/lib/python3.8/site-packages/interfaces/msg/_detection_info_array.py
[2.915s] -- Installing: /home/henrik/MSP-Humanoid-IDA/install/interfaces/lib/python3.8/site-packages/interfaces/interfaces_s__rosidl_typesupport_fastrtps_c.cpython-38-x86_64-linux-gnu.so
[2.915s] -- Set runtime path of "/home/henrik/MSP-Humanoid-IDA/install/interfaces/lib/python3.8/site-packages/interfaces/interfaces_s__rosidl_typesupport_fastrtps_c.cpython-38-x86_64-linux-gnu.so" to ""
[2.915s] -- Installing: /home/henrik/MSP-Humanoid-IDA/install/interfaces/lib/python3.8/site-packages/interfaces/interfaces_s__rosidl_typesupport_introspection_c.cpython-38-x86_64-linux-gnu.so
[2.915s] -- Set runtime path of "/home/henrik/MSP-Humanoid-IDA/install/interfaces/lib/python3.8/site-packages/interfaces/interfaces_s__rosidl_typesupport_introspection_c.cpython-38-x86_64-linux-gnu.so" to ""
[2.915s] -- Installing: /home/henrik/MSP-Humanoid-IDA/install/interfaces/lib/python3.8/site-packages/interfaces/interfaces_s__rosidl_typesupport_c.cpython-38-x86_64-linux-gnu.so
[2.916s] -- Set runtime path of "/home/henrik/MSP-Humanoid-IDA/install/interfaces/lib/python3.8/site-packages/interfaces/interfaces_s__rosidl_typesupport_c.cpython-38-x86_64-linux-gnu.so" to ""
[2.916s] -- Installing: /home/henrik/MSP-Humanoid-IDA/install/interfaces/lib/libinterfaces__python.so
[2.916s] -- Set runtime path of "/home/henrik/MSP-Humanoid-IDA/install/interfaces/lib/libinterfaces__python.so" to ""
[2.916s] -- Installing: /home/henrik/MSP-Humanoid-IDA/install/interfaces/share/interfaces/msg/RobotStatus.idl
[2.916s] -- Up-to-date: /home/henrik/MSP-Humanoid-IDA/install/interfaces/share/interfaces/msg/BottleInfo.idl
[2.916s] -- Installing: /home/henrik/MSP-Humanoid-IDA/install/interfaces/share/interfaces/msg/DetectionInfo.idl
[2.916s] -- Installing: /home/henrik/MSP-Humanoid-IDA/install/interfaces/share/interfaces/msg/DetectionInfoArray.idl
[2.916s] -- Installing: /home/henrik/MSP-Humanoid-IDA/install/interfaces/share/interfaces/msg/RobotStatus.msg
[2.916s] -- Installing: /home/henrik/MSP-Humanoid-IDA/install/interfaces/share/interfaces/msg/BottleInfo.msg
[2.917s] -- Installing: /home/henrik/MSP-Humanoid-IDA/install/interfaces/share/interfaces/msg/DetectionInfo.msg
[2.917s] -- Installing: /home/henrik/MSP-Humanoid-IDA/install/interfaces/share/interfaces/msg/DetectionInfoArray.msg
[2.917s] -- Up-to-date: /home/henrik/MSP-Humanoid-IDA/install/interfaces/share/ament_index/resource_index/package_run_dependencies/interfaces
[2.917s] -- Installing: /home/henrik/MSP-Humanoid-IDA/install/interfaces/share/ament_index/resource_index/parent_prefix_path/interfaces
[2.917s] -- Installing: /home/henrik/MSP-Humanoid-IDA/install/interfaces/share/interfaces/environment/ament_prefix_path.sh
[2.917s] -- Installing: /home/henrik/MSP-Humanoid-IDA/install/interfaces/share/interfaces/environment/ament_prefix_path.dsv
[2.917s] -- Installing: /home/henrik/MSP-Humanoid-IDA/install/interfaces/share/interfaces/environment/path.sh
[2.917s] -- Installing: /home/henrik/MSP-Humanoid-IDA/install/interfaces/share/interfaces/environment/path.dsv
[2.917s] -- Up-to-date: /home/henrik/MSP-Humanoid-IDA/install/interfaces/share/interfaces/local_setup.bash
[2.917s] -- Up-to-date: /home/henrik/MSP-Humanoid-IDA/install/interfaces/share/interfaces/local_setup.sh
[2.917s] -- Up-to-date: /home/henrik/MSP-Humanoid-IDA/install/interfaces/share/interfaces/local_setup.zsh
[2.917s] -- Installing: /home/henrik/MSP-Humanoid-IDA/install/interfaces/share/interfaces/local_setup.dsv
[2.917s] -- Installing: /home/henrik/MSP-Humanoid-IDA/install/interfaces/share/interfaces/package.dsv
[2.918s] -- Up-to-date: /home/henrik/MSP-Humanoid-IDA/install/interfaces/share/ament_index/resource_index/packages/interfaces
[2.918s] -- Up-to-date: /home/henrik/MSP-Humanoid-IDA/install/interfaces/share/interfaces/cmake/interfaces__rosidl_generator_cExport.cmake
[2.918s] -- Installing: /home/henrik/MSP-Humanoid-IDA/install/interfaces/share/interfaces/cmake/interfaces__rosidl_generator_cExport-noconfig.cmake
[2.918s] -- Up-to-date: /home/henrik/MSP-Humanoid-IDA/install/interfaces/share/interfaces/cmake/interfaces__rosidl_typesupport_introspection_cExport.cmake
[2.918s] -- Installing: /home/henrik/MSP-Humanoid-IDA/install/interfaces/share/interfaces/cmake/interfaces__rosidl_typesupport_introspection_cExport-noconfig.cmake
[2.918s] -- Up-to-date: /home/henrik/MSP-Humanoid-IDA/install/interfaces/share/interfaces/cmake/interfaces__rosidl_typesupport_cExport.cmake
[2.918s] -- Installing: /home/henrik/MSP-Humanoid-IDA/install/interfaces/share/interfaces/cmake/interfaces__rosidl_typesupport_cExport-noconfig.cmake
[2.918s] -- Up-to-date: /home/henrik/MSP-Humanoid-IDA/install/interfaces/share/interfaces/cmake/interfaces__rosidl_generator_cppExport.cmake
[2.918s] -- Up-to-date: /home/henrik/MSP-Humanoid-IDA/install/interfaces/share/interfaces/cmake/interfaces__rosidl_typesupport_introspection_cppExport.cmake
[2.918s] -- Installing: /home/henrik/MSP-Humanoid-IDA/install/interfaces/share/interfaces/cmake/interfaces__rosidl_typesupport_introspection_cppExport-noconfig.cmake
[2.918s] -- Up-to-date: /home/henrik/MSP-Humanoid-IDA/install/interfaces/share/interfaces/cmake/interfaces__rosidl_typesupport_cppExport.cmake
[2.918s] -- Installing: /home/henrik/MSP-Humanoid-IDA/install/interfaces/share/interfaces/cmake/interfaces__rosidl_typesupport_cppExport-noconfig.cmake
[2.919s] -- Installing: /home/henrik/MSP-Humanoid-IDA/install/interfaces/share/interfaces/cmake/rosidl_cmake-extras.cmake
[2.919s] -- Up-to-date: /home/henrik/MSP-Humanoid-IDA/install/interfaces/share/interfaces/cmake/ament_cmake_export_dependencies-extras.cmake
[2.919s] -- Up-to-date: /home/henrik/MSP-Humanoid-IDA/install/interfaces/share/interfaces/cmake/ament_cmake_export_libraries-extras.cmake
[2.919s] -- Up-to-date: /home/henrik/MSP-Humanoid-IDA/install/interfaces/share/interfaces/cmake/ament_cmake_export_targets-extras.cmake
[2.919s] -- Up-to-date: /home/henrik/MSP-Humanoid-IDA/install/interfaces/share/interfaces/cmake/ament_cmake_export_include_directories-extras.cmake
[2.919s] -- Up-to-date: /home/henrik/MSP-Humanoid-IDA/install/interfaces/share/interfaces/cmake/rosidl_cmake_export_typesupport_libraries-extras.cmake
[2.919s] -- Up-to-date: /home/henrik/MSP-Humanoid-IDA/install/interfaces/share/interfaces/cmake/rosidl_cmake_export_typesupport_targets-extras.cmake
[2.919s] -- Up-to-date: /home/henrik/MSP-Humanoid-IDA/install/interfaces/share/interfaces/cmake/interfacesConfig.cmake
[2.919s] -- Up-to-date: /home/henrik/MSP-Humanoid-IDA/install/interfaces/share/interfaces/cmake/interfacesConfig-version.cmake
[2.919s] -- Installing: /home/henrik/MSP-Humanoid-IDA/install/interfaces/share/interfaces/package.xml
[2.920s] Invoked command in '/home/henrik/MSP-Humanoid-IDA/build/interfaces' returned '0': CMAKE_PREFIX_PATH=${CMAKE_PREFIX_PATH}:/home/henrik/MSP-Humanoid-IDA/install/motion_control_pkg:/home/henrik/MSP-Humanoid-IDA/install/mic_pkg:/home/henrik/MSP-Humanoid-IDA/install/camera_pkg:/home/henrik/MSP-Humanoid-IDA/ros_workspace/install/motion_control_pkg:/home/henrik/MSP-Humanoid-IDA/ros_workspace/install/mic_pkg:/home/henrik/MSP-Humanoid-IDA/ros_workspace/install/camera_pkg:/home/henrik/MSP-Humanoid-IDA/ros_workspace/install/arm_pkg:/opt/ros/foxy /usr/bin/cmake --install /home/henrik/MSP-Humanoid-IDA/build/interfaces
