[0.662s] Invoking command in '/home/henrik/MSP-Humanoid-IDA/ros_workspace/src/motion_control_pkg': PYTHONPATH=/home/henrik/MSP-Humanoid-IDA/ros_workspace/build/motion_control_pkg/prefix_override:/home/henrik/MSP-Humanoid-IDA/ros_workspace/install/motion_control_pkg/lib/python3.8/site-packages:${PYTHONPATH} /usr/bin/python3 -W ignore:setup.py install is deprecated setup.py egg_info --egg-base ../../build/motion_control_pkg build --build-base /home/henrik/MSP-Humanoid-IDA/ros_workspace/build/motion_control_pkg/build install --record /home/henrik/MSP-Humanoid-IDA/ros_workspace/build/motion_control_pkg/install.log --install-scripts $base/lib/motion_control_pkg --single-version-externally-managed install_data
[0.763s] running egg_info
[0.763s] writing ../../build/motion_control_pkg/motion_control_pkg.egg-info/PKG-INFO
[0.763s] writing dependency_links to ../../build/motion_control_pkg/motion_control_pkg.egg-info/dependency_links.txt
[0.763s] writing entry points to ../../build/motion_control_pkg/motion_control_pkg.egg-info/entry_points.txt
[0.764s] writing requirements to ../../build/motion_control_pkg/motion_control_pkg.egg-info/requires.txt
[0.764s] writing top-level names to ../../build/motion_control_pkg/motion_control_pkg.egg-info/top_level.txt
[0.782s] reading manifest file '../../build/motion_control_pkg/motion_control_pkg.egg-info/SOURCES.txt'
[0.782s] writing manifest file '../../build/motion_control_pkg/motion_control_pkg.egg-info/SOURCES.txt'
[0.782s] running build
[0.783s] running build_py
[0.783s] running install
[0.783s] running install_lib
[0.784s] running install_data
[0.784s] running install_egg_info
[0.785s] removing '/home/henrik/MSP-Humanoid-IDA/ros_workspace/install/motion_control_pkg/lib/python3.8/site-packages/motion_control_pkg-0.0.0-py3.8.egg-info' (and everything under it)
[0.785s] Copying ../../build/motion_control_pkg/motion_control_pkg.egg-info to /home/henrik/MSP-Humanoid-IDA/ros_workspace/install/motion_control_pkg/lib/python3.8/site-packages/motion_control_pkg-0.0.0-py3.8.egg-info
[0.785s] running install_scripts
[0.795s] Installing arm_control_node script to /home/henrik/MSP-Humanoid-IDA/ros_workspace/install/motion_control_pkg/lib/motion_control_pkg
[0.795s] Installing pouring_node script to /home/henrik/MSP-Humanoid-IDA/ros_workspace/install/motion_control_pkg/lib/motion_control_pkg
[0.795s] writing list of installed files to '/home/henrik/MSP-Humanoid-IDA/ros_workspace/build/motion_control_pkg/install.log'
[0.807s] Invoked command in '/home/henrik/MSP-Humanoid-IDA/ros_workspace/src/motion_control_pkg' returned '0': PYTHONPATH=/home/henrik/MSP-Humanoid-IDA/ros_workspace/build/motion_control_pkg/prefix_override:/home/henrik/MSP-Humanoid-IDA/ros_workspace/install/motion_control_pkg/lib/python3.8/site-packages:${PYTHONPATH} /usr/bin/python3 -W ignore:setup.py install is deprecated setup.py egg_info --egg-base ../../build/motion_control_pkg build --build-base /home/henrik/MSP-Humanoid-IDA/ros_workspace/build/motion_control_pkg/build install --record /home/henrik/MSP-Humanoid-IDA/ros_workspace/build/motion_control_pkg/install.log --install-scripts $base/lib/motion_control_pkg --single-version-externally-managed install_data
