[1.273s] Invoking command in '/home/henrik/ros_workspace/build/interfaces': CMAKE_PREFIX_PATH=${CMAKE_PREFIX_PATH}:/home/henrik/ros_workspace/install/motion_control_pkg:/home/henrik/ros_workspace/install/mic_pkg:/home/henrik/ros_workspace/install/camera_pkg:/home/henrik/ros_workspace/install/arm_pkg:/home/henrik/ros_workspace/src/install/motion_control_pkg:/home/henrik/ros_workspace/src/install/mic_pkg:/home/henrik/ros_workspace/src/install/camera_pkg:/home/henrik/ros_workspace/src/install/arm_pkg:/opt/ros/foxy /usr/bin/cmake --build /home/henrik/ros_workspace/build/interfaces -- -j20 -l20
[2.044s] [  2%] Built target interfaces__cpp
[2.045s] [ 12%] Built target interfaces__rosidl_generator_c
[2.045s] [ 23%] Built target interfaces__rosidl_typesupport_introspection_cpp
[2.045s] [ 33%] Built target interfaces__rosidl_typesupport_cpp
[2.045s] [ 43%] Built target interfaces__rosidl_typesupport_fastrtps_cpp
[2.045s] [ 53%] Built target interfaces__rosidl_typesupport_c
[2.045s] [ 64%] Built target interfaces__rosidl_typesupport_introspection_c
[2.045s] [ 74%] Built target interfaces__rosidl_typesupport_fastrtps_c
[2.045s] [ 74%] Built target interfaces
[2.045s] [ 76%] Built target interfaces__py
[2.045s] [ 84%] Built target interfaces__python
[2.045s] [ 94%] Built target interfaces__rosidl_typesupport_introspection_c__pyext
[2.045s] [ 94%] Built target interfaces__rosidl_typesupport_c__pyext
[2.045s] [100%] Built target interfaces__rosidl_typesupport_fastrtps_c__pyext
[2.045s] Invoked command in '/home/henrik/ros_workspace/build/interfaces' returned '0': CMAKE_PREFIX_PATH=${CMAKE_PREFIX_PATH}:/home/henrik/ros_workspace/install/motion_control_pkg:/home/henrik/ros_workspace/install/mic_pkg:/home/henrik/ros_workspace/install/camera_pkg:/home/henrik/ros_workspace/install/arm_pkg:/home/henrik/ros_workspace/src/install/motion_control_pkg:/home/henrik/ros_workspace/src/install/mic_pkg:/home/henrik/ros_workspace/src/install/camera_pkg:/home/henrik/ros_workspace/src/install/arm_pkg:/opt/ros/foxy /usr/bin/cmake --build /home/henrik/ros_workspace/build/interfaces -- -j20 -l20
[2.084s] Invoking command in '/home/henrik/ros_workspace/build/interfaces': CMAKE_PREFIX_PATH=${CMAKE_PREFIX_PATH}:/home/henrik/ros_workspace/install/motion_control_pkg:/home/henrik/ros_workspace/install/mic_pkg:/home/henrik/ros_workspace/install/camera_pkg:/home/henrik/ros_workspace/install/arm_pkg:/home/henrik/ros_workspace/src/install/motion_control_pkg:/home/henrik/ros_workspace/src/install/mic_pkg:/home/henrik/ros_workspace/src/install/camera_pkg:/home/henrik/ros_workspace/src/install/arm_pkg:/opt/ros/foxy /usr/bin/cmake --install /home/henrik/ros_workspace/build/interfaces
[2.089s] -- Install configuration: ""
[2.089s] -- Up-to-date: /home/henrik/ros_workspace/install/interfaces/share/ament_index/resource_index/rosidl_interfaces/interfaces
[2.089s] -- Up-to-date: /home/henrik/ros_workspace/install/interfaces/include/interfaces
[2.089s] -- Up-to-date: /home/henrik/ros_workspace/install/interfaces/include/interfaces/msg
[2.089s] -- Up-to-date: /home/henrik/ros_workspace/install/interfaces/include/interfaces/msg/rosidl_generator_c__visibility_control.h
[2.089s] -- Up-to-date: /home/henrik/ros_workspace/install/interfaces/include/interfaces/msg/bottle_info.h
[2.089s] -- Up-to-date: /home/henrik/ros_workspace/install/interfaces/include/interfaces/msg/robot_status.h
[2.089s] -- Up-to-date: /home/henrik/ros_workspace/install/interfaces/include/interfaces/msg/detail
[2.089s] -- Up-to-date: /home/henrik/ros_workspace/install/interfaces/include/interfaces/msg/detail/robot_status__functions.h
[2.089s] -- Up-to-date: /home/henrik/ros_workspace/install/interfaces/include/interfaces/msg/detail/robot_status__type_support.h
[2.089s] -- Up-to-date: /home/henrik/ros_workspace/install/interfaces/include/interfaces/msg/detail/bottle_info__functions.c
[2.089s] -- Up-to-date: /home/henrik/ros_workspace/install/interfaces/include/interfaces/msg/detail/robot_status__functions.c
[2.089s] -- Up-to-date: /home/henrik/ros_workspace/install/interfaces/include/interfaces/msg/detail/bottle_info__type_support.h
[2.089s] -- Up-to-date: /home/henrik/ros_workspace/install/interfaces/include/interfaces/msg/detail/bottle_info__struct.h
[2.089s] -- Up-to-date: /home/henrik/ros_workspace/install/interfaces/include/interfaces/msg/detail/bottle_info__functions.h
[2.089s] -- Up-to-date: /home/henrik/ros_workspace/install/interfaces/include/interfaces/msg/detail/robot_status__struct.h
[2.089s] -- Up-to-date: /home/henrik/ros_workspace/install/interfaces/share/interfaces/environment/library_path.sh
[2.089s] -- Up-to-date: /home/henrik/ros_workspace/install/interfaces/share/interfaces/environment/library_path.dsv
[2.089s] -- Up-to-date: /home/henrik/ros_workspace/install/interfaces/lib/libinterfaces__rosidl_generator_c.so
[2.089s] -- Up-to-date: /home/henrik/ros_workspace/install/interfaces/include/interfaces
[2.089s] -- Up-to-date: /home/henrik/ros_workspace/install/interfaces/include/interfaces/msg
[2.089s] -- Up-to-date: /home/henrik/ros_workspace/install/interfaces/include/interfaces/msg/rosidl_typesupport_fastrtps_c__visibility_control.h
[2.089s] -- Up-to-date: /home/henrik/ros_workspace/install/interfaces/include/interfaces/msg/detail
[2.089s] -- Up-to-date: /home/henrik/ros_workspace/install/interfaces/include/interfaces/msg/detail/robot_status__rosidl_typesupport_fastrtps_c.h
[2.089s] -- Up-to-date: /home/henrik/ros_workspace/install/interfaces/include/interfaces/msg/detail/bottle_info__rosidl_typesupport_fastrtps_c.h
[2.089s] -- Up-to-date: /home/henrik/ros_workspace/install/interfaces/lib/libinterfaces__rosidl_typesupport_fastrtps_c.so
[2.089s] -- Up-to-date: /home/henrik/ros_workspace/install/interfaces/include/interfaces
[2.090s] -- Up-to-date: /home/henrik/ros_workspace/install/interfaces/include/interfaces/msg
[2.090s] -- Up-to-date: /home/henrik/ros_workspace/install/interfaces/include/interfaces/msg/rosidl_typesupport_fastrtps_cpp__visibility_control.h
[2.090s] -- Up-to-date: /home/henrik/ros_workspace/install/interfaces/include/interfaces/msg/detail
[2.090s] -- Up-to-date: /home/henrik/ros_workspace/install/interfaces/include/interfaces/msg/detail/robot_status__rosidl_typesupport_fastrtps_cpp.hpp
[2.090s] -- Up-to-date: /home/henrik/ros_workspace/install/interfaces/include/interfaces/msg/detail/dds_fastrtps
[2.090s] -- Up-to-date: /home/henrik/ros_workspace/install/interfaces/include/interfaces/msg/detail/bottle_info__rosidl_typesupport_fastrtps_cpp.hpp
[2.090s] -- Up-to-date: /home/henrik/ros_workspace/install/interfaces/lib/libinterfaces__rosidl_typesupport_fastrtps_cpp.so
[2.090s] -- Up-to-date: /home/henrik/ros_workspace/install/interfaces/include/interfaces
[2.090s] -- Up-to-date: /home/henrik/ros_workspace/install/interfaces/include/interfaces/msg
[2.090s] -- Up-to-date: /home/henrik/ros_workspace/install/interfaces/include/interfaces/msg/rosidl_typesupport_introspection_c__visibility_control.h
[2.090s] -- Up-to-date: /home/henrik/ros_workspace/install/interfaces/include/interfaces/msg/detail
[2.090s] -- Up-to-date: /home/henrik/ros_workspace/install/interfaces/include/interfaces/msg/detail/robot_status__rosidl_typesupport_introspection_c.h
[2.090s] -- Up-to-date: /home/henrik/ros_workspace/install/interfaces/include/interfaces/msg/detail/bottle_info__type_support.c
[2.090s] -- Up-to-date: /home/henrik/ros_workspace/install/interfaces/include/interfaces/msg/detail/bottle_info__rosidl_typesupport_introspection_c.h
[2.090s] -- Up-to-date: /home/henrik/ros_workspace/install/interfaces/include/interfaces/msg/detail/robot_status__type_support.c
[2.090s] -- Up-to-date: /home/henrik/ros_workspace/install/interfaces/lib/libinterfaces__rosidl_typesupport_introspection_c.so
[2.090s] -- Up-to-date: /home/henrik/ros_workspace/install/interfaces/lib/libinterfaces__rosidl_typesupport_c.so
[2.090s] -- Up-to-date: /home/henrik/ros_workspace/install/interfaces/include/interfaces
[2.090s] -- Up-to-date: /home/henrik/ros_workspace/install/interfaces/include/interfaces/msg
[2.090s] -- Up-to-date: /home/henrik/ros_workspace/install/interfaces/include/interfaces/msg/bottle_info.hpp
[2.090s] -- Up-to-date: /home/henrik/ros_workspace/install/interfaces/include/interfaces/msg/robot_status.hpp
[2.090s] -- Up-to-date: /home/henrik/ros_workspace/install/interfaces/include/interfaces/msg/detail
[2.090s] -- Up-to-date: /home/henrik/ros_workspace/install/interfaces/include/interfaces/msg/detail/bottle_info__struct.hpp
[2.090s] -- Up-to-date: /home/henrik/ros_workspace/install/interfaces/include/interfaces/msg/detail/robot_status__type_support.hpp
[2.090s] -- Up-to-date: /home/henrik/ros_workspace/install/interfaces/include/interfaces/msg/detail/robot_status__struct.hpp
[2.090s] -- Up-to-date: /home/henrik/ros_workspace/install/interfaces/include/interfaces/msg/detail/bottle_info__builder.hpp
[2.090s] -- Up-to-date: /home/henrik/ros_workspace/install/interfaces/include/interfaces/msg/detail/bottle_info__type_support.hpp
[2.090s] -- Up-to-date: /home/henrik/ros_workspace/install/interfaces/include/interfaces/msg/detail/robot_status__traits.hpp
[2.090s] -- Up-to-date: /home/henrik/ros_workspace/install/interfaces/include/interfaces/msg/detail/robot_status__builder.hpp
[2.090s] -- Up-to-date: /home/henrik/ros_workspace/install/interfaces/include/interfaces/msg/detail/bottle_info__traits.hpp
[2.090s] -- Up-to-date: /home/henrik/ros_workspace/install/interfaces/include/interfaces/msg/rosidl_generator_cpp__visibility_control.hpp
[2.090s] -- Up-to-date: /home/henrik/ros_workspace/install/interfaces/include/interfaces
[2.091s] -- Up-to-date: /home/henrik/ros_workspace/install/interfaces/include/interfaces/msg
[2.091s] -- Up-to-date: /home/henrik/ros_workspace/install/interfaces/include/interfaces/msg/detail
[2.091s] -- Up-to-date: /home/henrik/ros_workspace/install/interfaces/include/interfaces/msg/detail/bottle_info__rosidl_typesupport_introspection_cpp.hpp
[2.091s] -- Up-to-date: /home/henrik/ros_workspace/install/interfaces/include/interfaces/msg/detail/robot_status__rosidl_typesupport_introspection_cpp.hpp
[2.091s] -- Up-to-date: /home/henrik/ros_workspace/install/interfaces/include/interfaces/msg/detail/robot_status__type_support.cpp
[2.091s] -- Up-to-date: /home/henrik/ros_workspace/install/interfaces/include/interfaces/msg/detail/bottle_info__type_support.cpp
[2.091s] -- Up-to-date: /home/henrik/ros_workspace/install/interfaces/lib/libinterfaces__rosidl_typesupport_introspection_cpp.so
[2.091s] -- Up-to-date: /home/henrik/ros_workspace/install/interfaces/lib/libinterfaces__rosidl_typesupport_cpp.so
[2.091s] -- Up-to-date: /home/henrik/ros_workspace/install/interfaces/share/interfaces/environment/pythonpath.sh
[2.091s] -- Up-to-date: /home/henrik/ros_workspace/install/interfaces/share/interfaces/environment/pythonpath.dsv
[2.091s] -- Up-to-date: /home/henrik/ros_workspace/install/interfaces/lib/python3.8/site-packages/interfaces/__init__.py
[2.112s] -- Up-to-date: /home/henrik/ros_workspace/install/interfaces/lib/python3.8/site-packages/interfaces/msg
[2.112s] -- Up-to-date: /home/henrik/ros_workspace/install/interfaces/lib/python3.8/site-packages/interfaces/msg/__init__.py
[2.112s] -- Up-to-date: /home/henrik/ros_workspace/install/interfaces/lib/python3.8/site-packages/interfaces/msg/_robot_status.py
[2.112s] -- Up-to-date: /home/henrik/ros_workspace/install/interfaces/lib/python3.8/site-packages/interfaces/msg/_robot_status_s.c
[2.112s] -- Up-to-date: /home/henrik/ros_workspace/install/interfaces/lib/python3.8/site-packages/interfaces/msg/_bottle_info.py
[2.112s] -- Up-to-date: /home/henrik/ros_workspace/install/interfaces/lib/python3.8/site-packages/interfaces/msg/_bottle_info_s.c
[2.112s] -- Up-to-date: /home/henrik/ros_workspace/install/interfaces/lib/python3.8/site-packages/interfaces/interfaces_s__rosidl_typesupport_fastrtps_c.cpython-38-x86_64-linux-gnu.so
[2.112s] -- Up-to-date: /home/henrik/ros_workspace/install/interfaces/lib/python3.8/site-packages/interfaces/interfaces_s__rosidl_typesupport_introspection_c.cpython-38-x86_64-linux-gnu.so
[2.112s] -- Up-to-date: /home/henrik/ros_workspace/install/interfaces/lib/python3.8/site-packages/interfaces/interfaces_s__rosidl_typesupport_c.cpython-38-x86_64-linux-gnu.so
[2.113s] -- Up-to-date: /home/henrik/ros_workspace/install/interfaces/lib/libinterfaces__python.so
[2.113s] -- Up-to-date: /home/henrik/ros_workspace/install/interfaces/share/interfaces/msg/RobotStatus.idl
[2.113s] -- Up-to-date: /home/henrik/ros_workspace/install/interfaces/share/interfaces/msg/BottleInfo.idl
[2.113s] -- Up-to-date: /home/henrik/ros_workspace/install/interfaces/share/interfaces/msg/RobotStatus.msg
[2.113s] -- Up-to-date: /home/henrik/ros_workspace/install/interfaces/share/interfaces/msg/BottleInfo.msg
[2.113s] -- Up-to-date: /home/henrik/ros_workspace/install/interfaces/share/ament_index/resource_index/package_run_dependencies/interfaces
[2.113s] -- Up-to-date: /home/henrik/ros_workspace/install/interfaces/share/ament_index/resource_index/parent_prefix_path/interfaces
[2.113s] -- Up-to-date: /home/henrik/ros_workspace/install/interfaces/share/interfaces/environment/ament_prefix_path.sh
[2.113s] -- Up-to-date: /home/henrik/ros_workspace/install/interfaces/share/interfaces/environment/ament_prefix_path.dsv
[2.113s] -- Up-to-date: /home/henrik/ros_workspace/install/interfaces/share/interfaces/environment/path.sh
[2.113s] -- Up-to-date: /home/henrik/ros_workspace/install/interfaces/share/interfaces/environment/path.dsv
[2.113s] -- Up-to-date: /home/henrik/ros_workspace/install/interfaces/share/interfaces/local_setup.bash
[2.113s] -- Up-to-date: /home/henrik/ros_workspace/install/interfaces/share/interfaces/local_setup.sh
[2.113s] -- Up-to-date: /home/henrik/ros_workspace/install/interfaces/share/interfaces/local_setup.zsh
[2.113s] -- Up-to-date: /home/henrik/ros_workspace/install/interfaces/share/interfaces/local_setup.dsv
[2.113s] -- Installing: /home/henrik/ros_workspace/install/interfaces/share/interfaces/package.dsv
[2.113s] -- Up-to-date: /home/henrik/ros_workspace/install/interfaces/share/ament_index/resource_index/packages/interfaces
[2.113s] -- Up-to-date: /home/henrik/ros_workspace/install/interfaces/share/interfaces/cmake/interfaces__rosidl_generator_cExport.cmake
[2.113s] -- Up-to-date: /home/henrik/ros_workspace/install/interfaces/share/interfaces/cmake/interfaces__rosidl_generator_cExport-noconfig.cmake
[2.113s] -- Up-to-date: /home/henrik/ros_workspace/install/interfaces/share/interfaces/cmake/interfaces__rosidl_typesupport_introspection_cExport.cmake
[2.113s] -- Up-to-date: /home/henrik/ros_workspace/install/interfaces/share/interfaces/cmake/interfaces__rosidl_typesupport_introspection_cExport-noconfig.cmake
[2.114s] -- Up-to-date: /home/henrik/ros_workspace/install/interfaces/share/interfaces/cmake/interfaces__rosidl_typesupport_cExport.cmake
[2.114s] -- Up-to-date: /home/henrik/ros_workspace/install/interfaces/share/interfaces/cmake/interfaces__rosidl_typesupport_cExport-noconfig.cmake
[2.114s] -- Up-to-date: /home/henrik/ros_workspace/install/interfaces/share/interfaces/cmake/interfaces__rosidl_generator_cppExport.cmake
[2.114s] -- Up-to-date: /home/henrik/ros_workspace/install/interfaces/share/interfaces/cmake/interfaces__rosidl_typesupport_introspection_cppExport.cmake
[2.114s] -- Up-to-date: /home/henrik/ros_workspace/install/interfaces/share/interfaces/cmake/interfaces__rosidl_typesupport_introspection_cppExport-noconfig.cmake
[2.114s] -- Up-to-date: /home/henrik/ros_workspace/install/interfaces/share/interfaces/cmake/interfaces__rosidl_typesupport_cppExport.cmake
[2.114s] -- Up-to-date: /home/henrik/ros_workspace/install/interfaces/share/interfaces/cmake/interfaces__rosidl_typesupport_cppExport-noconfig.cmake
[2.114s] -- Up-to-date: /home/henrik/ros_workspace/install/interfaces/share/interfaces/cmake/rosidl_cmake-extras.cmake
[2.114s] -- Up-to-date: /home/henrik/ros_workspace/install/interfaces/share/interfaces/cmake/ament_cmake_export_dependencies-extras.cmake
[2.114s] -- Up-to-date: /home/henrik/ros_workspace/install/interfaces/share/interfaces/cmake/ament_cmake_export_libraries-extras.cmake
[2.114s] -- Up-to-date: /home/henrik/ros_workspace/install/interfaces/share/interfaces/cmake/ament_cmake_export_targets-extras.cmake
[2.114s] -- Up-to-date: /home/henrik/ros_workspace/install/interfaces/share/interfaces/cmake/ament_cmake_export_include_directories-extras.cmake
[2.114s] -- Up-to-date: /home/henrik/ros_workspace/install/interfaces/share/interfaces/cmake/rosidl_cmake_export_typesupport_libraries-extras.cmake
[2.114s] -- Up-to-date: /home/henrik/ros_workspace/install/interfaces/share/interfaces/cmake/rosidl_cmake_export_typesupport_targets-extras.cmake
[2.114s] -- Up-to-date: /home/henrik/ros_workspace/install/interfaces/share/interfaces/cmake/interfacesConfig.cmake
[2.114s] -- Up-to-date: /home/henrik/ros_workspace/install/interfaces/share/interfaces/cmake/interfacesConfig-version.cmake
[2.114s] -- Up-to-date: /home/henrik/ros_workspace/install/interfaces/share/interfaces/package.xml
[2.115s] Invoked command in '/home/henrik/ros_workspace/build/interfaces' returned '0': CMAKE_PREFIX_PATH=${CMAKE_PREFIX_PATH}:/home/henrik/ros_workspace/install/motion_control_pkg:/home/henrik/ros_workspace/install/mic_pkg:/home/henrik/ros_workspace/install/camera_pkg:/home/henrik/ros_workspace/install/arm_pkg:/home/henrik/ros_workspace/src/install/motion_control_pkg:/home/henrik/ros_workspace/src/install/mic_pkg:/home/henrik/ros_workspace/src/install/camera_pkg:/home/henrik/ros_workspace/src/install/arm_pkg:/opt/ros/foxy /usr/bin/cmake --install /home/henrik/ros_workspace/build/interfaces
