[2.013s] Invoking command in '/home/henrik/ros_workspace/src/motion_control_pkg': PYTHONPATH=/home/henrik/ros_workspace/build/motion_control_pkg/prefix_override:/home/henrik/ros_workspace/install/motion_control_pkg/lib/python3.8/site-packages:${PYTHONPATH} /usr/bin/python3 setup.py egg_info --egg-base ../../build/motion_control_pkg build --build-base /home/henrik/ros_workspace/build/motion_control_pkg/build install --record /home/henrik/ros_workspace/build/motion_control_pkg/install.log --install-scripts $base/lib/motion_control_pkg --single-version-externally-managed
[2.149s] running egg_info
[2.149s] writing ../../build/motion_control_pkg/motion_control_pkg.egg-info/PKG-INFO
[2.149s] writing dependency_links to ../../build/motion_control_pkg/motion_control_pkg.egg-info/dependency_links.txt
[2.149s] writing entry points to ../../build/motion_control_pkg/motion_control_pkg.egg-info/entry_points.txt
[2.149s] writing requirements to ../../build/motion_control_pkg/motion_control_pkg.egg-info/requires.txt
[2.149s] writing top-level names to ../../build/motion_control_pkg/motion_control_pkg.egg-info/top_level.txt
[2.170s] reading manifest file '../../build/motion_control_pkg/motion_control_pkg.egg-info/SOURCES.txt'
[2.170s] writing manifest file '../../build/motion_control_pkg/motion_control_pkg.egg-info/SOURCES.txt'
[2.170s] running build
[2.170s] running build_py
[2.171s] running install
[2.171s] running install_lib
[2.173s] running install_data
[2.173s] running install_egg_info
[2.174s] removing '/home/henrik/ros_workspace/install/motion_control_pkg/lib/python3.8/site-packages/motion_control_pkg-0.0.0-py3.8.egg-info' (and everything under it)
[2.174s] Copying ../../build/motion_control_pkg/motion_control_pkg.egg-info to /home/henrik/ros_workspace/install/motion_control_pkg/lib/python3.8/site-packages/motion_control_pkg-0.0.0-py3.8.egg-info
[2.174s] running install_scripts
[2.188s] Installing arm_control_node script to /home/henrik/ros_workspace/install/motion_control_pkg/lib/motion_control_pkg
[2.190s] Installing pouring_node script to /home/henrik/ros_workspace/install/motion_control_pkg/lib/motion_control_pkg
[2.191s] writing list of installed files to '/home/henrik/ros_workspace/build/motion_control_pkg/install.log'
[2.418s] Invoked command in '/home/henrik/ros_workspace/src/motion_control_pkg' returned '0': PYTHONPATH=/home/henrik/ros_workspace/build/motion_control_pkg/prefix_override:/home/henrik/ros_workspace/install/motion_control_pkg/lib/python3.8/site-packages:${PYTHONPATH} /usr/bin/python3 setup.py egg_info --egg-base ../../build/motion_control_pkg build --build-base /home/henrik/ros_workspace/build/motion_control_pkg/build install --record /home/henrik/ros_workspace/build/motion_control_pkg/install.log --install-scripts $base/lib/motion_control_pkg --single-version-externally-managed
