[2.734s] Invoking command in '/home/henrik/ros_workspace/src/camera_pkg': PYTHONPATH=/home/henrik/ros_workspace/build/camera_pkg/prefix_override:/home/henrik/ros_workspace/install/camera_pkg/lib/python3.8/site-packages:${PYTHONPATH} /usr/bin/python3 setup.py egg_info --egg-base ../../build/camera_pkg build --build-base /home/henrik/ros_workspace/build/camera_pkg/build install --record /home/henrik/ros_workspace/build/camera_pkg/install.log --install-scripts $base/lib/camera_pkg --single-version-externally-managed
[2.852s] running egg_info
[2.852s] writing ../../build/camera_pkg/camera_pkg.egg-info/PKG-INFO
[2.854s] writing dependency_links to ../../build/camera_pkg/camera_pkg.egg-info/dependency_links.txt
[2.855s] writing entry points to ../../build/camera_pkg/camera_pkg.egg-info/entry_points.txt
[2.856s] writing requirements to ../../build/camera_pkg/camera_pkg.egg-info/requires.txt
[2.857s] writing top-level names to ../../build/camera_pkg/camera_pkg.egg-info/top_level.txt
[2.871s] reading manifest file '../../build/camera_pkg/camera_pkg.egg-info/SOURCES.txt'
[2.872s] writing manifest file '../../build/camera_pkg/camera_pkg.egg-info/SOURCES.txt'
[2.873s] running build
[2.873s] running build_py
[2.874s] copying camera_pkg/pouring_accuracy_node.py -> /home/henrik/ros_workspace/build/camera_pkg/build/lib/camera_pkg
[2.875s] running install
[2.875s] running install_lib
[2.875s] copying /home/henrik/ros_workspace/build/camera_pkg/build/lib/camera_pkg/pouring_accuracy_node.py -> /home/henrik/ros_workspace/install/camera_pkg/lib/python3.8/site-packages/camera_pkg
[2.875s] byte-compiling /home/henrik/ros_workspace/install/camera_pkg/lib/python3.8/site-packages/camera_pkg/pouring_accuracy_node.py to pouring_accuracy_node.cpython-38.pyc
[2.876s] running install_data
[2.876s] running install_egg_info
[2.880s] removing '/home/henrik/ros_workspace/install/camera_pkg/lib/python3.8/site-packages/camera_pkg-0.0.0-py3.8.egg-info' (and everything under it)
[2.881s] Copying ../../build/camera_pkg/camera_pkg.egg-info to /home/henrik/ros_workspace/install/camera_pkg/lib/python3.8/site-packages/camera_pkg-0.0.0-py3.8.egg-info
[2.881s] running install_scripts
[2.888s] Installing bottle_recog_node script to /home/henrik/ros_workspace/install/camera_pkg/lib/camera_pkg
[2.889s] Installing pouring_accuracy_node script to /home/henrik/ros_workspace/install/camera_pkg/lib/camera_pkg
[2.889s] writing list of installed files to '/home/henrik/ros_workspace/build/camera_pkg/install.log'
[3.122s] Invoked command in '/home/henrik/ros_workspace/src/camera_pkg' returned '0': PYTHONPATH=/home/henrik/ros_workspace/build/camera_pkg/prefix_override:/home/henrik/ros_workspace/install/camera_pkg/lib/python3.8/site-packages:${PYTHONPATH} /usr/bin/python3 setup.py egg_info --egg-base ../../build/camera_pkg build --build-base /home/henrik/ros_workspace/build/camera_pkg/build install --record /home/henrik/ros_workspace/build/camera_pkg/install.log --install-scripts $base/lib/camera_pkg --single-version-externally-managed
