[0.731s] Invoking command in '/home/henrik/MSP-Humanoid-IDA/ros_workspace/src/camera_pkg': PYTHONPATH=/home/henrik/MSP-Humanoid-IDA/ros_workspace/build/camera_pkg/prefix_override:/home/henrik/MSP-Humanoid-IDA/ros_workspace/install/camera_pkg/lib/python3.8/site-packages:${PYTHONPATH} /usr/bin/python3 -W ignore:setup.py install is deprecated setup.py egg_info --egg-base ../../build/camera_pkg build --build-base /home/henrik/MSP-Humanoid-IDA/ros_workspace/build/camera_pkg/build install --record /home/henrik/MSP-Humanoid-IDA/ros_workspace/build/camera_pkg/install.log --install-scripts $base/lib/camera_pkg --single-version-externally-managed install_data
[0.860s] running egg_info
[0.861s] writing ../../build/camera_pkg/camera_pkg.egg-info/PKG-INFO
[0.861s] writing dependency_links to ../../build/camera_pkg/camera_pkg.egg-info/dependency_links.txt
[0.861s] writing entry points to ../../build/camera_pkg/camera_pkg.egg-info/entry_points.txt
[0.861s] writing requirements to ../../build/camera_pkg/camera_pkg.egg-info/requires.txt
[0.861s] writing top-level names to ../../build/camera_pkg/camera_pkg.egg-info/top_level.txt
[0.880s] reading manifest file '../../build/camera_pkg/camera_pkg.egg-info/SOURCES.txt'
[0.880s] writing manifest file '../../build/camera_pkg/camera_pkg.egg-info/SOURCES.txt'
[0.880s] running build
[0.881s] running build_py
[0.881s] running install
[0.881s] running install_lib
[0.882s] running install_data
[0.882s] running install_egg_info
[0.883s] removing '/home/henrik/MSP-Humanoid-IDA/ros_workspace/install/camera_pkg/lib/python3.8/site-packages/camera_pkg-0.0.0-py3.8.egg-info' (and everything under it)
[0.883s] Copying ../../build/camera_pkg/camera_pkg.egg-info to /home/henrik/MSP-Humanoid-IDA/ros_workspace/install/camera_pkg/lib/python3.8/site-packages/camera_pkg-0.0.0-py3.8.egg-info
[0.883s] running install_scripts
[0.893s] Installing bottle_recog_node script to /home/henrik/MSP-Humanoid-IDA/ros_workspace/install/camera_pkg/lib/camera_pkg
[0.894s] Installing pouring_accuracy_node script to /home/henrik/MSP-Humanoid-IDA/ros_workspace/install/camera_pkg/lib/camera_pkg
[0.894s] writing list of installed files to '/home/henrik/MSP-Humanoid-IDA/ros_workspace/build/camera_pkg/install.log'
[0.910s] Invoked command in '/home/henrik/MSP-Humanoid-IDA/ros_workspace/src/camera_pkg' returned '0': PYTHONPATH=/home/henrik/MSP-Humanoid-IDA/ros_workspace/build/camera_pkg/prefix_override:/home/henrik/MSP-Humanoid-IDA/ros_workspace/install/camera_pkg/lib/python3.8/site-packages:${PYTHONPATH} /usr/bin/python3 -W ignore:setup.py install is deprecated setup.py egg_info --egg-base ../../build/camera_pkg build --build-base /home/henrik/MSP-Humanoid-IDA/ros_workspace/build/camera_pkg/build install --record /home/henrik/MSP-Humanoid-IDA/ros_workspace/build/camera_pkg/install.log --install-scripts $base/lib/camera_pkg --single-version-externally-managed install_data
