[0.157s] Invoking command in '/home/henrik/MSP-Humanoid-IDA/ros_workspace/build/interfaces': CMAKE_PREFIX_PATH=${CMAKE_PREFIX_PATH}:/opt/ros/foxy:/home/henrik/ros2_humble/install/rqt_bag_plugins:/home/henrik/ros2_humble/install/rqt_bag:/home/henrik/ros2_humble/install/ros2bag:/home/henrik/ros2_humble/install/tracetools_test:/home/henrik/ros2_humble/install/tracetools_launch:/home/henrik/ros2_humble/install/topic_monitor:/home/henrik/ros2_humble/install/tf2_tools:/home/henrik/ros2_humble/install/examples_tf2_py:/home/henrik/ros2_humble/install/tf2_ros_py:/home/henrik/ros2_humble/install/sros2:/home/henrik/ros2_humble/install/rqt_topic:/home/henrik/ros2_humble/install/rqt_srv:/home/henrik/ros2_humble/install/rqt_shell:/home/henrik/ros2_humble/install/rqt_service_caller:/home/henrik/ros2_humble/install/rqt_reconfigure:/home/henrik/ros2_humble/install/rqt_py_console:/home/henrik/ros2_humble/install/rqt_publisher:/home/henrik/ros2_humble/install/rqt_plot:/home/henrik/ros2_humble/install/rqt_action:/home/henrik/ros2_humble/install/rqt_msg:/home/henrik/ros2_humble/install/rqt_console:/home/henrik/ros2_humble/install/rqt:/home/henrik/ros2_humble/install/rqt_graph:/home/henrik/ros2_humble/install/rqt_gui_py:/home/henrik/ros2_humble/install/rqt_gui:/home/henrik/ros2_humble/install/ros2trace:/home/henrik/ros2_humble/install/ros2topic:/home/henrik/ros2_humble/install/ros2test:/home/henrik/ros2_humble/install/ros2component:/home/henrik/ros2_humble/install/ros2param:/home/henrik/ros2_humble/install/ros2lifecycle:/home/henrik/ros2_humble/install/ros2service:/home/henrik/ros2_humble/install/ros2run:/home/henrik/ros2_humble/install/ros2launch:/home/henrik/ros2_humble/install/ros2pkg:/home/henrik/ros2_humble/install/ros2node:/home/henrik/ros2_humble/install/ros2multicast:/home/henrik/ros2_humble/install/ros2interface:/home/henrik/ros2_humble/install/ros2doctor:/home/henrik/ros2_humble/install/ros2action:/home/henrik/ros2_humble/install/ros2cli:/home/henrik/ros2_humble/install/quality_of_service_demo_py:/home/henrik/ros2_humble/install/lifecycle_py:/home/henrik/ros2_humble/install/launch_testing_ros:/home/henrik/ros2_humble/install/launch_ros:/home/henrik/ros2_humble/install/examples_rclpy_pointcloud_publisher:/home/henrik/ros2_humble/install/examples_rclpy_minimal_subscriber:/home/henrik/ros2_humble/install/examples_rclpy_minimal_service:/home/henrik/ros2_humble/install/examples_rclpy_minimal_publisher:/home/henrik/ros2_humble/install/examples_rclpy_minimal_client:/home/henrik/ros2_humble/install/examples_rclpy_minimal_action_server:/home/henrik/ros2_humble/install/examples_rclpy_minimal_action_client:/home/henrik/ros2_humble/install/examples_rclpy_guard_conditions:/home/henrik/ros2_humble/install/examples_rclpy_executors:/home/henrik/ros2_humble/install/demo_nodes_py:/home/henrik/ros2_humble/install/action_tutorials_py:/home/henrik/ros2_humble/install/ament_uncrustify:/home/henrik/ros2_humble/install/tracetools_trace:/home/henrik/ros2_humble/install/tracetools_read:/home/henrik/ros2_humble/install/test_tracetools_launch:/home/henrik/ros2_humble/install/test_launch_ros:/home/henrik/ros2_humble/install/sensor_msgs_py:/home/henrik/ros2_humble/install/rpyutils:/home/henrik/ros2_humble/install/rosidl_runtime_py:/home/henrik/ros2_humble/install/rosidl_cli:/home/henrik/ros2_humble/install/launch_pytest:/home/henrik/ros2_humble/install/launch_testing:/home/henrik/ros2_humble/install/launch_yaml:/home/henrik/ros2_humble/install/launch_xml:/home/henrik/ros2_humble/install/launch:/home/henrik/ros2_humble/install/osrf_pycommon:/home/henrik/ros2_humble/install/launch_testing_examples:/home/henrik/ros2_humble/install/domain_coordinator:/home/henrik/ros2_humble/install/ament_xmllint:/home/henrik/ros2_humble/install/ament_pyflakes:/home/henrik/ros2_humble/install/ament_pycodestyle:/home/henrik/ros2_humble/install/ament_pep257:/home/henrik/ros2_humble/install/ament_pclint:/home/henrik/ros2_humble/install/ament_package:/home/henrik/ros2_humble/install/ament_mypy:/home/henrik/ros2_humble/install/ament_lint_cmake:/home/henrik/ros2_humble/install/ament_flake8:/home/henrik/ros2_humble/install/ament_copyright:/home/henrik/ros2_humble/install/ament_lint:/home/henrik/ros2_humble/install/ament_index_python:/home/henrik/ros2_humble/install/ament_cpplint:/home/henrik/ros2_humble/install/ament_cppcheck:/home/henrik/ros2_humble/install/ament_clang_tidy:/home/henrik/ros2_humble/install/ament_clang_format /usr/bin/cmake --build /home/henrik/MSP-Humanoid-IDA/ros_workspace/build/interfaces -- -j20 -l20
[0.308s] [  2%] Built target interfaces__cpp
[0.308s] [ 12%] Built target interfaces__rosidl_generator_c
[0.308s] [ 35%] Built target interfaces__rosidl_typesupport_cpp
[0.308s] [ 41%] Built target interfaces__rosidl_typesupport_introspection_cpp
[0.308s] [ 43%] Built target interfaces__rosidl_typesupport_introspection_c
[0.308s] [ 53%] Built target interfaces__rosidl_typesupport_fastrtps_cpp
[0.308s] [ 64%] Built target interfaces__rosidl_typesupport_c
[0.309s] [ 74%] Built target interfaces__rosidl_typesupport_fastrtps_c
[0.309s] [ 74%] Built target interfaces
[0.309s] [ 76%] Built target interfaces__py
[0.309s] [ 84%] Built target interfaces__python
[0.309s] [ 94%] Built target interfaces__rosidl_typesupport_c__pyext
[0.309s] [ 94%] Built target interfaces__rosidl_typesupport_fastrtps_c__pyext
[0.309s] [100%] Built target interfaces__rosidl_typesupport_introspection_c__pyext
[0.309s] CMake Error: The current CMakeCache.txt directory /home/henrik/MSP-Humanoid-IDA/ros_workspace/build/interfaces/CMakeCache.txt is different than the directory /home/henrik/ros_workspace/build/interfaces where CMakeCache.txt was created. This may result in binaries being created in the wrong place. If you are not sure, reedit the CMakeCache.txt
[0.309s] Invoked command in '/home/henrik/MSP-Humanoid-IDA/ros_workspace/build/interfaces' returned '0': CMAKE_PREFIX_PATH=${CMAKE_PREFIX_PATH}:/opt/ros/foxy:/home/henrik/ros2_humble/install/rqt_bag_plugins:/home/henrik/ros2_humble/install/rqt_bag:/home/henrik/ros2_humble/install/ros2bag:/home/henrik/ros2_humble/install/tracetools_test:/home/henrik/ros2_humble/install/tracetools_launch:/home/henrik/ros2_humble/install/topic_monitor:/home/henrik/ros2_humble/install/tf2_tools:/home/henrik/ros2_humble/install/examples_tf2_py:/home/henrik/ros2_humble/install/tf2_ros_py:/home/henrik/ros2_humble/install/sros2:/home/henrik/ros2_humble/install/rqt_topic:/home/henrik/ros2_humble/install/rqt_srv:/home/henrik/ros2_humble/install/rqt_shell:/home/henrik/ros2_humble/install/rqt_service_caller:/home/henrik/ros2_humble/install/rqt_reconfigure:/home/henrik/ros2_humble/install/rqt_py_console:/home/henrik/ros2_humble/install/rqt_publisher:/home/henrik/ros2_humble/install/rqt_plot:/home/henrik/ros2_humble/install/rqt_action:/home/henrik/ros2_humble/install/rqt_msg:/home/henrik/ros2_humble/install/rqt_console:/home/henrik/ros2_humble/install/rqt:/home/henrik/ros2_humble/install/rqt_graph:/home/henrik/ros2_humble/install/rqt_gui_py:/home/henrik/ros2_humble/install/rqt_gui:/home/henrik/ros2_humble/install/ros2trace:/home/henrik/ros2_humble/install/ros2topic:/home/henrik/ros2_humble/install/ros2test:/home/henrik/ros2_humble/install/ros2component:/home/henrik/ros2_humble/install/ros2param:/home/henrik/ros2_humble/install/ros2lifecycle:/home/henrik/ros2_humble/install/ros2service:/home/henrik/ros2_humble/install/ros2run:/home/henrik/ros2_humble/install/ros2launch:/home/henrik/ros2_humble/install/ros2pkg:/home/henrik/ros2_humble/install/ros2node:/home/henrik/ros2_humble/install/ros2multicast:/home/henrik/ros2_humble/install/ros2interface:/home/henrik/ros2_humble/install/ros2doctor:/home/henrik/ros2_humble/install/ros2action:/home/henrik/ros2_humble/install/ros2cli:/home/henrik/ros2_humble/install/quality_of_service_demo_py:/home/henrik/ros2_humble/install/lifecycle_py:/home/henrik/ros2_humble/install/launch_testing_ros:/home/henrik/ros2_humble/install/launch_ros:/home/henrik/ros2_humble/install/examples_rclpy_pointcloud_publisher:/home/henrik/ros2_humble/install/examples_rclpy_minimal_subscriber:/home/henrik/ros2_humble/install/examples_rclpy_minimal_service:/home/henrik/ros2_humble/install/examples_rclpy_minimal_publisher:/home/henrik/ros2_humble/install/examples_rclpy_minimal_client:/home/henrik/ros2_humble/install/examples_rclpy_minimal_action_server:/home/henrik/ros2_humble/install/examples_rclpy_minimal_action_client:/home/henrik/ros2_humble/install/examples_rclpy_guard_conditions:/home/henrik/ros2_humble/install/examples_rclpy_executors:/home/henrik/ros2_humble/install/demo_nodes_py:/home/henrik/ros2_humble/install/action_tutorials_py:/home/henrik/ros2_humble/install/ament_uncrustify:/home/henrik/ros2_humble/install/tracetools_trace:/home/henrik/ros2_humble/install/tracetools_read:/home/henrik/ros2_humble/install/test_tracetools_launch:/home/henrik/ros2_humble/install/test_launch_ros:/home/henrik/ros2_humble/install/sensor_msgs_py:/home/henrik/ros2_humble/install/rpyutils:/home/henrik/ros2_humble/install/rosidl_runtime_py:/home/henrik/ros2_humble/install/rosidl_cli:/home/henrik/ros2_humble/install/launch_pytest:/home/henrik/ros2_humble/install/launch_testing:/home/henrik/ros2_humble/install/launch_yaml:/home/henrik/ros2_humble/install/launch_xml:/home/henrik/ros2_humble/install/launch:/home/henrik/ros2_humble/install/osrf_pycommon:/home/henrik/ros2_humble/install/launch_testing_examples:/home/henrik/ros2_humble/install/domain_coordinator:/home/henrik/ros2_humble/install/ament_xmllint:/home/henrik/ros2_humble/install/ament_pyflakes:/home/henrik/ros2_humble/install/ament_pycodestyle:/home/henrik/ros2_humble/install/ament_pep257:/home/henrik/ros2_humble/install/ament_pclint:/home/henrik/ros2_humble/install/ament_package:/home/henrik/ros2_humble/install/ament_mypy:/home/henrik/ros2_humble/install/ament_lint_cmake:/home/henrik/ros2_humble/install/ament_flake8:/home/henrik/ros2_humble/install/ament_copyright:/home/henrik/ros2_humble/install/ament_lint:/home/henrik/ros2_humble/install/ament_index_python:/home/henrik/ros2_humble/install/ament_cpplint:/home/henrik/ros2_humble/install/ament_cppcheck:/home/henrik/ros2_humble/install/ament_clang_tidy:/home/henrik/ros2_humble/install/ament_clang_format /usr/bin/cmake --build /home/henrik/MSP-Humanoid-IDA/ros_workspace/build/interfaces -- -j20 -l20
[0.474s] Invoking command in '/home/henrik/MSP-Humanoid-IDA/ros_workspace/build/interfaces': CMAKE_PREFIX_PATH=${CMAKE_PREFIX_PATH}:/opt/ros/foxy:/home/henrik/ros2_humble/install/rqt_bag_plugins:/home/henrik/ros2_humble/install/rqt_bag:/home/henrik/ros2_humble/install/ros2bag:/home/henrik/ros2_humble/install/tracetools_test:/home/henrik/ros2_humble/install/tracetools_launch:/home/henrik/ros2_humble/install/topic_monitor:/home/henrik/ros2_humble/install/tf2_tools:/home/henrik/ros2_humble/install/examples_tf2_py:/home/henrik/ros2_humble/install/tf2_ros_py:/home/henrik/ros2_humble/install/sros2:/home/henrik/ros2_humble/install/rqt_topic:/home/henrik/ros2_humble/install/rqt_srv:/home/henrik/ros2_humble/install/rqt_shell:/home/henrik/ros2_humble/install/rqt_service_caller:/home/henrik/ros2_humble/install/rqt_reconfigure:/home/henrik/ros2_humble/install/rqt_py_console:/home/henrik/ros2_humble/install/rqt_publisher:/home/henrik/ros2_humble/install/rqt_plot:/home/henrik/ros2_humble/install/rqt_action:/home/henrik/ros2_humble/install/rqt_msg:/home/henrik/ros2_humble/install/rqt_console:/home/henrik/ros2_humble/install/rqt:/home/henrik/ros2_humble/install/rqt_graph:/home/henrik/ros2_humble/install/rqt_gui_py:/home/henrik/ros2_humble/install/rqt_gui:/home/henrik/ros2_humble/install/ros2trace:/home/henrik/ros2_humble/install/ros2topic:/home/henrik/ros2_humble/install/ros2test:/home/henrik/ros2_humble/install/ros2component:/home/henrik/ros2_humble/install/ros2param:/home/henrik/ros2_humble/install/ros2lifecycle:/home/henrik/ros2_humble/install/ros2service:/home/henrik/ros2_humble/install/ros2run:/home/henrik/ros2_humble/install/ros2launch:/home/henrik/ros2_humble/install/ros2pkg:/home/henrik/ros2_humble/install/ros2node:/home/henrik/ros2_humble/install/ros2multicast:/home/henrik/ros2_humble/install/ros2interface:/home/henrik/ros2_humble/install/ros2doctor:/home/henrik/ros2_humble/install/ros2action:/home/henrik/ros2_humble/install/ros2cli:/home/henrik/ros2_humble/install/quality_of_service_demo_py:/home/henrik/ros2_humble/install/lifecycle_py:/home/henrik/ros2_humble/install/launch_testing_ros:/home/henrik/ros2_humble/install/launch_ros:/home/henrik/ros2_humble/install/examples_rclpy_pointcloud_publisher:/home/henrik/ros2_humble/install/examples_rclpy_minimal_subscriber:/home/henrik/ros2_humble/install/examples_rclpy_minimal_service:/home/henrik/ros2_humble/install/examples_rclpy_minimal_publisher:/home/henrik/ros2_humble/install/examples_rclpy_minimal_client:/home/henrik/ros2_humble/install/examples_rclpy_minimal_action_server:/home/henrik/ros2_humble/install/examples_rclpy_minimal_action_client:/home/henrik/ros2_humble/install/examples_rclpy_guard_conditions:/home/henrik/ros2_humble/install/examples_rclpy_executors:/home/henrik/ros2_humble/install/demo_nodes_py:/home/henrik/ros2_humble/install/action_tutorials_py:/home/henrik/ros2_humble/install/ament_uncrustify:/home/henrik/ros2_humble/install/tracetools_trace:/home/henrik/ros2_humble/install/tracetools_read:/home/henrik/ros2_humble/install/test_tracetools_launch:/home/henrik/ros2_humble/install/test_launch_ros:/home/henrik/ros2_humble/install/sensor_msgs_py:/home/henrik/ros2_humble/install/rpyutils:/home/henrik/ros2_humble/install/rosidl_runtime_py:/home/henrik/ros2_humble/install/rosidl_cli:/home/henrik/ros2_humble/install/launch_pytest:/home/henrik/ros2_humble/install/launch_testing:/home/henrik/ros2_humble/install/launch_yaml:/home/henrik/ros2_humble/install/launch_xml:/home/henrik/ros2_humble/install/launch:/home/henrik/ros2_humble/install/osrf_pycommon:/home/henrik/ros2_humble/install/launch_testing_examples:/home/henrik/ros2_humble/install/domain_coordinator:/home/henrik/ros2_humble/install/ament_xmllint:/home/henrik/ros2_humble/install/ament_pyflakes:/home/henrik/ros2_humble/install/ament_pycodestyle:/home/henrik/ros2_humble/install/ament_pep257:/home/henrik/ros2_humble/install/ament_pclint:/home/henrik/ros2_humble/install/ament_package:/home/henrik/ros2_humble/install/ament_mypy:/home/henrik/ros2_humble/install/ament_lint_cmake:/home/henrik/ros2_humble/install/ament_flake8:/home/henrik/ros2_humble/install/ament_copyright:/home/henrik/ros2_humble/install/ament_lint:/home/henrik/ros2_humble/install/ament_index_python:/home/henrik/ros2_humble/install/ament_cpplint:/home/henrik/ros2_humble/install/ament_cppcheck:/home/henrik/ros2_humble/install/ament_clang_tidy:/home/henrik/ros2_humble/install/ament_clang_format /usr/bin/cmake --install /home/henrik/MSP-Humanoid-IDA/ros_workspace/build/interfaces
[0.480s] -- Install configuration: ""
[0.480s] -- Up-to-date: /home/henrik/ros_workspace/install/interfaces/share/ament_index/resource_index/rosidl_interfaces/interfaces
[0.480s] -- Up-to-date: /home/henrik/ros_workspace/install/interfaces/include/interfaces
[0.480s] -- Up-to-date: /home/henrik/ros_workspace/install/interfaces/include/interfaces/msg
[0.480s] -- Up-to-date: /home/henrik/ros_workspace/install/interfaces/include/interfaces/msg/rosidl_generator_c__visibility_control.h
[0.480s] -- Up-to-date: /home/henrik/ros_workspace/install/interfaces/include/interfaces/msg/bottle_info.h
[0.480s] -- Up-to-date: /home/henrik/ros_workspace/install/interfaces/include/interfaces/msg/robot_status.h
[0.480s] -- Up-to-date: /home/henrik/ros_workspace/install/interfaces/include/interfaces/msg/detail
[0.480s] -- Up-to-date: /home/henrik/ros_workspace/install/interfaces/include/interfaces/msg/detail/robot_status__functions.h
[0.480s] -- Up-to-date: /home/henrik/ros_workspace/install/interfaces/include/interfaces/msg/detail/robot_status__type_support.h
[0.480s] -- Up-to-date: /home/henrik/ros_workspace/install/interfaces/include/interfaces/msg/detail/bottle_info__functions.c
[0.480s] -- Up-to-date: /home/henrik/ros_workspace/install/interfaces/include/interfaces/msg/detail/robot_status__functions.c
[0.480s] -- Up-to-date: /home/henrik/ros_workspace/install/interfaces/include/interfaces/msg/detail/bottle_info__type_support.h
[0.480s] -- Up-to-date: /home/henrik/ros_workspace/install/interfaces/include/interfaces/msg/detail/bottle_info__struct.h
[0.480s] -- Up-to-date: /home/henrik/ros_workspace/install/interfaces/include/interfaces/msg/detail/bottle_info__functions.h
[0.480s] -- Up-to-date: /home/henrik/ros_workspace/install/interfaces/include/interfaces/msg/detail/robot_status__struct.h
[0.480s] -- Up-to-date: /home/henrik/ros_workspace/install/interfaces/share/interfaces/environment/library_path.sh
[0.481s] -- Up-to-date: /home/henrik/ros_workspace/install/interfaces/share/interfaces/environment/library_path.dsv
[0.481s] -- Up-to-date: /home/henrik/ros_workspace/install/interfaces/lib/libinterfaces__rosidl_generator_c.so
[0.481s] -- Up-to-date: /home/henrik/ros_workspace/install/interfaces/include/interfaces
[0.481s] -- Up-to-date: /home/henrik/ros_workspace/install/interfaces/include/interfaces/msg
[0.481s] -- Up-to-date: /home/henrik/ros_workspace/install/interfaces/include/interfaces/msg/rosidl_typesupport_fastrtps_c__visibility_control.h
[0.481s] -- Up-to-date: /home/henrik/ros_workspace/install/interfaces/include/interfaces/msg/detail
[0.481s] -- Up-to-date: /home/henrik/ros_workspace/install/interfaces/include/interfaces/msg/detail/robot_status__rosidl_typesupport_fastrtps_c.h
[0.481s] -- Up-to-date: /home/henrik/ros_workspace/install/interfaces/include/interfaces/msg/detail/bottle_info__rosidl_typesupport_fastrtps_c.h
[0.481s] -- Up-to-date: /home/henrik/ros_workspace/install/interfaces/lib/libinterfaces__rosidl_typesupport_fastrtps_c.so
[0.481s] -- Up-to-date: /home/henrik/ros_workspace/install/interfaces/include/interfaces
[0.481s] -- Up-to-date: /home/henrik/ros_workspace/install/interfaces/include/interfaces/msg
[0.481s] -- Up-to-date: /home/henrik/ros_workspace/install/interfaces/include/interfaces/msg/rosidl_typesupport_fastrtps_cpp__visibility_control.h
[0.481s] -- Up-to-date: /home/henrik/ros_workspace/install/interfaces/include/interfaces/msg/detail
[0.481s] -- Up-to-date: /home/henrik/ros_workspace/install/interfaces/include/interfaces/msg/detail/robot_status__rosidl_typesupport_fastrtps_cpp.hpp
[0.481s] -- Up-to-date: /home/henrik/ros_workspace/install/interfaces/include/interfaces/msg/detail/dds_fastrtps
[0.481s] -- Up-to-date: /home/henrik/ros_workspace/install/interfaces/include/interfaces/msg/detail/bottle_info__rosidl_typesupport_fastrtps_cpp.hpp
[0.481s] -- Up-to-date: /home/henrik/ros_workspace/install/interfaces/lib/libinterfaces__rosidl_typesupport_fastrtps_cpp.so
[0.481s] -- Up-to-date: /home/henrik/ros_workspace/install/interfaces/include/interfaces
[0.481s] -- Up-to-date: /home/henrik/ros_workspace/install/interfaces/include/interfaces/msg
[0.481s] -- Up-to-date: /home/henrik/ros_workspace/install/interfaces/include/interfaces/msg/rosidl_typesupport_introspection_c__visibility_control.h
[0.481s] -- Up-to-date: /home/henrik/ros_workspace/install/interfaces/include/interfaces/msg/detail
[0.481s] -- Up-to-date: /home/henrik/ros_workspace/install/interfaces/include/interfaces/msg/detail/robot_status__rosidl_typesupport_introspection_c.h
[0.481s] -- Up-to-date: /home/henrik/ros_workspace/install/interfaces/include/interfaces/msg/detail/bottle_info__type_support.c
[0.481s] -- Up-to-date: /home/henrik/ros_workspace/install/interfaces/include/interfaces/msg/detail/bottle_info__rosidl_typesupport_introspection_c.h
[0.481s] -- Up-to-date: /home/henrik/ros_workspace/install/interfaces/include/interfaces/msg/detail/robot_status__type_support.c
[0.481s] -- Up-to-date: /home/henrik/ros_workspace/install/interfaces/lib/libinterfaces__rosidl_typesupport_introspection_c.so
[0.481s] -- Up-to-date: /home/henrik/ros_workspace/install/interfaces/lib/libinterfaces__rosidl_typesupport_c.so
[0.481s] -- Up-to-date: /home/henrik/ros_workspace/install/interfaces/include/interfaces
[0.481s] -- Up-to-date: /home/henrik/ros_workspace/install/interfaces/include/interfaces/msg
[0.481s] -- Up-to-date: /home/henrik/ros_workspace/install/interfaces/include/interfaces/msg/bottle_info.hpp
[0.481s] -- Up-to-date: /home/henrik/ros_workspace/install/interfaces/include/interfaces/msg/robot_status.hpp
[0.482s] -- Up-to-date: /home/henrik/ros_workspace/install/interfaces/include/interfaces/msg/detail
[0.482s] -- Up-to-date: /home/henrik/ros_workspace/install/interfaces/include/interfaces/msg/detail/bottle_info__struct.hpp
[0.482s] -- Up-to-date: /home/henrik/ros_workspace/install/interfaces/include/interfaces/msg/detail/robot_status__type_support.hpp
[0.482s] -- Up-to-date: /home/henrik/ros_workspace/install/interfaces/include/interfaces/msg/detail/robot_status__struct.hpp
[0.482s] -- Up-to-date: /home/henrik/ros_workspace/install/interfaces/include/interfaces/msg/detail/bottle_info__builder.hpp
[0.482s] -- Up-to-date: /home/henrik/ros_workspace/install/interfaces/include/interfaces/msg/detail/bottle_info__type_support.hpp
[0.482s] -- Up-to-date: /home/henrik/ros_workspace/install/interfaces/include/interfaces/msg/detail/robot_status__traits.hpp
[0.482s] -- Up-to-date: /home/henrik/ros_workspace/install/interfaces/include/interfaces/msg/detail/robot_status__builder.hpp
[0.482s] -- Up-to-date: /home/henrik/ros_workspace/install/interfaces/include/interfaces/msg/detail/bottle_info__traits.hpp
[0.482s] -- Up-to-date: /home/henrik/ros_workspace/install/interfaces/include/interfaces/msg/rosidl_generator_cpp__visibility_control.hpp
[0.482s] -- Up-to-date: /home/henrik/ros_workspace/install/interfaces/include/interfaces
[0.482s] -- Up-to-date: /home/henrik/ros_workspace/install/interfaces/include/interfaces/msg
[0.482s] -- Up-to-date: /home/henrik/ros_workspace/install/interfaces/include/interfaces/msg/detail
[0.482s] -- Up-to-date: /home/henrik/ros_workspace/install/interfaces/include/interfaces/msg/detail/bottle_info__rosidl_typesupport_introspection_cpp.hpp
[0.482s] -- Up-to-date: /home/henrik/ros_workspace/install/interfaces/include/interfaces/msg/detail/robot_status__rosidl_typesupport_introspection_cpp.hpp
[0.482s] -- Up-to-date: /home/henrik/ros_workspace/install/interfaces/include/interfaces/msg/detail/robot_status__type_support.cpp
[0.482s] -- Up-to-date: /home/henrik/ros_workspace/install/interfaces/include/interfaces/msg/detail/bottle_info__type_support.cpp
[0.482s] -- Up-to-date: /home/henrik/ros_workspace/install/interfaces/lib/libinterfaces__rosidl_typesupport_introspection_cpp.so
[0.482s] -- Up-to-date: /home/henrik/ros_workspace/install/interfaces/lib/libinterfaces__rosidl_typesupport_cpp.so
[0.482s] -- Up-to-date: /home/henrik/ros_workspace/install/interfaces/share/interfaces/environment/pythonpath.sh
[0.482s] -- Up-to-date: /home/henrik/ros_workspace/install/interfaces/share/interfaces/environment/pythonpath.dsv
[0.482s] -- Up-to-date: /home/henrik/ros_workspace/install/interfaces/lib/python3.8/site-packages/interfaces/__init__.py
[0.510s] -- Up-to-date: /home/henrik/ros_workspace/install/interfaces/lib/python3.8/site-packages/interfaces/msg
[0.510s] -- Up-to-date: /home/henrik/ros_workspace/install/interfaces/lib/python3.8/site-packages/interfaces/msg/__init__.py
[0.510s] -- Up-to-date: /home/henrik/ros_workspace/install/interfaces/lib/python3.8/site-packages/interfaces/msg/_robot_status.py
[0.510s] -- Up-to-date: /home/henrik/ros_workspace/install/interfaces/lib/python3.8/site-packages/interfaces/msg/_robot_status_s.c
[0.510s] -- Up-to-date: /home/henrik/ros_workspace/install/interfaces/lib/python3.8/site-packages/interfaces/msg/_bottle_info.py
[0.510s] -- Up-to-date: /home/henrik/ros_workspace/install/interfaces/lib/python3.8/site-packages/interfaces/msg/_bottle_info_s.c
[0.510s] -- Up-to-date: /home/henrik/ros_workspace/install/interfaces/lib/python3.8/site-packages/interfaces/interfaces_s__rosidl_typesupport_fastrtps_c.cpython-38-x86_64-linux-gnu.so
[0.511s] -- Up-to-date: /home/henrik/ros_workspace/install/interfaces/lib/python3.8/site-packages/interfaces/interfaces_s__rosidl_typesupport_introspection_c.cpython-38-x86_64-linux-gnu.so
[0.511s] -- Up-to-date: /home/henrik/ros_workspace/install/interfaces/lib/python3.8/site-packages/interfaces/interfaces_s__rosidl_typesupport_c.cpython-38-x86_64-linux-gnu.so
[0.511s] -- Up-to-date: /home/henrik/ros_workspace/install/interfaces/lib/libinterfaces__python.so
[0.511s] -- Up-to-date: /home/henrik/ros_workspace/install/interfaces/share/interfaces/msg/RobotStatus.idl
[0.511s] -- Up-to-date: /home/henrik/ros_workspace/install/interfaces/share/interfaces/msg/BottleInfo.idl
[0.511s] -- Up-to-date: /home/henrik/ros_workspace/install/interfaces/share/interfaces/msg/RobotStatus.msg
[0.511s] -- Up-to-date: /home/henrik/ros_workspace/install/interfaces/share/interfaces/msg/BottleInfo.msg
[0.511s] -- Up-to-date: /home/henrik/ros_workspace/install/interfaces/share/ament_index/resource_index/package_run_dependencies/interfaces
[0.512s] -- Up-to-date: /home/henrik/ros_workspace/install/interfaces/share/ament_index/resource_index/parent_prefix_path/interfaces
[0.512s] -- Up-to-date: /home/henrik/ros_workspace/install/interfaces/share/interfaces/environment/ament_prefix_path.sh
[0.512s] -- Up-to-date: /home/henrik/ros_workspace/install/interfaces/share/interfaces/environment/ament_prefix_path.dsv
[0.512s] -- Up-to-date: /home/henrik/ros_workspace/install/interfaces/share/interfaces/environment/path.sh
[0.512s] -- Up-to-date: /home/henrik/ros_workspace/install/interfaces/share/interfaces/environment/path.dsv
[0.512s] -- Up-to-date: /home/henrik/ros_workspace/install/interfaces/share/interfaces/local_setup.bash
[0.512s] -- Up-to-date: /home/henrik/ros_workspace/install/interfaces/share/interfaces/local_setup.sh
[0.512s] -- Up-to-date: /home/henrik/ros_workspace/install/interfaces/share/interfaces/local_setup.zsh
[0.512s] -- Up-to-date: /home/henrik/ros_workspace/install/interfaces/share/interfaces/local_setup.dsv
[0.512s] -- Up-to-date: /home/henrik/ros_workspace/install/interfaces/share/interfaces/package.dsv
[0.512s] -- Up-to-date: /home/henrik/ros_workspace/install/interfaces/share/ament_index/resource_index/packages/interfaces
[0.512s] -- Up-to-date: /home/henrik/ros_workspace/install/interfaces/share/interfaces/cmake/interfaces__rosidl_generator_cExport.cmake
[0.512s] -- Up-to-date: /home/henrik/ros_workspace/install/interfaces/share/interfaces/cmake/interfaces__rosidl_generator_cExport-noconfig.cmake
[0.512s] -- Up-to-date: /home/henrik/ros_workspace/install/interfaces/share/interfaces/cmake/interfaces__rosidl_typesupport_introspection_cExport.cmake
[0.513s] -- Up-to-date: /home/henrik/ros_workspace/install/interfaces/share/interfaces/cmake/interfaces__rosidl_typesupport_introspection_cExport-noconfig.cmake
[0.513s] -- Up-to-date: /home/henrik/ros_workspace/install/interfaces/share/interfaces/cmake/interfaces__rosidl_typesupport_cExport.cmake
[0.513s] -- Up-to-date: /home/henrik/ros_workspace/install/interfaces/share/interfaces/cmake/interfaces__rosidl_typesupport_cExport-noconfig.cmake
[0.513s] -- Up-to-date: /home/henrik/ros_workspace/install/interfaces/share/interfaces/cmake/interfaces__rosidl_generator_cppExport.cmake
[0.513s] -- Up-to-date: /home/henrik/ros_workspace/install/interfaces/share/interfaces/cmake/interfaces__rosidl_typesupport_introspection_cppExport.cmake
[0.513s] -- Up-to-date: /home/henrik/ros_workspace/install/interfaces/share/interfaces/cmake/interfaces__rosidl_typesupport_introspection_cppExport-noconfig.cmake
[0.513s] -- Up-to-date: /home/henrik/ros_workspace/install/interfaces/share/interfaces/cmake/interfaces__rosidl_typesupport_cppExport.cmake
[0.513s] -- Up-to-date: /home/henrik/ros_workspace/install/interfaces/share/interfaces/cmake/interfaces__rosidl_typesupport_cppExport-noconfig.cmake
[0.513s] -- Up-to-date: /home/henrik/ros_workspace/install/interfaces/share/interfaces/cmake/rosidl_cmake-extras.cmake
[0.513s] -- Up-to-date: /home/henrik/ros_workspace/install/interfaces/share/interfaces/cmake/ament_cmake_export_dependencies-extras.cmake
[0.514s] -- Up-to-date: /home/henrik/ros_workspace/install/interfaces/share/interfaces/cmake/ament_cmake_export_libraries-extras.cmake
[0.514s] -- Up-to-date: /home/henrik/ros_workspace/install/interfaces/share/interfaces/cmake/ament_cmake_export_targets-extras.cmake
[0.514s] -- Up-to-date: /home/henrik/ros_workspace/install/interfaces/share/interfaces/cmake/ament_cmake_export_include_directories-extras.cmake
[0.514s] -- Up-to-date: /home/henrik/ros_workspace/install/interfaces/share/interfaces/cmake/rosidl_cmake_export_typesupport_libraries-extras.cmake
[0.515s] -- Up-to-date: /home/henrik/ros_workspace/install/interfaces/share/interfaces/cmake/rosidl_cmake_export_typesupport_targets-extras.cmake
[0.515s] -- Up-to-date: /home/henrik/ros_workspace/install/interfaces/share/interfaces/cmake/interfacesConfig.cmake
[0.515s] -- Up-to-date: /home/henrik/ros_workspace/install/interfaces/share/interfaces/cmake/interfacesConfig-version.cmake
[0.515s] -- Up-to-date: /home/henrik/ros_workspace/install/interfaces/share/interfaces/package.xml
[0.516s] Invoked command in '/home/henrik/MSP-Humanoid-IDA/ros_workspace/build/interfaces' returned '0': CMAKE_PREFIX_PATH=${CMAKE_PREFIX_PATH}:/opt/ros/foxy:/home/henrik/ros2_humble/install/rqt_bag_plugins:/home/henrik/ros2_humble/install/rqt_bag:/home/henrik/ros2_humble/install/ros2bag:/home/henrik/ros2_humble/install/tracetools_test:/home/henrik/ros2_humble/install/tracetools_launch:/home/henrik/ros2_humble/install/topic_monitor:/home/henrik/ros2_humble/install/tf2_tools:/home/henrik/ros2_humble/install/examples_tf2_py:/home/henrik/ros2_humble/install/tf2_ros_py:/home/henrik/ros2_humble/install/sros2:/home/henrik/ros2_humble/install/rqt_topic:/home/henrik/ros2_humble/install/rqt_srv:/home/henrik/ros2_humble/install/rqt_shell:/home/henrik/ros2_humble/install/rqt_service_caller:/home/henrik/ros2_humble/install/rqt_reconfigure:/home/henrik/ros2_humble/install/rqt_py_console:/home/henrik/ros2_humble/install/rqt_publisher:/home/henrik/ros2_humble/install/rqt_plot:/home/henrik/ros2_humble/install/rqt_action:/home/henrik/ros2_humble/install/rqt_msg:/home/henrik/ros2_humble/install/rqt_console:/home/henrik/ros2_humble/install/rqt:/home/henrik/ros2_humble/install/rqt_graph:/home/henrik/ros2_humble/install/rqt_gui_py:/home/henrik/ros2_humble/install/rqt_gui:/home/henrik/ros2_humble/install/ros2trace:/home/henrik/ros2_humble/install/ros2topic:/home/henrik/ros2_humble/install/ros2test:/home/henrik/ros2_humble/install/ros2component:/home/henrik/ros2_humble/install/ros2param:/home/henrik/ros2_humble/install/ros2lifecycle:/home/henrik/ros2_humble/install/ros2service:/home/henrik/ros2_humble/install/ros2run:/home/henrik/ros2_humble/install/ros2launch:/home/henrik/ros2_humble/install/ros2pkg:/home/henrik/ros2_humble/install/ros2node:/home/henrik/ros2_humble/install/ros2multicast:/home/henrik/ros2_humble/install/ros2interface:/home/henrik/ros2_humble/install/ros2doctor:/home/henrik/ros2_humble/install/ros2action:/home/henrik/ros2_humble/install/ros2cli:/home/henrik/ros2_humble/install/quality_of_service_demo_py:/home/henrik/ros2_humble/install/lifecycle_py:/home/henrik/ros2_humble/install/launch_testing_ros:/home/henrik/ros2_humble/install/launch_ros:/home/henrik/ros2_humble/install/examples_rclpy_pointcloud_publisher:/home/henrik/ros2_humble/install/examples_rclpy_minimal_subscriber:/home/henrik/ros2_humble/install/examples_rclpy_minimal_service:/home/henrik/ros2_humble/install/examples_rclpy_minimal_publisher:/home/henrik/ros2_humble/install/examples_rclpy_minimal_client:/home/henrik/ros2_humble/install/examples_rclpy_minimal_action_server:/home/henrik/ros2_humble/install/examples_rclpy_minimal_action_client:/home/henrik/ros2_humble/install/examples_rclpy_guard_conditions:/home/henrik/ros2_humble/install/examples_rclpy_executors:/home/henrik/ros2_humble/install/demo_nodes_py:/home/henrik/ros2_humble/install/action_tutorials_py:/home/henrik/ros2_humble/install/ament_uncrustify:/home/henrik/ros2_humble/install/tracetools_trace:/home/henrik/ros2_humble/install/tracetools_read:/home/henrik/ros2_humble/install/test_tracetools_launch:/home/henrik/ros2_humble/install/test_launch_ros:/home/henrik/ros2_humble/install/sensor_msgs_py:/home/henrik/ros2_humble/install/rpyutils:/home/henrik/ros2_humble/install/rosidl_runtime_py:/home/henrik/ros2_humble/install/rosidl_cli:/home/henrik/ros2_humble/install/launch_pytest:/home/henrik/ros2_humble/install/launch_testing:/home/henrik/ros2_humble/install/launch_yaml:/home/henrik/ros2_humble/install/launch_xml:/home/henrik/ros2_humble/install/launch:/home/henrik/ros2_humble/install/osrf_pycommon:/home/henrik/ros2_humble/install/launch_testing_examples:/home/henrik/ros2_humble/install/domain_coordinator:/home/henrik/ros2_humble/install/ament_xmllint:/home/henrik/ros2_humble/install/ament_pyflakes:/home/henrik/ros2_humble/install/ament_pycodestyle:/home/henrik/ros2_humble/install/ament_pep257:/home/henrik/ros2_humble/install/ament_pclint:/home/henrik/ros2_humble/install/ament_package:/home/henrik/ros2_humble/install/ament_mypy:/home/henrik/ros2_humble/install/ament_lint_cmake:/home/henrik/ros2_humble/install/ament_flake8:/home/henrik/ros2_humble/install/ament_copyright:/home/henrik/ros2_humble/install/ament_lint:/home/henrik/ros2_humble/install/ament_index_python:/home/henrik/ros2_humble/install/ament_cpplint:/home/henrik/ros2_humble/install/ament_cppcheck:/home/henrik/ros2_humble/install/ament_clang_tidy:/home/henrik/ros2_humble/install/ament_clang_format /usr/bin/cmake --install /home/henrik/MSP-Humanoid-IDA/ros_workspace/build/interfaces
