[0.862s] Invoking command in '/home/henrik/MSP-Humanoid-IDA/ros_workspace/src/brain_pkg': PYTHONPATH=/home/henrik/MSP-Humanoid-IDA/build/brain_pkg/prefix_override:/home/henrik/MSP-Humanoid-IDA/install/brain_pkg/lib/python3.8/site-packages:${PYTHONPATH} /usr/bin/python3 -W ignore:setup.py install is deprecated setup.py egg_info --egg-base ../../../build/brain_pkg build --build-base /home/henrik/MSP-Humanoid-IDA/build/brain_pkg/build install --record /home/henrik/MSP-Humanoid-IDA/build/brain_pkg/install.log --install-scripts $base/lib/brain_pkg --single-version-externally-managed install_data
[1.001s] running egg_info
[1.002s] creating ../../../build/brain_pkg/brain_pkg.egg-info
[1.002s] writing ../../../build/brain_pkg/brain_pkg.egg-info/PKG-INFO
[1.002s] writing dependency_links to ../../../build/brain_pkg/brain_pkg.egg-info/dependency_links.txt
[1.002s] writing entry points to ../../../build/brain_pkg/brain_pkg.egg-info/entry_points.txt
[1.002s] writing requirements to ../../../build/brain_pkg/brain_pkg.egg-info/requires.txt
[1.002s] writing top-level names to ../../../build/brain_pkg/brain_pkg.egg-info/top_level.txt
[1.003s] writing manifest file '../../../build/brain_pkg/brain_pkg.egg-info/SOURCES.txt'
[1.024s] reading manifest file '../../../build/brain_pkg/brain_pkg.egg-info/SOURCES.txt'
[1.025s] writing manifest file '../../../build/brain_pkg/brain_pkg.egg-info/SOURCES.txt'
[1.025s] running build
[1.025s] running build_py
[1.025s] creating /home/henrik/MSP-Humanoid-IDA/build/brain_pkg/build
[1.025s] creating /home/henrik/MSP-Humanoid-IDA/build/brain_pkg/build/lib
[1.025s] creating /home/henrik/MSP-Humanoid-IDA/build/brain_pkg/build/lib/brain_pkg
[1.025s] copying brain_pkg/__init__.py -> /home/henrik/MSP-Humanoid-IDA/build/brain_pkg/build/lib/brain_pkg
[1.025s] copying brain_pkg/brain_node.py -> /home/henrik/MSP-Humanoid-IDA/build/brain_pkg/build/lib/brain_pkg
[1.025s] copying brain_pkg/constants.py -> /home/henrik/MSP-Humanoid-IDA/build/brain_pkg/build/lib/brain_pkg
[1.025s] running install
[1.026s] running install_lib
[1.026s] creating /home/henrik/MSP-Humanoid-IDA/install/brain_pkg/lib/python3.8/site-packages/brain_pkg
[1.026s] copying /home/henrik/MSP-Humanoid-IDA/build/brain_pkg/build/lib/brain_pkg/__init__.py -> /home/henrik/MSP-Humanoid-IDA/install/brain_pkg/lib/python3.8/site-packages/brain_pkg
[1.026s] copying /home/henrik/MSP-Humanoid-IDA/build/brain_pkg/build/lib/brain_pkg/brain_node.py -> /home/henrik/MSP-Humanoid-IDA/install/brain_pkg/lib/python3.8/site-packages/brain_pkg
[1.026s] copying /home/henrik/MSP-Humanoid-IDA/build/brain_pkg/build/lib/brain_pkg/constants.py -> /home/henrik/MSP-Humanoid-IDA/install/brain_pkg/lib/python3.8/site-packages/brain_pkg
[1.027s] byte-compiling /home/henrik/MSP-Humanoid-IDA/install/brain_pkg/lib/python3.8/site-packages/brain_pkg/__init__.py to __init__.cpython-38.pyc
[1.027s] byte-compiling /home/henrik/MSP-Humanoid-IDA/install/brain_pkg/lib/python3.8/site-packages/brain_pkg/brain_node.py to brain_node.cpython-38.pyc
[1.028s] byte-compiling /home/henrik/MSP-Humanoid-IDA/install/brain_pkg/lib/python3.8/site-packages/brain_pkg/constants.py to constants.cpython-38.pyc
[1.028s] running install_data
[1.028s] creating /home/henrik/MSP-Humanoid-IDA/install/brain_pkg/share/ament_index
[1.028s] creating /home/henrik/MSP-Humanoid-IDA/install/brain_pkg/share/ament_index/resource_index
[1.028s] creating /home/henrik/MSP-Humanoid-IDA/install/brain_pkg/share/ament_index/resource_index/packages
[1.028s] copying resource/brain_pkg -> /home/henrik/MSP-Humanoid-IDA/install/brain_pkg/share/ament_index/resource_index/packages
[1.028s] copying package.xml -> /home/henrik/MSP-Humanoid-IDA/install/brain_pkg/share/brain_pkg
[1.028s] running install_egg_info
[1.029s] Copying ../../../build/brain_pkg/brain_pkg.egg-info to /home/henrik/MSP-Humanoid-IDA/install/brain_pkg/lib/python3.8/site-packages/brain_pkg-0.0.0-py3.8.egg-info
[1.030s] running install_scripts
[1.042s] Installing brain_node script to /home/henrik/MSP-Humanoid-IDA/install/brain_pkg/lib/brain_pkg
[1.042s] writing list of installed files to '/home/henrik/MSP-Humanoid-IDA/build/brain_pkg/install.log'
[1.058s] Invoked command in '/home/henrik/MSP-Humanoid-IDA/ros_workspace/src/brain_pkg' returned '0': PYTHONPATH=/home/henrik/MSP-Humanoid-IDA/build/brain_pkg/prefix_override:/home/henrik/MSP-Humanoid-IDA/install/brain_pkg/lib/python3.8/site-packages:${PYTHONPATH} /usr/bin/python3 -W ignore:setup.py install is deprecated setup.py egg_info --egg-base ../../../build/brain_pkg build --build-base /home/henrik/MSP-Humanoid-IDA/build/brain_pkg/build install --record /home/henrik/MSP-Humanoid-IDA/build/brain_pkg/install.log --install-scripts $base/lib/brain_pkg --single-version-externally-managed install_data
