[2.997s] DEBUG:colcon:Command line arguments: ['/usr/bin/colcon', 'list', '-p', '--base-paths', '/home/henrik/ros_workspace']
[2.997s] DEBUG:colcon:Parsed command line arguments: Namespace(allow_overriding=[], base_paths=['/home/henrik/ros_workspace'], build_base='build', ignore_user_meta=False, log_base=None, log_level=None, main=<bound method ListVerb.main of <colcon_package_information.verb.list.ListVerb object at 0x7f1b036fe820>>, metas=['./colcon.meta'], names_only=False, packages_above=None, packages_above_and_dependencies=None, packages_above_depth=None, packages_end=None, packages_ignore=None, packages_ignore_regex=None, packages_select=None, packages_select_build_failed=False, packages_select_by_dep=None, packages_select_regex=None, packages_select_test_failures=False, packages_skip=None, packages_skip_build_finished=False, packages_skip_by_dep=None, packages_skip_regex=None, packages_skip_test_passed=False, packages_skip_up_to=None, packages_start=None, packages_up_to=None, packages_up_to_regex=None, paths=None, paths_only=True, topological_graph=False, topological_graph_density=False, topological_graph_dot=False, topological_graph_dot_cluster=False, topological_graph_dot_include_skipped=False, topological_graph_legend=False, topological_order=False, verb_extension=<colcon_package_information.verb.list.ListVerb object at 0x7f1b036fe820>, verb_name='list', verb_parser=<colcon_defaults.argument_parser.defaults.DefaultArgumentsDecorator object at 0x7f1b033acf70>)
[3.123s] Level 1:colcon.colcon_core.package_discovery:discover_packages(colcon_meta) check parameters
[3.123s] Level 1:colcon.colcon_core.package_discovery:discover_packages(recursive) check parameters
[3.123s] Level 1:colcon.colcon_core.package_discovery:discover_packages(ignore) check parameters
[3.123s] Level 1:colcon.colcon_core.package_discovery:discover_packages(path) check parameters
[3.123s] Level 1:colcon.colcon_core.package_discovery:discover_packages(recursive) discover
[3.123s] INFO:colcon.colcon_core.package_discovery:Crawling recursively for packages in '/home/henrik/ros_workspace'
[3.123s] Level 1:colcon.colcon_core.package_identification:_identify(/home/henrik/ros_workspace) by extensions ['ignore', 'ignore_ament_install']
[3.123s] Level 1:colcon.colcon_core.package_identification:_identify(/home/henrik/ros_workspace) by extension 'ignore'
[3.123s] Level 1:colcon.colcon_core.package_identification:_identify(/home/henrik/ros_workspace) by extension 'ignore_ament_install'
[3.123s] Level 1:colcon.colcon_core.package_identification:_identify(/home/henrik/ros_workspace) by extensions ['colcon_pkg']
[3.123s] Level 1:colcon.colcon_core.package_identification:_identify(/home/henrik/ros_workspace) by extension 'colcon_pkg'
[3.123s] Level 1:colcon.colcon_core.package_identification:_identify(/home/henrik/ros_workspace) by extensions ['colcon_meta']
[3.123s] Level 1:colcon.colcon_core.package_identification:_identify(/home/henrik/ros_workspace) by extension 'colcon_meta'
[3.123s] Level 1:colcon.colcon_core.package_identification:_identify(/home/henrik/ros_workspace) by extensions ['ros']
[3.123s] Level 1:colcon.colcon_core.package_identification:_identify(/home/henrik/ros_workspace) by extension 'ros'
[3.130s] Level 1:colcon.colcon_core.package_identification:_identify(/home/henrik/ros_workspace) by extensions ['cmake', 'python']
[3.130s] Level 1:colcon.colcon_core.package_identification:_identify(/home/henrik/ros_workspace) by extension 'cmake'
[3.130s] Level 1:colcon.colcon_core.package_identification:_identify(/home/henrik/ros_workspace) by extension 'python'
[3.130s] Level 1:colcon.colcon_core.package_identification:_identify(/home/henrik/ros_workspace) by extensions ['python_setup_py']
[3.130s] Level 1:colcon.colcon_core.package_identification:_identify(/home/henrik/ros_workspace) by extension 'python_setup_py'
[3.130s] Level 1:colcon.colcon_core.package_identification:_identify(/home/henrik/ros_workspace/build) by extensions ['ignore', 'ignore_ament_install']
[3.130s] Level 1:colcon.colcon_core.package_identification:_identify(/home/henrik/ros_workspace/build) by extension 'ignore'
[3.130s] Level 1:colcon.colcon_core.package_identification:_identify(/home/henrik/ros_workspace/build) ignored
[3.130s] Level 1:colcon.colcon_core.package_identification:_identify(/home/henrik/ros_workspace/install) by extensions ['ignore', 'ignore_ament_install']
[3.130s] Level 1:colcon.colcon_core.package_identification:_identify(/home/henrik/ros_workspace/install) by extension 'ignore'
[3.130s] Level 1:colcon.colcon_core.package_identification:_identify(/home/henrik/ros_workspace/install) ignored
[3.130s] Level 1:colcon.colcon_core.package_identification:_identify(/home/henrik/ros_workspace/log) by extensions ['ignore', 'ignore_ament_install']
[3.130s] Level 1:colcon.colcon_core.package_identification:_identify(/home/henrik/ros_workspace/log) by extension 'ignore'
[3.130s] Level 1:colcon.colcon_core.package_identification:_identify(/home/henrik/ros_workspace/log) ignored
[3.130s] Level 1:colcon.colcon_core.package_identification:_identify(/home/henrik/ros_workspace/msg) by extensions ['ignore', 'ignore_ament_install']
[3.130s] Level 1:colcon.colcon_core.package_identification:_identify(/home/henrik/ros_workspace/msg) by extension 'ignore'
[3.130s] Level 1:colcon.colcon_core.package_identification:_identify(/home/henrik/ros_workspace/msg) by extension 'ignore_ament_install'
[3.130s] Level 1:colcon.colcon_core.package_identification:_identify(/home/henrik/ros_workspace/msg) by extensions ['colcon_pkg']
[3.130s] Level 1:colcon.colcon_core.package_identification:_identify(/home/henrik/ros_workspace/msg) by extension 'colcon_pkg'
[3.130s] Level 1:colcon.colcon_core.package_identification:_identify(/home/henrik/ros_workspace/msg) by extensions ['colcon_meta']
[3.130s] Level 1:colcon.colcon_core.package_identification:_identify(/home/henrik/ros_workspace/msg) by extension 'colcon_meta'
[3.131s] Level 1:colcon.colcon_core.package_identification:_identify(/home/henrik/ros_workspace/msg) by extensions ['ros']
[3.131s] Level 1:colcon.colcon_core.package_identification:_identify(/home/henrik/ros_workspace/msg) by extension 'ros'
[3.131s] Level 1:colcon.colcon_core.package_identification:_identify(/home/henrik/ros_workspace/msg) by extensions ['cmake', 'python']
[3.131s] Level 1:colcon.colcon_core.package_identification:_identify(/home/henrik/ros_workspace/msg) by extension 'cmake'
[3.131s] Level 1:colcon.colcon_core.package_identification:_identify(/home/henrik/ros_workspace/msg) by extension 'python'
[3.131s] Level 1:colcon.colcon_core.package_identification:_identify(/home/henrik/ros_workspace/msg) by extensions ['python_setup_py']
[3.131s] Level 1:colcon.colcon_core.package_identification:_identify(/home/henrik/ros_workspace/msg) by extension 'python_setup_py'
[3.131s] Level 1:colcon.colcon_core.package_identification:_identify(/home/henrik/ros_workspace/src) by extensions ['ignore', 'ignore_ament_install']
[3.131s] Level 1:colcon.colcon_core.package_identification:_identify(/home/henrik/ros_workspace/src) by extension 'ignore'
[3.131s] Level 1:colcon.colcon_core.package_identification:_identify(/home/henrik/ros_workspace/src) by extension 'ignore_ament_install'
[3.131s] Level 1:colcon.colcon_core.package_identification:_identify(/home/henrik/ros_workspace/src) by extensions ['colcon_pkg']
[3.131s] Level 1:colcon.colcon_core.package_identification:_identify(/home/henrik/ros_workspace/src) by extension 'colcon_pkg'
[3.131s] Level 1:colcon.colcon_core.package_identification:_identify(/home/henrik/ros_workspace/src) by extensions ['colcon_meta']
[3.131s] Level 1:colcon.colcon_core.package_identification:_identify(/home/henrik/ros_workspace/src) by extension 'colcon_meta'
[3.131s] Level 1:colcon.colcon_core.package_identification:_identify(/home/henrik/ros_workspace/src) by extensions ['ros']
[3.131s] Level 1:colcon.colcon_core.package_identification:_identify(/home/henrik/ros_workspace/src) by extension 'ros'
[3.131s] Level 1:colcon.colcon_core.package_identification:_identify(/home/henrik/ros_workspace/src) by extensions ['cmake', 'python']
[3.131s] Level 1:colcon.colcon_core.package_identification:_identify(/home/henrik/ros_workspace/src) by extension 'cmake'
[3.131s] Level 1:colcon.colcon_core.package_identification:_identify(/home/henrik/ros_workspace/src) by extension 'python'
[3.131s] Level 1:colcon.colcon_core.package_identification:_identify(/home/henrik/ros_workspace/src) by extensions ['python_setup_py']
[3.131s] Level 1:colcon.colcon_core.package_identification:_identify(/home/henrik/ros_workspace/src) by extension 'python_setup_py'
[3.131s] Level 1:colcon.colcon_core.package_identification:_identify(/home/henrik/ros_workspace/src/build) by extensions ['ignore', 'ignore_ament_install']
[3.131s] Level 1:colcon.colcon_core.package_identification:_identify(/home/henrik/ros_workspace/src/build) by extension 'ignore'
[3.131s] Level 1:colcon.colcon_core.package_identification:_identify(/home/henrik/ros_workspace/src/build) ignored
[3.131s] Level 1:colcon.colcon_core.package_identification:_identify(/home/henrik/ros_workspace/src/camera_pkg) by extensions ['ignore', 'ignore_ament_install']
[3.131s] Level 1:colcon.colcon_core.package_identification:_identify(/home/henrik/ros_workspace/src/camera_pkg) by extension 'ignore'
[3.131s] Level 1:colcon.colcon_core.package_identification:_identify(/home/henrik/ros_workspace/src/camera_pkg) by extension 'ignore_ament_install'
[3.131s] Level 1:colcon.colcon_core.package_identification:_identify(/home/henrik/ros_workspace/src/camera_pkg) by extensions ['colcon_pkg']
[3.131s] Level 1:colcon.colcon_core.package_identification:_identify(/home/henrik/ros_workspace/src/camera_pkg) by extension 'colcon_pkg'
[3.131s] Level 1:colcon.colcon_core.package_identification:_identify(/home/henrik/ros_workspace/src/camera_pkg) by extensions ['colcon_meta']
[3.131s] Level 1:colcon.colcon_core.package_identification:_identify(/home/henrik/ros_workspace/src/camera_pkg) by extension 'colcon_meta'
[3.131s] Level 1:colcon.colcon_core.package_identification:_identify(/home/henrik/ros_workspace/src/camera_pkg) by extensions ['ros']
[3.131s] Level 1:colcon.colcon_core.package_identification:_identify(/home/henrik/ros_workspace/src/camera_pkg) by extension 'ros'
[3.133s] DEBUG:colcon.colcon_core.package_identification:Package '/home/henrik/ros_workspace/src/camera_pkg' with type 'ros.ament_python' and name 'camera_pkg'
[3.133s] Level 1:colcon.colcon_core.package_identification:_identify(/home/henrik/ros_workspace/src/install) by extensions ['ignore', 'ignore_ament_install']
[3.133s] Level 1:colcon.colcon_core.package_identification:_identify(/home/henrik/ros_workspace/src/install) by extension 'ignore'
[3.133s] Level 1:colcon.colcon_core.package_identification:_identify(/home/henrik/ros_workspace/src/install) ignored
[3.133s] Level 1:colcon.colcon_core.package_identification:_identify(/home/henrik/ros_workspace/src/interfaces) by extensions ['ignore', 'ignore_ament_install']
[3.133s] Level 1:colcon.colcon_core.package_identification:_identify(/home/henrik/ros_workspace/src/interfaces) by extension 'ignore'
[3.133s] Level 1:colcon.colcon_core.package_identification:_identify(/home/henrik/ros_workspace/src/interfaces) by extension 'ignore_ament_install'
[3.133s] Level 1:colcon.colcon_core.package_identification:_identify(/home/henrik/ros_workspace/src/interfaces) by extensions ['colcon_pkg']
[3.133s] Level 1:colcon.colcon_core.package_identification:_identify(/home/henrik/ros_workspace/src/interfaces) by extension 'colcon_pkg'
[3.133s] Level 1:colcon.colcon_core.package_identification:_identify(/home/henrik/ros_workspace/src/interfaces) by extensions ['colcon_meta']
[3.133s] Level 1:colcon.colcon_core.package_identification:_identify(/home/henrik/ros_workspace/src/interfaces) by extension 'colcon_meta'
[3.133s] Level 1:colcon.colcon_core.package_identification:_identify(/home/henrik/ros_workspace/src/interfaces) by extensions ['ros']
[3.133s] Level 1:colcon.colcon_core.package_identification:_identify(/home/henrik/ros_workspace/src/interfaces) by extension 'ros'
[3.133s] DEBUG:colcon.colcon_core.package_identification:Package '/home/henrik/ros_workspace/src/interfaces' with type 'ros.ament_cmake' and name 'interfaces'
[3.133s] Level 1:colcon.colcon_core.package_identification:_identify(/home/henrik/ros_workspace/src/log) by extensions ['ignore', 'ignore_ament_install']
[3.133s] Level 1:colcon.colcon_core.package_identification:_identify(/home/henrik/ros_workspace/src/log) by extension 'ignore'
[3.133s] Level 1:colcon.colcon_core.package_identification:_identify(/home/henrik/ros_workspace/src/log) ignored
[3.133s] Level 1:colcon.colcon_core.package_identification:_identify(/home/henrik/ros_workspace/src/mic_pkg) by extensions ['ignore', 'ignore_ament_install']
[3.134s] Level 1:colcon.colcon_core.package_identification:_identify(/home/henrik/ros_workspace/src/mic_pkg) by extension 'ignore'
[3.134s] Level 1:colcon.colcon_core.package_identification:_identify(/home/henrik/ros_workspace/src/mic_pkg) by extension 'ignore_ament_install'
[3.134s] Level 1:colcon.colcon_core.package_identification:_identify(/home/henrik/ros_workspace/src/mic_pkg) by extensions ['colcon_pkg']
[3.134s] Level 1:colcon.colcon_core.package_identification:_identify(/home/henrik/ros_workspace/src/mic_pkg) by extension 'colcon_pkg'
[3.134s] Level 1:colcon.colcon_core.package_identification:_identify(/home/henrik/ros_workspace/src/mic_pkg) by extensions ['colcon_meta']
[3.134s] Level 1:colcon.colcon_core.package_identification:_identify(/home/henrik/ros_workspace/src/mic_pkg) by extension 'colcon_meta'
[3.134s] Level 1:colcon.colcon_core.package_identification:_identify(/home/henrik/ros_workspace/src/mic_pkg) by extensions ['ros']
[3.134s] Level 1:colcon.colcon_core.package_identification:_identify(/home/henrik/ros_workspace/src/mic_pkg) by extension 'ros'
[3.134s] DEBUG:colcon.colcon_core.package_identification:Package '/home/henrik/ros_workspace/src/mic_pkg' with type 'ros.ament_python' and name 'mic_pkg'
[3.134s] Level 1:colcon.colcon_core.package_identification:_identify(/home/henrik/ros_workspace/src/motion_control_pkg) by extensions ['ignore', 'ignore_ament_install']
[3.134s] Level 1:colcon.colcon_core.package_identification:_identify(/home/henrik/ros_workspace/src/motion_control_pkg) by extension 'ignore'
[3.134s] Level 1:colcon.colcon_core.package_identification:_identify(/home/henrik/ros_workspace/src/motion_control_pkg) by extension 'ignore_ament_install'
[3.134s] Level 1:colcon.colcon_core.package_identification:_identify(/home/henrik/ros_workspace/src/motion_control_pkg) by extensions ['colcon_pkg']
[3.134s] Level 1:colcon.colcon_core.package_identification:_identify(/home/henrik/ros_workspace/src/motion_control_pkg) by extension 'colcon_pkg'
[3.134s] Level 1:colcon.colcon_core.package_identification:_identify(/home/henrik/ros_workspace/src/motion_control_pkg) by extensions ['colcon_meta']
[3.134s] Level 1:colcon.colcon_core.package_identification:_identify(/home/henrik/ros_workspace/src/motion_control_pkg) by extension 'colcon_meta'
[3.134s] Level 1:colcon.colcon_core.package_identification:_identify(/home/henrik/ros_workspace/src/motion_control_pkg) by extensions ['ros']
[3.134s] Level 1:colcon.colcon_core.package_identification:_identify(/home/henrik/ros_workspace/src/motion_control_pkg) by extension 'ros'
[3.135s] DEBUG:colcon.colcon_core.package_identification:Package '/home/henrik/ros_workspace/src/motion_control_pkg' with type 'ros.ament_python' and name 'motion_control_pkg'
[3.135s] Level 1:colcon.colcon_core.package_discovery:discover_packages(recursive) using defaults
