[0.107s] DEBUG:colcon:Command line arguments: ['/usr/bin/colcon', 'build']
[0.107s] DEBUG:colcon:Parsed command line arguments: Namespace(allow_overriding=[], ament_cmake_args=None, base_paths=['.'], build_base='build', catkin_cmake_args=None, catkin_skip_building_tests=False, cmake_args=None, cmake_clean_cache=False, cmake_clean_first=False, cmake_force_configure=False, cmake_target=None, cmake_target_skip_unavailable=False, continue_on_error=False, event_handlers=None, executor='parallel', ignore_user_meta=False, install_base='install', log_base=None, log_level=None, main=<bound method BuildVerb.main of <colcon_core.verb.build.BuildVerb object at 0x7fa85d1ce3d0>>, merge_install=False, metas=['./colcon.meta'], packages_above=None, packages_above_and_dependencies=None, packages_above_depth=None, packages_end=None, packages_ignore=None, packages_ignore_regex=None, packages_select=None, packages_select_build_failed=False, packages_select_by_dep=None, packages_select_regex=None, packages_select_test_failures=False, packages_skip=None, packages_skip_build_finished=False, packages_skip_by_dep=None, packages_skip_regex=None, packages_skip_test_passed=False, packages_skip_up_to=None, packages_start=None, packages_up_to=None, packages_up_to_regex=None, parallel_workers=20, paths=None, symlink_install=False, test_result_base=None, verb_extension=<colcon_core.verb.build.BuildVerb object at 0x7fa85d1ce3d0>, verb_name='build', verb_parser=<colcon_defaults.argument_parser.defaults.DefaultArgumentsDecorator object at 0x7fa85d04ca60>)
[0.186s] Level 1:colcon.colcon_core.package_discovery:discover_packages(colcon_meta) check parameters
[0.186s] Level 1:colcon.colcon_core.package_discovery:discover_packages(recursive) check parameters
[0.186s] Level 1:colcon.colcon_core.package_discovery:discover_packages(ignore) check parameters
[0.186s] Level 1:colcon.colcon_core.package_discovery:discover_packages(path) check parameters
[0.186s] Level 1:colcon.colcon_core.package_discovery:discover_packages(colcon_meta) discover
[0.186s] Level 1:colcon.colcon_core.package_discovery:discover_packages(recursive) discover
[0.186s] INFO:colcon.colcon_core.package_discovery:Crawling recursively for packages in '/home/henrik/MSP-Humanoid-IDA'
[0.186s] Level 1:colcon.colcon_core.package_identification:_identify(.) by extensions ['ignore', 'ignore_ament_install']
[0.187s] Level 1:colcon.colcon_core.package_identification:_identify(.) by extension 'ignore'
[0.187s] Level 1:colcon.colcon_core.package_identification:_identify(.) by extension 'ignore_ament_install'
[0.187s] Level 1:colcon.colcon_core.package_identification:_identify(.) by extensions ['colcon_pkg']
[0.187s] Level 1:colcon.colcon_core.package_identification:_identify(.) by extension 'colcon_pkg'
[0.187s] Level 1:colcon.colcon_core.package_identification:_identify(.) by extensions ['colcon_meta']
[0.187s] Level 1:colcon.colcon_core.package_identification:_identify(.) by extension 'colcon_meta'
[0.187s] Level 1:colcon.colcon_core.package_identification:_identify(.) by extensions ['ros']
[0.187s] Level 1:colcon.colcon_core.package_identification:_identify(.) by extension 'ros'
[0.193s] Level 1:colcon.colcon_core.package_identification:_identify(.) by extensions ['cmake', 'python']
[0.193s] Level 1:colcon.colcon_core.package_identification:_identify(.) by extension 'cmake'
[0.193s] Level 1:colcon.colcon_core.package_identification:_identify(.) by extension 'python'
[0.193s] Level 1:colcon.colcon_core.package_identification:_identify(.) by extensions ['python_setup_py']
[0.193s] Level 1:colcon.colcon_core.package_identification:_identify(.) by extension 'python_setup_py'
[0.193s] Level 1:colcon.colcon_core.package_identification:_identify(build) by extensions ['ignore', 'ignore_ament_install']
[0.193s] Level 1:colcon.colcon_core.package_identification:_identify(build) by extension 'ignore'
[0.193s] Level 1:colcon.colcon_core.package_identification:_identify(build) ignored
[0.193s] Level 1:colcon.colcon_core.package_identification:_identify(install) by extensions ['ignore', 'ignore_ament_install']
[0.193s] Level 1:colcon.colcon_core.package_identification:_identify(install) by extension 'ignore'
[0.193s] Level 1:colcon.colcon_core.package_identification:_identify(install) ignored
[0.193s] Level 1:colcon.colcon_core.package_identification:_identify(log) by extensions ['ignore', 'ignore_ament_install']
[0.193s] Level 1:colcon.colcon_core.package_identification:_identify(log) by extension 'ignore'
[0.193s] Level 1:colcon.colcon_core.package_identification:_identify(log) ignored
[0.193s] Level 1:colcon.colcon_core.package_identification:_identify(ros_workspace) by extensions ['ignore', 'ignore_ament_install']
[0.193s] Level 1:colcon.colcon_core.package_identification:_identify(ros_workspace) by extension 'ignore'
[0.193s] Level 1:colcon.colcon_core.package_identification:_identify(ros_workspace) by extension 'ignore_ament_install'
[0.193s] Level 1:colcon.colcon_core.package_identification:_identify(ros_workspace) by extensions ['colcon_pkg']
[0.193s] Level 1:colcon.colcon_core.package_identification:_identify(ros_workspace) by extension 'colcon_pkg'
[0.193s] Level 1:colcon.colcon_core.package_identification:_identify(ros_workspace) by extensions ['colcon_meta']
[0.193s] Level 1:colcon.colcon_core.package_identification:_identify(ros_workspace) by extension 'colcon_meta'
[0.193s] Level 1:colcon.colcon_core.package_identification:_identify(ros_workspace) by extensions ['ros']
[0.193s] Level 1:colcon.colcon_core.package_identification:_identify(ros_workspace) by extension 'ros'
[0.193s] Level 1:colcon.colcon_core.package_identification:_identify(ros_workspace) by extensions ['cmake', 'python']
[0.193s] Level 1:colcon.colcon_core.package_identification:_identify(ros_workspace) by extension 'cmake'
[0.193s] Level 1:colcon.colcon_core.package_identification:_identify(ros_workspace) by extension 'python'
[0.193s] Level 1:colcon.colcon_core.package_identification:_identify(ros_workspace) by extensions ['python_setup_py']
[0.193s] Level 1:colcon.colcon_core.package_identification:_identify(ros_workspace) by extension 'python_setup_py'
[0.193s] Level 1:colcon.colcon_core.package_identification:_identify(ros_workspace/build) by extensions ['ignore', 'ignore_ament_install']
[0.194s] Level 1:colcon.colcon_core.package_identification:_identify(ros_workspace/build) by extension 'ignore'
[0.194s] Level 1:colcon.colcon_core.package_identification:_identify(ros_workspace/build) ignored
[0.194s] Level 1:colcon.colcon_core.package_identification:_identify(ros_workspace/install) by extensions ['ignore', 'ignore_ament_install']
[0.194s] Level 1:colcon.colcon_core.package_identification:_identify(ros_workspace/install) by extension 'ignore'
[0.194s] Level 1:colcon.colcon_core.package_identification:_identify(ros_workspace/install) ignored
[0.194s] Level 1:colcon.colcon_core.package_identification:_identify(ros_workspace/log) by extensions ['ignore', 'ignore_ament_install']
[0.194s] Level 1:colcon.colcon_core.package_identification:_identify(ros_workspace/log) by extension 'ignore'
[0.194s] Level 1:colcon.colcon_core.package_identification:_identify(ros_workspace/log) ignored
[0.194s] Level 1:colcon.colcon_core.package_identification:_identify(ros_workspace/msg) by extensions ['ignore', 'ignore_ament_install']
[0.194s] Level 1:colcon.colcon_core.package_identification:_identify(ros_workspace/msg) by extension 'ignore'
[0.194s] Level 1:colcon.colcon_core.package_identification:_identify(ros_workspace/msg) by extension 'ignore_ament_install'
[0.194s] Level 1:colcon.colcon_core.package_identification:_identify(ros_workspace/msg) by extensions ['colcon_pkg']
[0.194s] Level 1:colcon.colcon_core.package_identification:_identify(ros_workspace/msg) by extension 'colcon_pkg'
[0.194s] Level 1:colcon.colcon_core.package_identification:_identify(ros_workspace/msg) by extensions ['colcon_meta']
[0.194s] Level 1:colcon.colcon_core.package_identification:_identify(ros_workspace/msg) by extension 'colcon_meta'
[0.194s] Level 1:colcon.colcon_core.package_identification:_identify(ros_workspace/msg) by extensions ['ros']
[0.194s] Level 1:colcon.colcon_core.package_identification:_identify(ros_workspace/msg) by extension 'ros'
[0.194s] Level 1:colcon.colcon_core.package_identification:_identify(ros_workspace/msg) by extensions ['cmake', 'python']
[0.194s] Level 1:colcon.colcon_core.package_identification:_identify(ros_workspace/msg) by extension 'cmake'
[0.194s] Level 1:colcon.colcon_core.package_identification:_identify(ros_workspace/msg) by extension 'python'
[0.194s] Level 1:colcon.colcon_core.package_identification:_identify(ros_workspace/msg) by extensions ['python_setup_py']
[0.194s] Level 1:colcon.colcon_core.package_identification:_identify(ros_workspace/msg) by extension 'python_setup_py'
[0.194s] Level 1:colcon.colcon_core.package_identification:_identify(ros_workspace/src) by extensions ['ignore', 'ignore_ament_install']
[0.194s] Level 1:colcon.colcon_core.package_identification:_identify(ros_workspace/src) by extension 'ignore'
[0.194s] Level 1:colcon.colcon_core.package_identification:_identify(ros_workspace/src) by extension 'ignore_ament_install'
[0.194s] Level 1:colcon.colcon_core.package_identification:_identify(ros_workspace/src) by extensions ['colcon_pkg']
[0.194s] Level 1:colcon.colcon_core.package_identification:_identify(ros_workspace/src) by extension 'colcon_pkg'
[0.194s] Level 1:colcon.colcon_core.package_identification:_identify(ros_workspace/src) by extensions ['colcon_meta']
[0.194s] Level 1:colcon.colcon_core.package_identification:_identify(ros_workspace/src) by extension 'colcon_meta'
[0.194s] Level 1:colcon.colcon_core.package_identification:_identify(ros_workspace/src) by extensions ['ros']
[0.194s] Level 1:colcon.colcon_core.package_identification:_identify(ros_workspace/src) by extension 'ros'
[0.194s] Level 1:colcon.colcon_core.package_identification:_identify(ros_workspace/src) by extensions ['cmake', 'python']
[0.194s] Level 1:colcon.colcon_core.package_identification:_identify(ros_workspace/src) by extension 'cmake'
[0.194s] Level 1:colcon.colcon_core.package_identification:_identify(ros_workspace/src) by extension 'python'
[0.194s] Level 1:colcon.colcon_core.package_identification:_identify(ros_workspace/src) by extensions ['python_setup_py']
[0.194s] Level 1:colcon.colcon_core.package_identification:_identify(ros_workspace/src) by extension 'python_setup_py'
[0.194s] Level 1:colcon.colcon_core.package_identification:_identify(ros_workspace/src/build) by extensions ['ignore', 'ignore_ament_install']
[0.194s] Level 1:colcon.colcon_core.package_identification:_identify(ros_workspace/src/build) by extension 'ignore'
[0.194s] Level 1:colcon.colcon_core.package_identification:_identify(ros_workspace/src/build) ignored
[0.195s] Level 1:colcon.colcon_core.package_identification:_identify(ros_workspace/src/camera_pkg) by extensions ['ignore', 'ignore_ament_install']
[0.195s] Level 1:colcon.colcon_core.package_identification:_identify(ros_workspace/src/camera_pkg) by extension 'ignore'
[0.195s] Level 1:colcon.colcon_core.package_identification:_identify(ros_workspace/src/camera_pkg) by extension 'ignore_ament_install'
[0.195s] Level 1:colcon.colcon_core.package_identification:_identify(ros_workspace/src/camera_pkg) by extensions ['colcon_pkg']
[0.195s] Level 1:colcon.colcon_core.package_identification:_identify(ros_workspace/src/camera_pkg) by extension 'colcon_pkg'
[0.195s] Level 1:colcon.colcon_core.package_identification:_identify(ros_workspace/src/camera_pkg) by extensions ['colcon_meta']
[0.195s] Level 1:colcon.colcon_core.package_identification:_identify(ros_workspace/src/camera_pkg) by extension 'colcon_meta'
[0.195s] Level 1:colcon.colcon_core.package_identification:_identify(ros_workspace/src/camera_pkg) by extensions ['ros']
[0.195s] Level 1:colcon.colcon_core.package_identification:_identify(ros_workspace/src/camera_pkg) by extension 'ros'
[0.196s] DEBUG:colcon.colcon_core.package_identification:Package 'ros_workspace/src/camera_pkg' with type 'ros.ament_python' and name 'camera_pkg'
[0.196s] Level 1:colcon.colcon_core.package_identification:_identify(ros_workspace/src/install) by extensions ['ignore', 'ignore_ament_install']
[0.196s] Level 1:colcon.colcon_core.package_identification:_identify(ros_workspace/src/install) by extension 'ignore'
[0.196s] Level 1:colcon.colcon_core.package_identification:_identify(ros_workspace/src/install) ignored
[0.196s] Level 1:colcon.colcon_core.package_identification:_identify(ros_workspace/src/interfaces) by extensions ['ignore', 'ignore_ament_install']
[0.196s] Level 1:colcon.colcon_core.package_identification:_identify(ros_workspace/src/interfaces) by extension 'ignore'
[0.196s] Level 1:colcon.colcon_core.package_identification:_identify(ros_workspace/src/interfaces) by extension 'ignore_ament_install'
[0.196s] Level 1:colcon.colcon_core.package_identification:_identify(ros_workspace/src/interfaces) by extensions ['colcon_pkg']
[0.196s] Level 1:colcon.colcon_core.package_identification:_identify(ros_workspace/src/interfaces) by extension 'colcon_pkg'
[0.196s] Level 1:colcon.colcon_core.package_identification:_identify(ros_workspace/src/interfaces) by extensions ['colcon_meta']
[0.196s] Level 1:colcon.colcon_core.package_identification:_identify(ros_workspace/src/interfaces) by extension 'colcon_meta'
[0.196s] Level 1:colcon.colcon_core.package_identification:_identify(ros_workspace/src/interfaces) by extensions ['ros']
[0.196s] Level 1:colcon.colcon_core.package_identification:_identify(ros_workspace/src/interfaces) by extension 'ros'
[0.197s] DEBUG:colcon.colcon_core.package_identification:Package 'ros_workspace/src/interfaces' with type 'ros.ament_cmake' and name 'interfaces'
[0.197s] Level 1:colcon.colcon_core.package_identification:_identify(ros_workspace/src/log) by extensions ['ignore', 'ignore_ament_install']
[0.197s] Level 1:colcon.colcon_core.package_identification:_identify(ros_workspace/src/log) by extension 'ignore'
[0.197s] Level 1:colcon.colcon_core.package_identification:_identify(ros_workspace/src/log) ignored
[0.197s] Level 1:colcon.colcon_core.package_identification:_identify(ros_workspace/src/mic_pkg) by extensions ['ignore', 'ignore_ament_install']
[0.197s] Level 1:colcon.colcon_core.package_identification:_identify(ros_workspace/src/mic_pkg) by extension 'ignore'
[0.197s] Level 1:colcon.colcon_core.package_identification:_identify(ros_workspace/src/mic_pkg) by extension 'ignore_ament_install'
[0.197s] Level 1:colcon.colcon_core.package_identification:_identify(ros_workspace/src/mic_pkg) by extensions ['colcon_pkg']
[0.197s] Level 1:colcon.colcon_core.package_identification:_identify(ros_workspace/src/mic_pkg) by extension 'colcon_pkg'
[0.197s] Level 1:colcon.colcon_core.package_identification:_identify(ros_workspace/src/mic_pkg) by extensions ['colcon_meta']
[0.197s] Level 1:colcon.colcon_core.package_identification:_identify(ros_workspace/src/mic_pkg) by extension 'colcon_meta'
[0.197s] Level 1:colcon.colcon_core.package_identification:_identify(ros_workspace/src/mic_pkg) by extensions ['ros']
[0.197s] Level 1:colcon.colcon_core.package_identification:_identify(ros_workspace/src/mic_pkg) by extension 'ros'
[0.198s] DEBUG:colcon.colcon_core.package_identification:Package 'ros_workspace/src/mic_pkg' with type 'ros.ament_python' and name 'mic_pkg'
[0.198s] Level 1:colcon.colcon_core.package_identification:_identify(ros_workspace/src/motion_control_pkg) by extensions ['ignore', 'ignore_ament_install']
[0.198s] Level 1:colcon.colcon_core.package_identification:_identify(ros_workspace/src/motion_control_pkg) by extension 'ignore'
[0.198s] Level 1:colcon.colcon_core.package_identification:_identify(ros_workspace/src/motion_control_pkg) by extension 'ignore_ament_install'
[0.198s] Level 1:colcon.colcon_core.package_identification:_identify(ros_workspace/src/motion_control_pkg) by extensions ['colcon_pkg']
[0.198s] Level 1:colcon.colcon_core.package_identification:_identify(ros_workspace/src/motion_control_pkg) by extension 'colcon_pkg'
[0.198s] Level 1:colcon.colcon_core.package_identification:_identify(ros_workspace/src/motion_control_pkg) by extensions ['colcon_meta']
[0.198s] Level 1:colcon.colcon_core.package_identification:_identify(ros_workspace/src/motion_control_pkg) by extension 'colcon_meta'
[0.198s] Level 1:colcon.colcon_core.package_identification:_identify(ros_workspace/src/motion_control_pkg) by extensions ['ros']
[0.198s] Level 1:colcon.colcon_core.package_identification:_identify(ros_workspace/src/motion_control_pkg) by extension 'ros'
[0.198s] DEBUG:colcon.colcon_core.package_identification:Package 'ros_workspace/src/motion_control_pkg' with type 'ros.ament_python' and name 'motion_control_pkg'
[0.198s] Level 1:colcon.colcon_core.package_discovery:discover_packages(recursive) using defaults
[0.198s] Level 1:colcon.colcon_core.package_discovery:discover_packages(ignore) discover
[0.198s] Level 1:colcon.colcon_core.package_discovery:discover_packages(ignore) using defaults
[0.198s] Level 1:colcon.colcon_core.package_discovery:discover_packages(path) discover
[0.198s] Level 1:colcon.colcon_core.package_discovery:discover_packages(path) using defaults
[0.212s] Level 1:colcon.colcon_core.package_discovery:discover_packages(prefix_path) check parameters
[0.213s] Level 1:colcon.colcon_core.package_discovery:discover_packages(prefix_path) discover
[0.213s] DEBUG:colcon.colcon_installed_package_information.package_discovery:Found 5 installed packages in /home/henrik/MSP-Humanoid-IDA/ros_workspace/install
[0.214s] DEBUG:colcon.colcon_installed_package_information.package_discovery:Found 282 installed packages in /opt/ros/foxy
[0.215s] Level 1:colcon.colcon_core.package_discovery:discover_packages(prefix_path) using defaults
[0.242s] Level 5:colcon.colcon_core.verb:set package 'camera_pkg' build argument 'cmake_args' from command line to 'None'
[0.242s] Level 5:colcon.colcon_core.verb:set package 'camera_pkg' build argument 'cmake_target' from command line to 'None'
[0.242s] Level 5:colcon.colcon_core.verb:set package 'camera_pkg' build argument 'cmake_target_skip_unavailable' from command line to 'False'
[0.242s] Level 5:colcon.colcon_core.verb:set package 'camera_pkg' build argument 'cmake_clean_cache' from command line to 'False'
[0.242s] Level 5:colcon.colcon_core.verb:set package 'camera_pkg' build argument 'cmake_clean_first' from command line to 'False'
[0.242s] Level 5:colcon.colcon_core.verb:set package 'camera_pkg' build argument 'cmake_force_configure' from command line to 'False'
[0.242s] Level 5:colcon.colcon_core.verb:set package 'camera_pkg' build argument 'ament_cmake_args' from command line to 'None'
[0.242s] Level 5:colcon.colcon_core.verb:set package 'camera_pkg' build argument 'catkin_cmake_args' from command line to 'None'
[0.242s] Level 5:colcon.colcon_core.verb:set package 'camera_pkg' build argument 'catkin_skip_building_tests' from command line to 'False'
[0.242s] DEBUG:colcon.colcon_core.verb:Building package 'camera_pkg' with the following arguments: {'ament_cmake_args': None, 'build_base': '/home/henrik/MSP-Humanoid-IDA/build/camera_pkg', 'catkin_cmake_args': None, 'catkin_skip_building_tests': False, 'cmake_args': None, 'cmake_clean_cache': False, 'cmake_clean_first': False, 'cmake_force_configure': False, 'cmake_target': None, 'cmake_target_skip_unavailable': False, 'install_base': '/home/henrik/MSP-Humanoid-IDA/install/camera_pkg', 'merge_install': False, 'path': '/home/henrik/MSP-Humanoid-IDA/ros_workspace/src/camera_pkg', 'symlink_install': False, 'test_result_base': None}
[0.242s] Level 5:colcon.colcon_core.verb:set package 'interfaces' build argument 'cmake_args' from command line to 'None'
[0.242s] Level 5:colcon.colcon_core.verb:set package 'interfaces' build argument 'cmake_target' from command line to 'None'
[0.242s] Level 5:colcon.colcon_core.verb:set package 'interfaces' build argument 'cmake_target_skip_unavailable' from command line to 'False'
[0.242s] Level 5:colcon.colcon_core.verb:set package 'interfaces' build argument 'cmake_clean_cache' from command line to 'False'
[0.242s] Level 5:colcon.colcon_core.verb:set package 'interfaces' build argument 'cmake_clean_first' from command line to 'False'
[0.242s] Level 5:colcon.colcon_core.verb:set package 'interfaces' build argument 'cmake_force_configure' from command line to 'False'
[0.242s] Level 5:colcon.colcon_core.verb:set package 'interfaces' build argument 'ament_cmake_args' from command line to 'None'
[0.242s] Level 5:colcon.colcon_core.verb:set package 'interfaces' build argument 'catkin_cmake_args' from command line to 'None'
[0.242s] Level 5:colcon.colcon_core.verb:set package 'interfaces' build argument 'catkin_skip_building_tests' from command line to 'False'
[0.242s] DEBUG:colcon.colcon_core.verb:Building package 'interfaces' with the following arguments: {'ament_cmake_args': None, 'build_base': '/home/henrik/MSP-Humanoid-IDA/build/interfaces', 'catkin_cmake_args': None, 'catkin_skip_building_tests': False, 'cmake_args': None, 'cmake_clean_cache': False, 'cmake_clean_first': False, 'cmake_force_configure': False, 'cmake_target': None, 'cmake_target_skip_unavailable': False, 'install_base': '/home/henrik/MSP-Humanoid-IDA/install/interfaces', 'merge_install': False, 'path': '/home/henrik/MSP-Humanoid-IDA/ros_workspace/src/interfaces', 'symlink_install': False, 'test_result_base': None}
[0.242s] Level 5:colcon.colcon_core.verb:set package 'mic_pkg' build argument 'cmake_args' from command line to 'None'
[0.242s] Level 5:colcon.colcon_core.verb:set package 'mic_pkg' build argument 'cmake_target' from command line to 'None'
[0.242s] Level 5:colcon.colcon_core.verb:set package 'mic_pkg' build argument 'cmake_target_skip_unavailable' from command line to 'False'
[0.242s] Level 5:colcon.colcon_core.verb:set package 'mic_pkg' build argument 'cmake_clean_cache' from command line to 'False'
[0.243s] Level 5:colcon.colcon_core.verb:set package 'mic_pkg' build argument 'cmake_clean_first' from command line to 'False'
[0.243s] Level 5:colcon.colcon_core.verb:set package 'mic_pkg' build argument 'cmake_force_configure' from command line to 'False'
[0.243s] Level 5:colcon.colcon_core.verb:set package 'mic_pkg' build argument 'ament_cmake_args' from command line to 'None'
[0.243s] Level 5:colcon.colcon_core.verb:set package 'mic_pkg' build argument 'catkin_cmake_args' from command line to 'None'
[0.243s] Level 5:colcon.colcon_core.verb:set package 'mic_pkg' build argument 'catkin_skip_building_tests' from command line to 'False'
[0.243s] DEBUG:colcon.colcon_core.verb:Building package 'mic_pkg' with the following arguments: {'ament_cmake_args': None, 'build_base': '/home/henrik/MSP-Humanoid-IDA/build/mic_pkg', 'catkin_cmake_args': None, 'catkin_skip_building_tests': False, 'cmake_args': None, 'cmake_clean_cache': False, 'cmake_clean_first': False, 'cmake_force_configure': False, 'cmake_target': None, 'cmake_target_skip_unavailable': False, 'install_base': '/home/henrik/MSP-Humanoid-IDA/install/mic_pkg', 'merge_install': False, 'path': '/home/henrik/MSP-Humanoid-IDA/ros_workspace/src/mic_pkg', 'symlink_install': False, 'test_result_base': None}
[0.243s] Level 5:colcon.colcon_core.verb:set package 'motion_control_pkg' build argument 'cmake_args' from command line to 'None'
[0.243s] Level 5:colcon.colcon_core.verb:set package 'motion_control_pkg' build argument 'cmake_target' from command line to 'None'
[0.243s] Level 5:colcon.colcon_core.verb:set package 'motion_control_pkg' build argument 'cmake_target_skip_unavailable' from command line to 'False'
[0.243s] Level 5:colcon.colcon_core.verb:set package 'motion_control_pkg' build argument 'cmake_clean_cache' from command line to 'False'
[0.243s] Level 5:colcon.colcon_core.verb:set package 'motion_control_pkg' build argument 'cmake_clean_first' from command line to 'False'
[0.243s] Level 5:colcon.colcon_core.verb:set package 'motion_control_pkg' build argument 'cmake_force_configure' from command line to 'False'
[0.243s] Level 5:colcon.colcon_core.verb:set package 'motion_control_pkg' build argument 'ament_cmake_args' from command line to 'None'
[0.243s] Level 5:colcon.colcon_core.verb:set package 'motion_control_pkg' build argument 'catkin_cmake_args' from command line to 'None'
[0.243s] Level 5:colcon.colcon_core.verb:set package 'motion_control_pkg' build argument 'catkin_skip_building_tests' from command line to 'False'
[0.243s] DEBUG:colcon.colcon_core.verb:Building package 'motion_control_pkg' with the following arguments: {'ament_cmake_args': None, 'build_base': '/home/henrik/MSP-Humanoid-IDA/build/motion_control_pkg', 'catkin_cmake_args': None, 'catkin_skip_building_tests': False, 'cmake_args': None, 'cmake_clean_cache': False, 'cmake_clean_first': False, 'cmake_force_configure': False, 'cmake_target': None, 'cmake_target_skip_unavailable': False, 'install_base': '/home/henrik/MSP-Humanoid-IDA/install/motion_control_pkg', 'merge_install': False, 'path': '/home/henrik/MSP-Humanoid-IDA/ros_workspace/src/motion_control_pkg', 'symlink_install': False, 'test_result_base': None}
[0.243s] INFO:colcon.colcon_core.executor:Executing jobs using 'parallel' executor
[0.244s] DEBUG:colcon.colcon_parallel_executor.executor.parallel:run_until_complete
[0.244s] INFO:colcon.colcon_ros.task.ament_python.build:Building ROS package in '/home/henrik/MSP-Humanoid-IDA/ros_workspace/src/camera_pkg' with build type 'ament_python'
[0.244s] Level 1:colcon.colcon_core.shell:create_environment_hook('camera_pkg', 'ament_prefix_path')
[0.245s] INFO:colcon.colcon_core.plugin_system:Skipping extension 'colcon_core.shell.bat': Not used on non-Windows systems
[0.245s] INFO:colcon.colcon_core.shell:Creating environment hook '/home/henrik/MSP-Humanoid-IDA/install/camera_pkg/share/camera_pkg/hook/ament_prefix_path.ps1'
[0.245s] INFO:colcon.colcon_core.shell:Creating environment descriptor '/home/henrik/MSP-Humanoid-IDA/install/camera_pkg/share/camera_pkg/hook/ament_prefix_path.dsv'
[0.246s] INFO:colcon.colcon_core.shell:Creating environment hook '/home/henrik/MSP-Humanoid-IDA/install/camera_pkg/share/camera_pkg/hook/ament_prefix_path.sh'
[0.246s] INFO:colcon.colcon_core.shell:Skip shell extension 'powershell' for command environment: Not usable outside of PowerShell
[0.246s] DEBUG:colcon.colcon_core.shell:Skip shell extension 'dsv' for command environment
[0.249s] INFO:colcon.colcon_ros.task.ament_cmake.build:Building ROS package in '/home/henrik/MSP-Humanoid-IDA/ros_workspace/src/interfaces' with build type 'ament_cmake'
[0.249s] INFO:colcon.colcon_cmake.task.cmake.build:Building CMake package in '/home/henrik/MSP-Humanoid-IDA/ros_workspace/src/interfaces'
[0.249s] INFO:colcon.colcon_core.shell:Skip shell extension 'powershell' for command environment: Not usable outside of PowerShell
[0.249s] DEBUG:colcon.colcon_core.shell:Skip shell extension 'dsv' for command environment
[0.251s] INFO:colcon.colcon_ros.task.ament_python.build:Building ROS package in '/home/henrik/MSP-Humanoid-IDA/ros_workspace/src/mic_pkg' with build type 'ament_python'
[0.252s] Level 1:colcon.colcon_core.shell:create_environment_hook('mic_pkg', 'ament_prefix_path')
[0.252s] INFO:colcon.colcon_core.shell:Creating environment hook '/home/henrik/MSP-Humanoid-IDA/install/mic_pkg/share/mic_pkg/hook/ament_prefix_path.ps1'
[0.252s] INFO:colcon.colcon_core.shell:Creating environment descriptor '/home/henrik/MSP-Humanoid-IDA/install/mic_pkg/share/mic_pkg/hook/ament_prefix_path.dsv'
[0.252s] INFO:colcon.colcon_core.shell:Creating environment hook '/home/henrik/MSP-Humanoid-IDA/install/mic_pkg/share/mic_pkg/hook/ament_prefix_path.sh'
[0.252s] INFO:colcon.colcon_core.shell:Skip shell extension 'powershell' for command environment: Not usable outside of PowerShell
[0.252s] DEBUG:colcon.colcon_core.shell:Skip shell extension 'dsv' for command environment
[0.255s] INFO:colcon.colcon_ros.task.ament_python.build:Building ROS package in '/home/henrik/MSP-Humanoid-IDA/ros_workspace/src/motion_control_pkg' with build type 'ament_python'
[0.255s] Level 1:colcon.colcon_core.shell:create_environment_hook('motion_control_pkg', 'ament_prefix_path')
[0.255s] INFO:colcon.colcon_core.shell:Creating environment hook '/home/henrik/MSP-Humanoid-IDA/install/motion_control_pkg/share/motion_control_pkg/hook/ament_prefix_path.ps1'
[0.255s] INFO:colcon.colcon_core.shell:Creating environment descriptor '/home/henrik/MSP-Humanoid-IDA/install/motion_control_pkg/share/motion_control_pkg/hook/ament_prefix_path.dsv'
[0.255s] INFO:colcon.colcon_core.shell:Creating environment hook '/home/henrik/MSP-Humanoid-IDA/install/motion_control_pkg/share/motion_control_pkg/hook/ament_prefix_path.sh'
[0.256s] INFO:colcon.colcon_core.shell:Skip shell extension 'powershell' for command environment: Not usable outside of PowerShell
[0.256s] DEBUG:colcon.colcon_core.shell:Skip shell extension 'dsv' for command environment
[0.376s] INFO:colcon.colcon_core.task.python.build:Building Python package in '/home/henrik/MSP-Humanoid-IDA/ros_workspace/src/camera_pkg'
[0.376s] INFO:colcon.colcon_core.shell:Skip shell extension 'powershell' for command environment: Not usable outside of PowerShell
[0.376s] DEBUG:colcon.colcon_core.shell:Skip shell extension 'dsv' for command environment
[0.382s] DEBUG:colcon.colcon_core.event_handler.log_command:Invoking command in '/home/henrik/MSP-Humanoid-IDA/build/interfaces': CMAKE_PREFIX_PATH=${CMAKE_PREFIX_PATH}:/opt/ros/foxy:/home/henrik/MSP-Humanoid-IDA/ros_workspace/install/motion_control_pkg:/home/henrik/MSP-Humanoid-IDA/ros_workspace/install/mic_pkg:/home/henrik/MSP-Humanoid-IDA/ros_workspace/install/camera_pkg:/home/henrik/MSP-Humanoid-IDA/ros_workspace/install/arm_pkg /usr/bin/cmake --build /home/henrik/MSP-Humanoid-IDA/build/interfaces -- -j20 -l20
[0.508s] INFO:colcon.colcon_core.task.python.build:Building Python package in '/home/henrik/MSP-Humanoid-IDA/ros_workspace/src/mic_pkg'
[0.508s] INFO:colcon.colcon_core.shell:Skip shell extension 'powershell' for command environment: Not usable outside of PowerShell
[0.508s] DEBUG:colcon.colcon_core.shell:Skip shell extension 'dsv' for command environment
[0.634s] INFO:colcon.colcon_core.task.python.build:Building Python package in '/home/henrik/MSP-Humanoid-IDA/ros_workspace/src/motion_control_pkg'
[0.634s] INFO:colcon.colcon_core.shell:Skip shell extension 'powershell' for command environment: Not usable outside of PowerShell
[0.634s] DEBUG:colcon.colcon_core.shell:Skip shell extension 'dsv' for command environment
[0.639s] DEBUG:colcon.colcon_core.event_handler.log_command:Invoked command in '/home/henrik/MSP-Humanoid-IDA/build/interfaces' returned '0': CMAKE_PREFIX_PATH=${CMAKE_PREFIX_PATH}:/opt/ros/foxy:/home/henrik/MSP-Humanoid-IDA/ros_workspace/install/motion_control_pkg:/home/henrik/MSP-Humanoid-IDA/ros_workspace/install/mic_pkg:/home/henrik/MSP-Humanoid-IDA/ros_workspace/install/camera_pkg:/home/henrik/MSP-Humanoid-IDA/ros_workspace/install/arm_pkg /usr/bin/cmake --build /home/henrik/MSP-Humanoid-IDA/build/interfaces -- -j20 -l20
[0.684s] DEBUG:colcon.colcon_core.event_handler.log_command:Invoking command in '/home/henrik/MSP-Humanoid-IDA/build/interfaces': CMAKE_PREFIX_PATH=${CMAKE_PREFIX_PATH}:/opt/ros/foxy:/home/henrik/MSP-Humanoid-IDA/ros_workspace/install/motion_control_pkg:/home/henrik/MSP-Humanoid-IDA/ros_workspace/install/mic_pkg:/home/henrik/MSP-Humanoid-IDA/ros_workspace/install/camera_pkg:/home/henrik/MSP-Humanoid-IDA/ros_workspace/install/arm_pkg /usr/bin/cmake --install /home/henrik/MSP-Humanoid-IDA/build/interfaces
[0.715s] Level 1:colcon.colcon_core.environment:create_environment_scripts_only(interfaces)
[0.716s] DEBUG:colcon.colcon_core.event_handler.log_command:Invoked command in '/home/henrik/MSP-Humanoid-IDA/build/interfaces' returned '0': CMAKE_PREFIX_PATH=${CMAKE_PREFIX_PATH}:/opt/ros/foxy:/home/henrik/MSP-Humanoid-IDA/ros_workspace/install/motion_control_pkg:/home/henrik/MSP-Humanoid-IDA/ros_workspace/install/mic_pkg:/home/henrik/MSP-Humanoid-IDA/ros_workspace/install/camera_pkg:/home/henrik/MSP-Humanoid-IDA/ros_workspace/install/arm_pkg /usr/bin/cmake --install /home/henrik/MSP-Humanoid-IDA/build/interfaces
[0.718s] Level 1:colcon.colcon_core.environment:checking '/home/henrik/MSP-Humanoid-IDA/install/interfaces' for CMake module files
[0.719s] Level 1:colcon.colcon_core.environment:checking '/home/henrik/MSP-Humanoid-IDA/install/interfaces' for CMake config files
[0.719s] Level 1:colcon.colcon_core.shell:create_environment_hook('interfaces', 'cmake_prefix_path')
[0.720s] INFO:colcon.colcon_core.shell:Creating environment hook '/home/henrik/MSP-Humanoid-IDA/install/interfaces/share/interfaces/hook/cmake_prefix_path.ps1'
[0.720s] INFO:colcon.colcon_core.shell:Creating environment descriptor '/home/henrik/MSP-Humanoid-IDA/install/interfaces/share/interfaces/hook/cmake_prefix_path.dsv'
[0.720s] INFO:colcon.colcon_core.shell:Creating environment hook '/home/henrik/MSP-Humanoid-IDA/install/interfaces/share/interfaces/hook/cmake_prefix_path.sh'
[0.721s] Level 1:colcon.colcon_core.environment:checking '/home/henrik/MSP-Humanoid-IDA/install/interfaces/lib'
[0.721s] Level 1:colcon.colcon_core.shell:create_environment_hook('interfaces', 'ld_library_path_lib')
[0.722s] INFO:colcon.colcon_core.shell:Creating environment hook '/home/henrik/MSP-Humanoid-IDA/install/interfaces/share/interfaces/hook/ld_library_path_lib.ps1'
[0.722s] INFO:colcon.colcon_core.shell:Creating environment descriptor '/home/henrik/MSP-Humanoid-IDA/install/interfaces/share/interfaces/hook/ld_library_path_lib.dsv'
[0.722s] INFO:colcon.colcon_core.shell:Creating environment hook '/home/henrik/MSP-Humanoid-IDA/install/interfaces/share/interfaces/hook/ld_library_path_lib.sh'
[0.723s] Level 1:colcon.colcon_core.environment:checking '/home/henrik/MSP-Humanoid-IDA/install/interfaces/bin'
[0.723s] Level 1:colcon.colcon_core.environment:checking '/home/henrik/MSP-Humanoid-IDA/install/interfaces/lib/pkgconfig/interfaces.pc'
[0.723s] Level 1:colcon.colcon_core.environment:checking '/home/henrik/MSP-Humanoid-IDA/install/interfaces/lib/python3.8/site-packages'
[0.723s] Level 1:colcon.colcon_core.shell:create_environment_hook('interfaces', 'pythonpath')
[0.723s] INFO:colcon.colcon_core.shell:Creating environment hook '/home/henrik/MSP-Humanoid-IDA/install/interfaces/share/interfaces/hook/pythonpath.ps1'
[0.723s] INFO:colcon.colcon_core.shell:Creating environment descriptor '/home/henrik/MSP-Humanoid-IDA/install/interfaces/share/interfaces/hook/pythonpath.dsv'
[0.724s] INFO:colcon.colcon_core.shell:Creating environment hook '/home/henrik/MSP-Humanoid-IDA/install/interfaces/share/interfaces/hook/pythonpath.sh'
[0.724s] Level 1:colcon.colcon_core.environment:checking '/home/henrik/MSP-Humanoid-IDA/install/interfaces/bin'
[0.725s] INFO:colcon.colcon_core.shell:Creating package script '/home/henrik/MSP-Humanoid-IDA/install/interfaces/share/interfaces/package.ps1'
[0.726s] INFO:colcon.colcon_core.shell:Creating package descriptor '/home/henrik/MSP-Humanoid-IDA/install/interfaces/share/interfaces/package.dsv'
[0.726s] INFO:colcon.colcon_core.shell:Creating package script '/home/henrik/MSP-Humanoid-IDA/install/interfaces/share/interfaces/package.sh'
[0.727s] INFO:colcon.colcon_core.shell:Creating package script '/home/henrik/MSP-Humanoid-IDA/install/interfaces/share/interfaces/package.bash'
[0.727s] INFO:colcon.colcon_core.shell:Creating package script '/home/henrik/MSP-Humanoid-IDA/install/interfaces/share/interfaces/package.zsh'
[0.728s] Level 1:colcon.colcon_core.environment:create_file_with_runtime_dependencies(/home/henrik/MSP-Humanoid-IDA/install/interfaces/share/colcon-core/packages/interfaces)
[0.766s] Level 1:colcon.colcon_core.environment:create_environment_scripts_only(interfaces)
[0.766s] Level 1:colcon.colcon_core.environment:checking '/home/henrik/MSP-Humanoid-IDA/install/interfaces' for CMake module files
[0.767s] Level 1:colcon.colcon_core.environment:checking '/home/henrik/MSP-Humanoid-IDA/install/interfaces' for CMake config files
[0.767s] Level 1:colcon.colcon_core.shell:create_environment_hook('interfaces', 'cmake_prefix_path')
[0.768s] INFO:colcon.colcon_core.shell:Creating environment hook '/home/henrik/MSP-Humanoid-IDA/install/interfaces/share/interfaces/hook/cmake_prefix_path.ps1'
[0.768s] INFO:colcon.colcon_core.shell:Creating environment descriptor '/home/henrik/MSP-Humanoid-IDA/install/interfaces/share/interfaces/hook/cmake_prefix_path.dsv'
[0.768s] INFO:colcon.colcon_core.shell:Creating environment hook '/home/henrik/MSP-Humanoid-IDA/install/interfaces/share/interfaces/hook/cmake_prefix_path.sh'
[0.769s] Level 1:colcon.colcon_core.environment:checking '/home/henrik/MSP-Humanoid-IDA/install/interfaces/lib'
[0.769s] Level 1:colcon.colcon_core.shell:create_environment_hook('interfaces', 'ld_library_path_lib')
[0.769s] INFO:colcon.colcon_core.shell:Creating environment hook '/home/henrik/MSP-Humanoid-IDA/install/interfaces/share/interfaces/hook/ld_library_path_lib.ps1'
[0.770s] INFO:colcon.colcon_core.shell:Creating environment descriptor '/home/henrik/MSP-Humanoid-IDA/install/interfaces/share/interfaces/hook/ld_library_path_lib.dsv'
[0.770s] INFO:colcon.colcon_core.shell:Creating environment hook '/home/henrik/MSP-Humanoid-IDA/install/interfaces/share/interfaces/hook/ld_library_path_lib.sh'
[0.770s] Level 1:colcon.colcon_core.environment:checking '/home/henrik/MSP-Humanoid-IDA/install/interfaces/bin'
[0.770s] Level 1:colcon.colcon_core.environment:checking '/home/henrik/MSP-Humanoid-IDA/install/interfaces/lib/pkgconfig/interfaces.pc'
[0.770s] Level 1:colcon.colcon_core.environment:checking '/home/henrik/MSP-Humanoid-IDA/install/interfaces/lib/python3.8/site-packages'
[0.771s] Level 1:colcon.colcon_core.shell:create_environment_hook('interfaces', 'pythonpath')
[0.771s] INFO:colcon.colcon_core.shell:Creating environment hook '/home/henrik/MSP-Humanoid-IDA/install/interfaces/share/interfaces/hook/pythonpath.ps1'
[0.771s] INFO:colcon.colcon_core.shell:Creating environment descriptor '/home/henrik/MSP-Humanoid-IDA/install/interfaces/share/interfaces/hook/pythonpath.dsv'
[0.771s] INFO:colcon.colcon_core.shell:Creating environment hook '/home/henrik/MSP-Humanoid-IDA/install/interfaces/share/interfaces/hook/pythonpath.sh'
[0.772s] Level 1:colcon.colcon_core.environment:checking '/home/henrik/MSP-Humanoid-IDA/install/interfaces/bin'
[0.772s] INFO:colcon.colcon_core.shell:Creating package script '/home/henrik/MSP-Humanoid-IDA/install/interfaces/share/interfaces/package.ps1'
[0.773s] INFO:colcon.colcon_core.shell:Creating package descriptor '/home/henrik/MSP-Humanoid-IDA/install/interfaces/share/interfaces/package.dsv'
[0.773s] INFO:colcon.colcon_core.shell:Creating package script '/home/henrik/MSP-Humanoid-IDA/install/interfaces/share/interfaces/package.sh'
[0.774s] INFO:colcon.colcon_core.shell:Creating package script '/home/henrik/MSP-Humanoid-IDA/install/interfaces/share/interfaces/package.bash'
[0.774s] INFO:colcon.colcon_core.shell:Creating package script '/home/henrik/MSP-Humanoid-IDA/install/interfaces/share/interfaces/package.zsh'
[0.774s] Level 1:colcon.colcon_core.environment:create_file_with_runtime_dependencies(/home/henrik/MSP-Humanoid-IDA/install/interfaces/share/colcon-core/packages/interfaces)
[0.881s] DEBUG:colcon.colcon_core.event_handler.log_command:Invoking command in '/home/henrik/MSP-Humanoid-IDA/ros_workspace/src/camera_pkg': PYTHONPATH=/home/henrik/MSP-Humanoid-IDA/build/camera_pkg/prefix_override:/home/henrik/MSP-Humanoid-IDA/install/camera_pkg/lib/python3.8/site-packages:${PYTHONPATH} /usr/bin/python3 -W ignore:setup.py install is deprecated setup.py egg_info --egg-base ../../../build/camera_pkg build --build-base /home/henrik/MSP-Humanoid-IDA/build/camera_pkg/build install --record /home/henrik/MSP-Humanoid-IDA/build/camera_pkg/install.log --install-scripts $base/lib/camera_pkg --single-version-externally-managed install_data
[0.887s] DEBUG:colcon.colcon_core.event_handler.log_command:Invoking command in '/home/henrik/MSP-Humanoid-IDA/ros_workspace/src/motion_control_pkg': PYTHONPATH=/home/henrik/MSP-Humanoid-IDA/build/motion_control_pkg/prefix_override:/home/henrik/MSP-Humanoid-IDA/install/motion_control_pkg/lib/python3.8/site-packages:${PYTHONPATH} /usr/bin/python3 -W ignore:setup.py install is deprecated setup.py egg_info --egg-base ../../../build/motion_control_pkg build --build-base /home/henrik/MSP-Humanoid-IDA/build/motion_control_pkg/build install --record /home/henrik/MSP-Humanoid-IDA/build/motion_control_pkg/install.log --install-scripts $base/lib/motion_control_pkg --single-version-externally-managed install_data
[0.890s] DEBUG:colcon.colcon_core.event_handler.log_command:Invoking command in '/home/henrik/MSP-Humanoid-IDA/ros_workspace/src/mic_pkg': PYTHONPATH=/home/henrik/MSP-Humanoid-IDA/build/mic_pkg/prefix_override:/home/henrik/MSP-Humanoid-IDA/install/mic_pkg/lib/python3.8/site-packages:${PYTHONPATH} /usr/bin/python3 -W ignore:setup.py install is deprecated setup.py egg_info --egg-base ../../../build/mic_pkg build --build-base /home/henrik/MSP-Humanoid-IDA/build/mic_pkg/build install --record /home/henrik/MSP-Humanoid-IDA/build/mic_pkg/install.log --install-scripts $base/lib/mic_pkg --single-version-externally-managed install_data
[1.058s] Level 1:colcon.colcon_core.environment:checking '/home/henrik/MSP-Humanoid-IDA/install/camera_pkg' for CMake module files
[1.059s] DEBUG:colcon.colcon_core.event_handler.log_command:Invoked command in '/home/henrik/MSP-Humanoid-IDA/ros_workspace/src/camera_pkg' returned '0': PYTHONPATH=/home/henrik/MSP-Humanoid-IDA/build/camera_pkg/prefix_override:/home/henrik/MSP-Humanoid-IDA/install/camera_pkg/lib/python3.8/site-packages:${PYTHONPATH} /usr/bin/python3 -W ignore:setup.py install is deprecated setup.py egg_info --egg-base ../../../build/camera_pkg build --build-base /home/henrik/MSP-Humanoid-IDA/build/camera_pkg/build install --record /home/henrik/MSP-Humanoid-IDA/build/camera_pkg/install.log --install-scripts $base/lib/camera_pkg --single-version-externally-managed install_data
[1.059s] Level 1:colcon.colcon_core.environment:checking '/home/henrik/MSP-Humanoid-IDA/install/camera_pkg' for CMake config files
[1.059s] Level 1:colcon.colcon_core.environment:checking '/home/henrik/MSP-Humanoid-IDA/install/camera_pkg/lib'
[1.060s] Level 1:colcon.colcon_core.environment:checking '/home/henrik/MSP-Humanoid-IDA/install/camera_pkg/bin'
[1.060s] Level 1:colcon.colcon_core.environment:checking '/home/henrik/MSP-Humanoid-IDA/install/camera_pkg/lib/pkgconfig/camera_pkg.pc'
[1.060s] Level 1:colcon.colcon_core.environment:checking '/home/henrik/MSP-Humanoid-IDA/install/camera_pkg/lib/python3.8/site-packages'
[1.060s] Level 1:colcon.colcon_core.shell:create_environment_hook('camera_pkg', 'pythonpath')
[1.060s] INFO:colcon.colcon_core.shell:Creating environment hook '/home/henrik/MSP-Humanoid-IDA/install/camera_pkg/share/camera_pkg/hook/pythonpath.ps1'
[1.061s] INFO:colcon.colcon_core.shell:Creating environment descriptor '/home/henrik/MSP-Humanoid-IDA/install/camera_pkg/share/camera_pkg/hook/pythonpath.dsv'
[1.061s] INFO:colcon.colcon_core.shell:Creating environment hook '/home/henrik/MSP-Humanoid-IDA/install/camera_pkg/share/camera_pkg/hook/pythonpath.sh'
[1.061s] Level 1:colcon.colcon_core.environment:checking '/home/henrik/MSP-Humanoid-IDA/install/camera_pkg/bin'
[1.061s] Level 1:colcon.colcon_core.environment:create_environment_scripts_only(camera_pkg)
[1.062s] INFO:colcon.colcon_core.shell:Creating package script '/home/henrik/MSP-Humanoid-IDA/install/camera_pkg/share/camera_pkg/package.ps1'
[1.062s] INFO:colcon.colcon_core.shell:Creating package descriptor '/home/henrik/MSP-Humanoid-IDA/install/camera_pkg/share/camera_pkg/package.dsv'
[1.062s] INFO:colcon.colcon_core.shell:Creating package script '/home/henrik/MSP-Humanoid-IDA/install/camera_pkg/share/camera_pkg/package.sh'
[1.063s] INFO:colcon.colcon_core.shell:Creating package script '/home/henrik/MSP-Humanoid-IDA/install/camera_pkg/share/camera_pkg/package.bash'
[1.063s] INFO:colcon.colcon_core.shell:Creating package script '/home/henrik/MSP-Humanoid-IDA/install/camera_pkg/share/camera_pkg/package.zsh'
[1.063s] Level 1:colcon.colcon_core.environment:create_file_with_runtime_dependencies(/home/henrik/MSP-Humanoid-IDA/install/camera_pkg/share/colcon-core/packages/camera_pkg)
[1.064s] Level 1:colcon.colcon_core.environment:checking '/home/henrik/MSP-Humanoid-IDA/install/mic_pkg' for CMake module files
[1.065s] Level 1:colcon.colcon_core.environment:checking '/home/henrik/MSP-Humanoid-IDA/install/mic_pkg' for CMake config files
[1.065s] DEBUG:colcon.colcon_core.event_handler.log_command:Invoked command in '/home/henrik/MSP-Humanoid-IDA/ros_workspace/src/mic_pkg' returned '0': PYTHONPATH=/home/henrik/MSP-Humanoid-IDA/build/mic_pkg/prefix_override:/home/henrik/MSP-Humanoid-IDA/install/mic_pkg/lib/python3.8/site-packages:${PYTHONPATH} /usr/bin/python3 -W ignore:setup.py install is deprecated setup.py egg_info --egg-base ../../../build/mic_pkg build --build-base /home/henrik/MSP-Humanoid-IDA/build/mic_pkg/build install --record /home/henrik/MSP-Humanoid-IDA/build/mic_pkg/install.log --install-scripts $base/lib/mic_pkg --single-version-externally-managed install_data
[1.066s] Level 1:colcon.colcon_core.environment:checking '/home/henrik/MSP-Humanoid-IDA/install/mic_pkg/lib'
[1.066s] Level 1:colcon.colcon_core.environment:checking '/home/henrik/MSP-Humanoid-IDA/install/mic_pkg/bin'
[1.066s] Level 1:colcon.colcon_core.environment:checking '/home/henrik/MSP-Humanoid-IDA/install/mic_pkg/lib/pkgconfig/mic_pkg.pc'
[1.066s] Level 1:colcon.colcon_core.environment:checking '/home/henrik/MSP-Humanoid-IDA/install/mic_pkg/lib/python3.8/site-packages'
[1.066s] Level 1:colcon.colcon_core.shell:create_environment_hook('mic_pkg', 'pythonpath')
[1.066s] INFO:colcon.colcon_core.shell:Creating environment hook '/home/henrik/MSP-Humanoid-IDA/install/mic_pkg/share/mic_pkg/hook/pythonpath.ps1'
[1.067s] INFO:colcon.colcon_core.shell:Creating environment descriptor '/home/henrik/MSP-Humanoid-IDA/install/mic_pkg/share/mic_pkg/hook/pythonpath.dsv'
[1.067s] INFO:colcon.colcon_core.shell:Creating environment hook '/home/henrik/MSP-Humanoid-IDA/install/mic_pkg/share/mic_pkg/hook/pythonpath.sh'
[1.067s] Level 1:colcon.colcon_core.environment:checking '/home/henrik/MSP-Humanoid-IDA/install/mic_pkg/bin'
[1.067s] Level 1:colcon.colcon_core.environment:create_environment_scripts_only(mic_pkg)
[1.068s] INFO:colcon.colcon_core.shell:Creating package script '/home/henrik/MSP-Humanoid-IDA/install/mic_pkg/share/mic_pkg/package.ps1'
[1.068s] INFO:colcon.colcon_core.shell:Creating package descriptor '/home/henrik/MSP-Humanoid-IDA/install/mic_pkg/share/mic_pkg/package.dsv'
[1.068s] INFO:colcon.colcon_core.shell:Creating package script '/home/henrik/MSP-Humanoid-IDA/install/mic_pkg/share/mic_pkg/package.sh'
[1.069s] INFO:colcon.colcon_core.shell:Creating package script '/home/henrik/MSP-Humanoid-IDA/install/mic_pkg/share/mic_pkg/package.bash'
[1.069s] INFO:colcon.colcon_core.shell:Creating package script '/home/henrik/MSP-Humanoid-IDA/install/mic_pkg/share/mic_pkg/package.zsh'
[1.069s] Level 1:colcon.colcon_core.environment:create_file_with_runtime_dependencies(/home/henrik/MSP-Humanoid-IDA/install/mic_pkg/share/colcon-core/packages/mic_pkg)
[1.069s] Level 1:colcon.colcon_core.environment:checking '/home/henrik/MSP-Humanoid-IDA/install/motion_control_pkg' for CMake module files
[1.070s] Level 1:colcon.colcon_core.environment:checking '/home/henrik/MSP-Humanoid-IDA/install/motion_control_pkg' for CMake config files
[1.070s] DEBUG:colcon.colcon_core.event_handler.log_command:Invoked command in '/home/henrik/MSP-Humanoid-IDA/ros_workspace/src/motion_control_pkg' returned '0': PYTHONPATH=/home/henrik/MSP-Humanoid-IDA/build/motion_control_pkg/prefix_override:/home/henrik/MSP-Humanoid-IDA/install/motion_control_pkg/lib/python3.8/site-packages:${PYTHONPATH} /usr/bin/python3 -W ignore:setup.py install is deprecated setup.py egg_info --egg-base ../../../build/motion_control_pkg build --build-base /home/henrik/MSP-Humanoid-IDA/build/motion_control_pkg/build install --record /home/henrik/MSP-Humanoid-IDA/build/motion_control_pkg/install.log --install-scripts $base/lib/motion_control_pkg --single-version-externally-managed install_data
[1.071s] Level 1:colcon.colcon_core.environment:checking '/home/henrik/MSP-Humanoid-IDA/install/motion_control_pkg/lib'
[1.071s] Level 1:colcon.colcon_core.environment:checking '/home/henrik/MSP-Humanoid-IDA/install/motion_control_pkg/bin'
[1.071s] Level 1:colcon.colcon_core.environment:checking '/home/henrik/MSP-Humanoid-IDA/install/motion_control_pkg/lib/pkgconfig/motion_control_pkg.pc'
[1.071s] Level 1:colcon.colcon_core.environment:checking '/home/henrik/MSP-Humanoid-IDA/install/motion_control_pkg/lib/python3.8/site-packages'
[1.071s] Level 1:colcon.colcon_core.shell:create_environment_hook('motion_control_pkg', 'pythonpath')
[1.071s] INFO:colcon.colcon_core.shell:Creating environment hook '/home/henrik/MSP-Humanoid-IDA/install/motion_control_pkg/share/motion_control_pkg/hook/pythonpath.ps1'
[1.072s] INFO:colcon.colcon_core.shell:Creating environment descriptor '/home/henrik/MSP-Humanoid-IDA/install/motion_control_pkg/share/motion_control_pkg/hook/pythonpath.dsv'
[1.072s] INFO:colcon.colcon_core.shell:Creating environment hook '/home/henrik/MSP-Humanoid-IDA/install/motion_control_pkg/share/motion_control_pkg/hook/pythonpath.sh'
[1.072s] Level 1:colcon.colcon_core.environment:checking '/home/henrik/MSP-Humanoid-IDA/install/motion_control_pkg/bin'
[1.072s] Level 1:colcon.colcon_core.environment:create_environment_scripts_only(motion_control_pkg)
[1.073s] INFO:colcon.colcon_core.shell:Creating package script '/home/henrik/MSP-Humanoid-IDA/install/motion_control_pkg/share/motion_control_pkg/package.ps1'
[1.073s] INFO:colcon.colcon_core.shell:Creating package descriptor '/home/henrik/MSP-Humanoid-IDA/install/motion_control_pkg/share/motion_control_pkg/package.dsv'
[1.073s] INFO:colcon.colcon_core.shell:Creating package script '/home/henrik/MSP-Humanoid-IDA/install/motion_control_pkg/share/motion_control_pkg/package.sh'
[1.074s] INFO:colcon.colcon_core.shell:Creating package script '/home/henrik/MSP-Humanoid-IDA/install/motion_control_pkg/share/motion_control_pkg/package.bash'
[1.074s] INFO:colcon.colcon_core.shell:Creating package script '/home/henrik/MSP-Humanoid-IDA/install/motion_control_pkg/share/motion_control_pkg/package.zsh'
[1.074s] Level 1:colcon.colcon_core.environment:create_file_with_runtime_dependencies(/home/henrik/MSP-Humanoid-IDA/install/motion_control_pkg/share/colcon-core/packages/motion_control_pkg)
[1.074s] DEBUG:colcon.colcon_parallel_executor.executor.parallel:closing loop
[1.075s] DEBUG:colcon.colcon_parallel_executor.executor.parallel:loop closed
[1.075s] DEBUG:colcon.colcon_parallel_executor.executor.parallel:run_until_complete finished with '0'
[1.075s] DEBUG:colcon.colcon_core.event_reactor:joining thread
[1.080s] INFO:colcon.colcon_core.plugin_system:Skipping extension 'colcon_notification.desktop_notification.terminal_notifier': Not used on non-Darwin systems
[1.080s] INFO:colcon.colcon_core.plugin_system:Skipping extension 'colcon_notification.desktop_notification.win32': Not used on non-Windows systems
[1.080s] INFO:colcon.colcon_notification.desktop_notification:Sending desktop notification using 'notify2'
[1.093s] DEBUG:colcon.colcon_core.event_reactor:joined thread
[1.093s] INFO:colcon.colcon_core.shell:Creating prefix script '/home/henrik/MSP-Humanoid-IDA/install/local_setup.ps1'
[1.094s] INFO:colcon.colcon_core.shell:Creating prefix util module '/home/henrik/MSP-Humanoid-IDA/install/_local_setup_util_ps1.py'
[1.095s] INFO:colcon.colcon_core.shell:Creating prefix chain script '/home/henrik/MSP-Humanoid-IDA/install/setup.ps1'
[1.096s] INFO:colcon.colcon_core.shell:Creating prefix script '/home/henrik/MSP-Humanoid-IDA/install/local_setup.sh'
[1.097s] INFO:colcon.colcon_core.shell:Creating prefix util module '/home/henrik/MSP-Humanoid-IDA/install/_local_setup_util_sh.py'
[1.097s] INFO:colcon.colcon_core.shell:Creating prefix chain script '/home/henrik/MSP-Humanoid-IDA/install/setup.sh'
[1.098s] INFO:colcon.colcon_core.shell:Creating prefix script '/home/henrik/MSP-Humanoid-IDA/install/local_setup.bash'
[1.098s] INFO:colcon.colcon_core.shell:Creating prefix chain script '/home/henrik/MSP-Humanoid-IDA/install/setup.bash'
[1.099s] INFO:colcon.colcon_core.shell:Creating prefix script '/home/henrik/MSP-Humanoid-IDA/install/local_setup.zsh'
[1.100s] INFO:colcon.colcon_core.shell:Creating prefix chain script '/home/henrik/MSP-Humanoid-IDA/install/setup.zsh'
