running egg_info
writing ../../build/camera_pkg/camera_pkg.egg-info/PKG-INFO
writing dependency_links to ../../build/camera_pkg/camera_pkg.egg-info/dependency_links.txt
writing entry points to ../../build/camera_pkg/camera_pkg.egg-info/entry_points.txt
writing requirements to ../../build/camera_pkg/camera_pkg.egg-info/requires.txt
writing top-level names to ../../build/camera_pkg/camera_pkg.egg-info/top_level.txt
reading manifest file '../../build/camera_pkg/camera_pkg.egg-info/SOURCES.txt'
writing manifest file '../../build/camera_pkg/camera_pkg.egg-info/SOURCES.txt'
running build
running build_py
copying camera_pkg/test_node.py -> /home/henrik/MSP-Humanoid-IDA/ros_workspace/build/camera_pkg/build/lib/camera_pkg
copying camera_pkg/no_ros.py -> /home/henrik/MSP-Humanoid-IDA/ros_workspace/build/camera_pkg/build/lib/camera_pkg
running install
running install_lib
copying /home/henrik/MSP-Humanoid-IDA/ros_workspace/build/camera_pkg/build/lib/camera_pkg/test_node.py -> /home/henrik/MSP-Humanoid-IDA/ros_workspace/install/camera_pkg/lib/python3.8/site-packages/camera_pkg
copying /home/henrik/MSP-Humanoid-IDA/ros_workspace/build/camera_pkg/build/lib/camera_pkg/no_ros.py -> /home/henrik/MSP-Humanoid-IDA/ros_workspace/install/camera_pkg/lib/python3.8/site-packages/camera_pkg
byte-compiling /home/henrik/MSP-Humanoid-IDA/ros_workspace/install/camera_pkg/lib/python3.8/site-packages/camera_pkg/test_node.py to test_node.cpython-38.pyc
byte-compiling /home/henrik/MSP-Humanoid-IDA/ros_workspace/install/camera_pkg/lib/python3.8/site-packages/camera_pkg/no_ros.py to no_ros.cpython-38.pyc
running install_data
running install_egg_info
removing '/home/henrik/MSP-Humanoid-IDA/ros_workspace/install/camera_pkg/lib/python3.8/site-packages/camera_pkg-0.0.0-py3.8.egg-info' (and everything under it)
Copying ../../build/camera_pkg/camera_pkg.egg-info to /home/henrik/MSP-Humanoid-IDA/ros_workspace/install/camera_pkg/lib/python3.8/site-packages/camera_pkg-0.0.0-py3.8.egg-info
running install_scripts
Installing bottle_recog_node script to /home/henrik/MSP-Humanoid-IDA/ros_workspace/install/camera_pkg/lib/camera_pkg
Installing pouring_accuracy_node script to /home/henrik/MSP-Humanoid-IDA/ros_workspace/install/camera_pkg/lib/camera_pkg
Installing test_node script to /home/henrik/MSP-Humanoid-IDA/ros_workspace/install/camera_pkg/lib/camera_pkg
writing list of installed files to '/home/henrik/MSP-Humanoid-IDA/ros_workspace/build/camera_pkg/install.log'
