[1.886s] Invoking command in '/home/henrik/ros_workspace/src/motion_control_pkg': PYTHONPATH=/home/henrik/ros_workspace/build/motion_control_pkg/prefix_override:/home/henrik/ros_workspace/install/motion_control_pkg/lib/python3.8/site-packages:${PYTHONPATH} /usr/bin/python3 setup.py egg_info --egg-base ../../build/motion_control_pkg build --build-base /home/henrik/ros_workspace/build/motion_control_pkg/build install --record /home/henrik/ros_workspace/build/motion_control_pkg/install.log --install-scripts $base/lib/motion_control_pkg --single-version-externally-managed
[2.000s] running egg_info
[2.000s] writing ../../build/motion_control_pkg/motion_control_pkg.egg-info/PKG-INFO
[2.001s] writing dependency_links to ../../build/motion_control_pkg/motion_control_pkg.egg-info/dependency_links.txt
[2.001s] writing entry points to ../../build/motion_control_pkg/motion_control_pkg.egg-info/entry_points.txt
[2.002s] writing requirements to ../../build/motion_control_pkg/motion_control_pkg.egg-info/requires.txt
[2.002s] writing top-level names to ../../build/motion_control_pkg/motion_control_pkg.egg-info/top_level.txt
[2.021s] reading manifest file '../../build/motion_control_pkg/motion_control_pkg.egg-info/SOURCES.txt'
[2.022s] writing manifest file '../../build/motion_control_pkg/motion_control_pkg.egg-info/SOURCES.txt'
[2.023s] running build
[2.023s] running build_py
[2.023s] copying motion_control_pkg/arm_control_node.py -> /home/henrik/ros_workspace/build/motion_control_pkg/build/lib/motion_control_pkg
[2.023s] running install
[2.023s] running install_lib
[2.023s] copying /home/henrik/ros_workspace/build/motion_control_pkg/build/lib/motion_control_pkg/arm_control_node.py -> /home/henrik/ros_workspace/install/motion_control_pkg/lib/python3.8/site-packages/motion_control_pkg
[2.024s] byte-compiling /home/henrik/ros_workspace/install/motion_control_pkg/lib/python3.8/site-packages/motion_control_pkg/arm_control_node.py to arm_control_node.cpython-38.pyc
[2.025s] running install_data
[2.025s] running install_egg_info
[2.026s] removing '/home/henrik/ros_workspace/install/motion_control_pkg/lib/python3.8/site-packages/motion_control_pkg-0.0.0-py3.8.egg-info' (and everything under it)
[2.026s] Copying ../../build/motion_control_pkg/motion_control_pkg.egg-info to /home/henrik/ros_workspace/install/motion_control_pkg/lib/python3.8/site-packages/motion_control_pkg-0.0.0-py3.8.egg-info
[2.027s] running install_scripts
[2.038s] Installing arm_control_node script to /home/henrik/ros_workspace/install/motion_control_pkg/lib/motion_control_pkg
[2.038s] writing list of installed files to '/home/henrik/ros_workspace/build/motion_control_pkg/install.log'
[2.460s] Invoked command in '/home/henrik/ros_workspace/src/motion_control_pkg' returned '0': PYTHONPATH=/home/henrik/ros_workspace/build/motion_control_pkg/prefix_override:/home/henrik/ros_workspace/install/motion_control_pkg/lib/python3.8/site-packages:${PYTHONPATH} /usr/bin/python3 setup.py egg_info --egg-base ../../build/motion_control_pkg build --build-base /home/henrik/ros_workspace/build/motion_control_pkg/build install --record /home/henrik/ros_workspace/build/motion_control_pkg/install.log --install-scripts $base/lib/motion_control_pkg --single-version-externally-managed
