/home/henrik/MSP-Humanoid-IDA/install/camera_pkg/lib/python3.8/site-packages/constants.py
/home/henrik/MSP-Humanoid-IDA/install/camera_pkg/lib/python3.8/site-packages/camera_pkg/__init__.py
/home/henrik/MSP-Humanoid-IDA/install/camera_pkg/lib/python3.8/site-packages/camera_pkg/test_node.py
/home/henrik/MSP-Humanoid-IDA/install/camera_pkg/lib/python3.8/site-packages/camera_pkg/launch.launch.py
/home/henrik/MSP-Humanoid-IDA/install/camera_pkg/lib/python3.8/site-packages/camera_pkg/bottle_recog_node.py
/home/henrik/MSP-Humanoid-IDA/install/camera_pkg/lib/python3.8/site-packages/camera_pkg/pouring_accuracy_node.py
/home/henrik/MSP-Humanoid-IDA/install/camera_pkg/lib/python3.8/site-packages/camera_pkg/no_ros.py
/home/henrik/MSP-Humanoid-IDA/install/camera_pkg/lib/python3.8/site-packages/__pycache__/constants.cpython-38.pyc
/home/henrik/MSP-Humanoid-IDA/install/camera_pkg/lib/python3.8/site-packages/camera_pkg/__pycache__/__init__.cpython-38.pyc
/home/henrik/MSP-Humanoid-IDA/install/camera_pkg/lib/python3.8/site-packages/camera_pkg/__pycache__/test_node.cpython-38.pyc
/home/henrik/MSP-Humanoid-IDA/install/camera_pkg/lib/python3.8/site-packages/camera_pkg/__pycache__/launch.launch.cpython-38.pyc
/home/henrik/MSP-Humanoid-IDA/install/camera_pkg/lib/python3.8/site-packages/camera_pkg/__pycache__/bottle_recog_node.cpython-38.pyc
/home/henrik/MSP-Humanoid-IDA/install/camera_pkg/lib/python3.8/site-packages/camera_pkg/__pycache__/pouring_accuracy_node.cpython-38.pyc
/home/henrik/MSP-Humanoid-IDA/install/camera_pkg/lib/python3.8/site-packages/camera_pkg/__pycache__/no_ros.cpython-38.pyc
/home/henrik/MSP-Humanoid-IDA/install/camera_pkg/share/ament_index/resource_index/packages/camera_pkg
/home/henrik/MSP-Humanoid-IDA/install/camera_pkg/share/camera_pkg/package.xml
/home/henrik/MSP-Humanoid-IDA/install/camera_pkg/lib/python3.8/site-packages/camera_pkg-0.0.0-py3.8.egg-info/SOURCES.txt
/home/henrik/MSP-Humanoid-IDA/install/camera_pkg/lib/python3.8/site-packages/camera_pkg-0.0.0-py3.8.egg-info/PKG-INFO
/home/henrik/MSP-Humanoid-IDA/install/camera_pkg/lib/python3.8/site-packages/camera_pkg-0.0.0-py3.8.egg-info/zip-safe
/home/henrik/MSP-Humanoid-IDA/install/camera_pkg/lib/python3.8/site-packages/camera_pkg-0.0.0-py3.8.egg-info/top_level.txt
/home/henrik/MSP-Humanoid-IDA/install/camera_pkg/lib/python3.8/site-packages/camera_pkg-0.0.0-py3.8.egg-info/dependency_links.txt
/home/henrik/MSP-Humanoid-IDA/install/camera_pkg/lib/python3.8/site-packages/camera_pkg-0.0.0-py3.8.egg-info/requires.txt
/home/henrik/MSP-Humanoid-IDA/install/camera_pkg/lib/python3.8/site-packages/camera_pkg-0.0.0-py3.8.egg-info/entry_points.txt
/home/henrik/MSP-Humanoid-IDA/install/camera_pkg/lib/camera_pkg/bottle_recog_node
/home/henrik/MSP-Humanoid-IDA/install/camera_pkg/lib/camera_pkg/pouring_accuracy_node
/home/henrik/MSP-Humanoid-IDA/install/camera_pkg/lib/camera_pkg/test_node
