[0.796s] Invoking command in '/home/henrik/MSP-Humanoid-IDA/ros_workspace/src/motion_control_pkg': PYTHONPATH=/home/henrik/MSP-Humanoid-IDA/build/motion_control_pkg/prefix_override:/home/henrik/MSP-Humanoid-IDA/install/motion_control_pkg/lib/python3.8/site-packages:${PYTHONPATH} /usr/bin/python3 -W ignore:setup.py install is deprecated setup.py egg_info --egg-base ../../../build/motion_control_pkg build --build-base /home/henrik/MSP-Humanoid-IDA/build/motion_control_pkg/build install --record /home/henrik/MSP-Humanoid-IDA/build/motion_control_pkg/install.log --install-scripts $base/lib/motion_control_pkg --single-version-externally-managed install_data
[0.917s] running egg_info
[0.917s] writing ../../../build/motion_control_pkg/motion_control_pkg.egg-info/PKG-INFO
[0.917s] writing dependency_links to ../../../build/motion_control_pkg/motion_control_pkg.egg-info/dependency_links.txt
[0.917s] writing entry points to ../../../build/motion_control_pkg/motion_control_pkg.egg-info/entry_points.txt
[0.917s] writing requirements to ../../../build/motion_control_pkg/motion_control_pkg.egg-info/requires.txt
[0.918s] writing top-level names to ../../../build/motion_control_pkg/motion_control_pkg.egg-info/top_level.txt
[0.937s] reading manifest file '../../../build/motion_control_pkg/motion_control_pkg.egg-info/SOURCES.txt'
[0.938s] writing manifest file '../../../build/motion_control_pkg/motion_control_pkg.egg-info/SOURCES.txt'
[0.938s] running build
[0.938s] running build_py
[0.938s] running install
[0.938s] running install_lib
[0.939s] running install_data
[0.939s] running install_egg_info
[0.940s] removing '/home/henrik/MSP-Humanoid-IDA/install/motion_control_pkg/lib/python3.8/site-packages/motion_control_pkg-0.0.0-py3.8.egg-info' (and everything under it)
[0.941s] Copying ../../../build/motion_control_pkg/motion_control_pkg.egg-info to /home/henrik/MSP-Humanoid-IDA/install/motion_control_pkg/lib/python3.8/site-packages/motion_control_pkg-0.0.0-py3.8.egg-info
[0.941s] running install_scripts
[0.951s] Installing arm_control_node script to /home/henrik/MSP-Humanoid-IDA/install/motion_control_pkg/lib/motion_control_pkg
[0.951s] writing list of installed files to '/home/henrik/MSP-Humanoid-IDA/build/motion_control_pkg/install.log'
[0.966s] Invoked command in '/home/henrik/MSP-Humanoid-IDA/ros_workspace/src/motion_control_pkg' returned '0': PYTHONPATH=/home/henrik/MSP-Humanoid-IDA/build/motion_control_pkg/prefix_override:/home/henrik/MSP-Humanoid-IDA/install/motion_control_pkg/lib/python3.8/site-packages:${PYTHONPATH} /usr/bin/python3 -W ignore:setup.py install is deprecated setup.py egg_info --egg-base ../../../build/motion_control_pkg build --build-base /home/henrik/MSP-Humanoid-IDA/build/motion_control_pkg/build install --record /home/henrik/MSP-Humanoid-IDA/build/motion_control_pkg/install.log --install-scripts $base/lib/motion_control_pkg --single-version-externally-managed install_data
