running egg_info
creating ../../build/mic_pkg/mic_pkg.egg-info
writing ../../build/mic_pkg/mic_pkg.egg-info/PKG-INFO
writing dependency_links to ../../build/mic_pkg/mic_pkg.egg-info/dependency_links.txt
writing entry points to ../../build/mic_pkg/mic_pkg.egg-info/entry_points.txt
writing requirements to ../../build/mic_pkg/mic_pkg.egg-info/requires.txt
writing top-level names to ../../build/mic_pkg/mic_pkg.egg-info/top_level.txt
writing manifest file '../../build/mic_pkg/mic_pkg.egg-info/SOURCES.txt'
reading manifest file '../../build/mic_pkg/mic_pkg.egg-info/SOURCES.txt'
writing manifest file '../../build/mic_pkg/mic_pkg.egg-info/SOURCES.txt'
running build
running build_py
creating /home/henrik/MSP-Humanoid-IDA/ros_workspace/build/mic_pkg/build
creating /home/henrik/MSP-Humanoid-IDA/ros_workspace/build/mic_pkg/build/lib
copying constants.py -> /home/henrik/MSP-Humanoid-IDA/ros_workspace/build/mic_pkg/build/lib
creating /home/henrik/MSP-Humanoid-IDA/ros_workspace/build/mic_pkg/build/lib/mic_pkg
copying mic_pkg/__init__.py -> /home/henrik/MSP-Humanoid-IDA/ros_workspace/build/mic_pkg/build/lib/mic_pkg
copying mic_pkg/mic_node.py -> /home/henrik/MSP-Humanoid-IDA/ros_workspace/build/mic_pkg/build/lib/mic_pkg
running install
running install_lib
running install_data
running install_egg_info
removing '/home/henrik/MSP-Humanoid-IDA/ros_workspace/install/mic_pkg/lib/python3.8/site-packages/mic_pkg-0.0.0-py3.8.egg-info' (and everything under it)
Copying ../../build/mic_pkg/mic_pkg.egg-info to /home/henrik/MSP-Humanoid-IDA/ros_workspace/install/mic_pkg/lib/python3.8/site-packages/mic_pkg-0.0.0-py3.8.egg-info
running install_scripts
Installing mic_node script to /home/henrik/MSP-Humanoid-IDA/ros_workspace/install/mic_pkg/lib/mic_pkg
writing list of installed files to '/home/henrik/MSP-Humanoid-IDA/ros_workspace/build/mic_pkg/install.log'
