[0.855s] Invoking command in '/home/henrik/MSP-Humanoid-IDA/ros_workspace/src/motion_control_pkg': PYTHONPATH=/home/henrik/MSP-Humanoid-IDA/build/motion_control_pkg/prefix_override:/home/henrik/MSP-Humanoid-IDA/install/motion_control_pkg/lib/python3.8/site-packages:${PYTHONPATH} /usr/bin/python3 -W ignore:setup.py install is deprecated setup.py egg_info --egg-base ../../../build/motion_control_pkg build --build-base /home/henrik/MSP-Humanoid-IDA/build/motion_control_pkg/build install --record /home/henrik/MSP-Humanoid-IDA/build/motion_control_pkg/install.log --install-scripts $base/lib/motion_control_pkg --single-version-externally-managed install_data
[0.995s] running egg_info
[0.996s] writing ../../../build/motion_control_pkg/motion_control_pkg.egg-info/PKG-INFO
[0.996s] writing dependency_links to ../../../build/motion_control_pkg/motion_control_pkg.egg-info/dependency_links.txt
[0.996s] writing entry points to ../../../build/motion_control_pkg/motion_control_pkg.egg-info/entry_points.txt
[0.996s] writing requirements to ../../../build/motion_control_pkg/motion_control_pkg.egg-info/requires.txt
[0.996s] writing top-level names to ../../../build/motion_control_pkg/motion_control_pkg.egg-info/top_level.txt
[1.019s] reading manifest file '../../../build/motion_control_pkg/motion_control_pkg.egg-info/SOURCES.txt'
[1.020s] writing manifest file '../../../build/motion_control_pkg/motion_control_pkg.egg-info/SOURCES.txt'
[1.020s] running build
[1.020s] running build_py
[1.020s] copying motion_control_pkg/__init__.py -> /home/henrik/MSP-Humanoid-IDA/build/motion_control_pkg/build/lib/motion_control_pkg
[1.020s] copying motion_control_pkg/arm_control_node.py -> /home/henrik/MSP-Humanoid-IDA/build/motion_control_pkg/build/lib/motion_control_pkg
[1.020s] running install
[1.021s] running install_lib
[1.021s] copying /home/henrik/MSP-Humanoid-IDA/build/motion_control_pkg/build/lib/motion_control_pkg/__init__.py -> /home/henrik/MSP-Humanoid-IDA/install/motion_control_pkg/lib/python3.8/site-packages/motion_control_pkg
[1.022s] copying /home/henrik/MSP-Humanoid-IDA/build/motion_control_pkg/build/lib/motion_control_pkg/arm_control_node.py -> /home/henrik/MSP-Humanoid-IDA/install/motion_control_pkg/lib/python3.8/site-packages/motion_control_pkg
[1.022s] byte-compiling /home/henrik/MSP-Humanoid-IDA/install/motion_control_pkg/lib/python3.8/site-packages/motion_control_pkg/__init__.py to __init__.cpython-38.pyc
[1.023s] byte-compiling /home/henrik/MSP-Humanoid-IDA/install/motion_control_pkg/lib/python3.8/site-packages/motion_control_pkg/arm_control_node.py to arm_control_node.cpython-38.pyc
[1.024s] running install_data
[1.024s] copying resource/motion_control_pkg -> /home/henrik/MSP-Humanoid-IDA/install/motion_control_pkg/share/ament_index/resource_index/packages
[1.024s] copying package.xml -> /home/henrik/MSP-Humanoid-IDA/install/motion_control_pkg/share/motion_control_pkg
[1.024s] running install_egg_info
[1.026s] removing '/home/henrik/MSP-Humanoid-IDA/install/motion_control_pkg/lib/python3.8/site-packages/motion_control_pkg-0.0.0-py3.8.egg-info' (and everything under it)
[1.026s] Copying ../../../build/motion_control_pkg/motion_control_pkg.egg-info to /home/henrik/MSP-Humanoid-IDA/install/motion_control_pkg/lib/python3.8/site-packages/motion_control_pkg-0.0.0-py3.8.egg-info
[1.026s] running install_scripts
[1.039s] Installing arm_control_node script to /home/henrik/MSP-Humanoid-IDA/install/motion_control_pkg/lib/motion_control_pkg
[1.039s] writing list of installed files to '/home/henrik/MSP-Humanoid-IDA/build/motion_control_pkg/install.log'
[1.071s] Invoked command in '/home/henrik/MSP-Humanoid-IDA/ros_workspace/src/motion_control_pkg' returned '0': PYTHONPATH=/home/henrik/MSP-Humanoid-IDA/build/motion_control_pkg/prefix_override:/home/henrik/MSP-Humanoid-IDA/install/motion_control_pkg/lib/python3.8/site-packages:${PYTHONPATH} /usr/bin/python3 -W ignore:setup.py install is deprecated setup.py egg_info --egg-base ../../../build/motion_control_pkg build --build-base /home/henrik/MSP-Humanoid-IDA/build/motion_control_pkg/build install --record /home/henrik/MSP-Humanoid-IDA/build/motion_control_pkg/install.log --install-scripts $base/lib/motion_control_pkg --single-version-externally-managed install_data
