[0.160s] Invoking command in '/home/henrik/MSP-Humanoid-IDA/ros_workspace/build/interfaces': CMAKE_PREFIX_PATH=${CMAKE_PREFIX_PATH}:/opt/ros/foxy:/home/henrik/ros2_humble/install/rqt_bag_plugins:/home/henrik/ros2_humble/install/rqt_bag:/home/henrik/ros2_humble/install/ros2bag:/home/henrik/ros2_humble/install/tracetools_test:/home/henrik/ros2_humble/install/tracetools_launch:/home/henrik/ros2_humble/install/topic_monitor:/home/henrik/ros2_humble/install/tf2_tools:/home/henrik/ros2_humble/install/examples_tf2_py:/home/henrik/ros2_humble/install/tf2_ros_py:/home/henrik/ros2_humble/install/sros2:/home/henrik/ros2_humble/install/rqt_topic:/home/henrik/ros2_humble/install/rqt_srv:/home/henrik/ros2_humble/install/rqt_shell:/home/henrik/ros2_humble/install/rqt_service_caller:/home/henrik/ros2_humble/install/rqt_reconfigure:/home/henrik/ros2_humble/install/rqt_py_console:/home/henrik/ros2_humble/install/rqt_publisher:/home/henrik/ros2_humble/install/rqt_plot:/home/henrik/ros2_humble/install/rqt_action:/home/henrik/ros2_humble/install/rqt_msg:/home/henrik/ros2_humble/install/rqt_console:/home/henrik/ros2_humble/install/rqt:/home/henrik/ros2_humble/install/rqt_graph:/home/henrik/ros2_humble/install/rqt_gui_py:/home/henrik/ros2_humble/install/rqt_gui:/home/henrik/ros2_humble/install/ros2trace:/home/henrik/ros2_humble/install/ros2topic:/home/henrik/ros2_humble/install/ros2test:/home/henrik/ros2_humble/install/ros2component:/home/henrik/ros2_humble/install/ros2param:/home/henrik/ros2_humble/install/ros2lifecycle:/home/henrik/ros2_humble/install/ros2service:/home/henrik/ros2_humble/install/ros2run:/home/henrik/ros2_humble/install/ros2launch:/home/henrik/ros2_humble/install/ros2pkg:/home/henrik/ros2_humble/install/ros2node:/home/henrik/ros2_humble/install/ros2multicast:/home/henrik/ros2_humble/install/ros2interface:/home/henrik/ros2_humble/install/ros2doctor:/home/henrik/ros2_humble/install/ros2action:/home/henrik/ros2_humble/install/ros2cli:/home/henrik/ros2_humble/install/quality_of_service_demo_py:/home/henrik/ros2_humble/install/lifecycle_py:/home/henrik/ros2_humble/install/launch_testing_ros:/home/henrik/ros2_humble/install/launch_ros:/home/henrik/ros2_humble/install/examples_rclpy_pointcloud_publisher:/home/henrik/ros2_humble/install/examples_rclpy_minimal_subscriber:/home/henrik/ros2_humble/install/examples_rclpy_minimal_service:/home/henrik/ros2_humble/install/examples_rclpy_minimal_publisher:/home/henrik/ros2_humble/install/examples_rclpy_minimal_client:/home/henrik/ros2_humble/install/examples_rclpy_minimal_action_server:/home/henrik/ros2_humble/install/examples_rclpy_minimal_action_client:/home/henrik/ros2_humble/install/examples_rclpy_guard_conditions:/home/henrik/ros2_humble/install/examples_rclpy_executors:/home/henrik/ros2_humble/install/demo_nodes_py:/home/henrik/ros2_humble/install/action_tutorials_py:/home/henrik/ros2_humble/install/ament_uncrustify:/home/henrik/ros2_humble/install/tracetools_trace:/home/henrik/ros2_humble/install/tracetools_read:/home/henrik/ros2_humble/install/test_tracetools_launch:/home/henrik/ros2_humble/install/test_launch_ros:/home/henrik/ros2_humble/install/sensor_msgs_py:/home/henrik/ros2_humble/install/rpyutils:/home/henrik/ros2_humble/install/rosidl_runtime_py:/home/henrik/ros2_humble/install/rosidl_cli:/home/henrik/ros2_humble/install/launch_pytest:/home/henrik/ros2_humble/install/launch_testing:/home/henrik/ros2_humble/install/launch_yaml:/home/henrik/ros2_humble/install/launch_xml:/home/henrik/ros2_humble/install/launch:/home/henrik/ros2_humble/install/osrf_pycommon:/home/henrik/ros2_humble/install/launch_testing_examples:/home/henrik/ros2_humble/install/domain_coordinator:/home/henrik/ros2_humble/install/ament_xmllint:/home/henrik/ros2_humble/install/ament_pyflakes:/home/henrik/ros2_humble/install/ament_pycodestyle:/home/henrik/ros2_humble/install/ament_pep257:/home/henrik/ros2_humble/install/ament_pclint:/home/henrik/ros2_humble/install/ament_package:/home/henrik/ros2_humble/install/ament_mypy:/home/henrik/ros2_humble/install/ament_lint_cmake:/home/henrik/ros2_humble/install/ament_flake8:/home/henrik/ros2_humble/install/ament_copyright:/home/henrik/ros2_humble/install/ament_lint:/home/henrik/ros2_humble/install/ament_index_python:/home/henrik/ros2_humble/install/ament_cpplint:/home/henrik/ros2_humble/install/ament_cppcheck:/home/henrik/ros2_humble/install/ament_clang_tidy:/home/henrik/ros2_humble/install/ament_clang_format /usr/bin/cmake /home/henrik/MSP-Humanoid-IDA/ros_workspace/src/interfaces -DCMAKE_INSTALL_PREFIX=/home/henrik/MSP-Humanoid-IDA/ros_workspace/install/interfaces
[0.304s] -- The C compiler identification is GNU 9.4.0
[0.305s] -- The CXX compiler identification is GNU 9.4.0
[0.305s] -- Check for working C compiler: /usr/bin/cc
[0.311s] -- Check for working C compiler: /usr/bin/cc -- works
[0.312s] -- Detecting C compiler ABI info
[0.360s] -- Detecting C compiler ABI info - done
[0.366s] -- Detecting C compile features
[0.366s] -- Detecting C compile features - done
[0.368s] -- Check for working CXX compiler: /usr/bin/c++
[0.423s] -- Check for working CXX compiler: /usr/bin/c++ -- works
[0.424s] -- Detecting CXX compiler ABI info
[0.481s] -- Detecting CXX compiler ABI info - done
[0.487s] -- Detecting CXX compile features
[0.487s] -- Detecting CXX compile features - done
[0.489s] -- Found ament_cmake: 0.9.12 (/opt/ros/foxy/share/ament_cmake/cmake)
[0.514s] -- Found PythonInterp: /usr/bin/python3 (found suitable version "3.8.10", minimum required is "3") 
[0.514s] -- Using PYTHON_EXECUTABLE: /usr/bin/python3
[0.644s] -- Found ament_lint_auto: 0.9.8 (/opt/ros/foxy/share/ament_lint_auto/cmake)
[0.697s] -- Found rosidl_default_generators: 1.0.1 (/opt/ros/foxy/share/rosidl_default_generators/cmake)
[0.773s] -- Using all available rosidl_typesupport_c: rosidl_typesupport_fastrtps_c;rosidl_typesupport_introspection_c
[0.778s] -- Found rosidl_adapter: 1.3.1 (/opt/ros/foxy/share/rosidl_adapter/cmake)
[0.876s] -- Found OpenSSL: /usr/lib/x86_64-linux-gnu/libcrypto.so (found version "1.1.1f")  
[0.904s] -- Found FastRTPS: /opt/ros/foxy/include  
[0.973s] -- Using all available rosidl_typesupport_cpp: rosidl_typesupport_fastrtps_cpp;rosidl_typesupport_introspection_cpp
[1.008s] -- Found PythonInterp: /usr/bin/python3 (found version "3.8.10") 
[1.054s] -- Found ament_cmake_ros: 0.9.2 (/opt/ros/foxy/share/ament_cmake_ros/cmake)
[1.139s] -- Using all available rosidl_typesupport_c: rosidl_typesupport_fastrtps_c;rosidl_typesupport_introspection_c
[1.163s] -- Using all available rosidl_typesupport_cpp: rosidl_typesupport_fastrtps_cpp;rosidl_typesupport_introspection_cpp
[1.184s] -- Found PythonInterp: /usr/bin/python3 (found suitable version "3.8.10", minimum required is "3.5") 
[1.185s] -- Found python_cmake_module: 0.8.1 (/opt/ros/foxy/share/python_cmake_module/cmake)
[1.215s] -- Found PythonLibs: /usr/lib/x86_64-linux-gnu/libpython3.8.so (found suitable version "3.8.10", minimum required is "3.5") 
[1.215s] -- Using PYTHON_EXECUTABLE: /usr/bin/python3
[1.215s] -- Using PYTHON_INCLUDE_DIRS: /usr/include/python3.8
[1.216s] -- Using PYTHON_LIBRARIES: /usr/lib/x86_64-linux-gnu/libpython3.8.so
[1.234s] -- Found PythonExtra: .so  
[1.289s] -- Added test 'copyright' to check source files copyright and LICENSE
[1.292s] -- Added test 'lint_cmake' to check CMake code style
[1.294s] -- Added test 'xmllint' to check XML markup files
[1.300s] -- Configuring done
[1.314s] -- Generating done
[1.315s] -- Build files have been written to: /home/henrik/MSP-Humanoid-IDA/ros_workspace/build/interfaces
[1.323s] Invoked command in '/home/henrik/MSP-Humanoid-IDA/ros_workspace/build/interfaces' returned '0': CMAKE_PREFIX_PATH=${CMAKE_PREFIX_PATH}:/opt/ros/foxy:/home/henrik/ros2_humble/install/rqt_bag_plugins:/home/henrik/ros2_humble/install/rqt_bag:/home/henrik/ros2_humble/install/ros2bag:/home/henrik/ros2_humble/install/tracetools_test:/home/henrik/ros2_humble/install/tracetools_launch:/home/henrik/ros2_humble/install/topic_monitor:/home/henrik/ros2_humble/install/tf2_tools:/home/henrik/ros2_humble/install/examples_tf2_py:/home/henrik/ros2_humble/install/tf2_ros_py:/home/henrik/ros2_humble/install/sros2:/home/henrik/ros2_humble/install/rqt_topic:/home/henrik/ros2_humble/install/rqt_srv:/home/henrik/ros2_humble/install/rqt_shell:/home/henrik/ros2_humble/install/rqt_service_caller:/home/henrik/ros2_humble/install/rqt_reconfigure:/home/henrik/ros2_humble/install/rqt_py_console:/home/henrik/ros2_humble/install/rqt_publisher:/home/henrik/ros2_humble/install/rqt_plot:/home/henrik/ros2_humble/install/rqt_action:/home/henrik/ros2_humble/install/rqt_msg:/home/henrik/ros2_humble/install/rqt_console:/home/henrik/ros2_humble/install/rqt:/home/henrik/ros2_humble/install/rqt_graph:/home/henrik/ros2_humble/install/rqt_gui_py:/home/henrik/ros2_humble/install/rqt_gui:/home/henrik/ros2_humble/install/ros2trace:/home/henrik/ros2_humble/install/ros2topic:/home/henrik/ros2_humble/install/ros2test:/home/henrik/ros2_humble/install/ros2component:/home/henrik/ros2_humble/install/ros2param:/home/henrik/ros2_humble/install/ros2lifecycle:/home/henrik/ros2_humble/install/ros2service:/home/henrik/ros2_humble/install/ros2run:/home/henrik/ros2_humble/install/ros2launch:/home/henrik/ros2_humble/install/ros2pkg:/home/henrik/ros2_humble/install/ros2node:/home/henrik/ros2_humble/install/ros2multicast:/home/henrik/ros2_humble/install/ros2interface:/home/henrik/ros2_humble/install/ros2doctor:/home/henrik/ros2_humble/install/ros2action:/home/henrik/ros2_humble/install/ros2cli:/home/henrik/ros2_humble/install/quality_of_service_demo_py:/home/henrik/ros2_humble/install/lifecycle_py:/home/henrik/ros2_humble/install/launch_testing_ros:/home/henrik/ros2_humble/install/launch_ros:/home/henrik/ros2_humble/install/examples_rclpy_pointcloud_publisher:/home/henrik/ros2_humble/install/examples_rclpy_minimal_subscriber:/home/henrik/ros2_humble/install/examples_rclpy_minimal_service:/home/henrik/ros2_humble/install/examples_rclpy_minimal_publisher:/home/henrik/ros2_humble/install/examples_rclpy_minimal_client:/home/henrik/ros2_humble/install/examples_rclpy_minimal_action_server:/home/henrik/ros2_humble/install/examples_rclpy_minimal_action_client:/home/henrik/ros2_humble/install/examples_rclpy_guard_conditions:/home/henrik/ros2_humble/install/examples_rclpy_executors:/home/henrik/ros2_humble/install/demo_nodes_py:/home/henrik/ros2_humble/install/action_tutorials_py:/home/henrik/ros2_humble/install/ament_uncrustify:/home/henrik/ros2_humble/install/tracetools_trace:/home/henrik/ros2_humble/install/tracetools_read:/home/henrik/ros2_humble/install/test_tracetools_launch:/home/henrik/ros2_humble/install/test_launch_ros:/home/henrik/ros2_humble/install/sensor_msgs_py:/home/henrik/ros2_humble/install/rpyutils:/home/henrik/ros2_humble/install/rosidl_runtime_py:/home/henrik/ros2_humble/install/rosidl_cli:/home/henrik/ros2_humble/install/launch_pytest:/home/henrik/ros2_humble/install/launch_testing:/home/henrik/ros2_humble/install/launch_yaml:/home/henrik/ros2_humble/install/launch_xml:/home/henrik/ros2_humble/install/launch:/home/henrik/ros2_humble/install/osrf_pycommon:/home/henrik/ros2_humble/install/launch_testing_examples:/home/henrik/ros2_humble/install/domain_coordinator:/home/henrik/ros2_humble/install/ament_xmllint:/home/henrik/ros2_humble/install/ament_pyflakes:/home/henrik/ros2_humble/install/ament_pycodestyle:/home/henrik/ros2_humble/install/ament_pep257:/home/henrik/ros2_humble/install/ament_pclint:/home/henrik/ros2_humble/install/ament_package:/home/henrik/ros2_humble/install/ament_mypy:/home/henrik/ros2_humble/install/ament_lint_cmake:/home/henrik/ros2_humble/install/ament_flake8:/home/henrik/ros2_humble/install/ament_copyright:/home/henrik/ros2_humble/install/ament_lint:/home/henrik/ros2_humble/install/ament_index_python:/home/henrik/ros2_humble/install/ament_cpplint:/home/henrik/ros2_humble/install/ament_cppcheck:/home/henrik/ros2_humble/install/ament_clang_tidy:/home/henrik/ros2_humble/install/ament_clang_format /usr/bin/cmake /home/henrik/MSP-Humanoid-IDA/ros_workspace/src/interfaces -DCMAKE_INSTALL_PREFIX=/home/henrik/MSP-Humanoid-IDA/ros_workspace/install/interfaces
[1.323s] Invoking command in '/home/henrik/MSP-Humanoid-IDA/ros_workspace/build/interfaces': CMAKE_PREFIX_PATH=${CMAKE_PREFIX_PATH}:/opt/ros/foxy:/home/henrik/ros2_humble/install/rqt_bag_plugins:/home/henrik/ros2_humble/install/rqt_bag:/home/henrik/ros2_humble/install/ros2bag:/home/henrik/ros2_humble/install/tracetools_test:/home/henrik/ros2_humble/install/tracetools_launch:/home/henrik/ros2_humble/install/topic_monitor:/home/henrik/ros2_humble/install/tf2_tools:/home/henrik/ros2_humble/install/examples_tf2_py:/home/henrik/ros2_humble/install/tf2_ros_py:/home/henrik/ros2_humble/install/sros2:/home/henrik/ros2_humble/install/rqt_topic:/home/henrik/ros2_humble/install/rqt_srv:/home/henrik/ros2_humble/install/rqt_shell:/home/henrik/ros2_humble/install/rqt_service_caller:/home/henrik/ros2_humble/install/rqt_reconfigure:/home/henrik/ros2_humble/install/rqt_py_console:/home/henrik/ros2_humble/install/rqt_publisher:/home/henrik/ros2_humble/install/rqt_plot:/home/henrik/ros2_humble/install/rqt_action:/home/henrik/ros2_humble/install/rqt_msg:/home/henrik/ros2_humble/install/rqt_console:/home/henrik/ros2_humble/install/rqt:/home/henrik/ros2_humble/install/rqt_graph:/home/henrik/ros2_humble/install/rqt_gui_py:/home/henrik/ros2_humble/install/rqt_gui:/home/henrik/ros2_humble/install/ros2trace:/home/henrik/ros2_humble/install/ros2topic:/home/henrik/ros2_humble/install/ros2test:/home/henrik/ros2_humble/install/ros2component:/home/henrik/ros2_humble/install/ros2param:/home/henrik/ros2_humble/install/ros2lifecycle:/home/henrik/ros2_humble/install/ros2service:/home/henrik/ros2_humble/install/ros2run:/home/henrik/ros2_humble/install/ros2launch:/home/henrik/ros2_humble/install/ros2pkg:/home/henrik/ros2_humble/install/ros2node:/home/henrik/ros2_humble/install/ros2multicast:/home/henrik/ros2_humble/install/ros2interface:/home/henrik/ros2_humble/install/ros2doctor:/home/henrik/ros2_humble/install/ros2action:/home/henrik/ros2_humble/install/ros2cli:/home/henrik/ros2_humble/install/quality_of_service_demo_py:/home/henrik/ros2_humble/install/lifecycle_py:/home/henrik/ros2_humble/install/launch_testing_ros:/home/henrik/ros2_humble/install/launch_ros:/home/henrik/ros2_humble/install/examples_rclpy_pointcloud_publisher:/home/henrik/ros2_humble/install/examples_rclpy_minimal_subscriber:/home/henrik/ros2_humble/install/examples_rclpy_minimal_service:/home/henrik/ros2_humble/install/examples_rclpy_minimal_publisher:/home/henrik/ros2_humble/install/examples_rclpy_minimal_client:/home/henrik/ros2_humble/install/examples_rclpy_minimal_action_server:/home/henrik/ros2_humble/install/examples_rclpy_minimal_action_client:/home/henrik/ros2_humble/install/examples_rclpy_guard_conditions:/home/henrik/ros2_humble/install/examples_rclpy_executors:/home/henrik/ros2_humble/install/demo_nodes_py:/home/henrik/ros2_humble/install/action_tutorials_py:/home/henrik/ros2_humble/install/ament_uncrustify:/home/henrik/ros2_humble/install/tracetools_trace:/home/henrik/ros2_humble/install/tracetools_read:/home/henrik/ros2_humble/install/test_tracetools_launch:/home/henrik/ros2_humble/install/test_launch_ros:/home/henrik/ros2_humble/install/sensor_msgs_py:/home/henrik/ros2_humble/install/rpyutils:/home/henrik/ros2_humble/install/rosidl_runtime_py:/home/henrik/ros2_humble/install/rosidl_cli:/home/henrik/ros2_humble/install/launch_pytest:/home/henrik/ros2_humble/install/launch_testing:/home/henrik/ros2_humble/install/launch_yaml:/home/henrik/ros2_humble/install/launch_xml:/home/henrik/ros2_humble/install/launch:/home/henrik/ros2_humble/install/osrf_pycommon:/home/henrik/ros2_humble/install/launch_testing_examples:/home/henrik/ros2_humble/install/domain_coordinator:/home/henrik/ros2_humble/install/ament_xmllint:/home/henrik/ros2_humble/install/ament_pyflakes:/home/henrik/ros2_humble/install/ament_pycodestyle:/home/henrik/ros2_humble/install/ament_pep257:/home/henrik/ros2_humble/install/ament_pclint:/home/henrik/ros2_humble/install/ament_package:/home/henrik/ros2_humble/install/ament_mypy:/home/henrik/ros2_humble/install/ament_lint_cmake:/home/henrik/ros2_humble/install/ament_flake8:/home/henrik/ros2_humble/install/ament_copyright:/home/henrik/ros2_humble/install/ament_lint:/home/henrik/ros2_humble/install/ament_index_python:/home/henrik/ros2_humble/install/ament_cpplint:/home/henrik/ros2_humble/install/ament_cppcheck:/home/henrik/ros2_humble/install/ament_clang_tidy:/home/henrik/ros2_humble/install/ament_clang_format /usr/bin/cmake --build /home/henrik/MSP-Humanoid-IDA/ros_workspace/build/interfaces -- -j20 -l20
[1.349s] [  2%] [34m[1mGenerating C code for ROS interfaces[0m
[1.349s] [35m[1mScanning dependencies of target interfaces__cpp[0m
[1.357s] [  5%] [34m[1mGenerating C++ code for ROS interfaces[0m
[1.511s] [  5%] Built target interfaces__cpp
[1.511s] [35m[1mScanning dependencies of target interfaces__rosidl_generator_c[0m
[1.519s] [  7%] [34m[1mGenerating C++ type support dispatch for ROS interfaces[0m
[1.519s] [ 10%] [34m[1mGenerating C++ type support for eProsima Fast-RTPS[0m
[1.519s] [ 12%] [34m[1mGenerating C++ introspection for ROS interfaces[0m
[1.520s] [ 15%] [32mBuilding C object CMakeFiles/interfaces__rosidl_generator_c.dir/rosidl_generator_c/interfaces/msg/detail/robot_status__functions.c.o[0m
[1.520s] [ 17%] [32mBuilding C object CMakeFiles/interfaces__rosidl_generator_c.dir/rosidl_generator_c/interfaces/msg/detail/bottle_info__functions.c.o[0m
[1.553s] [ 20%] [32m[1mLinking C shared library libinterfaces__rosidl_generator_c.so[0m
[1.578s] [ 20%] Built target interfaces__rosidl_generator_c
[1.586s] [ 25%] [34m[1mGenerating C type support dispatch for ROS interfaces[0m
[1.586s] [ 25%] [34m[1mGenerating C introspection for ROS interfaces[0m
[1.660s] [35m[1mScanning dependencies of target interfaces__rosidl_typesupport_cpp[0m
[1.667s] [35m[1mScanning dependencies of target interfaces__rosidl_typesupport_introspection_cpp[0m
[1.669s] [ 30%] [32mBuilding CXX object CMakeFiles/interfaces__rosidl_typesupport_cpp.dir/rosidl_typesupport_cpp/interfaces/msg/bottle_info__type_support.cpp.o[0m
[1.669s] [ 28%] [32mBuilding CXX object CMakeFiles/interfaces__rosidl_typesupport_cpp.dir/rosidl_typesupport_cpp/interfaces/msg/robot_status__type_support.cpp.o[0m
[1.677s] [ 33%] [32mBuilding CXX object CMakeFiles/interfaces__rosidl_typesupport_introspection_cpp.dir/rosidl_typesupport_introspection_cpp/interfaces/msg/detail/robot_status__type_support.cpp.o[0m
[1.679s] [ 35%] [32mBuilding CXX object CMakeFiles/interfaces__rosidl_typesupport_introspection_cpp.dir/rosidl_typesupport_introspection_cpp/interfaces/msg/detail/bottle_info__type_support.cpp.o[0m
[1.692s] [35m[1mScanning dependencies of target interfaces__rosidl_typesupport_fastrtps_cpp[0m
[1.709s] [ 41%] [32mBuilding CXX object CMakeFiles/interfaces__rosidl_typesupport_fastrtps_cpp.dir/rosidl_typesupport_fastrtps_cpp/interfaces/msg/detail/dds_fastrtps/bottle_info__type_support.cpp.o[0m
[1.709s] [ 41%] [32mBuilding CXX object CMakeFiles/interfaces__rosidl_typesupport_fastrtps_cpp.dir/rosidl_typesupport_fastrtps_cpp/interfaces/msg/detail/dds_fastrtps/robot_status__type_support.cpp.o[0m
[1.727s] [35m[1mScanning dependencies of target interfaces__rosidl_typesupport_c[0m
[1.736s] [ 43%] [32mBuilding CXX object CMakeFiles/interfaces__rosidl_typesupport_c.dir/rosidl_typesupport_c/interfaces/msg/robot_status__type_support.cpp.o[0m
[1.740s] [ 46%] [32mBuilding CXX object CMakeFiles/interfaces__rosidl_typesupport_c.dir/rosidl_typesupport_c/interfaces/msg/bottle_info__type_support.cpp.o[0m
[1.743s] [35m[1mScanning dependencies of target interfaces__rosidl_typesupport_introspection_c[0m
[1.754s] [ 48%] [32mBuilding C object CMakeFiles/interfaces__rosidl_typesupport_introspection_c.dir/rosidl_typesupport_introspection_c/interfaces/msg/detail/robot_status__type_support.c.o[0m
[1.757s] [ 51%] [32mBuilding C object CMakeFiles/interfaces__rosidl_typesupport_introspection_c.dir/rosidl_typesupport_introspection_c/interfaces/msg/detail/bottle_info__type_support.c.o[0m
[1.775s] [ 53%] [32m[1mLinking CXX shared library libinterfaces__rosidl_typesupport_c.so[0m
[1.781s] [ 56%] [32m[1mLinking C shared library libinterfaces__rosidl_typesupport_introspection_c.so[0m
[1.803s] [ 56%] Built target interfaces__rosidl_typesupport_introspection_c
[1.810s] [ 56%] Built target interfaces__rosidl_typesupport_c
[1.826s] [ 58%] [32m[1mLinking CXX shared library libinterfaces__rosidl_typesupport_cpp.so[0m
[1.849s] [ 61%] [32m[1mLinking CXX shared library libinterfaces__rosidl_typesupport_introspection_cpp.so[0m
[1.853s] [ 61%] Built target interfaces__rosidl_typesupport_cpp
[1.885s] [ 61%] Built target interfaces__rosidl_typesupport_introspection_cpp
[2.080s] [ 64%] [32m[1mLinking CXX shared library libinterfaces__rosidl_typesupport_fastrtps_cpp.so[0m
[2.128s] [ 64%] Built target interfaces__rosidl_typesupport_fastrtps_cpp
[2.136s] [ 66%] [34m[1mGenerating C type support for eProsima Fast-RTPS[0m
[2.270s] [35m[1mScanning dependencies of target interfaces__rosidl_typesupport_fastrtps_c[0m
[2.280s] [ 69%] [32mBuilding CXX object CMakeFiles/interfaces__rosidl_typesupport_fastrtps_c.dir/rosidl_typesupport_fastrtps_c/interfaces/msg/detail/robot_status__type_support_c.cpp.o[0m
[2.280s] [ 71%] [32mBuilding CXX object CMakeFiles/interfaces__rosidl_typesupport_fastrtps_c.dir/rosidl_typesupport_fastrtps_c/interfaces/msg/detail/bottle_info__type_support_c.cpp.o[0m
[2.458s] [ 74%] [32m[1mLinking CXX shared library libinterfaces__rosidl_typesupport_fastrtps_c.so[0m
[2.506s] [ 74%] Built target interfaces__rosidl_typesupport_fastrtps_c
[2.513s] [35m[1mScanning dependencies of target interfaces[0m
[2.521s] [ 74%] Built target interfaces
[2.528s] [35m[1mScanning dependencies of target interfaces__py[0m
[2.535s] [ 76%] [34m[1mGenerating Python code for ROS interfaces[0m
[2.834s] [ 76%] Built target interfaces__py
[2.841s] [35m[1mScanning dependencies of target interfaces__python[0m
[2.853s] [ 79%] [32mBuilding C object CMakeFiles/interfaces__python.dir/rosidl_generator_py/interfaces/msg/_robot_status_s.c.o[0m
[2.854s] [ 82%] [32mBuilding C object CMakeFiles/interfaces__python.dir/rosidl_generator_py/interfaces/msg/_bottle_info_s.c.o[0m
[2.903s] [ 84%] [32m[1mLinking C shared library rosidl_generator_py/interfaces/libinterfaces__python.so[0m
[2.928s] [ 84%] Built target interfaces__python
[2.936s] [35m[1mScanning dependencies of target interfaces__rosidl_typesupport_c__pyext[0m
[2.936s] [35m[1mScanning dependencies of target interfaces__rosidl_typesupport_introspection_c__pyext[0m
[2.936s] [35m[1mScanning dependencies of target interfaces__rosidl_typesupport_fastrtps_c__pyext[0m
[2.948s] [ 92%] [32mBuilding C object CMakeFiles/interfaces__rosidl_typesupport_introspection_c__pyext.dir/rosidl_generator_py/interfaces/_interfaces_s.ep.rosidl_typesupport_introspection_c.c.o[0m
[2.948s] [ 92%] [32mBuilding C object CMakeFiles/interfaces__rosidl_typesupport_c__pyext.dir/rosidl_generator_py/interfaces/_interfaces_s.ep.rosidl_typesupport_c.c.o[0m
[2.948s] [ 92%] [32mBuilding C object CMakeFiles/interfaces__rosidl_typesupport_fastrtps_c__pyext.dir/rosidl_generator_py/interfaces/_interfaces_s.ep.rosidl_typesupport_fastrtps_c.c.o[0m
[2.996s] [100%] [32m[1mLinking CXX shared library rosidl_generator_py/interfaces/interfaces_s__rosidl_typesupport_fastrtps_c.cpython-38-x86_64-linux-gnu.so[0m
[2.996s] [100%] [32m[1mLinking C shared library rosidl_generator_py/interfaces/interfaces_s__rosidl_typesupport_c.cpython-38-x86_64-linux-gnu.so[0m
[2.996s] [ 94%] [32m[1mLinking C shared library rosidl_generator_py/interfaces/interfaces_s__rosidl_typesupport_introspection_c.cpython-38-x86_64-linux-gnu.so[0m
[3.019s] [100%] Built target interfaces__rosidl_typesupport_c__pyext
[3.019s] [100%] Built target interfaces__rosidl_typesupport_introspection_c__pyext
[3.033s] [100%] Built target interfaces__rosidl_typesupport_fastrtps_c__pyext
[3.042s] Invoked command in '/home/henrik/MSP-Humanoid-IDA/ros_workspace/build/interfaces' returned '0': CMAKE_PREFIX_PATH=${CMAKE_PREFIX_PATH}:/opt/ros/foxy:/home/henrik/ros2_humble/install/rqt_bag_plugins:/home/henrik/ros2_humble/install/rqt_bag:/home/henrik/ros2_humble/install/ros2bag:/home/henrik/ros2_humble/install/tracetools_test:/home/henrik/ros2_humble/install/tracetools_launch:/home/henrik/ros2_humble/install/topic_monitor:/home/henrik/ros2_humble/install/tf2_tools:/home/henrik/ros2_humble/install/examples_tf2_py:/home/henrik/ros2_humble/install/tf2_ros_py:/home/henrik/ros2_humble/install/sros2:/home/henrik/ros2_humble/install/rqt_topic:/home/henrik/ros2_humble/install/rqt_srv:/home/henrik/ros2_humble/install/rqt_shell:/home/henrik/ros2_humble/install/rqt_service_caller:/home/henrik/ros2_humble/install/rqt_reconfigure:/home/henrik/ros2_humble/install/rqt_py_console:/home/henrik/ros2_humble/install/rqt_publisher:/home/henrik/ros2_humble/install/rqt_plot:/home/henrik/ros2_humble/install/rqt_action:/home/henrik/ros2_humble/install/rqt_msg:/home/henrik/ros2_humble/install/rqt_console:/home/henrik/ros2_humble/install/rqt:/home/henrik/ros2_humble/install/rqt_graph:/home/henrik/ros2_humble/install/rqt_gui_py:/home/henrik/ros2_humble/install/rqt_gui:/home/henrik/ros2_humble/install/ros2trace:/home/henrik/ros2_humble/install/ros2topic:/home/henrik/ros2_humble/install/ros2test:/home/henrik/ros2_humble/install/ros2component:/home/henrik/ros2_humble/install/ros2param:/home/henrik/ros2_humble/install/ros2lifecycle:/home/henrik/ros2_humble/install/ros2service:/home/henrik/ros2_humble/install/ros2run:/home/henrik/ros2_humble/install/ros2launch:/home/henrik/ros2_humble/install/ros2pkg:/home/henrik/ros2_humble/install/ros2node:/home/henrik/ros2_humble/install/ros2multicast:/home/henrik/ros2_humble/install/ros2interface:/home/henrik/ros2_humble/install/ros2doctor:/home/henrik/ros2_humble/install/ros2action:/home/henrik/ros2_humble/install/ros2cli:/home/henrik/ros2_humble/install/quality_of_service_demo_py:/home/henrik/ros2_humble/install/lifecycle_py:/home/henrik/ros2_humble/install/launch_testing_ros:/home/henrik/ros2_humble/install/launch_ros:/home/henrik/ros2_humble/install/examples_rclpy_pointcloud_publisher:/home/henrik/ros2_humble/install/examples_rclpy_minimal_subscriber:/home/henrik/ros2_humble/install/examples_rclpy_minimal_service:/home/henrik/ros2_humble/install/examples_rclpy_minimal_publisher:/home/henrik/ros2_humble/install/examples_rclpy_minimal_client:/home/henrik/ros2_humble/install/examples_rclpy_minimal_action_server:/home/henrik/ros2_humble/install/examples_rclpy_minimal_action_client:/home/henrik/ros2_humble/install/examples_rclpy_guard_conditions:/home/henrik/ros2_humble/install/examples_rclpy_executors:/home/henrik/ros2_humble/install/demo_nodes_py:/home/henrik/ros2_humble/install/action_tutorials_py:/home/henrik/ros2_humble/install/ament_uncrustify:/home/henrik/ros2_humble/install/tracetools_trace:/home/henrik/ros2_humble/install/tracetools_read:/home/henrik/ros2_humble/install/test_tracetools_launch:/home/henrik/ros2_humble/install/test_launch_ros:/home/henrik/ros2_humble/install/sensor_msgs_py:/home/henrik/ros2_humble/install/rpyutils:/home/henrik/ros2_humble/install/rosidl_runtime_py:/home/henrik/ros2_humble/install/rosidl_cli:/home/henrik/ros2_humble/install/launch_pytest:/home/henrik/ros2_humble/install/launch_testing:/home/henrik/ros2_humble/install/launch_yaml:/home/henrik/ros2_humble/install/launch_xml:/home/henrik/ros2_humble/install/launch:/home/henrik/ros2_humble/install/osrf_pycommon:/home/henrik/ros2_humble/install/launch_testing_examples:/home/henrik/ros2_humble/install/domain_coordinator:/home/henrik/ros2_humble/install/ament_xmllint:/home/henrik/ros2_humble/install/ament_pyflakes:/home/henrik/ros2_humble/install/ament_pycodestyle:/home/henrik/ros2_humble/install/ament_pep257:/home/henrik/ros2_humble/install/ament_pclint:/home/henrik/ros2_humble/install/ament_package:/home/henrik/ros2_humble/install/ament_mypy:/home/henrik/ros2_humble/install/ament_lint_cmake:/home/henrik/ros2_humble/install/ament_flake8:/home/henrik/ros2_humble/install/ament_copyright:/home/henrik/ros2_humble/install/ament_lint:/home/henrik/ros2_humble/install/ament_index_python:/home/henrik/ros2_humble/install/ament_cpplint:/home/henrik/ros2_humble/install/ament_cppcheck:/home/henrik/ros2_humble/install/ament_clang_tidy:/home/henrik/ros2_humble/install/ament_clang_format /usr/bin/cmake --build /home/henrik/MSP-Humanoid-IDA/ros_workspace/build/interfaces -- -j20 -l20
[3.139s] Invoking command in '/home/henrik/MSP-Humanoid-IDA/ros_workspace/build/interfaces': CMAKE_PREFIX_PATH=${CMAKE_PREFIX_PATH}:/opt/ros/foxy:/home/henrik/ros2_humble/install/rqt_bag_plugins:/home/henrik/ros2_humble/install/rqt_bag:/home/henrik/ros2_humble/install/ros2bag:/home/henrik/ros2_humble/install/tracetools_test:/home/henrik/ros2_humble/install/tracetools_launch:/home/henrik/ros2_humble/install/topic_monitor:/home/henrik/ros2_humble/install/tf2_tools:/home/henrik/ros2_humble/install/examples_tf2_py:/home/henrik/ros2_humble/install/tf2_ros_py:/home/henrik/ros2_humble/install/sros2:/home/henrik/ros2_humble/install/rqt_topic:/home/henrik/ros2_humble/install/rqt_srv:/home/henrik/ros2_humble/install/rqt_shell:/home/henrik/ros2_humble/install/rqt_service_caller:/home/henrik/ros2_humble/install/rqt_reconfigure:/home/henrik/ros2_humble/install/rqt_py_console:/home/henrik/ros2_humble/install/rqt_publisher:/home/henrik/ros2_humble/install/rqt_plot:/home/henrik/ros2_humble/install/rqt_action:/home/henrik/ros2_humble/install/rqt_msg:/home/henrik/ros2_humble/install/rqt_console:/home/henrik/ros2_humble/install/rqt:/home/henrik/ros2_humble/install/rqt_graph:/home/henrik/ros2_humble/install/rqt_gui_py:/home/henrik/ros2_humble/install/rqt_gui:/home/henrik/ros2_humble/install/ros2trace:/home/henrik/ros2_humble/install/ros2topic:/home/henrik/ros2_humble/install/ros2test:/home/henrik/ros2_humble/install/ros2component:/home/henrik/ros2_humble/install/ros2param:/home/henrik/ros2_humble/install/ros2lifecycle:/home/henrik/ros2_humble/install/ros2service:/home/henrik/ros2_humble/install/ros2run:/home/henrik/ros2_humble/install/ros2launch:/home/henrik/ros2_humble/install/ros2pkg:/home/henrik/ros2_humble/install/ros2node:/home/henrik/ros2_humble/install/ros2multicast:/home/henrik/ros2_humble/install/ros2interface:/home/henrik/ros2_humble/install/ros2doctor:/home/henrik/ros2_humble/install/ros2action:/home/henrik/ros2_humble/install/ros2cli:/home/henrik/ros2_humble/install/quality_of_service_demo_py:/home/henrik/ros2_humble/install/lifecycle_py:/home/henrik/ros2_humble/install/launch_testing_ros:/home/henrik/ros2_humble/install/launch_ros:/home/henrik/ros2_humble/install/examples_rclpy_pointcloud_publisher:/home/henrik/ros2_humble/install/examples_rclpy_minimal_subscriber:/home/henrik/ros2_humble/install/examples_rclpy_minimal_service:/home/henrik/ros2_humble/install/examples_rclpy_minimal_publisher:/home/henrik/ros2_humble/install/examples_rclpy_minimal_client:/home/henrik/ros2_humble/install/examples_rclpy_minimal_action_server:/home/henrik/ros2_humble/install/examples_rclpy_minimal_action_client:/home/henrik/ros2_humble/install/examples_rclpy_guard_conditions:/home/henrik/ros2_humble/install/examples_rclpy_executors:/home/henrik/ros2_humble/install/demo_nodes_py:/home/henrik/ros2_humble/install/action_tutorials_py:/home/henrik/ros2_humble/install/ament_uncrustify:/home/henrik/ros2_humble/install/tracetools_trace:/home/henrik/ros2_humble/install/tracetools_read:/home/henrik/ros2_humble/install/test_tracetools_launch:/home/henrik/ros2_humble/install/test_launch_ros:/home/henrik/ros2_humble/install/sensor_msgs_py:/home/henrik/ros2_humble/install/rpyutils:/home/henrik/ros2_humble/install/rosidl_runtime_py:/home/henrik/ros2_humble/install/rosidl_cli:/home/henrik/ros2_humble/install/launch_pytest:/home/henrik/ros2_humble/install/launch_testing:/home/henrik/ros2_humble/install/launch_yaml:/home/henrik/ros2_humble/install/launch_xml:/home/henrik/ros2_humble/install/launch:/home/henrik/ros2_humble/install/osrf_pycommon:/home/henrik/ros2_humble/install/launch_testing_examples:/home/henrik/ros2_humble/install/domain_coordinator:/home/henrik/ros2_humble/install/ament_xmllint:/home/henrik/ros2_humble/install/ament_pyflakes:/home/henrik/ros2_humble/install/ament_pycodestyle:/home/henrik/ros2_humble/install/ament_pep257:/home/henrik/ros2_humble/install/ament_pclint:/home/henrik/ros2_humble/install/ament_package:/home/henrik/ros2_humble/install/ament_mypy:/home/henrik/ros2_humble/install/ament_lint_cmake:/home/henrik/ros2_humble/install/ament_flake8:/home/henrik/ros2_humble/install/ament_copyright:/home/henrik/ros2_humble/install/ament_lint:/home/henrik/ros2_humble/install/ament_index_python:/home/henrik/ros2_humble/install/ament_cpplint:/home/henrik/ros2_humble/install/ament_cppcheck:/home/henrik/ros2_humble/install/ament_clang_tidy:/home/henrik/ros2_humble/install/ament_clang_format /usr/bin/cmake --install /home/henrik/MSP-Humanoid-IDA/ros_workspace/build/interfaces
[3.144s] -- Install configuration: ""
[3.144s] -- Installing: /home/henrik/MSP-Humanoid-IDA/ros_workspace/install/interfaces/share/ament_index/resource_index/rosidl_interfaces/interfaces
[3.144s] -- Up-to-date: /home/henrik/MSP-Humanoid-IDA/ros_workspace/install/interfaces/include/interfaces
[3.144s] -- Up-to-date: /home/henrik/MSP-Humanoid-IDA/ros_workspace/install/interfaces/include/interfaces/msg
[3.144s] -- Installing: /home/henrik/MSP-Humanoid-IDA/ros_workspace/install/interfaces/include/interfaces/msg/rosidl_generator_c__visibility_control.h
[3.144s] -- Installing: /home/henrik/MSP-Humanoid-IDA/ros_workspace/install/interfaces/include/interfaces/msg/bottle_info.h
[3.145s] -- Installing: /home/henrik/MSP-Humanoid-IDA/ros_workspace/install/interfaces/include/interfaces/msg/robot_status.h
[3.145s] -- Up-to-date: /home/henrik/MSP-Humanoid-IDA/ros_workspace/install/interfaces/include/interfaces/msg/detail
[3.145s] -- Installing: /home/henrik/MSP-Humanoid-IDA/ros_workspace/install/interfaces/include/interfaces/msg/detail/robot_status__functions.h
[3.145s] -- Installing: /home/henrik/MSP-Humanoid-IDA/ros_workspace/install/interfaces/include/interfaces/msg/detail/robot_status__type_support.h
[3.145s] -- Installing: /home/henrik/MSP-Humanoid-IDA/ros_workspace/install/interfaces/include/interfaces/msg/detail/bottle_info__functions.c
[3.145s] -- Installing: /home/henrik/MSP-Humanoid-IDA/ros_workspace/install/interfaces/include/interfaces/msg/detail/robot_status__functions.c
[3.145s] -- Installing: /home/henrik/MSP-Humanoid-IDA/ros_workspace/install/interfaces/include/interfaces/msg/detail/bottle_info__type_support.h
[3.145s] -- Installing: /home/henrik/MSP-Humanoid-IDA/ros_workspace/install/interfaces/include/interfaces/msg/detail/bottle_info__struct.h
[3.145s] -- Installing: /home/henrik/MSP-Humanoid-IDA/ros_workspace/install/interfaces/include/interfaces/msg/detail/bottle_info__functions.h
[3.145s] -- Installing: /home/henrik/MSP-Humanoid-IDA/ros_workspace/install/interfaces/include/interfaces/msg/detail/robot_status__struct.h
[3.145s] -- Up-to-date: /home/henrik/MSP-Humanoid-IDA/ros_workspace/install/interfaces/share/interfaces/environment/library_path.sh
[3.145s] -- Installing: /home/henrik/MSP-Humanoid-IDA/ros_workspace/install/interfaces/share/interfaces/environment/library_path.dsv
[3.148s] -- Installing: /home/henrik/MSP-Humanoid-IDA/ros_workspace/install/interfaces/lib/libinterfaces__rosidl_generator_c.so
[3.148s] -- Set runtime path of "/home/henrik/MSP-Humanoid-IDA/ros_workspace/install/interfaces/lib/libinterfaces__rosidl_generator_c.so" to ""
[3.148s] -- Up-to-date: /home/henrik/MSP-Humanoid-IDA/ros_workspace/install/interfaces/include/interfaces
[3.148s] -- Up-to-date: /home/henrik/MSP-Humanoid-IDA/ros_workspace/install/interfaces/include/interfaces/msg
[3.148s] -- Installing: /home/henrik/MSP-Humanoid-IDA/ros_workspace/install/interfaces/include/interfaces/msg/rosidl_typesupport_fastrtps_c__visibility_control.h
[3.148s] -- Up-to-date: /home/henrik/MSP-Humanoid-IDA/ros_workspace/install/interfaces/include/interfaces/msg/detail
[3.148s] -- Installing: /home/henrik/MSP-Humanoid-IDA/ros_workspace/install/interfaces/include/interfaces/msg/detail/robot_status__rosidl_typesupport_fastrtps_c.h
[3.148s] -- Installing: /home/henrik/MSP-Humanoid-IDA/ros_workspace/install/interfaces/include/interfaces/msg/detail/bottle_info__rosidl_typesupport_fastrtps_c.h
[3.148s] -- Installing: /home/henrik/MSP-Humanoid-IDA/ros_workspace/install/interfaces/lib/libinterfaces__rosidl_typesupport_fastrtps_c.so
[3.148s] -- Set runtime path of "/home/henrik/MSP-Humanoid-IDA/ros_workspace/install/interfaces/lib/libinterfaces__rosidl_typesupport_fastrtps_c.so" to ""
[3.149s] -- Up-to-date: /home/henrik/MSP-Humanoid-IDA/ros_workspace/install/interfaces/include/interfaces
[3.149s] -- Up-to-date: /home/henrik/MSP-Humanoid-IDA/ros_workspace/install/interfaces/include/interfaces/msg
[3.149s] -- Installing: /home/henrik/MSP-Humanoid-IDA/ros_workspace/install/interfaces/include/interfaces/msg/rosidl_typesupport_fastrtps_cpp__visibility_control.h
[3.149s] -- Up-to-date: /home/henrik/MSP-Humanoid-IDA/ros_workspace/install/interfaces/include/interfaces/msg/detail
[3.149s] -- Installing: /home/henrik/MSP-Humanoid-IDA/ros_workspace/install/interfaces/include/interfaces/msg/detail/robot_status__rosidl_typesupport_fastrtps_cpp.hpp
[3.149s] -- Up-to-date: /home/henrik/MSP-Humanoid-IDA/ros_workspace/install/interfaces/include/interfaces/msg/detail/dds_fastrtps
[3.149s] -- Installing: /home/henrik/MSP-Humanoid-IDA/ros_workspace/install/interfaces/include/interfaces/msg/detail/bottle_info__rosidl_typesupport_fastrtps_cpp.hpp
[3.149s] -- Installing: /home/henrik/MSP-Humanoid-IDA/ros_workspace/install/interfaces/lib/libinterfaces__rosidl_typesupport_fastrtps_cpp.so
[3.149s] -- Set runtime path of "/home/henrik/MSP-Humanoid-IDA/ros_workspace/install/interfaces/lib/libinterfaces__rosidl_typesupport_fastrtps_cpp.so" to ""
[3.149s] -- Up-to-date: /home/henrik/MSP-Humanoid-IDA/ros_workspace/install/interfaces/include/interfaces
[3.149s] -- Up-to-date: /home/henrik/MSP-Humanoid-IDA/ros_workspace/install/interfaces/include/interfaces/msg
[3.149s] -- Installing: /home/henrik/MSP-Humanoid-IDA/ros_workspace/install/interfaces/include/interfaces/msg/rosidl_typesupport_introspection_c__visibility_control.h
[3.149s] -- Up-to-date: /home/henrik/MSP-Humanoid-IDA/ros_workspace/install/interfaces/include/interfaces/msg/detail
[3.149s] -- Installing: /home/henrik/MSP-Humanoid-IDA/ros_workspace/install/interfaces/include/interfaces/msg/detail/robot_status__rosidl_typesupport_introspection_c.h
[3.149s] -- Installing: /home/henrik/MSP-Humanoid-IDA/ros_workspace/install/interfaces/include/interfaces/msg/detail/bottle_info__type_support.c
[3.149s] -- Installing: /home/henrik/MSP-Humanoid-IDA/ros_workspace/install/interfaces/include/interfaces/msg/detail/bottle_info__rosidl_typesupport_introspection_c.h
[3.150s] -- Installing: /home/henrik/MSP-Humanoid-IDA/ros_workspace/install/interfaces/include/interfaces/msg/detail/robot_status__type_support.c
[3.150s] -- Installing: /home/henrik/MSP-Humanoid-IDA/ros_workspace/install/interfaces/lib/libinterfaces__rosidl_typesupport_introspection_c.so
[3.150s] -- Set runtime path of "/home/henrik/MSP-Humanoid-IDA/ros_workspace/install/interfaces/lib/libinterfaces__rosidl_typesupport_introspection_c.so" to ""
[3.150s] -- Installing: /home/henrik/MSP-Humanoid-IDA/ros_workspace/install/interfaces/lib/libinterfaces__rosidl_typesupport_c.so
[3.150s] -- Set runtime path of "/home/henrik/MSP-Humanoid-IDA/ros_workspace/install/interfaces/lib/libinterfaces__rosidl_typesupport_c.so" to ""
[3.150s] -- Up-to-date: /home/henrik/MSP-Humanoid-IDA/ros_workspace/install/interfaces/include/interfaces
[3.150s] -- Up-to-date: /home/henrik/MSP-Humanoid-IDA/ros_workspace/install/interfaces/include/interfaces/msg
[3.150s] -- Installing: /home/henrik/MSP-Humanoid-IDA/ros_workspace/install/interfaces/include/interfaces/msg/bottle_info.hpp
[3.150s] -- Installing: /home/henrik/MSP-Humanoid-IDA/ros_workspace/install/interfaces/include/interfaces/msg/robot_status.hpp
[3.150s] -- Up-to-date: /home/henrik/MSP-Humanoid-IDA/ros_workspace/install/interfaces/include/interfaces/msg/detail
[3.151s] -- Installing: /home/henrik/MSP-Humanoid-IDA/ros_workspace/install/interfaces/include/interfaces/msg/detail/bottle_info__struct.hpp
[3.151s] -- Installing: /home/henrik/MSP-Humanoid-IDA/ros_workspace/install/interfaces/include/interfaces/msg/detail/robot_status__type_support.hpp
[3.151s] -- Installing: /home/henrik/MSP-Humanoid-IDA/ros_workspace/install/interfaces/include/interfaces/msg/detail/robot_status__struct.hpp
[3.151s] -- Installing: /home/henrik/MSP-Humanoid-IDA/ros_workspace/install/interfaces/include/interfaces/msg/detail/bottle_info__builder.hpp
[3.151s] -- Installing: /home/henrik/MSP-Humanoid-IDA/ros_workspace/install/interfaces/include/interfaces/msg/detail/bottle_info__type_support.hpp
[3.151s] -- Installing: /home/henrik/MSP-Humanoid-IDA/ros_workspace/install/interfaces/include/interfaces/msg/detail/robot_status__traits.hpp
[3.151s] -- Installing: /home/henrik/MSP-Humanoid-IDA/ros_workspace/install/interfaces/include/interfaces/msg/detail/robot_status__builder.hpp
[3.151s] -- Installing: /home/henrik/MSP-Humanoid-IDA/ros_workspace/install/interfaces/include/interfaces/msg/detail/bottle_info__traits.hpp
[3.151s] -- Installing: /home/henrik/MSP-Humanoid-IDA/ros_workspace/install/interfaces/include/interfaces/msg/rosidl_generator_cpp__visibility_control.hpp
[3.151s] -- Up-to-date: /home/henrik/MSP-Humanoid-IDA/ros_workspace/install/interfaces/include/interfaces
[3.151s] -- Up-to-date: /home/henrik/MSP-Humanoid-IDA/ros_workspace/install/interfaces/include/interfaces/msg
[3.151s] -- Up-to-date: /home/henrik/MSP-Humanoid-IDA/ros_workspace/install/interfaces/include/interfaces/msg/detail
[3.151s] -- Installing: /home/henrik/MSP-Humanoid-IDA/ros_workspace/install/interfaces/include/interfaces/msg/detail/bottle_info__rosidl_typesupport_introspection_cpp.hpp
[3.151s] -- Installing: /home/henrik/MSP-Humanoid-IDA/ros_workspace/install/interfaces/include/interfaces/msg/detail/robot_status__rosidl_typesupport_introspection_cpp.hpp
[3.151s] -- Installing: /home/henrik/MSP-Humanoid-IDA/ros_workspace/install/interfaces/include/interfaces/msg/detail/robot_status__type_support.cpp
[3.152s] -- Installing: /home/henrik/MSP-Humanoid-IDA/ros_workspace/install/interfaces/include/interfaces/msg/detail/bottle_info__type_support.cpp
[3.152s] -- Installing: /home/henrik/MSP-Humanoid-IDA/ros_workspace/install/interfaces/lib/libinterfaces__rosidl_typesupport_introspection_cpp.so
[3.152s] -- Set runtime path of "/home/henrik/MSP-Humanoid-IDA/ros_workspace/install/interfaces/lib/libinterfaces__rosidl_typesupport_introspection_cpp.so" to ""
[3.152s] -- Installing: /home/henrik/MSP-Humanoid-IDA/ros_workspace/install/interfaces/lib/libinterfaces__rosidl_typesupport_cpp.so
[3.152s] -- Set runtime path of "/home/henrik/MSP-Humanoid-IDA/ros_workspace/install/interfaces/lib/libinterfaces__rosidl_typesupport_cpp.so" to ""
[3.152s] -- Installing: /home/henrik/MSP-Humanoid-IDA/ros_workspace/install/interfaces/share/interfaces/environment/pythonpath.sh
[3.152s] -- Installing: /home/henrik/MSP-Humanoid-IDA/ros_workspace/install/interfaces/share/interfaces/environment/pythonpath.dsv
[3.152s] -- Installing: /home/henrik/MSP-Humanoid-IDA/ros_workspace/install/interfaces/lib/python3.8/site-packages/interfaces/__init__.py
[3.177s] Compiling '/home/henrik/MSP-Humanoid-IDA/ros_workspace/install/interfaces/lib/python3.8/site-packages/interfaces/__init__.py'...
[3.179s] -- Up-to-date: /home/henrik/MSP-Humanoid-IDA/ros_workspace/install/interfaces/lib/python3.8/site-packages/interfaces/msg
[3.179s] -- Installing: /home/henrik/MSP-Humanoid-IDA/ros_workspace/install/interfaces/lib/python3.8/site-packages/interfaces/msg/__init__.py
[3.180s] -- Installing: /home/henrik/MSP-Humanoid-IDA/ros_workspace/install/interfaces/lib/python3.8/site-packages/interfaces/msg/_robot_status.py
[3.180s] -- Installing: /home/henrik/MSP-Humanoid-IDA/ros_workspace/install/interfaces/lib/python3.8/site-packages/interfaces/msg/_robot_status_s.c
[3.180s] -- Installing: /home/henrik/MSP-Humanoid-IDA/ros_workspace/install/interfaces/lib/python3.8/site-packages/interfaces/msg/_bottle_info.py
[3.180s] -- Installing: /home/henrik/MSP-Humanoid-IDA/ros_workspace/install/interfaces/lib/python3.8/site-packages/interfaces/msg/_bottle_info_s.c
[3.180s] -- Installing: /home/henrik/MSP-Humanoid-IDA/ros_workspace/install/interfaces/lib/python3.8/site-packages/interfaces/interfaces_s__rosidl_typesupport_fastrtps_c.cpython-38-x86_64-linux-gnu.so
[3.180s] -- Set runtime path of "/home/henrik/MSP-Humanoid-IDA/ros_workspace/install/interfaces/lib/python3.8/site-packages/interfaces/interfaces_s__rosidl_typesupport_fastrtps_c.cpython-38-x86_64-linux-gnu.so" to ""
[3.181s] -- Installing: /home/henrik/MSP-Humanoid-IDA/ros_workspace/install/interfaces/lib/python3.8/site-packages/interfaces/interfaces_s__rosidl_typesupport_introspection_c.cpython-38-x86_64-linux-gnu.so
[3.181s] -- Set runtime path of "/home/henrik/MSP-Humanoid-IDA/ros_workspace/install/interfaces/lib/python3.8/site-packages/interfaces/interfaces_s__rosidl_typesupport_introspection_c.cpython-38-x86_64-linux-gnu.so" to ""
[3.181s] -- Installing: /home/henrik/MSP-Humanoid-IDA/ros_workspace/install/interfaces/lib/python3.8/site-packages/interfaces/interfaces_s__rosidl_typesupport_c.cpython-38-x86_64-linux-gnu.so
[3.181s] -- Set runtime path of "/home/henrik/MSP-Humanoid-IDA/ros_workspace/install/interfaces/lib/python3.8/site-packages/interfaces/interfaces_s__rosidl_typesupport_c.cpython-38-x86_64-linux-gnu.so" to ""
[3.182s] -- Installing: /home/henrik/MSP-Humanoid-IDA/ros_workspace/install/interfaces/lib/libinterfaces__python.so
[3.182s] -- Set runtime path of "/home/henrik/MSP-Humanoid-IDA/ros_workspace/install/interfaces/lib/libinterfaces__python.so" to ""
[3.182s] -- Installing: /home/henrik/MSP-Humanoid-IDA/ros_workspace/install/interfaces/share/interfaces/msg/RobotStatus.idl
[3.182s] -- Installing: /home/henrik/MSP-Humanoid-IDA/ros_workspace/install/interfaces/share/interfaces/msg/BottleInfo.idl
[3.182s] -- Up-to-date: /home/henrik/MSP-Humanoid-IDA/ros_workspace/install/interfaces/share/interfaces/msg/RobotStatus.msg
[3.182s] -- Up-to-date: /home/henrik/MSP-Humanoid-IDA/ros_workspace/install/interfaces/share/interfaces/msg/BottleInfo.msg
[3.182s] -- Installing: /home/henrik/MSP-Humanoid-IDA/ros_workspace/install/interfaces/share/ament_index/resource_index/package_run_dependencies/interfaces
[3.182s] -- Installing: /home/henrik/MSP-Humanoid-IDA/ros_workspace/install/interfaces/share/ament_index/resource_index/parent_prefix_path/interfaces
[3.182s] -- Up-to-date: /home/henrik/MSP-Humanoid-IDA/ros_workspace/install/interfaces/share/interfaces/environment/ament_prefix_path.sh
[3.182s] -- Installing: /home/henrik/MSP-Humanoid-IDA/ros_workspace/install/interfaces/share/interfaces/environment/ament_prefix_path.dsv
[3.182s] -- Up-to-date: /home/henrik/MSP-Humanoid-IDA/ros_workspace/install/interfaces/share/interfaces/environment/path.sh
[3.182s] -- Installing: /home/henrik/MSP-Humanoid-IDA/ros_workspace/install/interfaces/share/interfaces/environment/path.dsv
[3.182s] -- Installing: /home/henrik/MSP-Humanoid-IDA/ros_workspace/install/interfaces/share/interfaces/local_setup.bash
[3.183s] -- Installing: /home/henrik/MSP-Humanoid-IDA/ros_workspace/install/interfaces/share/interfaces/local_setup.sh
[3.183s] -- Installing: /home/henrik/MSP-Humanoid-IDA/ros_workspace/install/interfaces/share/interfaces/local_setup.zsh
[3.183s] -- Installing: /home/henrik/MSP-Humanoid-IDA/ros_workspace/install/interfaces/share/interfaces/local_setup.dsv
[3.183s] -- Installing: /home/henrik/MSP-Humanoid-IDA/ros_workspace/install/interfaces/share/interfaces/package.dsv
[3.183s] -- Installing: /home/henrik/MSP-Humanoid-IDA/ros_workspace/install/interfaces/share/ament_index/resource_index/packages/interfaces
[3.183s] -- Installing: /home/henrik/MSP-Humanoid-IDA/ros_workspace/install/interfaces/share/interfaces/cmake/interfaces__rosidl_generator_cExport.cmake
[3.183s] -- Installing: /home/henrik/MSP-Humanoid-IDA/ros_workspace/install/interfaces/share/interfaces/cmake/interfaces__rosidl_generator_cExport-noconfig.cmake
[3.183s] -- Installing: /home/henrik/MSP-Humanoid-IDA/ros_workspace/install/interfaces/share/interfaces/cmake/interfaces__rosidl_typesupport_introspection_cExport.cmake
[3.183s] -- Installing: /home/henrik/MSP-Humanoid-IDA/ros_workspace/install/interfaces/share/interfaces/cmake/interfaces__rosidl_typesupport_introspection_cExport-noconfig.cmake
[3.183s] -- Installing: /home/henrik/MSP-Humanoid-IDA/ros_workspace/install/interfaces/share/interfaces/cmake/interfaces__rosidl_typesupport_cExport.cmake
[3.183s] -- Installing: /home/henrik/MSP-Humanoid-IDA/ros_workspace/install/interfaces/share/interfaces/cmake/interfaces__rosidl_typesupport_cExport-noconfig.cmake
[3.184s] -- Installing: /home/henrik/MSP-Humanoid-IDA/ros_workspace/install/interfaces/share/interfaces/cmake/interfaces__rosidl_generator_cppExport.cmake
[3.184s] -- Installing: /home/henrik/MSP-Humanoid-IDA/ros_workspace/install/interfaces/share/interfaces/cmake/interfaces__rosidl_typesupport_introspection_cppExport.cmake
[3.184s] -- Installing: /home/henrik/MSP-Humanoid-IDA/ros_workspace/install/interfaces/share/interfaces/cmake/interfaces__rosidl_typesupport_introspection_cppExport-noconfig.cmake
[3.184s] -- Installing: /home/henrik/MSP-Humanoid-IDA/ros_workspace/install/interfaces/share/interfaces/cmake/interfaces__rosidl_typesupport_cppExport.cmake
[3.184s] -- Installing: /home/henrik/MSP-Humanoid-IDA/ros_workspace/install/interfaces/share/interfaces/cmake/interfaces__rosidl_typesupport_cppExport-noconfig.cmake
[3.184s] -- Installing: /home/henrik/MSP-Humanoid-IDA/ros_workspace/install/interfaces/share/interfaces/cmake/rosidl_cmake-extras.cmake
[3.185s] -- Installing: /home/henrik/MSP-Humanoid-IDA/ros_workspace/install/interfaces/share/interfaces/cmake/ament_cmake_export_dependencies-extras.cmake
[3.185s] -- Installing: /home/henrik/MSP-Humanoid-IDA/ros_workspace/install/interfaces/share/interfaces/cmake/ament_cmake_export_libraries-extras.cmake
[3.185s] -- Installing: /home/henrik/MSP-Humanoid-IDA/ros_workspace/install/interfaces/share/interfaces/cmake/ament_cmake_export_targets-extras.cmake
[3.185s] -- Installing: /home/henrik/MSP-Humanoid-IDA/ros_workspace/install/interfaces/share/interfaces/cmake/ament_cmake_export_include_directories-extras.cmake
[3.185s] -- Installing: /home/henrik/MSP-Humanoid-IDA/ros_workspace/install/interfaces/share/interfaces/cmake/rosidl_cmake_export_typesupport_libraries-extras.cmake
[3.185s] -- Installing: /home/henrik/MSP-Humanoid-IDA/ros_workspace/install/interfaces/share/interfaces/cmake/rosidl_cmake_export_typesupport_targets-extras.cmake
[3.185s] -- Installing: /home/henrik/MSP-Humanoid-IDA/ros_workspace/install/interfaces/share/interfaces/cmake/interfacesConfig.cmake
[3.185s] -- Installing: /home/henrik/MSP-Humanoid-IDA/ros_workspace/install/interfaces/share/interfaces/cmake/interfacesConfig-version.cmake
[3.185s] -- Up-to-date: /home/henrik/MSP-Humanoid-IDA/ros_workspace/install/interfaces/share/interfaces/package.xml
[3.187s] Invoked command in '/home/henrik/MSP-Humanoid-IDA/ros_workspace/build/interfaces' returned '0': CMAKE_PREFIX_PATH=${CMAKE_PREFIX_PATH}:/opt/ros/foxy:/home/henrik/ros2_humble/install/rqt_bag_plugins:/home/henrik/ros2_humble/install/rqt_bag:/home/henrik/ros2_humble/install/ros2bag:/home/henrik/ros2_humble/install/tracetools_test:/home/henrik/ros2_humble/install/tracetools_launch:/home/henrik/ros2_humble/install/topic_monitor:/home/henrik/ros2_humble/install/tf2_tools:/home/henrik/ros2_humble/install/examples_tf2_py:/home/henrik/ros2_humble/install/tf2_ros_py:/home/henrik/ros2_humble/install/sros2:/home/henrik/ros2_humble/install/rqt_topic:/home/henrik/ros2_humble/install/rqt_srv:/home/henrik/ros2_humble/install/rqt_shell:/home/henrik/ros2_humble/install/rqt_service_caller:/home/henrik/ros2_humble/install/rqt_reconfigure:/home/henrik/ros2_humble/install/rqt_py_console:/home/henrik/ros2_humble/install/rqt_publisher:/home/henrik/ros2_humble/install/rqt_plot:/home/henrik/ros2_humble/install/rqt_action:/home/henrik/ros2_humble/install/rqt_msg:/home/henrik/ros2_humble/install/rqt_console:/home/henrik/ros2_humble/install/rqt:/home/henrik/ros2_humble/install/rqt_graph:/home/henrik/ros2_humble/install/rqt_gui_py:/home/henrik/ros2_humble/install/rqt_gui:/home/henrik/ros2_humble/install/ros2trace:/home/henrik/ros2_humble/install/ros2topic:/home/henrik/ros2_humble/install/ros2test:/home/henrik/ros2_humble/install/ros2component:/home/henrik/ros2_humble/install/ros2param:/home/henrik/ros2_humble/install/ros2lifecycle:/home/henrik/ros2_humble/install/ros2service:/home/henrik/ros2_humble/install/ros2run:/home/henrik/ros2_humble/install/ros2launch:/home/henrik/ros2_humble/install/ros2pkg:/home/henrik/ros2_humble/install/ros2node:/home/henrik/ros2_humble/install/ros2multicast:/home/henrik/ros2_humble/install/ros2interface:/home/henrik/ros2_humble/install/ros2doctor:/home/henrik/ros2_humble/install/ros2action:/home/henrik/ros2_humble/install/ros2cli:/home/henrik/ros2_humble/install/quality_of_service_demo_py:/home/henrik/ros2_humble/install/lifecycle_py:/home/henrik/ros2_humble/install/launch_testing_ros:/home/henrik/ros2_humble/install/launch_ros:/home/henrik/ros2_humble/install/examples_rclpy_pointcloud_publisher:/home/henrik/ros2_humble/install/examples_rclpy_minimal_subscriber:/home/henrik/ros2_humble/install/examples_rclpy_minimal_service:/home/henrik/ros2_humble/install/examples_rclpy_minimal_publisher:/home/henrik/ros2_humble/install/examples_rclpy_minimal_client:/home/henrik/ros2_humble/install/examples_rclpy_minimal_action_server:/home/henrik/ros2_humble/install/examples_rclpy_minimal_action_client:/home/henrik/ros2_humble/install/examples_rclpy_guard_conditions:/home/henrik/ros2_humble/install/examples_rclpy_executors:/home/henrik/ros2_humble/install/demo_nodes_py:/home/henrik/ros2_humble/install/action_tutorials_py:/home/henrik/ros2_humble/install/ament_uncrustify:/home/henrik/ros2_humble/install/tracetools_trace:/home/henrik/ros2_humble/install/tracetools_read:/home/henrik/ros2_humble/install/test_tracetools_launch:/home/henrik/ros2_humble/install/test_launch_ros:/home/henrik/ros2_humble/install/sensor_msgs_py:/home/henrik/ros2_humble/install/rpyutils:/home/henrik/ros2_humble/install/rosidl_runtime_py:/home/henrik/ros2_humble/install/rosidl_cli:/home/henrik/ros2_humble/install/launch_pytest:/home/henrik/ros2_humble/install/launch_testing:/home/henrik/ros2_humble/install/launch_yaml:/home/henrik/ros2_humble/install/launch_xml:/home/henrik/ros2_humble/install/launch:/home/henrik/ros2_humble/install/osrf_pycommon:/home/henrik/ros2_humble/install/launch_testing_examples:/home/henrik/ros2_humble/install/domain_coordinator:/home/henrik/ros2_humble/install/ament_xmllint:/home/henrik/ros2_humble/install/ament_pyflakes:/home/henrik/ros2_humble/install/ament_pycodestyle:/home/henrik/ros2_humble/install/ament_pep257:/home/henrik/ros2_humble/install/ament_pclint:/home/henrik/ros2_humble/install/ament_package:/home/henrik/ros2_humble/install/ament_mypy:/home/henrik/ros2_humble/install/ament_lint_cmake:/home/henrik/ros2_humble/install/ament_flake8:/home/henrik/ros2_humble/install/ament_copyright:/home/henrik/ros2_humble/install/ament_lint:/home/henrik/ros2_humble/install/ament_index_python:/home/henrik/ros2_humble/install/ament_cpplint:/home/henrik/ros2_humble/install/ament_cppcheck:/home/henrik/ros2_humble/install/ament_clang_tidy:/home/henrik/ros2_humble/install/ament_clang_format /usr/bin/cmake --install /home/henrik/MSP-Humanoid-IDA/ros_workspace/build/interfaces
