[2.762s] Invoking command in '/home/henrik/ros_workspace/src/camera_pkg': PYTHONPATH=/home/henrik/ros_workspace/build/camera_pkg/prefix_override:/home/henrik/ros_workspace/install/camera_pkg/lib/python3.8/site-packages:${PYTHONPATH} /usr/bin/python3 setup.py egg_info --egg-base ../../build/camera_pkg build --build-base /home/henrik/ros_workspace/build/camera_pkg/build install --record /home/henrik/ros_workspace/build/camera_pkg/install.log --install-scripts $base/lib/camera_pkg --single-version-externally-managed
[2.876s] running egg_info
[2.877s] writing ../../build/camera_pkg/camera_pkg.egg-info/PKG-INFO
[2.877s] writing dependency_links to ../../build/camera_pkg/camera_pkg.egg-info/dependency_links.txt
[2.877s] writing entry points to ../../build/camera_pkg/camera_pkg.egg-info/entry_points.txt
[2.877s] writing requirements to ../../build/camera_pkg/camera_pkg.egg-info/requires.txt
[2.877s] writing top-level names to ../../build/camera_pkg/camera_pkg.egg-info/top_level.txt
[2.895s] reading manifest file '../../build/camera_pkg/camera_pkg.egg-info/SOURCES.txt'
[2.896s] writing manifest file '../../build/camera_pkg/camera_pkg.egg-info/SOURCES.txt'
[2.896s] running build
[2.897s] running build_py
[2.898s] copying camera_pkg/launch.launch.py -> /home/henrik/ros_workspace/build/camera_pkg/build/lib/camera_pkg
[2.899s] running install
[2.899s] running install_lib
[2.899s] copying /home/henrik/ros_workspace/build/camera_pkg/build/lib/camera_pkg/launch.launch.py -> /home/henrik/ros_workspace/install/camera_pkg/lib/python3.8/site-packages/camera_pkg
[2.901s] byte-compiling /home/henrik/ros_workspace/install/camera_pkg/lib/python3.8/site-packages/camera_pkg/launch.launch.py to launch.launch.cpython-38.pyc
[2.901s] running install_data
[2.901s] running install_egg_info
[2.901s] removing '/home/henrik/ros_workspace/install/camera_pkg/lib/python3.8/site-packages/camera_pkg-0.0.0-py3.8.egg-info' (and everything under it)
[2.901s] Copying ../../build/camera_pkg/camera_pkg.egg-info to /home/henrik/ros_workspace/install/camera_pkg/lib/python3.8/site-packages/camera_pkg-0.0.0-py3.8.egg-info
[2.901s] running install_scripts
[2.909s] Installing bottle_recog_node script to /home/henrik/ros_workspace/install/camera_pkg/lib/camera_pkg
[2.909s] Installing pouring_accuracy_node script to /home/henrik/ros_workspace/install/camera_pkg/lib/camera_pkg
[2.909s] writing list of installed files to '/home/henrik/ros_workspace/build/camera_pkg/install.log'
[3.152s] Invoked command in '/home/henrik/ros_workspace/src/camera_pkg' returned '0': PYTHONPATH=/home/henrik/ros_workspace/build/camera_pkg/prefix_override:/home/henrik/ros_workspace/install/camera_pkg/lib/python3.8/site-packages:${PYTHONPATH} /usr/bin/python3 setup.py egg_info --egg-base ../../build/camera_pkg build --build-base /home/henrik/ros_workspace/build/camera_pkg/build install --record /home/henrik/ros_workspace/build/camera_pkg/install.log --install-scripts $base/lib/camera_pkg --single-version-externally-managed
