[2.219s] Invoking command in '/home/henrik/ros_workspace/src/mic_pkg': PYTHONPATH=/home/henrik/ros_workspace/build/mic_pkg/prefix_override:/home/henrik/ros_workspace/install/mic_pkg/lib/python3.8/site-packages:${PYTHONPATH} /usr/bin/python3 setup.py egg_info --egg-base ../../build/mic_pkg build --build-base /home/henrik/ros_workspace/build/mic_pkg/build install --record /home/henrik/ros_workspace/build/mic_pkg/install.log --install-scripts $base/lib/mic_pkg --single-version-externally-managed
[2.328s] running egg_info
[2.329s] writing ../../build/mic_pkg/mic_pkg.egg-info/PKG-INFO
[2.330s] writing dependency_links to ../../build/mic_pkg/mic_pkg.egg-info/dependency_links.txt
[2.330s] writing entry points to ../../build/mic_pkg/mic_pkg.egg-info/entry_points.txt
[2.330s] writing requirements to ../../build/mic_pkg/mic_pkg.egg-info/requires.txt
[2.330s] writing top-level names to ../../build/mic_pkg/mic_pkg.egg-info/top_level.txt
[2.348s] reading manifest file '../../build/mic_pkg/mic_pkg.egg-info/SOURCES.txt'
[2.351s] writing manifest file '../../build/mic_pkg/mic_pkg.egg-info/SOURCES.txt'
[2.351s] running build
[2.351s] running build_py
[2.351s] running install
[2.351s] running install_lib
[2.351s] running install_data
[2.352s] running install_egg_info
[2.352s] removing '/home/henrik/ros_workspace/install/mic_pkg/lib/python3.8/site-packages/mic_pkg-0.0.0-py3.8.egg-info' (and everything under it)
[2.352s] Copying ../../build/mic_pkg/mic_pkg.egg-info to /home/henrik/ros_workspace/install/mic_pkg/lib/python3.8/site-packages/mic_pkg-0.0.0-py3.8.egg-info
[2.352s] running install_scripts
[2.364s] Installing mic_node script to /home/henrik/ros_workspace/install/mic_pkg/lib/mic_pkg
[2.364s] writing list of installed files to '/home/henrik/ros_workspace/build/mic_pkg/install.log'
[3.056s] Invoked command in '/home/henrik/ros_workspace/src/mic_pkg' returned '0': PYTHONPATH=/home/henrik/ros_workspace/build/mic_pkg/prefix_override:/home/henrik/ros_workspace/install/mic_pkg/lib/python3.8/site-packages:${PYTHONPATH} /usr/bin/python3 setup.py egg_info --egg-base ../../build/mic_pkg build --build-base /home/henrik/ros_workspace/build/mic_pkg/build install --record /home/henrik/ros_workspace/build/mic_pkg/install.log --install-scripts $base/lib/mic_pkg --single-version-externally-managed
