[2.812s] DEBUG:colcon:Command line arguments: ['/usr/bin/colcon', 'build']
[2.812s] DEBUG:colcon:Parsed command line arguments: Namespace(allow_overriding=[], ament_cmake_args=None, base_paths=['.'], build_base='build', catkin_cmake_args=None, catkin_skip_building_tests=False, cmake_args=None, cmake_clean_cache=False, cmake_clean_first=False, cmake_force_configure=False, cmake_target=None, cmake_target_skip_unavailable=False, continue_on_error=False, event_handlers=None, executor='parallel', ignore_user_meta=False, install_base='install', log_base=None, log_level=None, main=<bound method BuildVerb.main of <colcon_core.verb.build.BuildVerb object at 0x7f456196c5e0>>, merge_install=False, metas=['./colcon.meta'], packages_above=None, packages_above_and_dependencies=None, packages_above_depth=None, packages_end=None, packages_ignore=None, packages_ignore_regex=None, packages_select=None, packages_select_build_failed=False, packages_select_by_dep=None, packages_select_regex=None, packages_select_test_failures=False, packages_skip=None, packages_skip_build_finished=False, packages_skip_by_dep=None, packages_skip_regex=None, packages_skip_test_passed=False, packages_skip_up_to=None, packages_start=None, packages_up_to=None, packages_up_to_regex=None, parallel_workers=20, paths=None, symlink_install=False, test_result_base=None, verb_extension=<colcon_core.verb.build.BuildVerb object at 0x7f456196c5e0>, verb_name='build', verb_parser=<colcon_defaults.argument_parser.defaults.DefaultArgumentsDecorator object at 0x7f456166b9a0>)
[2.926s] Level 1:colcon.colcon_core.package_discovery:discover_packages(colcon_meta) check parameters
[2.926s] Level 1:colcon.colcon_core.package_discovery:discover_packages(recursive) check parameters
[2.926s] Level 1:colcon.colcon_core.package_discovery:discover_packages(ignore) check parameters
[2.926s] Level 1:colcon.colcon_core.package_discovery:discover_packages(path) check parameters
[2.926s] Level 1:colcon.colcon_core.package_discovery:discover_packages(colcon_meta) discover
[2.926s] Level 1:colcon.colcon_core.package_discovery:discover_packages(recursive) discover
[2.926s] INFO:colcon.colcon_core.package_discovery:Crawling recursively for packages in '/home/henrik/ros_workspace'
[2.926s] Level 1:colcon.colcon_core.package_identification:_identify(.) by extensions ['ignore', 'ignore_ament_install']
[2.926s] Level 1:colcon.colcon_core.package_identification:_identify(.) by extension 'ignore'
[2.926s] Level 1:colcon.colcon_core.package_identification:_identify(.) by extension 'ignore_ament_install'
[2.926s] Level 1:colcon.colcon_core.package_identification:_identify(.) by extensions ['colcon_pkg']
[2.926s] Level 1:colcon.colcon_core.package_identification:_identify(.) by extension 'colcon_pkg'
[2.926s] Level 1:colcon.colcon_core.package_identification:_identify(.) by extensions ['colcon_meta']
[2.926s] Level 1:colcon.colcon_core.package_identification:_identify(.) by extension 'colcon_meta'
[2.926s] Level 1:colcon.colcon_core.package_identification:_identify(.) by extensions ['ros']
[2.926s] Level 1:colcon.colcon_core.package_identification:_identify(.) by extension 'ros'
[2.932s] Level 1:colcon.colcon_core.package_identification:_identify(.) by extensions ['cmake', 'python']
[2.932s] Level 1:colcon.colcon_core.package_identification:_identify(.) by extension 'cmake'
[2.932s] Level 1:colcon.colcon_core.package_identification:_identify(.) by extension 'python'
[2.932s] Level 1:colcon.colcon_core.package_identification:_identify(.) by extensions ['python_setup_py']
[2.932s] Level 1:colcon.colcon_core.package_identification:_identify(.) by extension 'python_setup_py'
[2.932s] Level 1:colcon.colcon_core.package_identification:_identify(build) by extensions ['ignore', 'ignore_ament_install']
[2.932s] Level 1:colcon.colcon_core.package_identification:_identify(build) by extension 'ignore'
[2.932s] Level 1:colcon.colcon_core.package_identification:_identify(build) ignored
[2.933s] Level 1:colcon.colcon_core.package_identification:_identify(install) by extensions ['ignore', 'ignore_ament_install']
[2.933s] Level 1:colcon.colcon_core.package_identification:_identify(install) by extension 'ignore'
[2.933s] Level 1:colcon.colcon_core.package_identification:_identify(install) ignored
[2.933s] Level 1:colcon.colcon_core.package_identification:_identify(log) by extensions ['ignore', 'ignore_ament_install']
[2.933s] Level 1:colcon.colcon_core.package_identification:_identify(log) by extension 'ignore'
[2.933s] Level 1:colcon.colcon_core.package_identification:_identify(log) ignored
[2.933s] Level 1:colcon.colcon_core.package_identification:_identify(msg) by extensions ['ignore', 'ignore_ament_install']
[2.933s] Level 1:colcon.colcon_core.package_identification:_identify(msg) by extension 'ignore'
[2.933s] Level 1:colcon.colcon_core.package_identification:_identify(msg) by extension 'ignore_ament_install'
[2.933s] Level 1:colcon.colcon_core.package_identification:_identify(msg) by extensions ['colcon_pkg']
[2.933s] Level 1:colcon.colcon_core.package_identification:_identify(msg) by extension 'colcon_pkg'
[2.933s] Level 1:colcon.colcon_core.package_identification:_identify(msg) by extensions ['colcon_meta']
[2.933s] Level 1:colcon.colcon_core.package_identification:_identify(msg) by extension 'colcon_meta'
[2.933s] Level 1:colcon.colcon_core.package_identification:_identify(msg) by extensions ['ros']
[2.933s] Level 1:colcon.colcon_core.package_identification:_identify(msg) by extension 'ros'
[2.933s] Level 1:colcon.colcon_core.package_identification:_identify(msg) by extensions ['cmake', 'python']
[2.933s] Level 1:colcon.colcon_core.package_identification:_identify(msg) by extension 'cmake'
[2.933s] Level 1:colcon.colcon_core.package_identification:_identify(msg) by extension 'python'
[2.933s] Level 1:colcon.colcon_core.package_identification:_identify(msg) by extensions ['python_setup_py']
[2.933s] Level 1:colcon.colcon_core.package_identification:_identify(msg) by extension 'python_setup_py'
[2.933s] Level 1:colcon.colcon_core.package_identification:_identify(src) by extensions ['ignore', 'ignore_ament_install']
[2.933s] Level 1:colcon.colcon_core.package_identification:_identify(src) by extension 'ignore'
[2.933s] Level 1:colcon.colcon_core.package_identification:_identify(src) by extension 'ignore_ament_install'
[2.933s] Level 1:colcon.colcon_core.package_identification:_identify(src) by extensions ['colcon_pkg']
[2.933s] Level 1:colcon.colcon_core.package_identification:_identify(src) by extension 'colcon_pkg'
[2.933s] Level 1:colcon.colcon_core.package_identification:_identify(src) by extensions ['colcon_meta']
[2.933s] Level 1:colcon.colcon_core.package_identification:_identify(src) by extension 'colcon_meta'
[2.933s] Level 1:colcon.colcon_core.package_identification:_identify(src) by extensions ['ros']
[2.933s] Level 1:colcon.colcon_core.package_identification:_identify(src) by extension 'ros'
[2.933s] Level 1:colcon.colcon_core.package_identification:_identify(src) by extensions ['cmake', 'python']
[2.933s] Level 1:colcon.colcon_core.package_identification:_identify(src) by extension 'cmake'
[2.933s] Level 1:colcon.colcon_core.package_identification:_identify(src) by extension 'python'
[2.933s] Level 1:colcon.colcon_core.package_identification:_identify(src) by extensions ['python_setup_py']
[2.933s] Level 1:colcon.colcon_core.package_identification:_identify(src) by extension 'python_setup_py'
[2.933s] Level 1:colcon.colcon_core.package_identification:_identify(src/build) by extensions ['ignore', 'ignore_ament_install']
[2.933s] Level 1:colcon.colcon_core.package_identification:_identify(src/build) by extension 'ignore'
[2.933s] Level 1:colcon.colcon_core.package_identification:_identify(src/build) ignored
[2.933s] Level 1:colcon.colcon_core.package_identification:_identify(src/camera_pkg) by extensions ['ignore', 'ignore_ament_install']
[2.934s] Level 1:colcon.colcon_core.package_identification:_identify(src/camera_pkg) by extension 'ignore'
[2.934s] Level 1:colcon.colcon_core.package_identification:_identify(src/camera_pkg) by extension 'ignore_ament_install'
[2.934s] Level 1:colcon.colcon_core.package_identification:_identify(src/camera_pkg) by extensions ['colcon_pkg']
[2.934s] Level 1:colcon.colcon_core.package_identification:_identify(src/camera_pkg) by extension 'colcon_pkg'
[2.934s] Level 1:colcon.colcon_core.package_identification:_identify(src/camera_pkg) by extensions ['colcon_meta']
[2.934s] Level 1:colcon.colcon_core.package_identification:_identify(src/camera_pkg) by extension 'colcon_meta'
[2.934s] Level 1:colcon.colcon_core.package_identification:_identify(src/camera_pkg) by extensions ['ros']
[2.934s] Level 1:colcon.colcon_core.package_identification:_identify(src/camera_pkg) by extension 'ros'
[2.935s] DEBUG:colcon.colcon_core.package_identification:Package 'src/camera_pkg' with type 'ros.ament_python' and name 'camera_pkg'
[2.935s] Level 1:colcon.colcon_core.package_identification:_identify(src/install) by extensions ['ignore', 'ignore_ament_install']
[2.935s] Level 1:colcon.colcon_core.package_identification:_identify(src/install) by extension 'ignore'
[2.935s] Level 1:colcon.colcon_core.package_identification:_identify(src/install) ignored
[2.935s] Level 1:colcon.colcon_core.package_identification:_identify(src/interfaces) by extensions ['ignore', 'ignore_ament_install']
[2.935s] Level 1:colcon.colcon_core.package_identification:_identify(src/interfaces) by extension 'ignore'
[2.935s] Level 1:colcon.colcon_core.package_identification:_identify(src/interfaces) by extension 'ignore_ament_install'
[2.935s] Level 1:colcon.colcon_core.package_identification:_identify(src/interfaces) by extensions ['colcon_pkg']
[2.935s] Level 1:colcon.colcon_core.package_identification:_identify(src/interfaces) by extension 'colcon_pkg'
[2.935s] Level 1:colcon.colcon_core.package_identification:_identify(src/interfaces) by extensions ['colcon_meta']
[2.935s] Level 1:colcon.colcon_core.package_identification:_identify(src/interfaces) by extension 'colcon_meta'
[2.935s] Level 1:colcon.colcon_core.package_identification:_identify(src/interfaces) by extensions ['ros']
[2.935s] Level 1:colcon.colcon_core.package_identification:_identify(src/interfaces) by extension 'ros'
[2.936s] DEBUG:colcon.colcon_core.package_identification:Package 'src/interfaces' with type 'ros.ament_cmake' and name 'interfaces'
[2.936s] Level 1:colcon.colcon_core.package_identification:_identify(src/log) by extensions ['ignore', 'ignore_ament_install']
[2.936s] Level 1:colcon.colcon_core.package_identification:_identify(src/log) by extension 'ignore'
[2.936s] Level 1:colcon.colcon_core.package_identification:_identify(src/log) ignored
[2.936s] Level 1:colcon.colcon_core.package_identification:_identify(src/mic_pkg) by extensions ['ignore', 'ignore_ament_install']
[2.936s] Level 1:colcon.colcon_core.package_identification:_identify(src/mic_pkg) by extension 'ignore'
[2.936s] Level 1:colcon.colcon_core.package_identification:_identify(src/mic_pkg) by extension 'ignore_ament_install'
[2.936s] Level 1:colcon.colcon_core.package_identification:_identify(src/mic_pkg) by extensions ['colcon_pkg']
[2.936s] Level 1:colcon.colcon_core.package_identification:_identify(src/mic_pkg) by extension 'colcon_pkg'
[2.936s] Level 1:colcon.colcon_core.package_identification:_identify(src/mic_pkg) by extensions ['colcon_meta']
[2.936s] Level 1:colcon.colcon_core.package_identification:_identify(src/mic_pkg) by extension 'colcon_meta'
[2.936s] Level 1:colcon.colcon_core.package_identification:_identify(src/mic_pkg) by extensions ['ros']
[2.936s] Level 1:colcon.colcon_core.package_identification:_identify(src/mic_pkg) by extension 'ros'
[2.936s] DEBUG:colcon.colcon_core.package_identification:Package 'src/mic_pkg' with type 'ros.ament_python' and name 'mic_pkg'
[2.936s] Level 1:colcon.colcon_core.package_identification:_identify(src/motion_control_pkg) by extensions ['ignore', 'ignore_ament_install']
[2.936s] Level 1:colcon.colcon_core.package_identification:_identify(src/motion_control_pkg) by extension 'ignore'
[2.936s] Level 1:colcon.colcon_core.package_identification:_identify(src/motion_control_pkg) by extension 'ignore_ament_install'
[2.936s] Level 1:colcon.colcon_core.package_identification:_identify(src/motion_control_pkg) by extensions ['colcon_pkg']
[2.936s] Level 1:colcon.colcon_core.package_identification:_identify(src/motion_control_pkg) by extension 'colcon_pkg'
[2.936s] Level 1:colcon.colcon_core.package_identification:_identify(src/motion_control_pkg) by extensions ['colcon_meta']
[2.936s] Level 1:colcon.colcon_core.package_identification:_identify(src/motion_control_pkg) by extension 'colcon_meta'
[2.937s] Level 1:colcon.colcon_core.package_identification:_identify(src/motion_control_pkg) by extensions ['ros']
[2.937s] Level 1:colcon.colcon_core.package_identification:_identify(src/motion_control_pkg) by extension 'ros'
[2.937s] DEBUG:colcon.colcon_core.package_identification:Package 'src/motion_control_pkg' with type 'ros.ament_python' and name 'motion_control_pkg'
[2.937s] Level 1:colcon.colcon_core.package_discovery:discover_packages(recursive) using defaults
[2.937s] Level 1:colcon.colcon_core.package_discovery:discover_packages(ignore) discover
[2.937s] Level 1:colcon.colcon_core.package_discovery:discover_packages(ignore) using defaults
[2.937s] Level 1:colcon.colcon_core.package_discovery:discover_packages(path) discover
[2.937s] Level 1:colcon.colcon_core.package_discovery:discover_packages(path) using defaults
[3.202s] Level 1:colcon.colcon_core.package_discovery:discover_packages(prefix_path) check parameters
[3.202s] Level 1:colcon.colcon_core.package_discovery:discover_packages(prefix_path) discover
[3.304s] DEBUG:colcon.colcon_installed_package_information.package_discovery:Found 5 installed packages in /home/henrik/ros_workspace/install
[3.355s] DEBUG:colcon.colcon_installed_package_information.package_discovery:Found 5 installed packages in /home/henrik/ros_workspace/src/install
[3.405s] DEBUG:colcon.colcon_installed_package_information.package_discovery:Found 256 installed packages in /opt/ros/foxy
[3.411s] Level 1:colcon.colcon_core.package_discovery:discover_packages(prefix_path) using defaults
[3.546s] Level 5:colcon.colcon_core.verb:set package 'camera_pkg' build argument 'cmake_args' from command line to 'None'
[3.546s] Level 5:colcon.colcon_core.verb:set package 'camera_pkg' build argument 'cmake_target' from command line to 'None'
[3.546s] Level 5:colcon.colcon_core.verb:set package 'camera_pkg' build argument 'cmake_target_skip_unavailable' from command line to 'False'
[3.546s] Level 5:colcon.colcon_core.verb:set package 'camera_pkg' build argument 'cmake_clean_cache' from command line to 'False'
[3.546s] Level 5:colcon.colcon_core.verb:set package 'camera_pkg' build argument 'cmake_clean_first' from command line to 'False'
[3.546s] Level 5:colcon.colcon_core.verb:set package 'camera_pkg' build argument 'cmake_force_configure' from command line to 'False'
[3.546s] Level 5:colcon.colcon_core.verb:set package 'camera_pkg' build argument 'ament_cmake_args' from command line to 'None'
[3.546s] Level 5:colcon.colcon_core.verb:set package 'camera_pkg' build argument 'catkin_cmake_args' from command line to 'None'
[3.546s] Level 5:colcon.colcon_core.verb:set package 'camera_pkg' build argument 'catkin_skip_building_tests' from command line to 'False'
[3.546s] DEBUG:colcon.colcon_core.verb:Building package 'camera_pkg' with the following arguments: {'ament_cmake_args': None, 'build_base': '/home/henrik/ros_workspace/build/camera_pkg', 'catkin_cmake_args': None, 'catkin_skip_building_tests': False, 'cmake_args': None, 'cmake_clean_cache': False, 'cmake_clean_first': False, 'cmake_force_configure': False, 'cmake_target': None, 'cmake_target_skip_unavailable': False, 'install_base': '/home/henrik/ros_workspace/install/camera_pkg', 'merge_install': False, 'path': '/home/henrik/ros_workspace/src/camera_pkg', 'symlink_install': False, 'test_result_base': None}
[3.597s] Level 5:colcon.colcon_core.verb:set package 'interfaces' build argument 'cmake_args' from command line to 'None'
[3.597s] Level 5:colcon.colcon_core.verb:set package 'interfaces' build argument 'cmake_target' from command line to 'None'
[3.597s] Level 5:colcon.colcon_core.verb:set package 'interfaces' build argument 'cmake_target_skip_unavailable' from command line to 'False'
[3.597s] Level 5:colcon.colcon_core.verb:set package 'interfaces' build argument 'cmake_clean_cache' from command line to 'False'
[3.597s] Level 5:colcon.colcon_core.verb:set package 'interfaces' build argument 'cmake_clean_first' from command line to 'False'
[3.597s] Level 5:colcon.colcon_core.verb:set package 'interfaces' build argument 'cmake_force_configure' from command line to 'False'
[3.597s] Level 5:colcon.colcon_core.verb:set package 'interfaces' build argument 'ament_cmake_args' from command line to 'None'
[3.597s] Level 5:colcon.colcon_core.verb:set package 'interfaces' build argument 'catkin_cmake_args' from command line to 'None'
[3.597s] Level 5:colcon.colcon_core.verb:set package 'interfaces' build argument 'catkin_skip_building_tests' from command line to 'False'
[3.597s] DEBUG:colcon.colcon_core.verb:Building package 'interfaces' with the following arguments: {'ament_cmake_args': None, 'build_base': '/home/henrik/ros_workspace/build/interfaces', 'catkin_cmake_args': None, 'catkin_skip_building_tests': False, 'cmake_args': None, 'cmake_clean_cache': False, 'cmake_clean_first': False, 'cmake_force_configure': False, 'cmake_target': None, 'cmake_target_skip_unavailable': False, 'install_base': '/home/henrik/ros_workspace/install/interfaces', 'merge_install': False, 'path': '/home/henrik/ros_workspace/src/interfaces', 'symlink_install': False, 'test_result_base': None}
[3.648s] Level 5:colcon.colcon_core.verb:set package 'mic_pkg' build argument 'cmake_args' from command line to 'None'
[3.648s] Level 5:colcon.colcon_core.verb:set package 'mic_pkg' build argument 'cmake_target' from command line to 'None'
[3.648s] Level 5:colcon.colcon_core.verb:set package 'mic_pkg' build argument 'cmake_target_skip_unavailable' from command line to 'False'
[3.648s] Level 5:colcon.colcon_core.verb:set package 'mic_pkg' build argument 'cmake_clean_cache' from command line to 'False'
[3.648s] Level 5:colcon.colcon_core.verb:set package 'mic_pkg' build argument 'cmake_clean_first' from command line to 'False'
[3.648s] Level 5:colcon.colcon_core.verb:set package 'mic_pkg' build argument 'cmake_force_configure' from command line to 'False'
[3.648s] Level 5:colcon.colcon_core.verb:set package 'mic_pkg' build argument 'ament_cmake_args' from command line to 'None'
[3.648s] Level 5:colcon.colcon_core.verb:set package 'mic_pkg' build argument 'catkin_cmake_args' from command line to 'None'
[3.648s] Level 5:colcon.colcon_core.verb:set package 'mic_pkg' build argument 'catkin_skip_building_tests' from command line to 'False'
[3.648s] DEBUG:colcon.colcon_core.verb:Building package 'mic_pkg' with the following arguments: {'ament_cmake_args': None, 'build_base': '/home/henrik/ros_workspace/build/mic_pkg', 'catkin_cmake_args': None, 'catkin_skip_building_tests': False, 'cmake_args': None, 'cmake_clean_cache': False, 'cmake_clean_first': False, 'cmake_force_configure': False, 'cmake_target': None, 'cmake_target_skip_unavailable': False, 'install_base': '/home/henrik/ros_workspace/install/mic_pkg', 'merge_install': False, 'path': '/home/henrik/ros_workspace/src/mic_pkg', 'symlink_install': False, 'test_result_base': None}
[3.700s] Level 5:colcon.colcon_core.verb:set package 'motion_control_pkg' build argument 'cmake_args' from command line to 'None'
[3.700s] Level 5:colcon.colcon_core.verb:set package 'motion_control_pkg' build argument 'cmake_target' from command line to 'None'
[3.700s] Level 5:colcon.colcon_core.verb:set package 'motion_control_pkg' build argument 'cmake_target_skip_unavailable' from command line to 'False'
[3.700s] Level 5:colcon.colcon_core.verb:set package 'motion_control_pkg' build argument 'cmake_clean_cache' from command line to 'False'
[3.700s] Level 5:colcon.colcon_core.verb:set package 'motion_control_pkg' build argument 'cmake_clean_first' from command line to 'False'
[3.700s] Level 5:colcon.colcon_core.verb:set package 'motion_control_pkg' build argument 'cmake_force_configure' from command line to 'False'
[3.700s] Level 5:colcon.colcon_core.verb:set package 'motion_control_pkg' build argument 'ament_cmake_args' from command line to 'None'
[3.700s] Level 5:colcon.colcon_core.verb:set package 'motion_control_pkg' build argument 'catkin_cmake_args' from command line to 'None'
[3.700s] Level 5:colcon.colcon_core.verb:set package 'motion_control_pkg' build argument 'catkin_skip_building_tests' from command line to 'False'
[3.700s] DEBUG:colcon.colcon_core.verb:Building package 'motion_control_pkg' with the following arguments: {'ament_cmake_args': None, 'build_base': '/home/henrik/ros_workspace/build/motion_control_pkg', 'catkin_cmake_args': None, 'catkin_skip_building_tests': False, 'cmake_args': None, 'cmake_clean_cache': False, 'cmake_clean_first': False, 'cmake_force_configure': False, 'cmake_target': None, 'cmake_target_skip_unavailable': False, 'install_base': '/home/henrik/ros_workspace/install/motion_control_pkg', 'merge_install': False, 'path': '/home/henrik/ros_workspace/src/motion_control_pkg', 'symlink_install': False, 'test_result_base': None}
[3.751s] INFO:colcon.colcon_core.executor:Executing jobs using 'parallel' executor
[3.802s] DEBUG:colcon.colcon_parallel_executor.executor.parallel:run_until_complete
[3.802s] INFO:colcon.colcon_ros.task.ament_python.build:Building ROS package in '/home/henrik/ros_workspace/src/camera_pkg' with build type 'ament_python'
[3.803s] Level 1:colcon.colcon_core.shell:create_environment_hook('camera_pkg', 'ament_prefix_path')
[3.854s] INFO:colcon.colcon_core.plugin_system:Skipping extension 'colcon_core.shell.bat': Not used on non-Windows systems
[3.854s] INFO:colcon.colcon_core.shell:Creating environment hook '/home/henrik/ros_workspace/install/camera_pkg/share/camera_pkg/hook/ament_prefix_path.ps1'
[3.855s] INFO:colcon.colcon_core.shell:Creating environment descriptor '/home/henrik/ros_workspace/install/camera_pkg/share/camera_pkg/hook/ament_prefix_path.dsv'
[3.855s] INFO:colcon.colcon_core.shell:Creating environment hook '/home/henrik/ros_workspace/install/camera_pkg/share/camera_pkg/hook/ament_prefix_path.sh'
[3.906s] INFO:colcon.colcon_core.shell:Skip shell extension 'powershell' for command environment: Not usable outside of PowerShell
[3.906s] DEBUG:colcon.colcon_core.shell:Skip shell extension 'dsv' for command environment
[4.114s] INFO:colcon.colcon_ros.task.ament_cmake.build:Building ROS package in '/home/henrik/ros_workspace/src/interfaces' with build type 'ament_cmake'
[4.115s] INFO:colcon.colcon_cmake.task.cmake.build:Building CMake package in '/home/henrik/ros_workspace/src/interfaces'
[4.167s] INFO:colcon.colcon_core.shell:Skip shell extension 'powershell' for command environment: Not usable outside of PowerShell
[4.167s] DEBUG:colcon.colcon_core.shell:Skip shell extension 'dsv' for command environment
[4.377s] INFO:colcon.colcon_ros.task.ament_python.build:Building ROS package in '/home/henrik/ros_workspace/src/mic_pkg' with build type 'ament_python'
[4.377s] Level 1:colcon.colcon_core.shell:create_environment_hook('mic_pkg', 'ament_prefix_path')
[4.428s] INFO:colcon.colcon_core.shell:Creating environment hook '/home/henrik/ros_workspace/install/mic_pkg/share/mic_pkg/hook/ament_prefix_path.ps1'
[4.428s] INFO:colcon.colcon_core.shell:Creating environment descriptor '/home/henrik/ros_workspace/install/mic_pkg/share/mic_pkg/hook/ament_prefix_path.dsv'
[4.428s] INFO:colcon.colcon_core.shell:Creating environment hook '/home/henrik/ros_workspace/install/mic_pkg/share/mic_pkg/hook/ament_prefix_path.sh'
[4.481s] INFO:colcon.colcon_core.shell:Skip shell extension 'powershell' for command environment: Not usable outside of PowerShell
[4.481s] DEBUG:colcon.colcon_core.shell:Skip shell extension 'dsv' for command environment
[4.691s] INFO:colcon.colcon_ros.task.ament_python.build:Building ROS package in '/home/henrik/ros_workspace/src/motion_control_pkg' with build type 'ament_python'
[4.691s] Level 1:colcon.colcon_core.shell:create_environment_hook('motion_control_pkg', 'ament_prefix_path')
[4.744s] INFO:colcon.colcon_core.shell:Creating environment hook '/home/henrik/ros_workspace/install/motion_control_pkg/share/motion_control_pkg/hook/ament_prefix_path.ps1'
[4.744s] INFO:colcon.colcon_core.shell:Creating environment descriptor '/home/henrik/ros_workspace/install/motion_control_pkg/share/motion_control_pkg/hook/ament_prefix_path.dsv'
[4.744s] INFO:colcon.colcon_core.shell:Creating environment hook '/home/henrik/ros_workspace/install/motion_control_pkg/share/motion_control_pkg/hook/ament_prefix_path.sh'
[4.796s] INFO:colcon.colcon_core.shell:Skip shell extension 'powershell' for command environment: Not usable outside of PowerShell
[4.796s] DEBUG:colcon.colcon_core.shell:Skip shell extension 'dsv' for command environment
[5.122s] INFO:colcon.colcon_core.task.python.build:Building Python package in '/home/henrik/ros_workspace/src/camera_pkg'
[5.173s] INFO:colcon.colcon_core.shell:Skip shell extension 'powershell' for command environment: Not usable outside of PowerShell
[5.173s] DEBUG:colcon.colcon_core.shell:Skip shell extension 'dsv' for command environment
[5.386s] DEBUG:colcon.colcon_core.event_handler.log_command:Invoking command in '/home/henrik/ros_workspace/build/interfaces': CMAKE_PREFIX_PATH=${CMAKE_PREFIX_PATH}:/home/henrik/ros_workspace/install/motion_control_pkg:/home/henrik/ros_workspace/install/mic_pkg:/home/henrik/ros_workspace/install/camera_pkg:/home/henrik/ros_workspace/install/arm_pkg:/home/henrik/ros_workspace/src/install/motion_control_pkg:/home/henrik/ros_workspace/src/install/mic_pkg:/home/henrik/ros_workspace/src/install/camera_pkg:/home/henrik/ros_workspace/src/install/arm_pkg:/opt/ros/foxy /usr/bin/cmake --build /home/henrik/ros_workspace/build/interfaces -- -j20 -l20
[5.510s] INFO:colcon.colcon_core.task.python.build:Building Python package in '/home/henrik/ros_workspace/src/mic_pkg'
[5.562s] INFO:colcon.colcon_core.shell:Skip shell extension 'powershell' for command environment: Not usable outside of PowerShell
[5.562s] DEBUG:colcon.colcon_core.shell:Skip shell extension 'dsv' for command environment
[5.900s] INFO:colcon.colcon_core.task.python.build:Building Python package in '/home/henrik/ros_workspace/src/motion_control_pkg'
[5.951s] INFO:colcon.colcon_core.shell:Skip shell extension 'powershell' for command environment: Not usable outside of PowerShell
[5.951s] DEBUG:colcon.colcon_core.shell:Skip shell extension 'dsv' for command environment
[6.162s] DEBUG:colcon.colcon_core.event_handler.log_command:Invoked command in '/home/henrik/ros_workspace/build/interfaces' returned '0': CMAKE_PREFIX_PATH=${CMAKE_PREFIX_PATH}:/home/henrik/ros_workspace/install/motion_control_pkg:/home/henrik/ros_workspace/install/mic_pkg:/home/henrik/ros_workspace/install/camera_pkg:/home/henrik/ros_workspace/install/arm_pkg:/home/henrik/ros_workspace/src/install/motion_control_pkg:/home/henrik/ros_workspace/src/install/mic_pkg:/home/henrik/ros_workspace/src/install/camera_pkg:/home/henrik/ros_workspace/src/install/arm_pkg:/opt/ros/foxy /usr/bin/cmake --build /home/henrik/ros_workspace/build/interfaces -- -j20 -l20
[6.201s] DEBUG:colcon.colcon_core.event_handler.log_command:Invoking command in '/home/henrik/ros_workspace/build/interfaces': CMAKE_PREFIX_PATH=${CMAKE_PREFIX_PATH}:/home/henrik/ros_workspace/install/motion_control_pkg:/home/henrik/ros_workspace/install/mic_pkg:/home/henrik/ros_workspace/install/camera_pkg:/home/henrik/ros_workspace/install/arm_pkg:/home/henrik/ros_workspace/src/install/motion_control_pkg:/home/henrik/ros_workspace/src/install/mic_pkg:/home/henrik/ros_workspace/src/install/camera_pkg:/home/henrik/ros_workspace/src/install/arm_pkg:/opt/ros/foxy /usr/bin/cmake --install /home/henrik/ros_workspace/build/interfaces
[6.236s] Level 1:colcon.colcon_core.environment:create_environment_scripts_only(interfaces)
[6.236s] DEBUG:colcon.colcon_core.event_handler.log_command:Invoked command in '/home/henrik/ros_workspace/build/interfaces' returned '0': CMAKE_PREFIX_PATH=${CMAKE_PREFIX_PATH}:/home/henrik/ros_workspace/install/motion_control_pkg:/home/henrik/ros_workspace/install/mic_pkg:/home/henrik/ros_workspace/install/camera_pkg:/home/henrik/ros_workspace/install/arm_pkg:/home/henrik/ros_workspace/src/install/motion_control_pkg:/home/henrik/ros_workspace/src/install/mic_pkg:/home/henrik/ros_workspace/src/install/camera_pkg:/home/henrik/ros_workspace/src/install/arm_pkg:/opt/ros/foxy /usr/bin/cmake --install /home/henrik/ros_workspace/build/interfaces
[6.343s] Level 1:colcon.colcon_core.environment:checking '/home/henrik/ros_workspace/install/interfaces' for CMake module files
[6.344s] Level 1:colcon.colcon_core.environment:checking '/home/henrik/ros_workspace/install/interfaces' for CMake config files
[6.344s] Level 1:colcon.colcon_core.shell:create_environment_hook('interfaces', 'cmake_prefix_path')
[6.404s] INFO:colcon.colcon_core.shell:Creating environment hook '/home/henrik/ros_workspace/install/interfaces/share/interfaces/hook/cmake_prefix_path.ps1'
[6.405s] INFO:colcon.colcon_core.shell:Creating environment descriptor '/home/henrik/ros_workspace/install/interfaces/share/interfaces/hook/cmake_prefix_path.dsv'
[6.405s] INFO:colcon.colcon_core.shell:Creating environment hook '/home/henrik/ros_workspace/install/interfaces/share/interfaces/hook/cmake_prefix_path.sh'
[6.405s] Level 1:colcon.colcon_core.environment:checking '/home/henrik/ros_workspace/install/interfaces/lib'
[6.405s] Level 1:colcon.colcon_core.shell:create_environment_hook('interfaces', 'ld_library_path_lib')
[6.458s] INFO:colcon.colcon_core.shell:Creating environment hook '/home/henrik/ros_workspace/install/interfaces/share/interfaces/hook/ld_library_path_lib.ps1'
[6.458s] INFO:colcon.colcon_core.shell:Creating environment descriptor '/home/henrik/ros_workspace/install/interfaces/share/interfaces/hook/ld_library_path_lib.dsv'
[6.458s] INFO:colcon.colcon_core.shell:Creating environment hook '/home/henrik/ros_workspace/install/interfaces/share/interfaces/hook/ld_library_path_lib.sh'
[6.458s] Level 1:colcon.colcon_core.environment:checking '/home/henrik/ros_workspace/install/interfaces/bin'
[6.458s] Level 1:colcon.colcon_core.environment:checking '/home/henrik/ros_workspace/install/interfaces/lib/pkgconfig/interfaces.pc'
[6.458s] Level 1:colcon.colcon_core.environment:checking '/home/henrik/ros_workspace/install/interfaces/lib/python3.8/site-packages'
[6.458s] Level 1:colcon.colcon_core.shell:create_environment_hook('interfaces', 'pythonpath')
[6.508s] INFO:colcon.colcon_core.shell:Creating environment hook '/home/henrik/ros_workspace/install/interfaces/share/interfaces/hook/pythonpath.ps1'
[6.509s] INFO:colcon.colcon_core.shell:Creating environment descriptor '/home/henrik/ros_workspace/install/interfaces/share/interfaces/hook/pythonpath.dsv'
[6.509s] INFO:colcon.colcon_core.shell:Creating environment hook '/home/henrik/ros_workspace/install/interfaces/share/interfaces/hook/pythonpath.sh'
[6.509s] Level 1:colcon.colcon_core.environment:checking '/home/henrik/ros_workspace/install/interfaces/bin'
[6.559s] INFO:colcon.colcon_core.shell:Creating package script '/home/henrik/ros_workspace/install/interfaces/share/interfaces/package.ps1'
[6.559s] INFO:colcon.colcon_core.shell:Creating package descriptor '/home/henrik/ros_workspace/install/interfaces/share/interfaces/package.dsv'
[6.560s] INFO:colcon.colcon_core.shell:Creating package script '/home/henrik/ros_workspace/install/interfaces/share/interfaces/package.sh'
[6.560s] INFO:colcon.colcon_core.shell:Creating package script '/home/henrik/ros_workspace/install/interfaces/share/interfaces/package.bash'
[6.560s] INFO:colcon.colcon_core.shell:Creating package script '/home/henrik/ros_workspace/install/interfaces/share/interfaces/package.zsh'
[6.560s] Level 1:colcon.colcon_core.environment:create_file_with_runtime_dependencies(/home/henrik/ros_workspace/install/interfaces/share/colcon-core/packages/interfaces)
[6.564s] DEBUG:colcon.colcon_core.event_handler.log_command:Invoking command in '/home/henrik/ros_workspace/src/camera_pkg': PYTHONPATH=/home/henrik/ros_workspace/build/camera_pkg/prefix_override:/home/henrik/ros_workspace/install/camera_pkg/lib/python3.8/site-packages:${PYTHONPATH} /usr/bin/python3 setup.py egg_info --egg-base ../../build/camera_pkg build --build-base /home/henrik/ros_workspace/build/camera_pkg/build install --record /home/henrik/ros_workspace/build/camera_pkg/install.log --install-scripts $base/lib/camera_pkg --single-version-externally-managed
[6.568s] DEBUG:colcon.colcon_core.event_handler.log_command:Invoking command in '/home/henrik/ros_workspace/src/motion_control_pkg': PYTHONPATH=/home/henrik/ros_workspace/build/motion_control_pkg/prefix_override:/home/henrik/ros_workspace/install/motion_control_pkg/lib/python3.8/site-packages:${PYTHONPATH} /usr/bin/python3 setup.py egg_info --egg-base ../../build/motion_control_pkg build --build-base /home/henrik/ros_workspace/build/motion_control_pkg/build install --record /home/henrik/ros_workspace/build/motion_control_pkg/install.log --install-scripts $base/lib/motion_control_pkg --single-version-externally-managed
[6.570s] DEBUG:colcon.colcon_core.event_handler.log_command:Invoking command in '/home/henrik/ros_workspace/src/mic_pkg': PYTHONPATH=/home/henrik/ros_workspace/build/mic_pkg/prefix_override:/home/henrik/ros_workspace/install/mic_pkg/lib/python3.8/site-packages:${PYTHONPATH} /usr/bin/python3 setup.py egg_info --egg-base ../../build/mic_pkg build --build-base /home/henrik/ros_workspace/build/mic_pkg/build install --record /home/henrik/ros_workspace/build/mic_pkg/install.log --install-scripts $base/lib/mic_pkg --single-version-externally-managed
[6.680s] Level 1:colcon.colcon_core.environment:create_environment_scripts_only(interfaces)
[6.739s] Level 1:colcon.colcon_core.environment:checking '/home/henrik/ros_workspace/install/interfaces' for CMake module files
[6.740s] Level 1:colcon.colcon_core.environment:checking '/home/henrik/ros_workspace/install/interfaces' for CMake config files
[6.740s] Level 1:colcon.colcon_core.shell:create_environment_hook('interfaces', 'cmake_prefix_path')
[6.792s] INFO:colcon.colcon_core.shell:Creating environment hook '/home/henrik/ros_workspace/install/interfaces/share/interfaces/hook/cmake_prefix_path.ps1'
[6.792s] INFO:colcon.colcon_core.shell:Creating environment descriptor '/home/henrik/ros_workspace/install/interfaces/share/interfaces/hook/cmake_prefix_path.dsv'
[6.792s] INFO:colcon.colcon_core.shell:Creating environment hook '/home/henrik/ros_workspace/install/interfaces/share/interfaces/hook/cmake_prefix_path.sh'
[6.793s] Level 1:colcon.colcon_core.environment:checking '/home/henrik/ros_workspace/install/interfaces/lib'
[6.793s] Level 1:colcon.colcon_core.shell:create_environment_hook('interfaces', 'ld_library_path_lib')
[6.845s] INFO:colcon.colcon_core.shell:Creating environment hook '/home/henrik/ros_workspace/install/interfaces/share/interfaces/hook/ld_library_path_lib.ps1'
[6.845s] INFO:colcon.colcon_core.shell:Creating environment descriptor '/home/henrik/ros_workspace/install/interfaces/share/interfaces/hook/ld_library_path_lib.dsv'
[6.846s] INFO:colcon.colcon_core.shell:Creating environment hook '/home/henrik/ros_workspace/install/interfaces/share/interfaces/hook/ld_library_path_lib.sh'
[6.846s] Level 1:colcon.colcon_core.environment:checking '/home/henrik/ros_workspace/install/interfaces/bin'
[6.846s] Level 1:colcon.colcon_core.environment:checking '/home/henrik/ros_workspace/install/interfaces/lib/pkgconfig/interfaces.pc'
[6.846s] Level 1:colcon.colcon_core.environment:checking '/home/henrik/ros_workspace/install/interfaces/lib/python3.8/site-packages'
[6.846s] Level 1:colcon.colcon_core.shell:create_environment_hook('interfaces', 'pythonpath')
[6.899s] INFO:colcon.colcon_core.shell:Creating environment hook '/home/henrik/ros_workspace/install/interfaces/share/interfaces/hook/pythonpath.ps1'
[6.899s] INFO:colcon.colcon_core.shell:Creating environment descriptor '/home/henrik/ros_workspace/install/interfaces/share/interfaces/hook/pythonpath.dsv'
[6.899s] INFO:colcon.colcon_core.shell:Creating environment hook '/home/henrik/ros_workspace/install/interfaces/share/interfaces/hook/pythonpath.sh'
[6.899s] Level 1:colcon.colcon_core.environment:checking '/home/henrik/ros_workspace/install/interfaces/bin'
[6.952s] INFO:colcon.colcon_core.shell:Creating package script '/home/henrik/ros_workspace/install/interfaces/share/interfaces/package.ps1'
[6.952s] INFO:colcon.colcon_core.shell:Creating package descriptor '/home/henrik/ros_workspace/install/interfaces/share/interfaces/package.dsv'
[6.953s] INFO:colcon.colcon_core.shell:Creating package script '/home/henrik/ros_workspace/install/interfaces/share/interfaces/package.sh'
[6.953s] INFO:colcon.colcon_core.shell:Creating package script '/home/henrik/ros_workspace/install/interfaces/share/interfaces/package.bash'
[6.953s] INFO:colcon.colcon_core.shell:Creating package script '/home/henrik/ros_workspace/install/interfaces/share/interfaces/package.zsh'
[6.953s] Level 1:colcon.colcon_core.environment:create_file_with_runtime_dependencies(/home/henrik/ros_workspace/install/interfaces/share/colcon-core/packages/interfaces)
[6.955s] DEBUG:colcon.colcon_core.event_handler.log_command:Invoked command in '/home/henrik/ros_workspace/src/camera_pkg' returned '0': PYTHONPATH=/home/henrik/ros_workspace/build/camera_pkg/prefix_override:/home/henrik/ros_workspace/install/camera_pkg/lib/python3.8/site-packages:${PYTHONPATH} /usr/bin/python3 setup.py egg_info --egg-base ../../build/camera_pkg build --build-base /home/henrik/ros_workspace/build/camera_pkg/build install --record /home/henrik/ros_workspace/build/camera_pkg/install.log --install-scripts $base/lib/camera_pkg --single-version-externally-managed
[7.007s] Level 1:colcon.colcon_core.environment:checking '/home/henrik/ros_workspace/install/camera_pkg' for CMake module files
[7.007s] Level 1:colcon.colcon_core.environment:checking '/home/henrik/ros_workspace/install/camera_pkg' for CMake config files
[7.007s] Level 1:colcon.colcon_core.environment:checking '/home/henrik/ros_workspace/install/camera_pkg/lib'
[7.007s] Level 1:colcon.colcon_core.environment:checking '/home/henrik/ros_workspace/install/camera_pkg/bin'
[7.007s] Level 1:colcon.colcon_core.environment:checking '/home/henrik/ros_workspace/install/camera_pkg/lib/pkgconfig/camera_pkg.pc'
[7.007s] Level 1:colcon.colcon_core.environment:checking '/home/henrik/ros_workspace/install/camera_pkg/lib/python3.8/site-packages'
[7.008s] Level 1:colcon.colcon_core.shell:create_environment_hook('camera_pkg', 'pythonpath')
[7.059s] INFO:colcon.colcon_core.shell:Creating environment hook '/home/henrik/ros_workspace/install/camera_pkg/share/camera_pkg/hook/pythonpath.ps1'
[7.059s] INFO:colcon.colcon_core.shell:Creating environment descriptor '/home/henrik/ros_workspace/install/camera_pkg/share/camera_pkg/hook/pythonpath.dsv'
[7.060s] INFO:colcon.colcon_core.shell:Creating environment hook '/home/henrik/ros_workspace/install/camera_pkg/share/camera_pkg/hook/pythonpath.sh'
[7.060s] Level 1:colcon.colcon_core.environment:checking '/home/henrik/ros_workspace/install/camera_pkg/bin'
[7.060s] Level 1:colcon.colcon_core.environment:create_environment_scripts_only(camera_pkg)
[7.112s] INFO:colcon.colcon_core.shell:Creating package script '/home/henrik/ros_workspace/install/camera_pkg/share/camera_pkg/package.ps1'
[7.112s] INFO:colcon.colcon_core.shell:Creating package descriptor '/home/henrik/ros_workspace/install/camera_pkg/share/camera_pkg/package.dsv'
[7.112s] INFO:colcon.colcon_core.shell:Creating package script '/home/henrik/ros_workspace/install/camera_pkg/share/camera_pkg/package.sh'
[7.113s] INFO:colcon.colcon_core.shell:Creating package script '/home/henrik/ros_workspace/install/camera_pkg/share/camera_pkg/package.bash'
[7.113s] INFO:colcon.colcon_core.shell:Creating package script '/home/henrik/ros_workspace/install/camera_pkg/share/camera_pkg/package.zsh'
[7.113s] Level 1:colcon.colcon_core.environment:create_file_with_runtime_dependencies(/home/henrik/ros_workspace/install/camera_pkg/share/colcon-core/packages/camera_pkg)
[7.113s] DEBUG:colcon.colcon_core.event_handler.log_command:Invoked command in '/home/henrik/ros_workspace/src/motion_control_pkg' returned '0': PYTHONPATH=/home/henrik/ros_workspace/build/motion_control_pkg/prefix_override:/home/henrik/ros_workspace/install/motion_control_pkg/lib/python3.8/site-packages:${PYTHONPATH} /usr/bin/python3 setup.py egg_info --egg-base ../../build/motion_control_pkg build --build-base /home/henrik/ros_workspace/build/motion_control_pkg/build install --record /home/henrik/ros_workspace/build/motion_control_pkg/install.log --install-scripts $base/lib/motion_control_pkg --single-version-externally-managed
[7.165s] Level 1:colcon.colcon_core.environment:checking '/home/henrik/ros_workspace/install/motion_control_pkg' for CMake module files
[7.165s] Level 1:colcon.colcon_core.environment:checking '/home/henrik/ros_workspace/install/motion_control_pkg' for CMake config files
[7.166s] Level 1:colcon.colcon_core.environment:checking '/home/henrik/ros_workspace/install/motion_control_pkg/lib'
[7.166s] Level 1:colcon.colcon_core.environment:checking '/home/henrik/ros_workspace/install/motion_control_pkg/bin'
[7.166s] Level 1:colcon.colcon_core.environment:checking '/home/henrik/ros_workspace/install/motion_control_pkg/lib/pkgconfig/motion_control_pkg.pc'
[7.166s] Level 1:colcon.colcon_core.environment:checking '/home/henrik/ros_workspace/install/motion_control_pkg/lib/python3.8/site-packages'
[7.166s] Level 1:colcon.colcon_core.shell:create_environment_hook('motion_control_pkg', 'pythonpath')
[7.218s] INFO:colcon.colcon_core.shell:Creating environment hook '/home/henrik/ros_workspace/install/motion_control_pkg/share/motion_control_pkg/hook/pythonpath.ps1'
[7.218s] INFO:colcon.colcon_core.shell:Creating environment descriptor '/home/henrik/ros_workspace/install/motion_control_pkg/share/motion_control_pkg/hook/pythonpath.dsv'
[7.218s] INFO:colcon.colcon_core.shell:Creating environment hook '/home/henrik/ros_workspace/install/motion_control_pkg/share/motion_control_pkg/hook/pythonpath.sh'
[7.219s] Level 1:colcon.colcon_core.environment:checking '/home/henrik/ros_workspace/install/motion_control_pkg/bin'
[7.219s] Level 1:colcon.colcon_core.environment:create_environment_scripts_only(motion_control_pkg)
[7.271s] INFO:colcon.colcon_core.shell:Creating package script '/home/henrik/ros_workspace/install/motion_control_pkg/share/motion_control_pkg/package.ps1'
[7.271s] INFO:colcon.colcon_core.shell:Creating package descriptor '/home/henrik/ros_workspace/install/motion_control_pkg/share/motion_control_pkg/package.dsv'
[7.272s] INFO:colcon.colcon_core.shell:Creating package script '/home/henrik/ros_workspace/install/motion_control_pkg/share/motion_control_pkg/package.sh'
[7.272s] INFO:colcon.colcon_core.shell:Creating package script '/home/henrik/ros_workspace/install/motion_control_pkg/share/motion_control_pkg/package.bash'
[7.272s] INFO:colcon.colcon_core.shell:Creating package script '/home/henrik/ros_workspace/install/motion_control_pkg/share/motion_control_pkg/package.zsh'
[7.272s] Level 1:colcon.colcon_core.environment:create_file_with_runtime_dependencies(/home/henrik/ros_workspace/install/motion_control_pkg/share/colcon-core/packages/motion_control_pkg)
[7.273s] DEBUG:colcon.colcon_core.event_handler.log_command:Invoked command in '/home/henrik/ros_workspace/src/mic_pkg' returned '0': PYTHONPATH=/home/henrik/ros_workspace/build/mic_pkg/prefix_override:/home/henrik/ros_workspace/install/mic_pkg/lib/python3.8/site-packages:${PYTHONPATH} /usr/bin/python3 setup.py egg_info --egg-base ../../build/mic_pkg build --build-base /home/henrik/ros_workspace/build/mic_pkg/build install --record /home/henrik/ros_workspace/build/mic_pkg/install.log --install-scripts $base/lib/mic_pkg --single-version-externally-managed
[7.325s] Level 1:colcon.colcon_core.environment:checking '/home/henrik/ros_workspace/install/mic_pkg' for CMake module files
[7.325s] Level 1:colcon.colcon_core.environment:checking '/home/henrik/ros_workspace/install/mic_pkg' for CMake config files
[7.325s] Level 1:colcon.colcon_core.environment:checking '/home/henrik/ros_workspace/install/mic_pkg/lib'
[7.325s] Level 1:colcon.colcon_core.environment:checking '/home/henrik/ros_workspace/install/mic_pkg/bin'
[7.325s] Level 1:colcon.colcon_core.environment:checking '/home/henrik/ros_workspace/install/mic_pkg/lib/pkgconfig/mic_pkg.pc'
[7.325s] Level 1:colcon.colcon_core.environment:checking '/home/henrik/ros_workspace/install/mic_pkg/lib/python3.8/site-packages'
[7.325s] Level 1:colcon.colcon_core.shell:create_environment_hook('mic_pkg', 'pythonpath')
[7.378s] INFO:colcon.colcon_core.shell:Creating environment hook '/home/henrik/ros_workspace/install/mic_pkg/share/mic_pkg/hook/pythonpath.ps1'
[7.378s] INFO:colcon.colcon_core.shell:Creating environment descriptor '/home/henrik/ros_workspace/install/mic_pkg/share/mic_pkg/hook/pythonpath.dsv'
[7.378s] INFO:colcon.colcon_core.shell:Creating environment hook '/home/henrik/ros_workspace/install/mic_pkg/share/mic_pkg/hook/pythonpath.sh'
[7.378s] Level 1:colcon.colcon_core.environment:checking '/home/henrik/ros_workspace/install/mic_pkg/bin'
[7.378s] Level 1:colcon.colcon_core.environment:create_environment_scripts_only(mic_pkg)
[7.431s] INFO:colcon.colcon_core.shell:Creating package script '/home/henrik/ros_workspace/install/mic_pkg/share/mic_pkg/package.ps1'
[7.431s] INFO:colcon.colcon_core.shell:Creating package descriptor '/home/henrik/ros_workspace/install/mic_pkg/share/mic_pkg/package.dsv'
[7.431s] INFO:colcon.colcon_core.shell:Creating package script '/home/henrik/ros_workspace/install/mic_pkg/share/mic_pkg/package.sh'
[7.431s] INFO:colcon.colcon_core.shell:Creating package script '/home/henrik/ros_workspace/install/mic_pkg/share/mic_pkg/package.bash'
[7.431s] INFO:colcon.colcon_core.shell:Creating package script '/home/henrik/ros_workspace/install/mic_pkg/share/mic_pkg/package.zsh'
[7.432s] Level 1:colcon.colcon_core.environment:create_file_with_runtime_dependencies(/home/henrik/ros_workspace/install/mic_pkg/share/colcon-core/packages/mic_pkg)
[7.432s] DEBUG:colcon.colcon_parallel_executor.executor.parallel:closing loop
[7.432s] DEBUG:colcon.colcon_parallel_executor.executor.parallel:loop closed
[7.432s] DEBUG:colcon.colcon_parallel_executor.executor.parallel:run_until_complete finished with '0'
[7.432s] DEBUG:colcon.colcon_core.event_reactor:joining thread
[7.487s] INFO:colcon.colcon_core.plugin_system:Skipping extension 'colcon_notification.desktop_notification.terminal_notifier': Not used on non-Darwin systems
[7.487s] INFO:colcon.colcon_core.plugin_system:Skipping extension 'colcon_notification.desktop_notification.win32': Not used on non-Windows systems
[7.487s] INFO:colcon.colcon_notification.desktop_notification:Sending desktop notification using 'notify2'
[7.502s] DEBUG:colcon.colcon_core.event_reactor:joined thread
[7.552s] INFO:colcon.colcon_core.shell:Creating prefix script '/home/henrik/ros_workspace/install/local_setup.ps1'
[7.553s] INFO:colcon.colcon_core.shell:Creating prefix util module '/home/henrik/ros_workspace/install/_local_setup_util_ps1.py'
[7.553s] INFO:colcon.colcon_core.shell:Creating prefix chain script '/home/henrik/ros_workspace/install/setup.ps1'
[7.605s] INFO:colcon.colcon_core.shell:Creating prefix script '/home/henrik/ros_workspace/install/local_setup.sh'
[7.606s] INFO:colcon.colcon_core.shell:Creating prefix util module '/home/henrik/ros_workspace/install/_local_setup_util_sh.py'
[7.606s] INFO:colcon.colcon_core.shell:Creating prefix chain script '/home/henrik/ros_workspace/install/setup.sh'
[7.659s] INFO:colcon.colcon_core.shell:Creating prefix script '/home/henrik/ros_workspace/install/local_setup.bash'
[7.659s] INFO:colcon.colcon_core.shell:Creating prefix chain script '/home/henrik/ros_workspace/install/setup.bash'
[7.711s] INFO:colcon.colcon_core.shell:Creating prefix script '/home/henrik/ros_workspace/install/local_setup.zsh'
[7.711s] INFO:colcon.colcon_core.shell:Creating prefix chain script '/home/henrik/ros_workspace/install/setup.zsh'
