[0.636s] Invoking command in '/home/henrik/MSP-Humanoid-IDA/ros_workspace/src/mic_pkg': PYTHONPATH=/home/henrik/MSP-Humanoid-IDA/build/mic_pkg/prefix_override:/home/henrik/MSP-Humanoid-IDA/install/mic_pkg/lib/python3.8/site-packages:${PYTHONPATH} /usr/bin/python3 -W ignore:setup.py install is deprecated setup.py egg_info --egg-base ../../../build/mic_pkg build --build-base /home/henrik/MSP-Humanoid-IDA/build/mic_pkg/build install --record /home/henrik/MSP-Humanoid-IDA/build/mic_pkg/install.log --install-scripts $base/lib/mic_pkg --single-version-externally-managed install_data
[0.762s] running egg_info
[0.762s] creating ../../../build/mic_pkg/mic_pkg.egg-info
[0.762s] writing ../../../build/mic_pkg/mic_pkg.egg-info/PKG-INFO
[0.762s] writing dependency_links to ../../../build/mic_pkg/mic_pkg.egg-info/dependency_links.txt
[0.762s] writing entry points to ../../../build/mic_pkg/mic_pkg.egg-info/entry_points.txt
[0.762s] writing requirements to ../../../build/mic_pkg/mic_pkg.egg-info/requires.txt
[0.762s] writing top-level names to ../../../build/mic_pkg/mic_pkg.egg-info/top_level.txt
[0.763s] writing manifest file '../../../build/mic_pkg/mic_pkg.egg-info/SOURCES.txt'
[0.783s] reading manifest file '../../../build/mic_pkg/mic_pkg.egg-info/SOURCES.txt'
[0.783s] writing manifest file '../../../build/mic_pkg/mic_pkg.egg-info/SOURCES.txt'
[0.783s] running build
[0.783s] running build_py
[0.783s] creating /home/henrik/MSP-Humanoid-IDA/build/mic_pkg/build
[0.784s] creating /home/henrik/MSP-Humanoid-IDA/build/mic_pkg/build/lib
[0.784s] copying constants.py -> /home/henrik/MSP-Humanoid-IDA/build/mic_pkg/build/lib
[0.784s] creating /home/henrik/MSP-Humanoid-IDA/build/mic_pkg/build/lib/mic_pkg
[0.784s] copying mic_pkg/__init__.py -> /home/henrik/MSP-Humanoid-IDA/build/mic_pkg/build/lib/mic_pkg
[0.784s] copying mic_pkg/mic_node.py -> /home/henrik/MSP-Humanoid-IDA/build/mic_pkg/build/lib/mic_pkg
[0.784s] running install
[0.784s] running install_lib
[0.784s] creating /home/henrik/MSP-Humanoid-IDA/install/mic_pkg/lib/python3.8/site-packages/mic_pkg
[0.784s] copying /home/henrik/MSP-Humanoid-IDA/build/mic_pkg/build/lib/mic_pkg/__init__.py -> /home/henrik/MSP-Humanoid-IDA/install/mic_pkg/lib/python3.8/site-packages/mic_pkg
[0.785s] copying /home/henrik/MSP-Humanoid-IDA/build/mic_pkg/build/lib/mic_pkg/mic_node.py -> /home/henrik/MSP-Humanoid-IDA/install/mic_pkg/lib/python3.8/site-packages/mic_pkg
[0.785s] copying /home/henrik/MSP-Humanoid-IDA/build/mic_pkg/build/lib/constants.py -> /home/henrik/MSP-Humanoid-IDA/install/mic_pkg/lib/python3.8/site-packages
[0.785s] byte-compiling /home/henrik/MSP-Humanoid-IDA/install/mic_pkg/lib/python3.8/site-packages/mic_pkg/__init__.py to __init__.cpython-38.pyc
[0.786s] byte-compiling /home/henrik/MSP-Humanoid-IDA/install/mic_pkg/lib/python3.8/site-packages/mic_pkg/mic_node.py to mic_node.cpython-38.pyc
[0.786s] byte-compiling /home/henrik/MSP-Humanoid-IDA/install/mic_pkg/lib/python3.8/site-packages/constants.py to constants.cpython-38.pyc
[0.786s] running install_data
[0.786s] creating /home/henrik/MSP-Humanoid-IDA/install/mic_pkg/share/ament_index
[0.786s] creating /home/henrik/MSP-Humanoid-IDA/install/mic_pkg/share/ament_index/resource_index
[0.786s] creating /home/henrik/MSP-Humanoid-IDA/install/mic_pkg/share/ament_index/resource_index/packages
[0.786s] copying resource/mic_pkg -> /home/henrik/MSP-Humanoid-IDA/install/mic_pkg/share/ament_index/resource_index/packages
[0.786s] copying package.xml -> /home/henrik/MSP-Humanoid-IDA/install/mic_pkg/share/mic_pkg
[0.786s] running install_egg_info
[0.787s] Copying ../../../build/mic_pkg/mic_pkg.egg-info to /home/henrik/MSP-Humanoid-IDA/install/mic_pkg/lib/python3.8/site-packages/mic_pkg-0.0.0-py3.8.egg-info
[0.788s] running install_scripts
[0.798s] Installing mic_node script to /home/henrik/MSP-Humanoid-IDA/install/mic_pkg/lib/mic_pkg
[0.798s] writing list of installed files to '/home/henrik/MSP-Humanoid-IDA/build/mic_pkg/install.log'
[0.823s] Invoked command in '/home/henrik/MSP-Humanoid-IDA/ros_workspace/src/mic_pkg' returned '0': PYTHONPATH=/home/henrik/MSP-Humanoid-IDA/build/mic_pkg/prefix_override:/home/henrik/MSP-Humanoid-IDA/install/mic_pkg/lib/python3.8/site-packages:${PYTHONPATH} /usr/bin/python3 -W ignore:setup.py install is deprecated setup.py egg_info --egg-base ../../../build/mic_pkg build --build-base /home/henrik/MSP-Humanoid-IDA/build/mic_pkg/build install --record /home/henrik/MSP-Humanoid-IDA/build/mic_pkg/install.log --install-scripts $base/lib/mic_pkg --single-version-externally-managed install_data
