[0.658s] Invoking command in '/home/henrik/MSP-Humanoid-IDA/ros_workspace/src/motion_control_pkg': PYTHONPATH=/home/henrik/MSP-Humanoid-IDA/build/motion_control_pkg/prefix_override:/home/henrik/MSP-Humanoid-IDA/install/motion_control_pkg/lib/python3.8/site-packages:${PYTHONPATH} /usr/bin/python3 -W ignore:setup.py install is deprecated setup.py egg_info --egg-base ../../../build/motion_control_pkg build --build-base /home/henrik/MSP-Humanoid-IDA/build/motion_control_pkg/build install --record /home/henrik/MSP-Humanoid-IDA/build/motion_control_pkg/install.log --install-scripts $base/lib/motion_control_pkg --single-version-externally-managed install_data
[0.785s] running egg_info
[0.785s] creating ../../../build/motion_control_pkg/motion_control_pkg.egg-info
[0.785s] writing ../../../build/motion_control_pkg/motion_control_pkg.egg-info/PKG-INFO
[0.785s] writing dependency_links to ../../../build/motion_control_pkg/motion_control_pkg.egg-info/dependency_links.txt
[0.785s] writing entry points to ../../../build/motion_control_pkg/motion_control_pkg.egg-info/entry_points.txt
[0.786s] writing requirements to ../../../build/motion_control_pkg/motion_control_pkg.egg-info/requires.txt
[0.786s] writing top-level names to ../../../build/motion_control_pkg/motion_control_pkg.egg-info/top_level.txt
[0.786s] writing manifest file '../../../build/motion_control_pkg/motion_control_pkg.egg-info/SOURCES.txt'
[0.806s] reading manifest file '../../../build/motion_control_pkg/motion_control_pkg.egg-info/SOURCES.txt'
[0.807s] writing manifest file '../../../build/motion_control_pkg/motion_control_pkg.egg-info/SOURCES.txt'
[0.807s] running build
[0.807s] running build_py
[0.807s] creating /home/henrik/MSP-Humanoid-IDA/build/motion_control_pkg/build
[0.807s] creating /home/henrik/MSP-Humanoid-IDA/build/motion_control_pkg/build/lib
[0.807s] creating /home/henrik/MSP-Humanoid-IDA/build/motion_control_pkg/build/lib/motion_control_pkg
[0.807s] copying motion_control_pkg/__init__.py -> /home/henrik/MSP-Humanoid-IDA/build/motion_control_pkg/build/lib/motion_control_pkg
[0.807s] copying motion_control_pkg/pouring_node.py -> /home/henrik/MSP-Humanoid-IDA/build/motion_control_pkg/build/lib/motion_control_pkg
[0.807s] copying motion_control_pkg/arm_control_node.py -> /home/henrik/MSP-Humanoid-IDA/build/motion_control_pkg/build/lib/motion_control_pkg
[0.808s] running install
[0.808s] running install_lib
[0.808s] creating /home/henrik/MSP-Humanoid-IDA/install/motion_control_pkg/lib/python3.8/site-packages/motion_control_pkg
[0.808s] copying /home/henrik/MSP-Humanoid-IDA/build/motion_control_pkg/build/lib/motion_control_pkg/__init__.py -> /home/henrik/MSP-Humanoid-IDA/install/motion_control_pkg/lib/python3.8/site-packages/motion_control_pkg
[0.809s] copying /home/henrik/MSP-Humanoid-IDA/build/motion_control_pkg/build/lib/motion_control_pkg/pouring_node.py -> /home/henrik/MSP-Humanoid-IDA/install/motion_control_pkg/lib/python3.8/site-packages/motion_control_pkg
[0.809s] copying /home/henrik/MSP-Humanoid-IDA/build/motion_control_pkg/build/lib/motion_control_pkg/arm_control_node.py -> /home/henrik/MSP-Humanoid-IDA/install/motion_control_pkg/lib/python3.8/site-packages/motion_control_pkg
[0.809s] byte-compiling /home/henrik/MSP-Humanoid-IDA/install/motion_control_pkg/lib/python3.8/site-packages/motion_control_pkg/__init__.py to __init__.cpython-38.pyc
[0.809s] byte-compiling /home/henrik/MSP-Humanoid-IDA/install/motion_control_pkg/lib/python3.8/site-packages/motion_control_pkg/pouring_node.py to pouring_node.cpython-38.pyc
[0.809s] byte-compiling /home/henrik/MSP-Humanoid-IDA/install/motion_control_pkg/lib/python3.8/site-packages/motion_control_pkg/arm_control_node.py to arm_control_node.cpython-38.pyc
[0.810s] running install_data
[0.810s] creating /home/henrik/MSP-Humanoid-IDA/install/motion_control_pkg/share/ament_index
[0.810s] creating /home/henrik/MSP-Humanoid-IDA/install/motion_control_pkg/share/ament_index/resource_index
[0.810s] creating /home/henrik/MSP-Humanoid-IDA/install/motion_control_pkg/share/ament_index/resource_index/packages
[0.810s] copying resource/motion_control_pkg -> /home/henrik/MSP-Humanoid-IDA/install/motion_control_pkg/share/ament_index/resource_index/packages
[0.810s] copying package.xml -> /home/henrik/MSP-Humanoid-IDA/install/motion_control_pkg/share/motion_control_pkg
[0.810s] running install_egg_info
[0.811s] Copying ../../../build/motion_control_pkg/motion_control_pkg.egg-info to /home/henrik/MSP-Humanoid-IDA/install/motion_control_pkg/lib/python3.8/site-packages/motion_control_pkg-0.0.0-py3.8.egg-info
[0.812s] running install_scripts
[0.821s] Installing arm_control_node script to /home/henrik/MSP-Humanoid-IDA/install/motion_control_pkg/lib/motion_control_pkg
[0.821s] Installing pouring_node script to /home/henrik/MSP-Humanoid-IDA/install/motion_control_pkg/lib/motion_control_pkg
[0.821s] writing list of installed files to '/home/henrik/MSP-Humanoid-IDA/build/motion_control_pkg/install.log'
[0.831s] Invoked command in '/home/henrik/MSP-Humanoid-IDA/ros_workspace/src/motion_control_pkg' returned '0': PYTHONPATH=/home/henrik/MSP-Humanoid-IDA/build/motion_control_pkg/prefix_override:/home/henrik/MSP-Humanoid-IDA/install/motion_control_pkg/lib/python3.8/site-packages:${PYTHONPATH} /usr/bin/python3 -W ignore:setup.py install is deprecated setup.py egg_info --egg-base ../../../build/motion_control_pkg build --build-base /home/henrik/MSP-Humanoid-IDA/build/motion_control_pkg/build install --record /home/henrik/MSP-Humanoid-IDA/build/motion_control_pkg/install.log --install-scripts $base/lib/motion_control_pkg --single-version-externally-managed install_data
