[0.140s] Invoking command in '/home/henrik/MSP-Humanoid-IDA/ros_workspace/build/interfaces': CMAKE_PREFIX_PATH=${CMAKE_PREFIX_PATH}:/opt/ros/foxy:/home/henrik/MSP-Humanoid-IDA/ros_workspace/install/motion_control_pkg:/home/henrik/MSP-Humanoid-IDA/ros_workspace/install/mic_pkg:/home/henrik/MSP-Humanoid-IDA/ros_workspace/install/camera_pkg:/home/henrik/MSP-Humanoid-IDA/ros_workspace/install/arm_pkg /usr/bin/cmake --build /home/henrik/MSP-Humanoid-IDA/ros_workspace/build/interfaces -- -j20 -l20
[0.272s] [  2%] Built target interfaces__cpp
[0.273s] [ 12%] Built target interfaces__rosidl_generator_c
[0.273s] [ 23%] Built target interfaces__rosidl_typesupport_introspection_cpp
[0.273s] [ 34%] Built target interfaces__rosidl_typesupport_introspection_c
[0.273s] [ 44%] Built target interfaces__rosidl_typesupport_cpp
[0.273s] [ 55%] Built target interfaces__rosidl_typesupport_fastrtps_cpp
[0.273s] [ 65%] Built target interfaces__rosidl_typesupport_c
[0.273s] [ 76%] Built target interfaces__rosidl_typesupport_fastrtps_c
[0.273s] [ 76%] Built target interfaces
[0.273s] [ 78%] Built target interfaces__py
[0.274s] [ 87%] Built target interfaces__python
[0.274s] [100%] Built target interfaces__rosidl_typesupport_fastrtps_c__pyext
[0.274s] [100%] Built target interfaces__rosidl_typesupport_c__pyext
[0.274s] [100%] Built target interfaces__rosidl_typesupport_introspection_c__pyext
[0.394s] Invoked command in '/home/henrik/MSP-Humanoid-IDA/ros_workspace/build/interfaces' returned '0': CMAKE_PREFIX_PATH=${CMAKE_PREFIX_PATH}:/opt/ros/foxy:/home/henrik/MSP-Humanoid-IDA/ros_workspace/install/motion_control_pkg:/home/henrik/MSP-Humanoid-IDA/ros_workspace/install/mic_pkg:/home/henrik/MSP-Humanoid-IDA/ros_workspace/install/camera_pkg:/home/henrik/MSP-Humanoid-IDA/ros_workspace/install/arm_pkg /usr/bin/cmake --build /home/henrik/MSP-Humanoid-IDA/ros_workspace/build/interfaces -- -j20 -l20
[0.439s] Invoking command in '/home/henrik/MSP-Humanoid-IDA/ros_workspace/build/interfaces': CMAKE_PREFIX_PATH=${CMAKE_PREFIX_PATH}:/opt/ros/foxy:/home/henrik/MSP-Humanoid-IDA/ros_workspace/install/motion_control_pkg:/home/henrik/MSP-Humanoid-IDA/ros_workspace/install/mic_pkg:/home/henrik/MSP-Humanoid-IDA/ros_workspace/install/camera_pkg:/home/henrik/MSP-Humanoid-IDA/ros_workspace/install/arm_pkg /usr/bin/cmake --install /home/henrik/MSP-Humanoid-IDA/ros_workspace/build/interfaces
[0.445s] -- Install configuration: ""
[0.445s] -- Up-to-date: /home/henrik/MSP-Humanoid-IDA/ros_workspace/install/interfaces/share/ament_index/resource_index/rosidl_interfaces/interfaces
[0.445s] -- Up-to-date: /home/henrik/MSP-Humanoid-IDA/ros_workspace/install/interfaces/include/interfaces
[0.445s] -- Up-to-date: /home/henrik/MSP-Humanoid-IDA/ros_workspace/install/interfaces/include/interfaces/msg
[0.446s] -- Up-to-date: /home/henrik/MSP-Humanoid-IDA/ros_workspace/install/interfaces/include/interfaces/msg/rosidl_generator_c__visibility_control.h
[0.446s] -- Up-to-date: /home/henrik/MSP-Humanoid-IDA/ros_workspace/install/interfaces/include/interfaces/msg/bottle_info.h
[0.446s] -- Up-to-date: /home/henrik/MSP-Humanoid-IDA/ros_workspace/install/interfaces/include/interfaces/msg/robot_status.h
[0.446s] -- Up-to-date: /home/henrik/MSP-Humanoid-IDA/ros_workspace/install/interfaces/include/interfaces/msg/detail
[0.446s] -- Up-to-date: /home/henrik/MSP-Humanoid-IDA/ros_workspace/install/interfaces/include/interfaces/msg/detail/robot_status__functions.h
[0.446s] -- Up-to-date: /home/henrik/MSP-Humanoid-IDA/ros_workspace/install/interfaces/include/interfaces/msg/detail/robot_status__type_support.h
[0.446s] -- Up-to-date: /home/henrik/MSP-Humanoid-IDA/ros_workspace/install/interfaces/include/interfaces/msg/detail/bottle_info__functions.c
[0.446s] -- Up-to-date: /home/henrik/MSP-Humanoid-IDA/ros_workspace/install/interfaces/include/interfaces/msg/detail/robot_status__functions.c
[0.446s] -- Up-to-date: /home/henrik/MSP-Humanoid-IDA/ros_workspace/install/interfaces/include/interfaces/msg/detail/detection_info__struct.h
[0.446s] -- Up-to-date: /home/henrik/MSP-Humanoid-IDA/ros_workspace/install/interfaces/include/interfaces/msg/detail/bottle_info__type_support.h
[0.446s] -- Up-to-date: /home/henrik/MSP-Humanoid-IDA/ros_workspace/install/interfaces/include/interfaces/msg/detail/detection_info__functions.h
[0.446s] -- Up-to-date: /home/henrik/MSP-Humanoid-IDA/ros_workspace/install/interfaces/include/interfaces/msg/detail/bottle_info__struct.h
[0.446s] -- Up-to-date: /home/henrik/MSP-Humanoid-IDA/ros_workspace/install/interfaces/include/interfaces/msg/detail/bottle_info__functions.h
[0.446s] -- Up-to-date: /home/henrik/MSP-Humanoid-IDA/ros_workspace/install/interfaces/include/interfaces/msg/detail/detection_info__functions.c
[0.446s] -- Up-to-date: /home/henrik/MSP-Humanoid-IDA/ros_workspace/install/interfaces/include/interfaces/msg/detail/detection_info__type_support.h
[0.447s] -- Up-to-date: /home/henrik/MSP-Humanoid-IDA/ros_workspace/install/interfaces/include/interfaces/msg/detail/robot_status__struct.h
[0.447s] -- Up-to-date: /home/henrik/MSP-Humanoid-IDA/ros_workspace/install/interfaces/include/interfaces/msg/detection_info.h
[0.447s] -- Up-to-date: /home/henrik/MSP-Humanoid-IDA/ros_workspace/install/interfaces/share/interfaces/environment/library_path.sh
[0.447s] -- Up-to-date: /home/henrik/MSP-Humanoid-IDA/ros_workspace/install/interfaces/share/interfaces/environment/library_path.dsv
[0.447s] -- Up-to-date: /home/henrik/MSP-Humanoid-IDA/ros_workspace/install/interfaces/lib/libinterfaces__rosidl_generator_c.so
[0.447s] -- Up-to-date: /home/henrik/MSP-Humanoid-IDA/ros_workspace/install/interfaces/include/interfaces
[0.447s] -- Up-to-date: /home/henrik/MSP-Humanoid-IDA/ros_workspace/install/interfaces/include/interfaces/msg
[0.447s] -- Up-to-date: /home/henrik/MSP-Humanoid-IDA/ros_workspace/install/interfaces/include/interfaces/msg/rosidl_typesupport_fastrtps_c__visibility_control.h
[0.447s] -- Up-to-date: /home/henrik/MSP-Humanoid-IDA/ros_workspace/install/interfaces/include/interfaces/msg/detail
[0.447s] -- Up-to-date: /home/henrik/MSP-Humanoid-IDA/ros_workspace/install/interfaces/include/interfaces/msg/detail/robot_status__rosidl_typesupport_fastrtps_c.h
[0.447s] -- Up-to-date: /home/henrik/MSP-Humanoid-IDA/ros_workspace/install/interfaces/include/interfaces/msg/detail/detection_info__rosidl_typesupport_fastrtps_c.h
[0.447s] -- Up-to-date: /home/henrik/MSP-Humanoid-IDA/ros_workspace/install/interfaces/include/interfaces/msg/detail/bottle_info__rosidl_typesupport_fastrtps_c.h
[0.447s] -- Up-to-date: /home/henrik/MSP-Humanoid-IDA/ros_workspace/install/interfaces/lib/libinterfaces__rosidl_typesupport_fastrtps_c.so
[0.447s] -- Up-to-date: /home/henrik/MSP-Humanoid-IDA/ros_workspace/install/interfaces/include/interfaces
[0.447s] -- Up-to-date: /home/henrik/MSP-Humanoid-IDA/ros_workspace/install/interfaces/include/interfaces/msg
[0.447s] -- Up-to-date: /home/henrik/MSP-Humanoid-IDA/ros_workspace/install/interfaces/include/interfaces/msg/rosidl_typesupport_fastrtps_cpp__visibility_control.h
[0.448s] -- Up-to-date: /home/henrik/MSP-Humanoid-IDA/ros_workspace/install/interfaces/include/interfaces/msg/detail
[0.448s] -- Up-to-date: /home/henrik/MSP-Humanoid-IDA/ros_workspace/install/interfaces/include/interfaces/msg/detail/robot_status__rosidl_typesupport_fastrtps_cpp.hpp
[0.448s] -- Up-to-date: /home/henrik/MSP-Humanoid-IDA/ros_workspace/install/interfaces/include/interfaces/msg/detail/dds_fastrtps
[0.448s] -- Up-to-date: /home/henrik/MSP-Humanoid-IDA/ros_workspace/install/interfaces/include/interfaces/msg/detail/detection_info__rosidl_typesupport_fastrtps_cpp.hpp
[0.448s] -- Up-to-date: /home/henrik/MSP-Humanoid-IDA/ros_workspace/install/interfaces/include/interfaces/msg/detail/bottle_info__rosidl_typesupport_fastrtps_cpp.hpp
[0.448s] -- Up-to-date: /home/henrik/MSP-Humanoid-IDA/ros_workspace/install/interfaces/lib/libinterfaces__rosidl_typesupport_fastrtps_cpp.so
[0.448s] -- Up-to-date: /home/henrik/MSP-Humanoid-IDA/ros_workspace/install/interfaces/include/interfaces
[0.448s] -- Up-to-date: /home/henrik/MSP-Humanoid-IDA/ros_workspace/install/interfaces/include/interfaces/msg
[0.448s] -- Up-to-date: /home/henrik/MSP-Humanoid-IDA/ros_workspace/install/interfaces/include/interfaces/msg/rosidl_typesupport_introspection_c__visibility_control.h
[0.448s] -- Up-to-date: /home/henrik/MSP-Humanoid-IDA/ros_workspace/install/interfaces/include/interfaces/msg/detail
[0.448s] -- Up-to-date: /home/henrik/MSP-Humanoid-IDA/ros_workspace/install/interfaces/include/interfaces/msg/detail/robot_status__rosidl_typesupport_introspection_c.h
[0.448s] -- Up-to-date: /home/henrik/MSP-Humanoid-IDA/ros_workspace/install/interfaces/include/interfaces/msg/detail/detection_info__rosidl_typesupport_introspection_c.h
[0.448s] -- Up-to-date: /home/henrik/MSP-Humanoid-IDA/ros_workspace/install/interfaces/include/interfaces/msg/detail/bottle_info__type_support.c
[0.448s] -- Up-to-date: /home/henrik/MSP-Humanoid-IDA/ros_workspace/install/interfaces/include/interfaces/msg/detail/bottle_info__rosidl_typesupport_introspection_c.h
[0.448s] -- Up-to-date: /home/henrik/MSP-Humanoid-IDA/ros_workspace/install/interfaces/include/interfaces/msg/detail/robot_status__type_support.c
[0.448s] -- Up-to-date: /home/henrik/MSP-Humanoid-IDA/ros_workspace/install/interfaces/include/interfaces/msg/detail/detection_info__type_support.c
[0.448s] -- Up-to-date: /home/henrik/MSP-Humanoid-IDA/ros_workspace/install/interfaces/lib/libinterfaces__rosidl_typesupport_introspection_c.so
[0.448s] -- Up-to-date: /home/henrik/MSP-Humanoid-IDA/ros_workspace/install/interfaces/lib/libinterfaces__rosidl_typesupport_c.so
[0.448s] -- Up-to-date: /home/henrik/MSP-Humanoid-IDA/ros_workspace/install/interfaces/include/interfaces
[0.449s] -- Up-to-date: /home/henrik/MSP-Humanoid-IDA/ros_workspace/install/interfaces/include/interfaces/msg
[0.449s] -- Up-to-date: /home/henrik/MSP-Humanoid-IDA/ros_workspace/install/interfaces/include/interfaces/msg/detection_info.hpp
[0.449s] -- Up-to-date: /home/henrik/MSP-Humanoid-IDA/ros_workspace/install/interfaces/include/interfaces/msg/bottle_info.hpp
[0.449s] -- Up-to-date: /home/henrik/MSP-Humanoid-IDA/ros_workspace/install/interfaces/include/interfaces/msg/robot_status.hpp
[0.449s] -- Up-to-date: /home/henrik/MSP-Humanoid-IDA/ros_workspace/install/interfaces/include/interfaces/msg/detail
[0.449s] -- Up-to-date: /home/henrik/MSP-Humanoid-IDA/ros_workspace/install/interfaces/include/interfaces/msg/detail/bottle_info__struct.hpp
[0.449s] -- Up-to-date: /home/henrik/MSP-Humanoid-IDA/ros_workspace/install/interfaces/include/interfaces/msg/detail/detection_info__type_support.hpp
[0.449s] -- Up-to-date: /home/henrik/MSP-Humanoid-IDA/ros_workspace/install/interfaces/include/interfaces/msg/detail/robot_status__type_support.hpp
[0.449s] -- Up-to-date: /home/henrik/MSP-Humanoid-IDA/ros_workspace/install/interfaces/include/interfaces/msg/detail/detection_info__builder.hpp
[0.449s] -- Up-to-date: /home/henrik/MSP-Humanoid-IDA/ros_workspace/install/interfaces/include/interfaces/msg/detail/robot_status__struct.hpp
[0.449s] -- Up-to-date: /home/henrik/MSP-Humanoid-IDA/ros_workspace/install/interfaces/include/interfaces/msg/detail/detection_info__traits.hpp
[0.449s] -- Up-to-date: /home/henrik/MSP-Humanoid-IDA/ros_workspace/install/interfaces/include/interfaces/msg/detail/bottle_info__builder.hpp
[0.449s] -- Up-to-date: /home/henrik/MSP-Humanoid-IDA/ros_workspace/install/interfaces/include/interfaces/msg/detail/bottle_info__type_support.hpp
[0.449s] -- Up-to-date: /home/henrik/MSP-Humanoid-IDA/ros_workspace/install/interfaces/include/interfaces/msg/detail/robot_status__traits.hpp
[0.449s] -- Up-to-date: /home/henrik/MSP-Humanoid-IDA/ros_workspace/install/interfaces/include/interfaces/msg/detail/robot_status__builder.hpp
[0.449s] -- Up-to-date: /home/henrik/MSP-Humanoid-IDA/ros_workspace/install/interfaces/include/interfaces/msg/detail/detection_info__struct.hpp
[0.449s] -- Up-to-date: /home/henrik/MSP-Humanoid-IDA/ros_workspace/install/interfaces/include/interfaces/msg/detail/bottle_info__traits.hpp
[0.449s] -- Up-to-date: /home/henrik/MSP-Humanoid-IDA/ros_workspace/install/interfaces/include/interfaces/msg/rosidl_generator_cpp__visibility_control.hpp
[0.449s] -- Up-to-date: /home/henrik/MSP-Humanoid-IDA/ros_workspace/install/interfaces/include/interfaces
[0.450s] -- Up-to-date: /home/henrik/MSP-Humanoid-IDA/ros_workspace/install/interfaces/include/interfaces/msg
[0.450s] -- Up-to-date: /home/henrik/MSP-Humanoid-IDA/ros_workspace/install/interfaces/include/interfaces/msg/detail
[0.450s] -- Up-to-date: /home/henrik/MSP-Humanoid-IDA/ros_workspace/install/interfaces/include/interfaces/msg/detail/bottle_info__rosidl_typesupport_introspection_cpp.hpp
[0.450s] -- Up-to-date: /home/henrik/MSP-Humanoid-IDA/ros_workspace/install/interfaces/include/interfaces/msg/detail/robot_status__rosidl_typesupport_introspection_cpp.hpp
[0.450s] -- Up-to-date: /home/henrik/MSP-Humanoid-IDA/ros_workspace/install/interfaces/include/interfaces/msg/detail/robot_status__type_support.cpp
[0.450s] -- Up-to-date: /home/henrik/MSP-Humanoid-IDA/ros_workspace/install/interfaces/include/interfaces/msg/detail/detection_info__rosidl_typesupport_introspection_cpp.hpp
[0.450s] -- Up-to-date: /home/henrik/MSP-Humanoid-IDA/ros_workspace/install/interfaces/include/interfaces/msg/detail/bottle_info__type_support.cpp
[0.450s] -- Up-to-date: /home/henrik/MSP-Humanoid-IDA/ros_workspace/install/interfaces/include/interfaces/msg/detail/detection_info__type_support.cpp
[0.450s] -- Up-to-date: /home/henrik/MSP-Humanoid-IDA/ros_workspace/install/interfaces/lib/libinterfaces__rosidl_typesupport_introspection_cpp.so
[0.450s] -- Up-to-date: /home/henrik/MSP-Humanoid-IDA/ros_workspace/install/interfaces/lib/libinterfaces__rosidl_typesupport_cpp.so
[0.450s] -- Up-to-date: /home/henrik/MSP-Humanoid-IDA/ros_workspace/install/interfaces/share/interfaces/environment/pythonpath.sh
[0.450s] -- Up-to-date: /home/henrik/MSP-Humanoid-IDA/ros_workspace/install/interfaces/share/interfaces/environment/pythonpath.dsv
[0.450s] -- Up-to-date: /home/henrik/MSP-Humanoid-IDA/ros_workspace/install/interfaces/lib/python3.8/site-packages/interfaces/__init__.py
[0.468s] -- Up-to-date: /home/henrik/MSP-Humanoid-IDA/ros_workspace/install/interfaces/lib/python3.8/site-packages/interfaces/msg
[0.468s] -- Up-to-date: /home/henrik/MSP-Humanoid-IDA/ros_workspace/install/interfaces/lib/python3.8/site-packages/interfaces/msg/__init__.py
[0.468s] -- Up-to-date: /home/henrik/MSP-Humanoid-IDA/ros_workspace/install/interfaces/lib/python3.8/site-packages/interfaces/msg/_robot_status.py
[0.468s] -- Up-to-date: /home/henrik/MSP-Humanoid-IDA/ros_workspace/install/interfaces/lib/python3.8/site-packages/interfaces/msg/_detection_info.py
[0.469s] -- Up-to-date: /home/henrik/MSP-Humanoid-IDA/ros_workspace/install/interfaces/lib/python3.8/site-packages/interfaces/msg/_robot_status_s.c
[0.469s] -- Up-to-date: /home/henrik/MSP-Humanoid-IDA/ros_workspace/install/interfaces/lib/python3.8/site-packages/interfaces/msg/_bottle_info.py
[0.469s] -- Up-to-date: /home/henrik/MSP-Humanoid-IDA/ros_workspace/install/interfaces/lib/python3.8/site-packages/interfaces/msg/_detection_info_s.c
[0.469s] -- Up-to-date: /home/henrik/MSP-Humanoid-IDA/ros_workspace/install/interfaces/lib/python3.8/site-packages/interfaces/msg/_bottle_info_s.c
[0.469s] -- Up-to-date: /home/henrik/MSP-Humanoid-IDA/ros_workspace/install/interfaces/lib/python3.8/site-packages/interfaces/interfaces_s__rosidl_typesupport_fastrtps_c.cpython-38-x86_64-linux-gnu.so
[0.469s] -- Up-to-date: /home/henrik/MSP-Humanoid-IDA/ros_workspace/install/interfaces/lib/python3.8/site-packages/interfaces/interfaces_s__rosidl_typesupport_introspection_c.cpython-38-x86_64-linux-gnu.so
[0.469s] -- Up-to-date: /home/henrik/MSP-Humanoid-IDA/ros_workspace/install/interfaces/lib/python3.8/site-packages/interfaces/interfaces_s__rosidl_typesupport_c.cpython-38-x86_64-linux-gnu.so
[0.469s] -- Up-to-date: /home/henrik/MSP-Humanoid-IDA/ros_workspace/install/interfaces/lib/libinterfaces__python.so
[0.469s] -- Up-to-date: /home/henrik/MSP-Humanoid-IDA/ros_workspace/install/interfaces/share/interfaces/msg/RobotStatus.idl
[0.470s] -- Up-to-date: /home/henrik/MSP-Humanoid-IDA/ros_workspace/install/interfaces/share/interfaces/msg/BottleInfo.idl
[0.470s] -- Up-to-date: /home/henrik/MSP-Humanoid-IDA/ros_workspace/install/interfaces/share/interfaces/msg/DetectionInfo.idl
[0.470s] -- Up-to-date: /home/henrik/MSP-Humanoid-IDA/ros_workspace/install/interfaces/share/interfaces/msg/RobotStatus.msg
[0.470s] -- Up-to-date: /home/henrik/MSP-Humanoid-IDA/ros_workspace/install/interfaces/share/interfaces/msg/BottleInfo.msg
[0.470s] -- Up-to-date: /home/henrik/MSP-Humanoid-IDA/ros_workspace/install/interfaces/share/interfaces/msg/DetectionInfo.msg
[0.470s] -- Up-to-date: /home/henrik/MSP-Humanoid-IDA/ros_workspace/install/interfaces/share/ament_index/resource_index/package_run_dependencies/interfaces
[0.470s] -- Up-to-date: /home/henrik/MSP-Humanoid-IDA/ros_workspace/install/interfaces/share/ament_index/resource_index/parent_prefix_path/interfaces
[0.470s] -- Up-to-date: /home/henrik/MSP-Humanoid-IDA/ros_workspace/install/interfaces/share/interfaces/environment/ament_prefix_path.sh
[0.470s] -- Up-to-date: /home/henrik/MSP-Humanoid-IDA/ros_workspace/install/interfaces/share/interfaces/environment/ament_prefix_path.dsv
[0.470s] -- Up-to-date: /home/henrik/MSP-Humanoid-IDA/ros_workspace/install/interfaces/share/interfaces/environment/path.sh
[0.470s] -- Up-to-date: /home/henrik/MSP-Humanoid-IDA/ros_workspace/install/interfaces/share/interfaces/environment/path.dsv
[0.470s] -- Up-to-date: /home/henrik/MSP-Humanoid-IDA/ros_workspace/install/interfaces/share/interfaces/local_setup.bash
[0.470s] -- Up-to-date: /home/henrik/MSP-Humanoid-IDA/ros_workspace/install/interfaces/share/interfaces/local_setup.sh
[0.470s] -- Up-to-date: /home/henrik/MSP-Humanoid-IDA/ros_workspace/install/interfaces/share/interfaces/local_setup.zsh
[0.470s] -- Up-to-date: /home/henrik/MSP-Humanoid-IDA/ros_workspace/install/interfaces/share/interfaces/local_setup.dsv
[0.471s] -- Installing: /home/henrik/MSP-Humanoid-IDA/ros_workspace/install/interfaces/share/interfaces/package.dsv
[0.471s] -- Up-to-date: /home/henrik/MSP-Humanoid-IDA/ros_workspace/install/interfaces/share/ament_index/resource_index/packages/interfaces
[0.471s] -- Up-to-date: /home/henrik/MSP-Humanoid-IDA/ros_workspace/install/interfaces/share/interfaces/cmake/interfaces__rosidl_generator_cExport.cmake
[0.471s] -- Up-to-date: /home/henrik/MSP-Humanoid-IDA/ros_workspace/install/interfaces/share/interfaces/cmake/interfaces__rosidl_generator_cExport-noconfig.cmake
[0.471s] -- Up-to-date: /home/henrik/MSP-Humanoid-IDA/ros_workspace/install/interfaces/share/interfaces/cmake/interfaces__rosidl_typesupport_introspection_cExport.cmake
[0.471s] -- Up-to-date: /home/henrik/MSP-Humanoid-IDA/ros_workspace/install/interfaces/share/interfaces/cmake/interfaces__rosidl_typesupport_introspection_cExport-noconfig.cmake
[0.471s] -- Up-to-date: /home/henrik/MSP-Humanoid-IDA/ros_workspace/install/interfaces/share/interfaces/cmake/interfaces__rosidl_typesupport_cExport.cmake
[0.471s] -- Up-to-date: /home/henrik/MSP-Humanoid-IDA/ros_workspace/install/interfaces/share/interfaces/cmake/interfaces__rosidl_typesupport_cExport-noconfig.cmake
[0.471s] -- Up-to-date: /home/henrik/MSP-Humanoid-IDA/ros_workspace/install/interfaces/share/interfaces/cmake/interfaces__rosidl_generator_cppExport.cmake
[0.471s] -- Up-to-date: /home/henrik/MSP-Humanoid-IDA/ros_workspace/install/interfaces/share/interfaces/cmake/interfaces__rosidl_typesupport_introspection_cppExport.cmake
[0.471s] -- Up-to-date: /home/henrik/MSP-Humanoid-IDA/ros_workspace/install/interfaces/share/interfaces/cmake/interfaces__rosidl_typesupport_introspection_cppExport-noconfig.cmake
[0.471s] -- Up-to-date: /home/henrik/MSP-Humanoid-IDA/ros_workspace/install/interfaces/share/interfaces/cmake/interfaces__rosidl_typesupport_cppExport.cmake
[0.471s] -- Up-to-date: /home/henrik/MSP-Humanoid-IDA/ros_workspace/install/interfaces/share/interfaces/cmake/interfaces__rosidl_typesupport_cppExport-noconfig.cmake
[0.471s] -- Up-to-date: /home/henrik/MSP-Humanoid-IDA/ros_workspace/install/interfaces/share/interfaces/cmake/rosidl_cmake-extras.cmake
[0.471s] -- Up-to-date: /home/henrik/MSP-Humanoid-IDA/ros_workspace/install/interfaces/share/interfaces/cmake/ament_cmake_export_dependencies-extras.cmake
[0.471s] -- Up-to-date: /home/henrik/MSP-Humanoid-IDA/ros_workspace/install/interfaces/share/interfaces/cmake/ament_cmake_export_libraries-extras.cmake
[0.471s] -- Up-to-date: /home/henrik/MSP-Humanoid-IDA/ros_workspace/install/interfaces/share/interfaces/cmake/ament_cmake_export_targets-extras.cmake
[0.472s] -- Up-to-date: /home/henrik/MSP-Humanoid-IDA/ros_workspace/install/interfaces/share/interfaces/cmake/ament_cmake_export_include_directories-extras.cmake
[0.472s] -- Up-to-date: /home/henrik/MSP-Humanoid-IDA/ros_workspace/install/interfaces/share/interfaces/cmake/rosidl_cmake_export_typesupport_libraries-extras.cmake
[0.472s] -- Up-to-date: /home/henrik/MSP-Humanoid-IDA/ros_workspace/install/interfaces/share/interfaces/cmake/rosidl_cmake_export_typesupport_targets-extras.cmake
[0.472s] -- Up-to-date: /home/henrik/MSP-Humanoid-IDA/ros_workspace/install/interfaces/share/interfaces/cmake/interfacesConfig.cmake
[0.472s] -- Up-to-date: /home/henrik/MSP-Humanoid-IDA/ros_workspace/install/interfaces/share/interfaces/cmake/interfacesConfig-version.cmake
[0.472s] -- Up-to-date: /home/henrik/MSP-Humanoid-IDA/ros_workspace/install/interfaces/share/interfaces/package.xml
[0.473s] Invoked command in '/home/henrik/MSP-Humanoid-IDA/ros_workspace/build/interfaces' returned '0': CMAKE_PREFIX_PATH=${CMAKE_PREFIX_PATH}:/opt/ros/foxy:/home/henrik/MSP-Humanoid-IDA/ros_workspace/install/motion_control_pkg:/home/henrik/MSP-Humanoid-IDA/ros_workspace/install/mic_pkg:/home/henrik/MSP-Humanoid-IDA/ros_workspace/install/camera_pkg:/home/henrik/MSP-Humanoid-IDA/ros_workspace/install/arm_pkg /usr/bin/cmake --install /home/henrik/MSP-Humanoid-IDA/ros_workspace/build/interfaces
