[0.811s] Invoking command in '/home/henrik/MSP-Humanoid-IDA/ros_workspace/src/brain_pkg': PYTHONPATH=/home/henrik/MSP-Humanoid-IDA/build/brain_pkg/prefix_override:/home/henrik/MSP-Humanoid-IDA/install/brain_pkg/lib/python3.8/site-packages:${PYTHONPATH} /usr/bin/python3 -W ignore:setup.py install is deprecated setup.py egg_info --egg-base ../../../build/brain_pkg build --build-base /home/henrik/MSP-Humanoid-IDA/build/brain_pkg/build install --record /home/henrik/MSP-Humanoid-IDA/build/brain_pkg/install.log --install-scripts $base/lib/brain_pkg --single-version-externally-managed install_data
[0.935s] running egg_info
[0.935s] writing ../../../build/brain_pkg/brain_pkg.egg-info/PKG-INFO
[0.935s] writing dependency_links to ../../../build/brain_pkg/brain_pkg.egg-info/dependency_links.txt
[0.935s] writing entry points to ../../../build/brain_pkg/brain_pkg.egg-info/entry_points.txt
[0.935s] writing requirements to ../../../build/brain_pkg/brain_pkg.egg-info/requires.txt
[0.935s] writing top-level names to ../../../build/brain_pkg/brain_pkg.egg-info/top_level.txt
[0.955s] reading manifest file '../../../build/brain_pkg/brain_pkg.egg-info/SOURCES.txt'
[0.955s] writing manifest file '../../../build/brain_pkg/brain_pkg.egg-info/SOURCES.txt'
[0.956s] running build
[0.956s] running build_py
[0.956s] running install
[0.956s] running install_lib
[0.957s] running install_data
[0.957s] running install_egg_info
[0.958s] removing '/home/henrik/MSP-Humanoid-IDA/install/brain_pkg/lib/python3.8/site-packages/brain_pkg-0.0.0-py3.8.egg-info' (and everything under it)
[0.958s] Copying ../../../build/brain_pkg/brain_pkg.egg-info to /home/henrik/MSP-Humanoid-IDA/install/brain_pkg/lib/python3.8/site-packages/brain_pkg-0.0.0-py3.8.egg-info
[0.959s] running install_scripts
[0.970s] Installing brain_node script to /home/henrik/MSP-Humanoid-IDA/install/brain_pkg/lib/brain_pkg
[0.970s] writing list of installed files to '/home/henrik/MSP-Humanoid-IDA/build/brain_pkg/install.log'
[0.984s] Invoked command in '/home/henrik/MSP-Humanoid-IDA/ros_workspace/src/brain_pkg' returned '0': PYTHONPATH=/home/henrik/MSP-Humanoid-IDA/build/brain_pkg/prefix_override:/home/henrik/MSP-Humanoid-IDA/install/brain_pkg/lib/python3.8/site-packages:${PYTHONPATH} /usr/bin/python3 -W ignore:setup.py install is deprecated setup.py egg_info --egg-base ../../../build/brain_pkg build --build-base /home/henrik/MSP-Humanoid-IDA/build/brain_pkg/build install --record /home/henrik/MSP-Humanoid-IDA/build/brain_pkg/install.log --install-scripts $base/lib/brain_pkg --single-version-externally-managed install_data
